Message              : The firmware reported boot metrics.
Id                   : 30
Version              : 0
Qualifiers           :
Level                : 4
Task                 : 21
Opcode               : 0
Keywords             : -9223372036854775808
RecordId             : 623
ProviderName         : Microsoft-Windows-Kernel-Boot
ProviderId           : 15ca44ff-4d7a-4baa-bba5-0998955e531e
LogName              : System
ProcessId            : 4
ThreadId             : 8
MachineName          : ASUSROGGL553VD
UserId               : S-1-5-18
TimeCreated          : 3/17/2021 9:12:30 PM
ActivityId           :
RelatedActivityId    :
ContainerLog         : System
MatchedQueryIds      : {}
Bookmark             : System.Diagnostics.Eventing.Reader.EventBookmark
LevelDisplayName     : Information
OpcodeDisplayName    : Info
TaskDisplayName      :
KeywordsDisplayNames : {}
Properties           : {System.Diagnostics.Eventing.Reader.EventProperty, System.Diagnostics.Eventing.Reader.EventProperty,
System.Diagnostics.Eventing.Reader.EventProperty, System.Diagnostics.Eventing.Reader.EventProperty...}

Message              : The boot type was 0x0.
Id                   : 27
Version              : 1
Qualifiers           :
Level                : 4
Task                 : 33
Opcode               : 0
Keywords             : -9223372036854775808
RecordId             : 622
ProviderName         : Microsoft-Windows-Kernel-Boot
ProviderId           : 15ca44ff-4d7a-4baa-bba5-0998955e531e
LogName              : System
ProcessId            : 4
ThreadId             : 8
MachineName          : ASUSROGGL553VD
UserId               : S-1-5-18
TimeCreated          : 3/17/2021 9:12:30 PM
ActivityId           :
RelatedActivityId    :
ContainerLog         : System
MatchedQueryIds      : {}
Bookmark             : System.Diagnostics.Eventing.Reader.EventBookmark
LevelDisplayName     : Information
OpcodeDisplayName    : Info
TaskDisplayName      :
KeywordsDisplayNames : {}
Properties           : {System.Diagnostics.Eventing.Reader.EventProperty, System.Diagnostics.Eventing.Reader.EventProperty}

Message              : The boot menu policy was 0x1.
Id                   : 25
Version              : 0
Qualifiers           :
Level                : 4
Task                 : 32
Opcode               : 0
Keywords             : -9223372036854775808
RecordId             : 621
ProviderName         : Microsoft-Windows-Kernel-Boot
ProviderId           : 15ca44ff-4d7a-4baa-bba5-0998955e531e
LogName              : System
ProcessId            : 4
ThreadId             : 8
MachineName          : ASUSROGGL553VD
UserId               : S-1-5-18
TimeCreated          : 3/17/2021 9:12:30 PM
ActivityId           :
RelatedActivityId    :
ContainerLog         : System
MatchedQueryIds      : {}
Bookmark             : System.Diagnostics.Eventing.Reader.EventBookmark
LevelDisplayName     : Information
OpcodeDisplayName    : Info
TaskDisplayName      :
KeywordsDisplayNames : {}
Properties           : {System.Diagnostics.Eventing.Reader.EventProperty}

Message              : EFI time zone bias: 2047. Daylight flags: 0
Id                   : 238
Version              : 0
Qualifiers           :
Level                : 4
Task                 : 101
Opcode               : 0
Keywords             : -9223372036854775808
RecordId             : 620
ProviderName         : Microsoft-Windows-Kernel-Boot
ProviderId           : 15ca44ff-4d7a-4baa-bba5-0998955e531e
LogName              : System
ProcessId            : 4
ThreadId             : 8
MachineName          : ASUSROGGL553VD
UserId               : S-1-5-18
TimeCreated          : 3/17/2021 9:12:30 PM
ActivityId           :
RelatedActivityId    :
ContainerLog         : System
MatchedQueryIds      : {}
Bookmark             : System.Diagnostics.Eventing.Reader.EventBookmark
LevelDisplayName     : Information
OpcodeDisplayName    : Info
TaskDisplayName      :
KeywordsDisplayNames : {}
Properties           : {System.Diagnostics.Eventing.Reader.EventProperty, System.Diagnostics.Eventing.Reader.EventProperty}

Message              : The last shutdown's success status was true. The last boot's success status was true.
Id                   : 20
Version              : 1
Qualifiers           :
Level                : 4
Task                 : 31
Opcode               : 0
Keywords             : -9223372036854775808
RecordId             : 619
ProviderName         : Microsoft-Windows-Kernel-Boot
ProviderId           : 15ca44ff-4d7a-4baa-bba5-0998955e531e
LogName              : System
ProcessId            : 4
ThreadId             : 8
MachineName          : ASUSROGGL553VD
UserId               : S-1-5-18
TimeCreated          : 3/17/2021 9:12:30 PM
ActivityId           :
RelatedActivityId    :
ContainerLog         : System
MatchedQueryIds      : {}
Bookmark             : System.Diagnostics.Eventing.Reader.EventBookmark
LevelDisplayName     : Information
OpcodeDisplayName    : Info
TaskDisplayName      :
KeywordsDisplayNames : {}
Properties           : {System.Diagnostics.Eventing.Reader.EventProperty, System.Diagnostics.Eventing.Reader.EventProperty,
System.Diagnostics.Eventing.Reader.EventProperty, System.Diagnostics.Eventing.Reader.EventProperty}

Message              : The bootmgr spent 0 ms waiting for user input.
Id                   : 32
Version              : 0
Qualifiers           :
Level                : 4
Task                 : 58
Opcode               : 0
Keywords             : -9223372036854775808
RecordId             : 618
ProviderName         : Microsoft-Windows-Kernel-Boot
ProviderId           : 15ca44ff-4d7a-4baa-bba5-0998955e531e
LogName              : System
ProcessId            : 4
ThreadId             : 8
MachineName          : ASUSROGGL553VD
UserId               : S-1-5-18
TimeCreated          : 3/17/2021 9:12:30 PM
ActivityId           :
RelatedActivityId    :
ContainerLog         : System
MatchedQueryIds      : {}
Bookmark             : System.Diagnostics.Eventing.Reader.EventBookmark
LevelDisplayName     : Information
OpcodeDisplayName    : Info
TaskDisplayName      :
KeywordsDisplayNames : {}
Properties           : {System.Diagnostics.Eventing.Reader.EventProperty}

Message              : There are 0x1 boot options on this system.
Id                   : 18
Version              : 0
Qualifiers           :
Level                : 4
Task                 : 57
Opcode               : 0
Keywords             : -9223372036854775808
RecordId             : 617
ProviderName         : Microsoft-Windows-Kernel-Boot
ProviderId           : 15ca44ff-4d7a-4baa-bba5-0998955e531e
LogName              : System
ProcessId            : 4
ThreadId             : 8
MachineName          : ASUSROGGL553VD
UserId               : S-1-5-18
TimeCreated          : 3/17/2021 9:12:30 PM
ActivityId           :
RelatedActivityId    :
ContainerLog         : System
MatchedQueryIds      : {}
Bookmark             : System.Diagnostics.Eventing.Reader.EventBookmark
LevelDisplayName     : Information
OpcodeDisplayName    : Info
TaskDisplayName      :
KeywordsDisplayNames : {}
Properties           : {System.Diagnostics.Eventing.Reader.EventProperty}

Message              : Virtualization-based security (policies: VBS Enabled,VSM Required,Boot Chain Signer Soft Enforced) is
enabled due to HyperV.
Id                   : 153
Version              : 0
Qualifiers           :
Level                : 4
Task                 : 62
Opcode               : 0
Keywords             : -9223372036854775808
RecordId             : 616
ProviderName         : Microsoft-Windows-Kernel-Boot
ProviderId           : 15ca44ff-4d7a-4baa-bba5-0998955e531e
LogName              : System
ProcessId            : 4
ThreadId             : 8
MachineName          : ASUSROGGL553VD
UserId               : S-1-5-18
TimeCreated          : 3/17/2021 9:12:30 PM
ActivityId           :
RelatedActivityId    :
ContainerLog         : System
MatchedQueryIds      : {}
Bookmark             : System.Diagnostics.Eventing.Reader.EventBookmark
LevelDisplayName     : Information
OpcodeDisplayName    : Info
TaskDisplayName      :
KeywordsDisplayNames : {}
Properties           : {System.Diagnostics.Eventing.Reader.EventProperty, System.Diagnostics.Eventing.Reader.EventProperty,
System.Diagnostics.Eventing.Reader.EventProperty}

Message              : The operating system started at system time ?2021?-?03?-?17T19:12:29.500000000Z.
Id                   : 12
Version              : 0
Qualifiers           :
Level                : 4
Task                 : 1
Opcode               : 0
Keywords             : -9223372036854775680
RecordId             : 615
ProviderName         : Microsoft-Windows-Kernel-General
ProviderId           : a68ca8b7-004f-d7b6-a698-07e2de0f1f5d
LogName              : System
ProcessId            : 4
ThreadId             : 8
MachineName          : ASUSROGGL553VD
UserId               : S-1-5-18
TimeCreated          : 3/17/2021 9:12:30 PM
ActivityId           :
RelatedActivityId    :
ContainerLog         : System
MatchedQueryIds      : {}
Bookmark             : System.Diagnostics.Eventing.Reader.EventBookmark
LevelDisplayName     : Information
OpcodeDisplayName    : Info
TaskDisplayName      :
KeywordsDisplayNames : {}
Properties           : {System.Diagnostics.Eventing.Reader.EventProperty, System.Diagnostics.Eventing.Reader.EventProperty,
System.Diagnostics.Eventing.Reader.EventProperty, System.Diagnostics.Eventing.Reader.EventProperty...}

Message              : The operating system is shutting down at system time ?2021?-?03?-?17T19:12:17.254353800Z.
Id                   : 13
Version              : 0
Qualifiers           :
Level                : 4
Task                 : 2
Opcode               : 0
Keywords             : -9223372036854775680
RecordId             : 614
ProviderName         : Microsoft-Windows-Kernel-General
ProviderId           : a68ca8b7-004f-d7b6-a698-07e2de0f1f5d
LogName              : System
ProcessId            : 4
ThreadId             : 10332
MachineName          : ASUSROGGL553VD
UserId               :
TimeCreated          : 3/17/2021 9:12:17 PM
ActivityId           :
RelatedActivityId    :
ContainerLog         : System
MatchedQueryIds      : {}
Bookmark             : System.Diagnostics.Eventing.Reader.EventBookmark
LevelDisplayName     : Information
OpcodeDisplayName    : Info
TaskDisplayName      :
KeywordsDisplayNames : {}
Properties           : {System.Diagnostics.Eventing.Reader.EventProperty}

Message              : The kernel power manager has initiated a shutdown transition.

Shutdown Reason: Kernel API
Id                   : 109
Version              : 0
Qualifiers           :
Level                : 4
Task                 : 103
Opcode               : 0
Keywords             : -9223301668110597116
RecordId             : 613
ProviderName         : Microsoft-Windows-Kernel-Power
ProviderId           : 331c3b3a-2005-44c2-ac5e-77220c37d6b4
LogName              : System
ProcessId            : 568
ThreadId             : 564
MachineName          : ASUSROGGL553VD
UserId               :
TimeCreated          : 3/17/2021 9:12:15 PM
ActivityId           :
RelatedActivityId    :
ContainerLog         : System
MatchedQueryIds      : {}
Bookmark             : System.Diagnostics.Eventing.Reader.EventBookmark
LevelDisplayName     : Information
OpcodeDisplayName    : Info
TaskDisplayName      :
KeywordsDisplayNames : {}
Properties           : {System.Diagnostics.Eventing.Reader.EventProperty, System.Diagnostics.Eventing.Reader.EventProperty,
System.Diagnostics.Eventing.Reader.EventProperty}

Message              : The system uptime is 8 seconds.
Id                   : 6013
Version              : 0
Qualifiers           : 32768
Level                : 4
Task                 : 0
Opcode               : 0
Keywords             : 36028797018963968
RecordId             : 612
ProviderName         : EventLog
ProviderId           :
LogName              : System
ProcessId            : 0
ThreadId             : 0
MachineName          : ASUSROGGL553VD
UserId               :
TimeCreated          : 3/17/2021 9:12:37 PM
ActivityId           :
RelatedActivityId    :
ContainerLog         : System
MatchedQueryIds      : {}
Bookmark             : System.Diagnostics.Eventing.Reader.EventBookmark
LevelDisplayName     : Information
OpcodeDisplayName    :
TaskDisplayName      :
KeywordsDisplayNames : {Classic}
Properties           : {System.Diagnostics.Eventing.Reader.EventProperty, System.Diagnostics.Eventing.Reader.EventProperty,
System.Diagnostics.Eventing.Reader.EventProperty, System.Diagnostics.Eventing.Reader.EventProperty...}

Message              : The Event log service was started.
Id                   : 6005
Version              : 0
Qualifiers           : 32768
Level                : 4
Task                 : 0
Opcode               : 0
Keywords             : 36028797018963968
RecordId             : 611
ProviderName         : EventLog
ProviderId           :
LogName              : System
ProcessId            : 0
ThreadId             : 0
MachineName          : ASUSROGGL553VD
UserId               :
TimeCreated          : 3/17/2021 9:12:37 PM
ActivityId           :
RelatedActivityId    :
ContainerLog         : System
MatchedQueryIds      : {}
Bookmark             : System.Diagnostics.Eventing.Reader.EventBookmark
LevelDisplayName     : Information
OpcodeDisplayName    :
TaskDisplayName      :
KeywordsDisplayNames : {Classic}
Properties           : {System.Diagnostics.Eventing.Reader.EventProperty}

Message              : Microsoft (R) Windows (R) 10.00. 19042  Multiprocessor Free.
Id                   : 6009
Version              : 0
Qualifiers           : 32768
Level                : 4
Task                 : 0
Opcode               : 0
Keywords             : 36028797018963968
RecordId             : 610
ProviderName         : EventLog
ProviderId           :
LogName              : System
ProcessId            : 0
ThreadId             : 0
MachineName          : ASUSROGGL553VD
UserId               :
TimeCreated          : 3/17/2021 9:12:37 PM
ActivityId           :
RelatedActivityId    :
ContainerLog         : System
MatchedQueryIds      : {}
Bookmark             : System.Diagnostics.Eventing.Reader.EventBookmark
LevelDisplayName     : Information
OpcodeDisplayName    :
TaskDisplayName      :
KeywordsDisplayNames : {Classic}
Properties           : {System.Diagnostics.Eventing.Reader.EventProperty, System.Diagnostics.Eventing.Reader.EventProperty,
System.Diagnostics.Eventing.Reader.EventProperty, System.Diagnostics.Eventing.Reader.EventProperty...}

Message              : WLAN AutoConfig service has successfully stopped.

Id                   : 4001
Version              : 0
Qualifiers           :
Level                : 4
Task                 : 0
Opcode               : 2
Keywords             : 4611686018427387904
RecordId             : 609
ProviderName         : Microsoft-Windows-WLAN-AutoConfig
ProviderId           : 9580d7dd-0379-4658-9870-d5be7d52d6de
LogName              : System
ProcessId            : 3588
ThreadId             : 3808
MachineName          : ASUSROGGL553VD
UserId               : S-1-5-18
TimeCreated          : 3/17/2021 9:12:12 PM
ActivityId           :
RelatedActivityId    :
ContainerLog         : System
MatchedQueryIds      : {}
Bookmark             : System.Diagnostics.Eventing.Reader.EventBookmark
LevelDisplayName     : Information
OpcodeDisplayName    : Stop
TaskDisplayName      :
KeywordsDisplayNames : {}
Properties           : {}

Message              : WLAN Extensibility Module has stopped.

Module Path: C:\WINDOWS\system32\IntelWifiIhv04.dll

Id                   : 10002
Version              : 0
Qualifiers           :
Level                : 3
Task                 : 0
Opcode               : 0
Keywords             : 4611686018427387904
RecordId             : 608
ProviderName         : Microsoft-Windows-WLAN-AutoConfig
ProviderId           : 9580d7dd-0379-4658-9870-d5be7d52d6de
LogName              : System
ProcessId            : 3588
ThreadId             : 3808
MachineName          : ASUSROGGL553VD
UserId               : S-1-5-18
TimeCreated          : 3/17/2021 9:12:12 PM
ActivityId           :
RelatedActivityId    :
ContainerLog         : System
MatchedQueryIds      : {}
Bookmark             : System.Diagnostics.Eventing.Reader.EventBookmark
LevelDisplayName     : Warning
OpcodeDisplayName    : Info
TaskDisplayName      :
KeywordsDisplayNames : {}
Properties           : {System.Diagnostics.Eventing.Reader.EventProperty}

Message              : Secure Trustlet Id 0 and Pid 0 stopped with status STATUS_SUCCESS.
Id                   : 2
Version              : 0
Qualifiers           :
Level                : 4
Task                 : 0
Opcode               : 0
Keywords             : -9223301668110598144
RecordId             : 607
ProviderName         : Microsoft-Windows-IsolatedUserMode
ProviderId           : 73a33ab2-1966-4999-8add-868c41415269
LogName              : System
ProcessId            : 8868
ThreadId             : 5212
MachineName          : ASUSROGGL553VD
UserId               : S-1-5-18
TimeCreated          : 3/17/2021 9:12:10 PM
ActivityId           :
RelatedActivityId    :
ContainerLog         : System
MatchedQueryIds      : {}
Bookmark             : System.Diagnostics.Eventing.Reader.EventBookmark
LevelDisplayName     : Information
OpcodeDisplayName    : Info
TaskDisplayName      :
KeywordsDisplayNames : {}
Properties           : {System.Diagnostics.Eventing.Reader.EventProperty, System.Diagnostics.Eventing.Reader.EventProperty,
System.Diagnostics.Eventing.Reader.EventProperty}

Message              : DHCPv4 client service is stopped. ShutDown Flag value is 1
Id                   : 50037
Version              : 0
Qualifiers           :
Level                : 4
Task                 : 4
Opcode               : 69
Keywords             : 2305843009213693952
RecordId             : 606
ProviderName         : Microsoft-Windows-Dhcp-Client
ProviderId           : 15a7a4f8-0072-4eab-abad-f98a4d666aed
LogName              : System
ProcessId            : 1484
ThreadId             : 2072
MachineName          : ASUSROGGL553VD
UserId               : S-1-5-19
TimeCreated          : 3/17/2021 9:12:10 PM
ActivityId           :
RelatedActivityId    :
ContainerLog         : System
MatchedQueryIds      : {}
Bookmark             : System.Diagnostics.Eventing.Reader.EventBookmark
LevelDisplayName     : Information
OpcodeDisplayName    : ServiceStop
TaskDisplayName      : Service State Event
KeywordsDisplayNames : {}
Properties           : {System.Diagnostics.Eventing.Reader.EventProperty}

Message              : DHCPv4 is waiting on DHCPv6 service to stop
Id                   : 50106
Version              : 0
Qualifiers           :
Level                : 4
Task                 : 4
Opcode               : 129
Keywords             : 2305843009213693952
RecordId             : 605
ProviderName         : Microsoft-Windows-Dhcp-Client
ProviderId           : 15a7a4f8-0072-4eab-abad-f98a4d666aed
LogName              : System
ProcessId            : 1484
ThreadId             : 2072
MachineName          : ASUSROGGL553VD
UserId               : S-1-5-19
TimeCreated          : 3/17/2021 9:12:10 PM
ActivityId           :
RelatedActivityId    :
ContainerLog         : System
MatchedQueryIds      : {}
Bookmark             : System.Diagnostics.Eventing.Reader.EventBookmark
LevelDisplayName     : Information
OpcodeDisplayName    : ServiceShutdown
TaskDisplayName      : Service State Event
KeywordsDisplayNames : {}
Properties           : {}

Message              : DHCPv6 client service stop is almost done.DHCP Context Ref count is 1
Id                   : 51057
Version              : 0
Qualifiers           :
Level                : 4
Task                 : 4
Opcode               : 104
Keywords             : 2305843009213693952
RecordId             : 604
ProviderName         : Microsoft-Windows-DHCPv6-Client
ProviderId           : 6a1f2b00-6a90-4c38-95a5-5cab3b056778
LogName              : System
ProcessId            : 1484
ThreadId             : 2120
MachineName          : ASUSROGGL553VD
UserId               : S-1-5-19
TimeCreated          : 3/17/2021 9:12:10 PM
ActivityId           :
RelatedActivityId    :
ContainerLog         : System
MatchedQueryIds      : {}
Bookmark             : System.Diagnostics.Eventing.Reader.EventBookmark
LevelDisplayName     : Information
OpcodeDisplayName    : ServiceStopWithRefCount
TaskDisplayName      : Service State Event
KeywordsDisplayNames : {}
Properties           : {System.Diagnostics.Eventing.Reader.EventProperty}

Message              : DHCPv6 client service is stopped. ShutDown Flag value is 1
Id                   : 51047
Version              : 0
Qualifiers           :
Level                : 4
Task                 : 4
Opcode               : 63
Keywords             : 2305843009213693952
RecordId             : 603
ProviderName         : Microsoft-Windows-DHCPv6-Client
ProviderId           : 6a1f2b00-6a90-4c38-95a5-5cab3b056778
LogName              : System
ProcessId            : 1484
ThreadId             : 2120
MachineName          : ASUSROGGL553VD
UserId               : S-1-5-19
TimeCreated          : 3/17/2021 9:12:10 PM
ActivityId           :
RelatedActivityId    :
ContainerLog         : System
MatchedQueryIds      : {}
Bookmark             : System.Diagnostics.Eventing.Reader.EventBookmark
LevelDisplayName     : Information
OpcodeDisplayName    : ServiceStop
TaskDisplayName      : Service State Event
KeywordsDisplayNames : {}
Properties           : {System.Diagnostics.Eventing.Reader.EventProperty}

Message              : DHCPv4 client ProcessDHCPRequestForever received TERMINATE_EVENT
Id                   : 50105
Version              : 0
Qualifiers           :
Level                : 4
Task                 : 4
Opcode               : 129
Keywords             : 2305843009213693952
RecordId             : 602
ProviderName         : Microsoft-Windows-Dhcp-Client
ProviderId           : 15a7a4f8-0072-4eab-abad-f98a4d666aed
LogName              : System
ProcessId            : 1484
ThreadId             : 2072
MachineName          : ASUSROGGL553VD
UserId               : S-1-5-19
TimeCreated          : 3/17/2021 9:12:10 PM
ActivityId           :
RelatedActivityId    :
ContainerLog         : System
MatchedQueryIds      : {}
Bookmark             : System.Diagnostics.Eventing.Reader.EventBookmark
LevelDisplayName     : Information
OpcodeDisplayName    : ServiceShutdown
TaskDisplayName      : Service State Event
KeywordsDisplayNames : {}
Properties           : {}

Message              : DHCPv4 client received shutdown notification
Id                   : 50104
Version              : 0
Qualifiers           :
Level                : 4
Task                 : 4
Opcode               : 129
Keywords             : 2305843009213693952
RecordId             : 601
ProviderName         : Microsoft-Windows-Dhcp-Client
ProviderId           : 15a7a4f8-0072-4eab-abad-f98a4d666aed
LogName              : System
ProcessId            : 1484
ThreadId             : 1452
MachineName          : ASUSROGGL553VD
UserId               : S-1-5-19
TimeCreated          : 3/17/2021 9:12:10 PM
ActivityId           :
RelatedActivityId    :
ContainerLog         : System
MatchedQueryIds      : {}
Bookmark             : System.Diagnostics.Eventing.Reader.EventBookmark
LevelDisplayName     : Information
OpcodeDisplayName    : ServiceShutdown
TaskDisplayName      : Service State Event
KeywordsDisplayNames : {}
Properties           : {}

Message              : The OpenSSH SSH Server service terminated unexpectedly.  It has done this 1 time(s).
Id                   : 7034
Version              : 0
Qualifiers           : 49152
Level                : 2
Task                 : 0
Opcode               : 0
Keywords             : -9187343239835811840
RecordId             : 600
ProviderName         : Service Control Manager
ProviderId           : 555908d1-a6d7-4695-8e1e-26931d2012f4
LogName              : System
ProcessId            : 804
ThreadId             : 2464
MachineName          : ASUSROGGL553VD
UserId               :
TimeCreated          : 3/17/2021 9:12:10 PM
ActivityId           :
RelatedActivityId    :
ContainerLog         : System
MatchedQueryIds      : {}
Bookmark             : System.Diagnostics.Eventing.Reader.EventBookmark
LevelDisplayName     : Error
OpcodeDisplayName    :
TaskDisplayName      :
KeywordsDisplayNames : {Classic}
Properties           : {System.Diagnostics.Eventing.Reader.EventProperty, System.Diagnostics.Eventing.Reader.EventProperty,
System.Diagnostics.Eventing.Reader.EventProperty}

Message              : The Event log service was stopped.
Id                   : 6006
Version              : 0
Qualifiers           : 32768
Level                : 4
Task                 : 0
Opcode               : 0
Keywords             : 36028797018963968
RecordId             : 599
ProviderName         : EventLog
ProviderId           :
LogName              : System
ProcessId            : 0
ThreadId             : 0
MachineName          : ASUSROGGL553VD
UserId               :
TimeCreated          : 3/17/2021 9:12:10 PM
ActivityId           :
RelatedActivityId    :
ContainerLog         : System
MatchedQueryIds      : {}
Bookmark             : System.Diagnostics.Eventing.Reader.EventBookmark
LevelDisplayName     : Information
OpcodeDisplayName    :
TaskDisplayName      :
KeywordsDisplayNames : {Classic}
Properties           : {System.Diagnostics.Eventing.Reader.EventProperty}

Message              : User Logoff Notification for Customer Experience Improvement Program
Id                   : 7002
Version              : 0
Qualifiers           :
Level                : 4
Task                 : 1102
Opcode               : 0
Keywords             : 2305878193585782784
RecordId             : 598
ProviderName         : Microsoft-Windows-Winlogon
ProviderId           : dbe9b383-7cf3-4331-91cc-a3cb16a3b538
LogName              : System
ProcessId            : 1072
ThreadId             : 1480
MachineName          : ASUSROGGL553VD
UserId               : S-1-5-18
TimeCreated          : 3/17/2021 9:11:49 PM
ActivityId           :
RelatedActivityId    :
ContainerLog         : System
MatchedQueryIds      : {}
Bookmark             : System.Diagnostics.Eventing.Reader.EventBookmark
LevelDisplayName     : Information
OpcodeDisplayName    : Info
TaskDisplayName      :
KeywordsDisplayNames : {}
Properties           : {System.Diagnostics.Eventing.Reader.EventProperty, System.Diagnostics.Eventing.Reader.EventProperty}

Message              : The process C:\WINDOWS\system32\MusNotificationUx.exe (ASUSROGGL553VD) has initiated the restart of
computer ASUSROGGL553VD on behalf of user ASUSROGGL553VD\dragonfire for the following reason: Operating
System: Service pack (Planned)
Reason Code: 0x80020010
Shutdown Type: restart
Comment:
Id                   : 1074
Version              : 0
Qualifiers           : 32768
Level                : 4
Task                 : 0
Opcode               : 0
Keywords             : -9187343239835811840
RecordId             : 597
ProviderName         : User32
ProviderId           : b0aa8734-56f7-41cc-b2f4-de228e98b946
LogName              : System
ProcessId            : 968
ThreadId             : 2732
MachineName          : ASUSROGGL553VD
UserId               : S-1-5-21-1509157054-3111376858-337195177-1001
TimeCreated          : 3/17/2021 9:11:47 PM
ActivityId           :
RelatedActivityId    :
ContainerLog         : System
MatchedQueryIds      : {}
Bookmark             : System.Diagnostics.Eventing.Reader.EventBookmark
LevelDisplayName     : Information
OpcodeDisplayName    :
TaskDisplayName      :
KeywordsDisplayNames : {Classic}
Properties           : {System.Diagnostics.Eventing.Reader.EventProperty, System.Diagnostics.Eventing.Reader.EventProperty,
System.Diagnostics.Eventing.Reader.EventProperty, System.Diagnostics.Eventing.Reader.EventProperty...}

Message              : The machine-default permission settings do not grant Local Activation permission for the COM Server
application with CLSID
{C2F03A33-21F5-47FA-B4BB-156362A2F239}
and APPID
{316CDED5-E4AE-4B15-9113-7055D84DCC97}
to the user ASUSROGGL553VD\dragonfire SID (S-1-5-21-1509157054-3111376858-337195177-1001) from address
LocalHost (Using LRPC) running in the application container
Microsoft.Windows.ShellExperienceHost_10.0.19041.610_neutral_neutral_cw5n1h2txyewy SID
(S-1-15-2-155514346-2573954481-755741238-1654018636-1233331829-3075935687-2861478708). This security
permission can be modified using the Component Services administrative tool.
Id                   : 10016
Version              : 0
Qualifiers           : 0
Level                : 3
Task                 : 0
Opcode               : 0
Keywords             : -9187343239835811840
RecordId             : 596
ProviderName         : Microsoft-Windows-DistributedCOM
ProviderId           : 1b562e86-b7aa-4131-badc-b6f3a001407e
LogName              : System
ProcessId            : 1360
ThreadId             : 8892
MachineName          : ASUSROGGL553VD
UserId               : S-1-5-21-1509157054-3111376858-337195177-1001
TimeCreated          : 3/17/2021 9:11:24 PM
ActivityId           : 2349d67b-32b4-4be4-988d-11e361707e16
RelatedActivityId    :
ContainerLog         : System
MatchedQueryIds      : {}
Bookmark             : System.Diagnostics.Eventing.Reader.EventBookmark
LevelDisplayName     : Warning
OpcodeDisplayName    : Info
TaskDisplayName      :
KeywordsDisplayNames : {Classic}
Properties           : {System.Diagnostics.Eventing.Reader.EventProperty, System.Diagnostics.Eventing.Reader.EventProperty,
System.Diagnostics.Eventing.Reader.EventProperty, System.Diagnostics.Eventing.Reader.EventProperty...}

Message              : The machine-default permission settings do not grant Local Activation permission for the COM Server
application with CLSID
{C2F03A33-21F5-47FA-B4BB-156362A2F239}
and APPID
{316CDED5-E4AE-4B15-9113-7055D84DCC97}
to the user ASUSROGGL553VD\dragonfire SID (S-1-5-21-1509157054-3111376858-337195177-1001) from address
LocalHost (Using LRPC) running in the application container
Microsoft.Windows.ShellExperienceHost_10.0.19041.610_neutral_neutral_cw5n1h2txyewy SID
(S-1-15-2-155514346-2573954481-755741238-1654018636-1233331829-3075935687-2861478708). This security
permission can be modified using the Component Services administrative tool.
Id                   : 10016
Version              : 0
Qualifiers           : 0
Level                : 3
Task                 : 0
Opcode               : 0
Keywords             : -9187343239835811840
RecordId             : 595
ProviderName         : Microsoft-Windows-DistributedCOM
ProviderId           : 1b562e86-b7aa-4131-badc-b6f3a001407e
LogName              : System
ProcessId            : 1360
ThreadId             : 1212
MachineName          : ASUSROGGL553VD
UserId               : S-1-5-21-1509157054-3111376858-337195177-1001
TimeCreated          : 3/17/2021 9:10:15 PM
ActivityId           : 600d1153-e4fc-4abc-b7b7-8f3333a1c399
RelatedActivityId    :
ContainerLog         : System
MatchedQueryIds      : {}
Bookmark             : System.Diagnostics.Eventing.Reader.EventBookmark
LevelDisplayName     : Warning
OpcodeDisplayName    : Info
TaskDisplayName      :
KeywordsDisplayNames : {Classic}
Properties           : {System.Diagnostics.Eventing.Reader.EventProperty, System.Diagnostics.Eventing.Reader.EventProperty,
System.Diagnostics.Eventing.Reader.EventProperty, System.Diagnostics.Eventing.Reader.EventProperty...}

Message              : The start type of the Background Intelligent Transfer Service service was changed from auto start to
demand start.
Id                   : 7040
Version              : 0
Qualifiers           : 16384
Level                : 4
Task                 : 0
Opcode               : 0
Keywords             : -9187343239835811840
RecordId             : 594
ProviderName         : Service Control Manager
ProviderId           : 555908d1-a6d7-4695-8e1e-26931d2012f4
LogName              : System
ProcessId            : 804
ThreadId             : 7812
MachineName          : ASUSROGGL553VD
UserId               : S-1-5-18
TimeCreated          : 3/17/2021 9:07:21 PM
ActivityId           :
RelatedActivityId    :
ContainerLog         : System
MatchedQueryIds      : {}
Bookmark             : System.Diagnostics.Eventing.Reader.EventBookmark
LevelDisplayName     : Information
OpcodeDisplayName    :
TaskDisplayName      :
KeywordsDisplayNames : {Classic}
Properties           : {System.Diagnostics.Eventing.Reader.EventProperty, System.Diagnostics.Eventing.Reader.EventProperty,
System.Diagnostics.Eventing.Reader.EventProperty, System.Diagnostics.Eventing.Reader.EventProperty}

Message              : The start type of the Background Intelligent Transfer Service service was changed from demand start to
auto start.
Id                   : 7040
Version              : 0
Qualifiers           : 16384
Level                : 4
Task                 : 0
Opcode               : 0
Keywords             : -9187343239835811840
RecordId             : 593
ProviderName         : Service Control Manager
ProviderId           : 555908d1-a6d7-4695-8e1e-26931d2012f4
LogName              : System
ProcessId            : 804
ThreadId             : 1176
MachineName          : ASUSROGGL553VD
UserId               : S-1-5-18
TimeCreated          : 3/17/2021 9:05:16 PM
ActivityId           :
RelatedActivityId    :
ContainerLog         : System
MatchedQueryIds      : {}
Bookmark             : System.Diagnostics.Eventing.Reader.EventBookmark
LevelDisplayName     : Information
OpcodeDisplayName    :
TaskDisplayName      :
KeywordsDisplayNames : {Classic}
Properties           : {System.Diagnostics.Eventing.Reader.EventProperty, System.Diagnostics.Eventing.Reader.EventProperty,
System.Diagnostics.Eventing.Reader.EventProperty, System.Diagnostics.Eventing.Reader.EventProperty}

Message              : The start type of the Windows Modules Installer service was changed from demand start to auto start.
Id                   : 7040
Version              : 0
Qualifiers           : 16384
Level                : 4
Task                 : 0
Opcode               : 0
Keywords             : -9187343239835811840
RecordId             : 592
ProviderName         : Service Control Manager
ProviderId           : 555908d1-a6d7-4695-8e1e-26931d2012f4
LogName              : System
ProcessId            : 804
ThreadId             : 6472
MachineName          : ASUSROGGL553VD
UserId               : S-1-5-18
TimeCreated          : 3/17/2021 9:03:37 PM
ActivityId           :
RelatedActivityId    :
ContainerLog         : System
MatchedQueryIds      : {}
Bookmark             : System.Diagnostics.Eventing.Reader.EventBookmark
LevelDisplayName     : Information
OpcodeDisplayName    :
TaskDisplayName      :
KeywordsDisplayNames : {Classic}
Properties           : {System.Diagnostics.Eventing.Reader.EventProperty, System.Diagnostics.Eventing.Reader.EventProperty,
System.Diagnostics.Eventing.Reader.EventProperty, System.Diagnostics.Eventing.Reader.EventProperty}

Message              : Installation Started: Windows has started installing the following update: 2021-03 Cumulative Update for
Windows 10 Version 20H2 for x64-based Systems (KB5001567)
Id                   : 43
Version              : 1
Qualifiers           :
Level                : 4
Task                 : 1
Opcode               : 13
Keywords             : -9223372036854767608
RecordId             : 591
ProviderName         : Microsoft-Windows-WindowsUpdateClient
ProviderId           : 945a8954-c147-4acd-923f-40c45405a658
LogName              : System
ProcessId            : 13196
ThreadId             : 8000
MachineName          : ASUSROGGL553VD
UserId               : S-1-5-18
TimeCreated          : 3/17/2021 9:03:36 PM
ActivityId           :
RelatedActivityId    :
ContainerLog         : System
MatchedQueryIds      : {}
Bookmark             : System.Diagnostics.Eventing.Reader.EventBookmark
LevelDisplayName     : Information
OpcodeDisplayName    : Installation
TaskDisplayName      : Windows Update Agent
KeywordsDisplayNames : {Installation, Started}
Properties           : {System.Diagnostics.Eventing.Reader.EventProperty, System.Diagnostics.Eventing.Reader.EventProperty,
System.Diagnostics.Eventing.Reader.EventProperty}

Message              : The start type of the Windows Modules Installer service was changed from auto start to demand start.
Id                   : 7040
Version              : 0
Qualifiers           : 16384
Level                : 4
Task                 : 0
Opcode               : 0
Keywords             : -9187343239835811840
RecordId             : 590
ProviderName         : Service Control Manager
ProviderId           : 555908d1-a6d7-4695-8e1e-26931d2012f4
LogName              : System
ProcessId            : 804
ThreadId             : 6472
MachineName          : ASUSROGGL553VD
UserId               : S-1-5-18
TimeCreated          : 3/17/2021 9:02:59 PM
ActivityId           :
RelatedActivityId    :
ContainerLog         : System
MatchedQueryIds      : {}
Bookmark             : System.Diagnostics.Eventing.Reader.EventBookmark
LevelDisplayName     : Information
OpcodeDisplayName    :
TaskDisplayName      :
KeywordsDisplayNames : {Classic}
Properties           : {System.Diagnostics.Eventing.Reader.EventProperty, System.Diagnostics.Eventing.Reader.EventProperty,
System.Diagnostics.Eventing.Reader.EventProperty, System.Diagnostics.Eventing.Reader.EventProperty}

Message              : The start type of the Windows Modules Installer service was changed from demand start to auto start.
Id                   : 7040
Version              : 0
Qualifiers           : 16384
Level                : 4
Task                 : 0
Opcode               : 0
Keywords             : -9187343239835811840
RecordId             : 589
ProviderName         : Service Control Manager
ProviderId           : 555908d1-a6d7-4695-8e1e-26931d2012f4
LogName              : System
ProcessId            : 804
ThreadId             : 6472
MachineName          : ASUSROGGL553VD
UserId               : S-1-5-18
TimeCreated          : 3/17/2021 9:02:26 PM
ActivityId           :
RelatedActivityId    :
ContainerLog         : System
MatchedQueryIds      : {}
Bookmark             : System.Diagnostics.Eventing.Reader.EventBookmark
LevelDisplayName     : Information
OpcodeDisplayName    :
TaskDisplayName      :
KeywordsDisplayNames : {Classic}
Properties           : {System.Diagnostics.Eventing.Reader.EventProperty, System.Diagnostics.Eventing.Reader.EventProperty,
System.Diagnostics.Eventing.Reader.EventProperty, System.Diagnostics.Eventing.Reader.EventProperty}

Message              : Windows Update started downloading an update.
Id                   : 44
Version              : 1
Qualifiers           :
Level                : 4
Task                 : 1
Opcode               : 12
Keywords             : -9223372036854767612
RecordId             : 588
ProviderName         : Microsoft-Windows-WindowsUpdateClient
ProviderId           : 945a8954-c147-4acd-923f-40c45405a658
LogName              : System
ProcessId            : 13196
ThreadId             : 12328
MachineName          : ASUSROGGL553VD
UserId               : S-1-5-18
TimeCreated          : 3/17/2021 9:02:15 PM
ActivityId           :
RelatedActivityId    :
ContainerLog         : System
MatchedQueryIds      : {}
Bookmark             : System.Diagnostics.Eventing.Reader.EventBookmark
LevelDisplayName     : Information
OpcodeDisplayName    : Download
TaskDisplayName      : Windows Update Agent
KeywordsDisplayNames : {Download, Started}
Properties           : {System.Diagnostics.Eventing.Reader.EventProperty, System.Diagnostics.Eventing.Reader.EventProperty,
System.Diagnostics.Eventing.Reader.EventProperty}

Message              : The application-specific permission settings do not grant Local Activation permission for the COM Server
application with CLSID
{2593F8B9-4EAF-457C-B68A-50F6B8EA6B54}
and APPID
{15C20B67-12E7-4BB6-92BB-7AFF07997402}
to the user ASUSROGGL553VD\dragonfire SID (S-1-5-21-1509157054-3111376858-337195177-1001) from address
LocalHost (Using LRPC) running in the application container Unavailable SID (Unavailable). This security
permission can be modified using the Component Services administrative tool.
Id                   : 10016
Version              : 0
Qualifiers           : 0
Level                : 3
Task                 : 0
Opcode               : 0
Keywords             : -9187343239835811840
RecordId             : 587
ProviderName         : Microsoft-Windows-DistributedCOM
ProviderId           : 1b562e86-b7aa-4131-badc-b6f3a001407e
LogName              : System
ProcessId            : 1360
ThreadId             : 10524
MachineName          : ASUSROGGL553VD
UserId               : S-1-5-21-1509157054-3111376858-337195177-1001
TimeCreated          : 3/17/2021 9:00:38 PM
ActivityId           : f8ac2f15-69b3-4a21-b6ee-d8bd07c1d040
RelatedActivityId    :
ContainerLog         : System
MatchedQueryIds      : {}
Bookmark             : System.Diagnostics.Eventing.Reader.EventBookmark
LevelDisplayName     : Warning
OpcodeDisplayName    : Info
TaskDisplayName      :
KeywordsDisplayNames : {Classic}
Properties           : {System.Diagnostics.Eventing.Reader.EventProperty, System.Diagnostics.Eventing.Reader.EventProperty,
System.Diagnostics.Eventing.Reader.EventProperty, System.Diagnostics.Eventing.Reader.EventProperty...}

Message              : The Application log file was cleared.
Id                   : 104
Version              : 0
Qualifiers           :
Level                : 4
Task                 : 104
Opcode               : 0
Keywords             : -9223372036854775808
RecordId             : 586
ProviderName         : Microsoft-Windows-Eventlog
ProviderId           : fc65ddd8-d6ef-4962-83d5-6e5cfe9ce148
LogName              : System
ProcessId            : 1856
ThreadId             : 4736
MachineName          : ASUSROGGL553VD
UserId               : S-1-5-21-1509157054-3111376858-337195177-1001
TimeCreated          : 3/17/2021 9:00:13 PM
ActivityId           :
RelatedActivityId    :
ContainerLog         : System
MatchedQueryIds      : {}
Bookmark             : System.Diagnostics.Eventing.Reader.EventBookmark
LevelDisplayName     : Information
OpcodeDisplayName    : Info
TaskDisplayName      : Log clear
KeywordsDisplayNames : {}
Properties           : {System.Diagnostics.Eventing.Reader.EventProperty, System.Diagnostics.Eventing.Reader.EventProperty,
System.Diagnostics.Eventing.Reader.EventProperty, System.Diagnostics.Eventing.Reader.EventProperty}

Message              : The System log file was cleared.
Id                   : 104
Version              : 0
Qualifiers           :
Level                : 4
Task                 : 104
Opcode               : 0
Keywords             : -9223372036854775808
RecordId             : 585
ProviderName         : Microsoft-Windows-Eventlog
ProviderId           : fc65ddd8-d6ef-4962-83d5-6e5cfe9ce148
LogName              : System
ProcessId            : 1856
ThreadId             : 2044
MachineName          : ASUSROGGL553VD
UserId               : S-1-5-21-1509157054-3111376858-337195177-1001
TimeCreated          : 3/17/2021 8:59:42 PM
ActivityId           :
RelatedActivityId    :
ContainerLog         : System
MatchedQueryIds      : {}
Bookmark             : System.Diagnostics.Eventing.Reader.EventBookmark
LevelDisplayName     : Information
OpcodeDisplayName    : Info
TaskDisplayName      : Log clear
KeywordsDisplayNames : {}
Properties           : {System.Diagnostics.Eventing.Reader.EventProperty, System.Diagnostics.Eventing.Reader.EventProperty,
System.Diagnostics.Eventing.Reader.EventProperty, System.Diagnostics.Eventing.Reader.EventProperty}