Message              : The machine-default permission settings do not grant Local Activation permission for the COM Server
application with CLSID
{C2F03A33-21F5-47FA-B4BB-156362A2F239}
and APPID
{316CDED5-E4AE-4B15-9113-7055D84DCC97}
to the user ASUSROGGL553VD\dragonfire SID (S-1-5-21-1509157054-3111376858-337195177-1001) from address
LocalHost (Using LRPC) running in the application container
Microsoft.Windows.ShellExperienceHost_10.0.19041.610_neutral_neutral_cw5n1h2txyewy SID
(S-1-15-2-155514346-2573954481-755741238-1654018636-1233331829-3075935687-2861478708). This security
permission can be modified using the Component Services administrative tool.
Id                   : 10016
Version              : 0
Qualifiers           : 0
Level                : 3
Task                 : 0
Opcode               : 0
Keywords             : -9187343239835811840
RecordId             : 980
ProviderName         : Microsoft-Windows-DistributedCOM
ProviderId           : 1b562e86-b7aa-4131-badc-b6f3a001407e
LogName              : System
ProcessId            : 1320
ThreadId             : 4972
MachineName          : ASUSROGGL553VD
UserId               : S-1-5-21-1509157054-3111376858-337195177-1001
TimeCreated          : 3/21/2021 7:13:26 PM
ActivityId           : 80ba2a96-e60f-44a8-adef-3878bd8a24fa
RelatedActivityId    :
ContainerLog         : System
MatchedQueryIds      : {}
Bookmark             : System.Diagnostics.Eventing.Reader.EventBookmark
LevelDisplayName     : Warning
OpcodeDisplayName    : Info
TaskDisplayName      :
KeywordsDisplayNames : {Classic}
Properties           : {System.Diagnostics.Eventing.Reader.EventProperty, System.Diagnostics.Eventing.Reader.EventProperty,
System.Diagnostics.Eventing.Reader.EventProperty, System.Diagnostics.Eventing.Reader.EventProperty...}

Message              : The machine-default permission settings do not grant Local Activation permission for the COM Server
application with CLSID
{C2F03A33-21F5-47FA-B4BB-156362A2F239}
and APPID
{316CDED5-E4AE-4B15-9113-7055D84DCC97}
to the user ASUSROGGL553VD\dragonfire SID (S-1-5-21-1509157054-3111376858-337195177-1001) from address
LocalHost (Using LRPC) running in the application container
Microsoft.Windows.ShellExperienceHost_10.0.19041.610_neutral_neutral_cw5n1h2txyewy SID
(S-1-15-2-155514346-2573954481-755741238-1654018636-1233331829-3075935687-2861478708). This security
permission can be modified using the Component Services administrative tool.
Id                   : 10016
Version              : 0
Qualifiers           : 0
Level                : 3
Task                 : 0
Opcode               : 0
Keywords             : -9187343239835811840
RecordId             : 979
ProviderName         : Microsoft-Windows-DistributedCOM
ProviderId           : 1b562e86-b7aa-4131-badc-b6f3a001407e
LogName              : System
ProcessId            : 1320
ThreadId             : 20484
MachineName          : ASUSROGGL553VD
UserId               : S-1-5-21-1509157054-3111376858-337195177-1001
TimeCreated          : 3/21/2021 7:01:18 PM
ActivityId           : 7792df70-f5a2-4f54-a6d8-1b616a4e6548
RelatedActivityId    :
ContainerLog         : System
MatchedQueryIds      : {}
Bookmark             : System.Diagnostics.Eventing.Reader.EventBookmark
LevelDisplayName     : Warning
OpcodeDisplayName    : Info
TaskDisplayName      :
KeywordsDisplayNames : {Classic}
Properties           : {System.Diagnostics.Eventing.Reader.EventProperty, System.Diagnostics.Eventing.Reader.EventProperty,
System.Diagnostics.Eventing.Reader.EventProperty, System.Diagnostics.Eventing.Reader.EventProperty...}

Message              : The machine-default permission settings do not grant Local Activation permission for the COM Server
application with CLSID
{C2F03A33-21F5-47FA-B4BB-156362A2F239}
and APPID
{316CDED5-E4AE-4B15-9113-7055D84DCC97}
to the user ASUSROGGL553VD\dragonfire SID (S-1-5-21-1509157054-3111376858-337195177-1001) from address
LocalHost (Using LRPC) running in the application container
Microsoft.Windows.ShellExperienceHost_10.0.19041.610_neutral_neutral_cw5n1h2txyewy SID
(S-1-15-2-155514346-2573954481-755741238-1654018636-1233331829-3075935687-2861478708). This security
permission can be modified using the Component Services administrative tool.
Id                   : 10016
Version              : 0
Qualifiers           : 0
Level                : 3
Task                 : 0
Opcode               : 0
Keywords             : -9187343239835811840
RecordId             : 978
ProviderName         : Microsoft-Windows-DistributedCOM
ProviderId           : 1b562e86-b7aa-4131-badc-b6f3a001407e
LogName              : System
ProcessId            : 1320
ThreadId             : 9792
MachineName          : ASUSROGGL553VD
UserId               : S-1-5-21-1509157054-3111376858-337195177-1001
TimeCreated          : 3/21/2021 6:52:32 PM
ActivityId           : d4a19fd4-8922-4362-9dff-cc81350076dc
RelatedActivityId    :
ContainerLog         : System
MatchedQueryIds      : {}
Bookmark             : System.Diagnostics.Eventing.Reader.EventBookmark
LevelDisplayName     : Warning
OpcodeDisplayName    : Info
TaskDisplayName      :
KeywordsDisplayNames : {Classic}
Properties           : {System.Diagnostics.Eventing.Reader.EventProperty, System.Diagnostics.Eventing.Reader.EventProperty,
System.Diagnostics.Eventing.Reader.EventProperty, System.Diagnostics.Eventing.Reader.EventProperty...}

Message              : The machine-default permission settings do not grant Local Activation permission for the COM Server
application with CLSID
{C2F03A33-21F5-47FA-B4BB-156362A2F239}
and APPID
{316CDED5-E4AE-4B15-9113-7055D84DCC97}
to the user ASUSROGGL553VD\dragonfire SID (S-1-5-21-1509157054-3111376858-337195177-1001) from address
LocalHost (Using LRPC) running in the application container
Microsoft.Windows.ShellExperienceHost_10.0.19041.610_neutral_neutral_cw5n1h2txyewy SID
(S-1-15-2-155514346-2573954481-755741238-1654018636-1233331829-3075935687-2861478708). This security
permission can be modified using the Component Services administrative tool.
Id                   : 10016
Version              : 0
Qualifiers           : 0
Level                : 3
Task                 : 0
Opcode               : 0
Keywords             : -9187343239835811840
RecordId             : 977
ProviderName         : Microsoft-Windows-DistributedCOM
ProviderId           : 1b562e86-b7aa-4131-badc-b6f3a001407e
LogName              : System
ProcessId            : 1320
ThreadId             : 14396
MachineName          : ASUSROGGL553VD
UserId               : S-1-5-21-1509157054-3111376858-337195177-1001
TimeCreated          : 3/21/2021 6:31:38 PM
ActivityId           : a3823b37-dd87-43a2-8fda-beb827871a4d
RelatedActivityId    :
ContainerLog         : System
MatchedQueryIds      : {}
Bookmark             : System.Diagnostics.Eventing.Reader.EventBookmark
LevelDisplayName     : Warning
OpcodeDisplayName    : Info
TaskDisplayName      :
KeywordsDisplayNames : {Classic}
Properties           : {System.Diagnostics.Eventing.Reader.EventProperty, System.Diagnostics.Eventing.Reader.EventProperty,
System.Diagnostics.Eventing.Reader.EventProperty, System.Diagnostics.Eventing.Reader.EventProperty...}

Message              : The application-specific permission settings do not grant Local Activation permission for the COM Server
application with CLSID
{2593F8B9-4EAF-457C-B68A-50F6B8EA6B54}
and APPID
{15C20B67-12E7-4BB6-92BB-7AFF07997402}
to the user ASUSROGGL553VD\dragonfire SID (S-1-5-21-1509157054-3111376858-337195177-1001) from address
LocalHost (Using LRPC) running in the application container Unavailable SID (Unavailable). This security
permission can be modified using the Component Services administrative tool.
Id                   : 10016
Version              : 0
Qualifiers           : 0
Level                : 3
Task                 : 0
Opcode               : 0
Keywords             : -9187343239835811840
RecordId             : 976
ProviderName         : Microsoft-Windows-DistributedCOM
ProviderId           : 1b562e86-b7aa-4131-badc-b6f3a001407e
LogName              : System
ProcessId            : 1320
ThreadId             : 14396
MachineName          : ASUSROGGL553VD
UserId               : S-1-5-21-1509157054-3111376858-337195177-1001
TimeCreated          : 3/21/2021 6:28:06 PM
ActivityId           : 55fe4030-7234-4a91-a0f4-52a3c68a6247
RelatedActivityId    :
ContainerLog         : System
MatchedQueryIds      : {}
Bookmark             : System.Diagnostics.Eventing.Reader.EventBookmark
LevelDisplayName     : Warning
OpcodeDisplayName    : Info
TaskDisplayName      :
KeywordsDisplayNames : {Classic}
Properties           : {System.Diagnostics.Eventing.Reader.EventProperty, System.Diagnostics.Eventing.Reader.EventProperty,
System.Diagnostics.Eventing.Reader.EventProperty, System.Diagnostics.Eventing.Reader.EventProperty...}

Message              : The start type of the Background Intelligent Transfer Service service was changed from demand start to
auto start.
Id                   : 7040
Version              : 0
Qualifiers           : 16384
Level                : 4
Task                 : 0
Opcode               : 0
Keywords             : -9187343239835811840
RecordId             : 975
ProviderName         : Service Control Manager
ProviderId           : 555908d1-a6d7-4695-8e1e-26931d2012f4
LogName              : System
ProcessId            : 808
ThreadId             : 16728
MachineName          : ASUSROGGL553VD
UserId               : S-1-5-18
TimeCreated          : 3/21/2021 6:21:42 PM
ActivityId           :
RelatedActivityId    :
ContainerLog         : System
MatchedQueryIds      : {}
Bookmark             : System.Diagnostics.Eventing.Reader.EventBookmark
LevelDisplayName     : Information
OpcodeDisplayName    :
TaskDisplayName      :
KeywordsDisplayNames : {Classic}
Properties           : {System.Diagnostics.Eventing.Reader.EventProperty, System.Diagnostics.Eventing.Reader.EventProperty,
System.Diagnostics.Eventing.Reader.EventProperty, System.Diagnostics.Eventing.Reader.EventProperty}

Message              : The machine-default permission settings do not grant Local Activation permission for the COM Server
application with CLSID
{C2F03A33-21F5-47FA-B4BB-156362A2F239}
and APPID
{316CDED5-E4AE-4B15-9113-7055D84DCC97}
to the user ASUSROGGL553VD\dragonfire SID (S-1-5-21-1509157054-3111376858-337195177-1001) from address
LocalHost (Using LRPC) running in the application container
Microsoft.Windows.ShellExperienceHost_10.0.19041.610_neutral_neutral_cw5n1h2txyewy SID
(S-1-15-2-155514346-2573954481-755741238-1654018636-1233331829-3075935687-2861478708). This security
permission can be modified using the Component Services administrative tool.
Id                   : 10016
Version              : 0
Qualifiers           : 0
Level                : 3
Task                 : 0
Opcode               : 0
Keywords             : -9187343239835811840
RecordId             : 974
ProviderName         : Microsoft-Windows-DistributedCOM
ProviderId           : 1b562e86-b7aa-4131-badc-b6f3a001407e
LogName              : System
ProcessId            : 1320
ThreadId             : 17436
MachineName          : ASUSROGGL553VD
UserId               : S-1-5-21-1509157054-3111376858-337195177-1001
TimeCreated          : 3/21/2021 6:10:44 PM
ActivityId           : c9c0cc4b-a93c-473c-b47d-fa6dfb505782
RelatedActivityId    :
ContainerLog         : System
MatchedQueryIds      : {}
Bookmark             : System.Diagnostics.Eventing.Reader.EventBookmark
LevelDisplayName     : Warning
OpcodeDisplayName    : Info
TaskDisplayName      :
KeywordsDisplayNames : {Classic}
Properties           : {System.Diagnostics.Eventing.Reader.EventProperty, System.Diagnostics.Eventing.Reader.EventProperty,
System.Diagnostics.Eventing.Reader.EventProperty, System.Diagnostics.Eventing.Reader.EventProperty...}

Message              : The application-specific permission settings do not grant Local Activation permission for the COM Server
application with CLSID
{2593F8B9-4EAF-457C-B68A-50F6B8EA6B54}
and APPID
{15C20B67-12E7-4BB6-92BB-7AFF07997402}
to the user ASUSROGGL553VD\dragonfire SID (S-1-5-21-1509157054-3111376858-337195177-1001) from address
LocalHost (Using LRPC) running in the application container Unavailable SID (Unavailable). This security
permission can be modified using the Component Services administrative tool.
Id                   : 10016
Version              : 0
Qualifiers           : 0
Level                : 3
Task                 : 0
Opcode               : 0
Keywords             : -9187343239835811840
RecordId             : 973
ProviderName         : Microsoft-Windows-DistributedCOM
ProviderId           : 1b562e86-b7aa-4131-badc-b6f3a001407e
LogName              : System
ProcessId            : 1320
ThreadId             : 10952
MachineName          : ASUSROGGL553VD
UserId               : S-1-5-21-1509157054-3111376858-337195177-1001
TimeCreated          : 3/21/2021 6:05:39 PM
ActivityId           : 482419d6-224e-4844-b454-141a6b1ca0ca
RelatedActivityId    :
ContainerLog         : System
MatchedQueryIds      : {}
Bookmark             : System.Diagnostics.Eventing.Reader.EventBookmark
LevelDisplayName     : Warning
OpcodeDisplayName    : Info
TaskDisplayName      :
KeywordsDisplayNames : {Classic}
Properties           : {System.Diagnostics.Eventing.Reader.EventProperty, System.Diagnostics.Eventing.Reader.EventProperty,
System.Diagnostics.Eventing.Reader.EventProperty, System.Diagnostics.Eventing.Reader.EventProperty...}

Message              : The start type of the Background Intelligent Transfer Service service was changed from auto start to
demand start.
Id                   : 7040
Version              : 0
Qualifiers           : 16384
Level                : 4
Task                 : 0
Opcode               : 0
Keywords             : -9187343239835811840
RecordId             : 972
ProviderName         : Service Control Manager
ProviderId           : 555908d1-a6d7-4695-8e1e-26931d2012f4
LogName              : System
ProcessId            : 808
ThreadId             : 14272
MachineName          : ASUSROGGL553VD
UserId               : S-1-5-18
TimeCreated          : 3/21/2021 5:56:52 PM
ActivityId           :
RelatedActivityId    :
ContainerLog         : System
MatchedQueryIds      : {}
Bookmark             : System.Diagnostics.Eventing.Reader.EventBookmark
LevelDisplayName     : Information
OpcodeDisplayName    :
TaskDisplayName      :
KeywordsDisplayNames : {Classic}
Properties           : {System.Diagnostics.Eventing.Reader.EventProperty, System.Diagnostics.Eventing.Reader.EventProperty,
System.Diagnostics.Eventing.Reader.EventProperty, System.Diagnostics.Eventing.Reader.EventProperty}

Message              : The start type of the Background Intelligent Transfer Service service was changed from demand start to
auto start.
Id                   : 7040
Version              : 0
Qualifiers           : 16384
Level                : 4
Task                 : 0
Opcode               : 0
Keywords             : -9187343239835811840
RecordId             : 971
ProviderName         : Service Control Manager
ProviderId           : 555908d1-a6d7-4695-8e1e-26931d2012f4
LogName              : System
ProcessId            : 808
ThreadId             : 10316
MachineName          : ASUSROGGL553VD
UserId               : S-1-5-18
TimeCreated          : 3/21/2021 5:54:48 PM
ActivityId           :
RelatedActivityId    :
ContainerLog         : System
MatchedQueryIds      : {}
Bookmark             : System.Diagnostics.Eventing.Reader.EventBookmark
LevelDisplayName     : Information
OpcodeDisplayName    :
TaskDisplayName      :
KeywordsDisplayNames : {Classic}
Properties           : {System.Diagnostics.Eventing.Reader.EventProperty, System.Diagnostics.Eventing.Reader.EventProperty,
System.Diagnostics.Eventing.Reader.EventProperty, System.Diagnostics.Eventing.Reader.EventProperty}

Message              : The application-specific permission settings do not grant Local Activation permission for the COM Server
application with CLSID
{2593F8B9-4EAF-457C-B68A-50F6B8EA6B54}
and APPID
{15C20B67-12E7-4BB6-92BB-7AFF07997402}
to the user ASUSROGGL553VD\dragonfire SID (S-1-5-21-1509157054-3111376858-337195177-1001) from address
LocalHost (Using LRPC) running in the application container Unavailable SID (Unavailable). This security
permission can be modified using the Component Services administrative tool.
Id                   : 10016
Version              : 0
Qualifiers           : 0
Level                : 3
Task                 : 0
Opcode               : 0
Keywords             : -9187343239835811840
RecordId             : 970
ProviderName         : Microsoft-Windows-DistributedCOM
ProviderId           : 1b562e86-b7aa-4131-badc-b6f3a001407e
LogName              : System
ProcessId            : 1320
ThreadId             : 14328
MachineName          : ASUSROGGL553VD
UserId               : S-1-5-21-1509157054-3111376858-337195177-1001
TimeCreated          : 3/21/2021 5:54:23 PM
ActivityId           : 0ad1e6be-c87b-404e-b9a0-4a3034ac5603
RelatedActivityId    :
ContainerLog         : System
MatchedQueryIds      : {}
Bookmark             : System.Diagnostics.Eventing.Reader.EventBookmark
LevelDisplayName     : Warning
OpcodeDisplayName    : Info
TaskDisplayName      :
KeywordsDisplayNames : {Classic}
Properties           : {System.Diagnostics.Eventing.Reader.EventProperty, System.Diagnostics.Eventing.Reader.EventProperty,
System.Diagnostics.Eventing.Reader.EventProperty, System.Diagnostics.Eventing.Reader.EventProperty...}

Message              : The start type of the Background Intelligent Transfer Service service was changed from auto start to
demand start.
Id                   : 7040
Version              : 0
Qualifiers           : 16384
Level                : 4
Task                 : 0
Opcode               : 0
Keywords             : -9187343239835811840
RecordId             : 969
ProviderName         : Service Control Manager
ProviderId           : 555908d1-a6d7-4695-8e1e-26931d2012f4
LogName              : System
ProcessId            : 808
ThreadId             : 19748
MachineName          : ASUSROGGL553VD
UserId               : S-1-5-18
TimeCreated          : 3/21/2021 5:51:09 PM
ActivityId           :
RelatedActivityId    :
ContainerLog         : System
MatchedQueryIds      : {}
Bookmark             : System.Diagnostics.Eventing.Reader.EventBookmark
LevelDisplayName     : Information
OpcodeDisplayName    :
TaskDisplayName      :
KeywordsDisplayNames : {Classic}
Properties           : {System.Diagnostics.Eventing.Reader.EventProperty, System.Diagnostics.Eventing.Reader.EventProperty,
System.Diagnostics.Eventing.Reader.EventProperty, System.Diagnostics.Eventing.Reader.EventProperty}

Message              : The machine-default permission settings do not grant Local Activation permission for the COM Server
application with CLSID
{C2F03A33-21F5-47FA-B4BB-156362A2F239}
and APPID
{316CDED5-E4AE-4B15-9113-7055D84DCC97}
to the user ASUSROGGL553VD\dragonfire SID (S-1-5-21-1509157054-3111376858-337195177-1001) from address
LocalHost (Using LRPC) running in the application container
Microsoft.Windows.ShellExperienceHost_10.0.19041.610_neutral_neutral_cw5n1h2txyewy SID
(S-1-15-2-155514346-2573954481-755741238-1654018636-1233331829-3075935687-2861478708). This security
permission can be modified using the Component Services administrative tool.
Id                   : 10016
Version              : 0
Qualifiers           : 0
Level                : 3
Task                 : 0
Opcode               : 0
Keywords             : -9187343239835811840
RecordId             : 968
ProviderName         : Microsoft-Windows-DistributedCOM
ProviderId           : 1b562e86-b7aa-4131-badc-b6f3a001407e
LogName              : System
ProcessId            : 1320
ThreadId             : 2412
MachineName          : ASUSROGGL553VD
UserId               : S-1-5-21-1509157054-3111376858-337195177-1001
TimeCreated          : 3/21/2021 5:50:47 PM
ActivityId           : 30582f64-ffc2-433e-aa44-ddbd175da9b1
RelatedActivityId    :
ContainerLog         : System
MatchedQueryIds      : {}
Bookmark             : System.Diagnostics.Eventing.Reader.EventBookmark
LevelDisplayName     : Warning
OpcodeDisplayName    : Info
TaskDisplayName      :
KeywordsDisplayNames : {Classic}
Properties           : {System.Diagnostics.Eventing.Reader.EventProperty, System.Diagnostics.Eventing.Reader.EventProperty,
System.Diagnostics.Eventing.Reader.EventProperty, System.Diagnostics.Eventing.Reader.EventProperty...}

Message              : The application-specific permission settings do not grant Local Activation permission for the COM Server
application with CLSID
{2593F8B9-4EAF-457C-B68A-50F6B8EA6B54}
and APPID
{15C20B67-12E7-4BB6-92BB-7AFF07997402}
to the user ASUSROGGL553VD\dragonfire SID (S-1-5-21-1509157054-3111376858-337195177-1001) from address
LocalHost (Using LRPC) running in the application container Unavailable SID (Unavailable). This security
permission can be modified using the Component Services administrative tool.
Id                   : 10016
Version              : 0
Qualifiers           : 0
Level                : 3
Task                 : 0
Opcode               : 0
Keywords             : -9187343239835811840
RecordId             : 967
ProviderName         : Microsoft-Windows-DistributedCOM
ProviderId           : 1b562e86-b7aa-4131-badc-b6f3a001407e
LogName              : System
ProcessId            : 1320
ThreadId             : 13804
MachineName          : ASUSROGGL553VD
UserId               : S-1-5-21-1509157054-3111376858-337195177-1001
TimeCreated          : 3/21/2021 5:50:20 PM
ActivityId           : 52b9e40f-f5f2-49b0-90a3-7a9e24dcfb66
RelatedActivityId    :
ContainerLog         : System
MatchedQueryIds      : {}
Bookmark             : System.Diagnostics.Eventing.Reader.EventBookmark
LevelDisplayName     : Warning
OpcodeDisplayName    : Info
TaskDisplayName      :
KeywordsDisplayNames : {Classic}
Properties           : {System.Diagnostics.Eventing.Reader.EventProperty, System.Diagnostics.Eventing.Reader.EventProperty,
System.Diagnostics.Eventing.Reader.EventProperty, System.Diagnostics.Eventing.Reader.EventProperty...}

Message              : The start type of the Background Intelligent Transfer Service service was changed from demand start to
auto start.
Id                   : 7040
Version              : 0
Qualifiers           : 16384
Level                : 4
Task                 : 0
Opcode               : 0
Keywords             : -9187343239835811840
RecordId             : 966
ProviderName         : Service Control Manager
ProviderId           : 555908d1-a6d7-4695-8e1e-26931d2012f4
LogName              : System
ProcessId            : 808
ThreadId             : 8264
MachineName          : ASUSROGGL553VD
UserId               : S-1-5-18
TimeCreated          : 3/21/2021 5:48:36 PM
ActivityId           :
RelatedActivityId    :
ContainerLog         : System
MatchedQueryIds      : {}
Bookmark             : System.Diagnostics.Eventing.Reader.EventBookmark
LevelDisplayName     : Information
OpcodeDisplayName    :
TaskDisplayName      :
KeywordsDisplayNames : {Classic}
Properties           : {System.Diagnostics.Eventing.Reader.EventProperty, System.Diagnostics.Eventing.Reader.EventProperty,
System.Diagnostics.Eventing.Reader.EventProperty, System.Diagnostics.Eventing.Reader.EventProperty}

Message              : The application-specific permission settings do not grant Local Activation permission for the COM Server
application with CLSID
{2593F8B9-4EAF-457C-B68A-50F6B8EA6B54}
and APPID
{15C20B67-12E7-4BB6-92BB-7AFF07997402}
to the user ASUSROGGL553VD\dragonfire SID (S-1-5-21-1509157054-3111376858-337195177-1001) from address
LocalHost (Using LRPC) running in the application container Unavailable SID (Unavailable). This security
permission can be modified using the Component Services administrative tool.
Id                   : 10016
Version              : 0
Qualifiers           : 0
Level                : 3
Task                 : 0
Opcode               : 0
Keywords             : -9187343239835811840
RecordId             : 965
ProviderName         : Microsoft-Windows-DistributedCOM
ProviderId           : 1b562e86-b7aa-4131-badc-b6f3a001407e
LogName              : System
ProcessId            : 1320
ThreadId             : 6124
MachineName          : ASUSROGGL553VD
UserId               : S-1-5-21-1509157054-3111376858-337195177-1001
TimeCreated          : 3/21/2021 5:47:35 PM
ActivityId           : f25fc823-d3e8-4ece-bf88-3a27d602d92f
RelatedActivityId    :
ContainerLog         : System
MatchedQueryIds      : {}
Bookmark             : System.Diagnostics.Eventing.Reader.EventBookmark
LevelDisplayName     : Warning
OpcodeDisplayName    : Info
TaskDisplayName      :
KeywordsDisplayNames : {Classic}
Properties           : {System.Diagnostics.Eventing.Reader.EventProperty, System.Diagnostics.Eventing.Reader.EventProperty,
System.Diagnostics.Eventing.Reader.EventProperty, System.Diagnostics.Eventing.Reader.EventProperty...}

Message              : The application-specific permission settings do not grant Local Activation permission for the COM Server
application with CLSID
{2593F8B9-4EAF-457C-B68A-50F6B8EA6B54}
and APPID
{15C20B67-12E7-4BB6-92BB-7AFF07997402}
to the user ASUSROGGL553VD\dragonfire SID (S-1-5-21-1509157054-3111376858-337195177-1001) from address
LocalHost (Using LRPC) running in the application container Unavailable SID (Unavailable). This security
permission can be modified using the Component Services administrative tool.
Id                   : 10016
Version              : 0
Qualifiers           : 0
Level                : 3
Task                 : 0
Opcode               : 0
Keywords             : -9187343239835811840
RecordId             : 964
ProviderName         : Microsoft-Windows-DistributedCOM
ProviderId           : 1b562e86-b7aa-4131-badc-b6f3a001407e
LogName              : System
ProcessId            : 1320
ThreadId             : 20904
MachineName          : ASUSROGGL553VD
UserId               : S-1-5-21-1509157054-3111376858-337195177-1001
TimeCreated          : 3/21/2021 5:47:35 PM
ActivityId           : 88a864d7-852b-4b1b-b530-96388ce1eda9
RelatedActivityId    :
ContainerLog         : System
MatchedQueryIds      : {}
Bookmark             : System.Diagnostics.Eventing.Reader.EventBookmark
LevelDisplayName     : Warning
OpcodeDisplayName    : Info
TaskDisplayName      :
KeywordsDisplayNames : {Classic}
Properties           : {System.Diagnostics.Eventing.Reader.EventProperty, System.Diagnostics.Eventing.Reader.EventProperty,
System.Diagnostics.Eventing.Reader.EventProperty, System.Diagnostics.Eventing.Reader.EventProperty...}

Message              : The application-specific permission settings do not grant Local Activation permission for the COM Server
application with CLSID
{2593F8B9-4EAF-457C-B68A-50F6B8EA6B54}
and APPID
{15C20B67-12E7-4BB6-92BB-7AFF07997402}
to the user ASUSROGGL553VD\dragonfire SID (S-1-5-21-1509157054-3111376858-337195177-1001) from address
LocalHost (Using LRPC) running in the application container Unavailable SID (Unavailable). This security
permission can be modified using the Component Services administrative tool.
Id                   : 10016
Version              : 0
Qualifiers           : 0
Level                : 3
Task                 : 0
Opcode               : 0
Keywords             : -9187343239835811840
RecordId             : 963
ProviderName         : Microsoft-Windows-DistributedCOM
ProviderId           : 1b562e86-b7aa-4131-badc-b6f3a001407e
LogName              : System
ProcessId            : 1320
ThreadId             : 16952
MachineName          : ASUSROGGL553VD
UserId               : S-1-5-21-1509157054-3111376858-337195177-1001
TimeCreated          : 3/21/2021 5:47:29 PM
ActivityId           : 8e80b543-e3fc-40b1-a5f5-d703e156deeb
RelatedActivityId    :
ContainerLog         : System
MatchedQueryIds      : {}
Bookmark             : System.Diagnostics.Eventing.Reader.EventBookmark
LevelDisplayName     : Warning
OpcodeDisplayName    : Info
TaskDisplayName      :
KeywordsDisplayNames : {Classic}
Properties           : {System.Diagnostics.Eventing.Reader.EventProperty, System.Diagnostics.Eventing.Reader.EventProperty,
System.Diagnostics.Eventing.Reader.EventProperty, System.Diagnostics.Eventing.Reader.EventProperty...}

Message              : The access history in hive \??\C:\ProgramData\Packages\Microsoft.WindowsTerminal_8wekyb3d8bbwe\S-1-5-21-15
09157054-3111376858-337195177-1001\SystemAppData\Helium\Cache\6e4d5940d914be32_COM15.dat was cleared
updating 1 keys and creating 1 modified pages.
Id                   : 16
Version              : 0
Qualifiers           :
Level                : 4
Task                 : 0
Opcode               : 0
Keywords             : -9223372036854775808
RecordId             : 962
ProviderName         : Microsoft-Windows-Kernel-General
ProviderId           : a68ca8b7-004f-d7b6-a698-07e2de0f1f5d
LogName              : System
ProcessId            : 1132
ThreadId             : 18560
MachineName          : ASUSROGGL553VD
UserId               : S-1-5-18
TimeCreated          : 3/21/2021 5:44:46 PM
ActivityId           :
RelatedActivityId    :
ContainerLog         : System
MatchedQueryIds      : {}
Bookmark             : System.Diagnostics.Eventing.Reader.EventBookmark
LevelDisplayName     : Information
OpcodeDisplayName    : Info
TaskDisplayName      :
KeywordsDisplayNames : {}
Properties           : {System.Diagnostics.Eventing.Reader.EventProperty, System.Diagnostics.Eventing.Reader.EventProperty,
System.Diagnostics.Eventing.Reader.EventProperty, System.Diagnostics.Eventing.Reader.EventProperty}

Message              : The start type of the Background Intelligent Transfer Service service was changed from auto start to
demand start.
Id                   : 7040
Version              : 0
Qualifiers           : 16384
Level                : 4
Task                 : 0
Opcode               : 0
Keywords             : -9187343239835811840
RecordId             : 961
ProviderName         : Service Control Manager
ProviderId           : 555908d1-a6d7-4695-8e1e-26931d2012f4
LogName              : System
ProcessId            : 808
ThreadId             : 12012
MachineName          : ASUSROGGL553VD
UserId               : S-1-5-18
TimeCreated          : 3/21/2021 5:44:34 PM
ActivityId           :
RelatedActivityId    :
ContainerLog         : System
MatchedQueryIds      : {}
Bookmark             : System.Diagnostics.Eventing.Reader.EventBookmark
LevelDisplayName     : Information
OpcodeDisplayName    :
TaskDisplayName      :
KeywordsDisplayNames : {Classic}
Properties           : {System.Diagnostics.Eventing.Reader.EventProperty, System.Diagnostics.Eventing.Reader.EventProperty,
System.Diagnostics.Eventing.Reader.EventProperty, System.Diagnostics.Eventing.Reader.EventProperty}

Message              : The start type of the Background Intelligent Transfer Service service was changed from demand start to
auto start.
Id                   : 7040
Version              : 0
Qualifiers           : 16384
Level                : 4
Task                 : 0
Opcode               : 0
Keywords             : -9187343239835811840
RecordId             : 960
ProviderName         : Service Control Manager
ProviderId           : 555908d1-a6d7-4695-8e1e-26931d2012f4
LogName              : System
ProcessId            : 808
ThreadId             : 17840
MachineName          : ASUSROGGL553VD
UserId               : S-1-5-18
TimeCreated          : 3/21/2021 5:42:30 PM
ActivityId           :
RelatedActivityId    :
ContainerLog         : System
MatchedQueryIds      : {}
Bookmark             : System.Diagnostics.Eventing.Reader.EventBookmark
LevelDisplayName     : Information
OpcodeDisplayName    :
TaskDisplayName      :
KeywordsDisplayNames : {Classic}
Properties           : {System.Diagnostics.Eventing.Reader.EventProperty, System.Diagnostics.Eventing.Reader.EventProperty,
System.Diagnostics.Eventing.Reader.EventProperty, System.Diagnostics.Eventing.Reader.EventProperty}

Message              : User Logon Notification for Customer Experience Improvement Program
Id                   : 7001
Version              : 0
Qualifiers           :
Level                : 4
Task                 : 1101
Opcode               : 0
Keywords             : 2305878193585782784
RecordId             : 959
ProviderName         : Microsoft-Windows-Winlogon
ProviderId           : dbe9b383-7cf3-4331-91cc-a3cb16a3b538
LogName              : System
ProcessId            : 16212
ThreadId             : 13904
MachineName          : ASUSROGGL553VD
UserId               : S-1-5-18
TimeCreated          : 3/21/2021 5:42:28 PM
ActivityId           :
RelatedActivityId    :
ContainerLog         : System
MatchedQueryIds      : {}
Bookmark             : System.Diagnostics.Eventing.Reader.EventBookmark
LevelDisplayName     : Information
OpcodeDisplayName    : Info
TaskDisplayName      :
KeywordsDisplayNames : {}
Properties           : {System.Diagnostics.Eventing.Reader.EventProperty, System.Diagnostics.Eventing.Reader.EventProperty}

Message              : The system has returned from a low power state.

Sleep Time: ?2021?-?03?-?20T20:03:38.877841400Z
Wake Time: ?2021?-?03?-?21T15:42:07.056869100Z

Wake Source: Unknown
Id                   : 1
Version              : 3
Qualifiers           :
Level                : 4
Task                 : 0
Opcode               : 0
Keywords             : -9223372036854775808
RecordId             : 958
ProviderName         : Microsoft-Windows-Power-Troubleshooter
ProviderId           : cdc05e28-c449-49c6-b9d2-88cf761644df
LogName              : System
ProcessId            : 3508
ThreadId             : 6292
MachineName          : ASUSROGGL553VD
UserId               : S-1-5-19
TimeCreated          : 3/21/2021 5:42:08 PM
ActivityId           : 1a0a39e5-7e27-4361-996d-4ef5ee19848b
RelatedActivityId    :
ContainerLog         : System
MatchedQueryIds      : {}
Bookmark             : System.Diagnostics.Eventing.Reader.EventBookmark
LevelDisplayName     : Information
OpcodeDisplayName    : Info
TaskDisplayName      :
KeywordsDisplayNames : {}
Properties           : {System.Diagnostics.Eventing.Reader.EventProperty, System.Diagnostics.Eventing.Reader.EventProperty,
System.Diagnostics.Eventing.Reader.EventProperty, System.Diagnostics.Eventing.Reader.EventProperty...}

Message              : The boot type was 0x1.
Id                   : 27
Version              : 1
Qualifiers           :
Level                : 4
Task                 : 33
Opcode               : 0
Keywords             : -9223372036854775808
RecordId             : 957
ProviderName         : Microsoft-Windows-Kernel-Boot
ProviderId           : 15ca44ff-4d7a-4baa-bba5-0998955e531e
LogName              : System
ProcessId            : 4
ThreadId             : 12944
MachineName          : ASUSROGGL553VD
UserId               :
TimeCreated          : 3/21/2021 5:42:06 PM
ActivityId           :
RelatedActivityId    :
ContainerLog         : System
MatchedQueryIds      : {}
Bookmark             : System.Diagnostics.Eventing.Reader.EventBookmark
LevelDisplayName     : Information
OpcodeDisplayName    : Info
TaskDisplayName      :
KeywordsDisplayNames : {}
Properties           : {System.Diagnostics.Eventing.Reader.EventProperty, System.Diagnostics.Eventing.Reader.EventProperty}

Message              : The boot menu policy was 0x1.
Id                   : 25
Version              : 0
Qualifiers           :
Level                : 4
Task                 : 32
Opcode               : 0
Keywords             : -9223372036854775808
RecordId             : 956
ProviderName         : Microsoft-Windows-Kernel-Boot
ProviderId           : 15ca44ff-4d7a-4baa-bba5-0998955e531e
LogName              : System
ProcessId            : 4
ThreadId             : 12944
MachineName          : ASUSROGGL553VD
UserId               :
TimeCreated          : 3/21/2021 5:42:06 PM
ActivityId           :
RelatedActivityId    :
ContainerLog         : System
MatchedQueryIds      : {}
Bookmark             : System.Diagnostics.Eventing.Reader.EventBookmark
LevelDisplayName     : Information
OpcodeDisplayName    : Info
TaskDisplayName      :
KeywordsDisplayNames : {}
Properties           : {System.Diagnostics.Eventing.Reader.EventProperty}

Message              : The bootmgr spent 0 ms waiting for user input.
Id                   : 32
Version              : 0
Qualifiers           :
Level                : 4
Task                 : 58
Opcode               : 0
Keywords             : -9223372036854775808
RecordId             : 955
ProviderName         : Microsoft-Windows-Kernel-Boot
ProviderId           : 15ca44ff-4d7a-4baa-bba5-0998955e531e
LogName              : System
ProcessId            : 4
ThreadId             : 12944
MachineName          : ASUSROGGL553VD
UserId               :
TimeCreated          : 3/21/2021 5:42:06 PM
ActivityId           :
RelatedActivityId    :
ContainerLog         : System
MatchedQueryIds      : {}
Bookmark             : System.Diagnostics.Eventing.Reader.EventBookmark
LevelDisplayName     : Information
OpcodeDisplayName    : Info
TaskDisplayName      :
KeywordsDisplayNames : {}
Properties           : {System.Diagnostics.Eventing.Reader.EventProperty}

Message              : There are 0x1 boot options on this system.
Id                   : 18
Version              : 0
Qualifiers           :
Level                : 4
Task                 : 57
Opcode               : 0
Keywords             : -9223372036854775808
RecordId             : 954
ProviderName         : Microsoft-Windows-Kernel-Boot
ProviderId           : 15ca44ff-4d7a-4baa-bba5-0998955e531e
LogName              : System
ProcessId            : 4
ThreadId             : 12944
MachineName          : ASUSROGGL553VD
UserId               :
TimeCreated          : 3/21/2021 5:42:06 PM
ActivityId           :
RelatedActivityId    :
ContainerLog         : System
MatchedQueryIds      : {}
Bookmark             : System.Diagnostics.Eventing.Reader.EventBookmark
LevelDisplayName     : Information
OpcodeDisplayName    : Info
TaskDisplayName      :
KeywordsDisplayNames : {}
Properties           : {System.Diagnostics.Eventing.Reader.EventProperty}

Message              : The firmware reported boot metrics.
Id                   : 30
Version              : 0
Qualifiers           :
Level                : 4
Task                 : 21
Opcode               : 0
Keywords             : -9223372036854775808
RecordId             : 953
ProviderName         : Microsoft-Windows-Kernel-Boot
ProviderId           : 15ca44ff-4d7a-4baa-bba5-0998955e531e
LogName              : System
ProcessId            : 4
ThreadId             : 12944
MachineName          : ASUSROGGL553VD
UserId               :
TimeCreated          : 3/21/2021 5:42:06 PM
ActivityId           :
RelatedActivityId    :
ContainerLog         : System
MatchedQueryIds      : {}
Bookmark             : System.Diagnostics.Eventing.Reader.EventBookmark
LevelDisplayName     : Information
OpcodeDisplayName    : Info
TaskDisplayName      :
KeywordsDisplayNames : {}
Properties           : {System.Diagnostics.Eventing.Reader.EventProperty, System.Diagnostics.Eventing.Reader.EventProperty,
System.Diagnostics.Eventing.Reader.EventProperty, System.Diagnostics.Eventing.Reader.EventProperty...}

Message              : Power source change.
Id                   : 105
Version              : 1
Qualifiers           :
Level                : 4
Task                 : 100
Opcode               : 0
Keywords             : -9223372036854774780
RecordId             : 952
ProviderName         : Microsoft-Windows-Kernel-Power
ProviderId           : 331c3b3a-2005-44c2-ac5e-77220c37d6b4
LogName              : System
ProcessId            : 4
ThreadId             : 10432
MachineName          : ASUSROGGL553VD
UserId               :
TimeCreated          : 3/21/2021 5:42:05 PM
ActivityId           :
RelatedActivityId    :
ContainerLog         : System
MatchedQueryIds      : {}
Bookmark             : System.Diagnostics.Eventing.Reader.EventBookmark
LevelDisplayName     : Information
OpcodeDisplayName    : Info
TaskDisplayName      :
KeywordsDisplayNames : {}
Properties           : {System.Diagnostics.Eventing.Reader.EventProperty, System.Diagnostics.Eventing.Reader.EventProperty,
System.Diagnostics.Eventing.Reader.EventProperty}

Message              : The system time has changed to ?2021?-?03?-?21T15:42:05.500000000Z from
?2021?-?03?-?20T20:03:42.428261600Z.

Change Reason: System time synchronized with the hardware clock.
Process: '' (PID 4).
Id                   : 1
Version              : 2
Qualifiers           :
Level                : 4
Task                 : 5
Opcode               : 0
Keywords             : -9223372036854775792
RecordId             : 951
ProviderName         : Microsoft-Windows-Kernel-General
ProviderId           : a68ca8b7-004f-d7b6-a698-07e2de0f1f5d
LogName              : System
ProcessId            : 4
ThreadId             : 12944
MachineName          : ASUSROGGL553VD
UserId               :
TimeCreated          : 3/21/2021 5:42:05 PM
ActivityId           :
RelatedActivityId    :
ContainerLog         : System
MatchedQueryIds      : {}
Bookmark             : System.Diagnostics.Eventing.Reader.EventBookmark
LevelDisplayName     : Information
OpcodeDisplayName    : Info
TaskDisplayName      :
KeywordsDisplayNames : {Time}
Properties           : {System.Diagnostics.Eventing.Reader.EventProperty, System.Diagnostics.Eventing.Reader.EventProperty,
System.Diagnostics.Eventing.Reader.EventProperty, System.Diagnostics.Eventing.Reader.EventProperty...}

Message              : The system has resumed from sleep.
Id                   : 107
Version              : 1
Qualifiers           :
Level                : 4
Task                 : 102
Opcode               : 0
Keywords             : -9223372036854774716
RecordId             : 950
ProviderName         : Microsoft-Windows-Kernel-Power
ProviderId           : 331c3b3a-2005-44c2-ac5e-77220c37d6b4
LogName              : System
ProcessId            : 4
ThreadId             : 12944
MachineName          : ASUSROGGL553VD
UserId               :
TimeCreated          : 3/20/2021 10:03:42 PM
ActivityId           :
RelatedActivityId    :
ContainerLog         : System
MatchedQueryIds      : {}
Bookmark             : System.Diagnostics.Eventing.Reader.EventBookmark
LevelDisplayName     : Information
OpcodeDisplayName    : Info
TaskDisplayName      :
KeywordsDisplayNames : {}
Properties           : {System.Diagnostics.Eventing.Reader.EventProperty, System.Diagnostics.Eventing.Reader.EventProperty,
System.Diagnostics.Eventing.Reader.EventProperty, System.Diagnostics.Eventing.Reader.EventProperty...}

Message              : The system uptime is 332975 seconds.
Id                   : 6013
Version              : 0
Qualifiers           : 32768
Level                : 4
Task                 : 0
Opcode               : 0
Keywords             : 36028797018963968
RecordId             : 949
ProviderName         : EventLog
ProviderId           :
LogName              : System
ProcessId            : 0
ThreadId             : 0
MachineName          : ASUSROGGL553VD
UserId               :
TimeCreated          : 3/21/2021 5:42:05 PM
ActivityId           :
RelatedActivityId    :
ContainerLog         : System
MatchedQueryIds      : {}
Bookmark             : System.Diagnostics.Eventing.Reader.EventBookmark
LevelDisplayName     : Information
OpcodeDisplayName    :
TaskDisplayName      :
KeywordsDisplayNames : {Classic}
Properties           : {System.Diagnostics.Eventing.Reader.EventProperty, System.Diagnostics.Eventing.Reader.EventProperty,
System.Diagnostics.Eventing.Reader.EventProperty, System.Diagnostics.Eventing.Reader.EventProperty...}

Message              : The system is entering sleep.

Sleep Reason: Application API
Id                   : 42
Version              : 3
Qualifiers           :
Level                : 4
Task                 : 64
Opcode               : 0
Keywords             : -9223372036854774780
RecordId             : 948
ProviderName         : Microsoft-Windows-Kernel-Power
ProviderId           : 331c3b3a-2005-44c2-ac5e-77220c37d6b4
LogName              : System
ProcessId            : 4
ThreadId             : 12944
MachineName          : ASUSROGGL553VD
UserId               :
TimeCreated          : 3/20/2021 10:03:39 PM
ActivityId           :
RelatedActivityId    :
ContainerLog         : System
MatchedQueryIds      : {}
Bookmark             : System.Diagnostics.Eventing.Reader.EventBookmark
LevelDisplayName     : Information
OpcodeDisplayName    : Info
TaskDisplayName      :
KeywordsDisplayNames : {}
Properties           : {System.Diagnostics.Eventing.Reader.EventProperty, System.Diagnostics.Eventing.Reader.EventProperty,
System.Diagnostics.Eventing.Reader.EventProperty, System.Diagnostics.Eventing.Reader.EventProperty...}

Message              : User-mode process attempted to change the system state by calling SetSuspendState or SetSystemPowerState
APIs.
Id                   : 187
Version              : 0
Qualifiers           :
Level                : 4
Task                 : 243
Opcode               : 0
Keywords             : -9223301668110597116
RecordId             : 947
ProviderName         : Microsoft-Windows-Kernel-Power
ProviderId           : 331c3b3a-2005-44c2-ac5e-77220c37d6b4
LogName              : System
ProcessId            : 16212
ThreadId             : 13904
MachineName          : ASUSROGGL553VD
UserId               : S-1-5-18
TimeCreated          : 3/20/2021 10:03:38 PM
ActivityId           :
RelatedActivityId    :
ContainerLog         : System
MatchedQueryIds      : {}
Bookmark             : System.Diagnostics.Eventing.Reader.EventBookmark
LevelDisplayName     : Information
OpcodeDisplayName    : Info
TaskDisplayName      :
KeywordsDisplayNames : {}
Properties           : {System.Diagnostics.Eventing.Reader.EventProperty, System.Diagnostics.Eventing.Reader.EventProperty,
System.Diagnostics.Eventing.Reader.EventProperty, System.Diagnostics.Eventing.Reader.EventProperty}

Message              : Touch/Touchpad Hardware Quality Assurance verification succeeded.
Id                   : 267
Version              : 0
Qualifiers           : 16384
Level                : 4
Task                 : 0
Opcode               : 0
Keywords             : 36028797018963968
RecordId             : 946
ProviderName         : Win32k
ProviderId           :
LogName              : System
ProcessId            : 4
ThreadId             : 12944
MachineName          : ASUSROGGL553VD
UserId               :
TimeCreated          : 3/20/2021 10:03:38 PM
ActivityId           :
RelatedActivityId    :
ContainerLog         : System
MatchedQueryIds      : {}
Bookmark             : System.Diagnostics.Eventing.Reader.EventBookmark
LevelDisplayName     : Information
OpcodeDisplayName    :
TaskDisplayName      :
KeywordsDisplayNames : {Classic}
Properties           : {System.Diagnostics.Eventing.Reader.EventProperty, System.Diagnostics.Eventing.Reader.EventProperty}

Message              : Power source change.
Id                   : 105
Version              : 1
Qualifiers           :
Level                : 4
Task                 : 100
Opcode               : 0
Keywords             : -9223372036854774780
RecordId             : 945
ProviderName         : Microsoft-Windows-Kernel-Power
ProviderId           : 331c3b3a-2005-44c2-ac5e-77220c37d6b4
LogName              : System
ProcessId            : 4
ThreadId             : 12944
MachineName          : ASUSROGGL553VD
UserId               : S-1-5-18
TimeCreated          : 3/20/2021 10:03:36 PM
ActivityId           :
RelatedActivityId    :
ContainerLog         : System
MatchedQueryIds      : {}
Bookmark             : System.Diagnostics.Eventing.Reader.EventBookmark
LevelDisplayName     : Information
OpcodeDisplayName    : Info
TaskDisplayName      :
KeywordsDisplayNames : {}
Properties           : {System.Diagnostics.Eventing.Reader.EventProperty, System.Diagnostics.Eventing.Reader.EventProperty,
System.Diagnostics.Eventing.Reader.EventProperty}

