Message              : The start type of the Background Intelligent Transfer Service service was changed from demand start to
auto start.
Id                   : 7040
Version              : 0
Qualifiers           : 16384
Level                : 4
Task                 : 0
Opcode               : 0
Keywords             : -9187343239835811840
RecordId             : 880
ProviderName         : Service Control Manager
ProviderId           : 555908d1-a6d7-4695-8e1e-26931d2012f4
LogName              : System
ProcessId            : 808
ThreadId             : 20576
MachineName          : ASUSROGGL553VD
UserId               : S-1-5-18
TimeCreated          : 3/20/2021 12:31:33 PM
ActivityId           :
RelatedActivityId    :
ContainerLog         : System
MatchedQueryIds      : {}
Bookmark             : System.Diagnostics.Eventing.Reader.EventBookmark
LevelDisplayName     : Information
OpcodeDisplayName    :
TaskDisplayName      :
KeywordsDisplayNames : {Classic}
Properties           : {System.Diagnostics.Eventing.Reader.EventProperty, System.Diagnostics.Eventing.Reader.EventProperty,
System.Diagnostics.Eventing.Reader.EventProperty, System.Diagnostics.Eventing.Reader.EventProperty}

Message              : The start type of the Background Intelligent Transfer Service service was changed from auto start to
demand start.
Id                   : 7040
Version              : 0
Qualifiers           : 16384
Level                : 4
Task                 : 0
Opcode               : 0
Keywords             : -9187343239835811840
RecordId             : 879
ProviderName         : Service Control Manager
ProviderId           : 555908d1-a6d7-4695-8e1e-26931d2012f4
LogName              : System
ProcessId            : 808
ThreadId             : 18524
MachineName          : ASUSROGGL553VD
UserId               : S-1-5-18
TimeCreated          : 3/20/2021 12:29:47 PM
ActivityId           :
RelatedActivityId    :
ContainerLog         : System
MatchedQueryIds      : {}
Bookmark             : System.Diagnostics.Eventing.Reader.EventBookmark
LevelDisplayName     : Information
OpcodeDisplayName    :
TaskDisplayName      :
KeywordsDisplayNames : {Classic}
Properties           : {System.Diagnostics.Eventing.Reader.EventProperty, System.Diagnostics.Eventing.Reader.EventProperty,
System.Diagnostics.Eventing.Reader.EventProperty, System.Diagnostics.Eventing.Reader.EventProperty}

Message              : The application-specific permission settings do not grant Local Activation permission for the COM Server
application with CLSID
{2593F8B9-4EAF-457C-B68A-50F6B8EA6B54}
and APPID
{15C20B67-12E7-4BB6-92BB-7AFF07997402}
to the user ASUSROGGL553VD\dragonfire SID (S-1-5-21-1509157054-3111376858-337195177-1001) from address
LocalHost (Using LRPC) running in the application container Unavailable SID (Unavailable). This security
permission can be modified using the Component Services administrative tool.
Id                   : 10016
Version              : 0
Qualifiers           : 0
Level                : 3
Task                 : 0
Opcode               : 0
Keywords             : -9187343239835811840
RecordId             : 878
ProviderName         : Microsoft-Windows-DistributedCOM
ProviderId           : 1b562e86-b7aa-4131-badc-b6f3a001407e
LogName              : System
ProcessId            : 1320
ThreadId             : 15584
MachineName          : ASUSROGGL553VD
UserId               : S-1-5-21-1509157054-3111376858-337195177-1001
TimeCreated          : 3/20/2021 12:26:40 PM
ActivityId           : cbb19501-8636-416c-9cba-ccb797c59963
RelatedActivityId    :
ContainerLog         : System
MatchedQueryIds      : {}
Bookmark             : System.Diagnostics.Eventing.Reader.EventBookmark
LevelDisplayName     : Warning
OpcodeDisplayName    : Info
TaskDisplayName      :
KeywordsDisplayNames : {Classic}
Properties           : {System.Diagnostics.Eventing.Reader.EventProperty, System.Diagnostics.Eventing.Reader.EventProperty,
System.Diagnostics.Eventing.Reader.EventProperty, System.Diagnostics.Eventing.Reader.EventProperty...}

Message              : The application-specific permission settings do not grant Local Activation permission for the COM Server
application with CLSID
{2593F8B9-4EAF-457C-B68A-50F6B8EA6B54}
and APPID
{15C20B67-12E7-4BB6-92BB-7AFF07997402}
to the user ASUSROGGL553VD\dragonfire SID (S-1-5-21-1509157054-3111376858-337195177-1001) from address
LocalHost (Using LRPC) running in the application container Unavailable SID (Unavailable). This security
permission can be modified using the Component Services administrative tool.
Id                   : 10016
Version              : 0
Qualifiers           : 0
Level                : 3
Task                 : 0
Opcode               : 0
Keywords             : -9187343239835811840
RecordId             : 877
ProviderName         : Microsoft-Windows-DistributedCOM
ProviderId           : 1b562e86-b7aa-4131-badc-b6f3a001407e
LogName              : System
ProcessId            : 1320
ThreadId             : 16320
MachineName          : ASUSROGGL553VD
UserId               : S-1-5-21-1509157054-3111376858-337195177-1001
TimeCreated          : 3/20/2021 12:23:14 PM
ActivityId           : a4e7ea28-deb7-48d0-b379-a99ee4e94c08
RelatedActivityId    :
ContainerLog         : System
MatchedQueryIds      : {}
Bookmark             : System.Diagnostics.Eventing.Reader.EventBookmark
LevelDisplayName     : Warning
OpcodeDisplayName    : Info
TaskDisplayName      :
KeywordsDisplayNames : {Classic}
Properties           : {System.Diagnostics.Eventing.Reader.EventProperty, System.Diagnostics.Eventing.Reader.EventProperty,
System.Diagnostics.Eventing.Reader.EventProperty, System.Diagnostics.Eventing.Reader.EventProperty...}

Message              : The access history in hive \??\C:\Users\dragonfire\AppData\Local\Packages\Microsoft.WindowsTerminal_8wekyb
3d8bbwe\SystemAppData\Helium\UserClasses.dat was cleared updating 17 keys and creating 3 modified pages.
Id                   : 16
Version              : 0
Qualifiers           :
Level                : 4
Task                 : 0
Opcode               : 0
Keywords             : -9223372036854775808
RecordId             : 876
ProviderName         : Microsoft-Windows-Kernel-General
ProviderId           : a68ca8b7-004f-d7b6-a698-07e2de0f1f5d
LogName              : System
ProcessId            : 1132
ThreadId             : 6608
MachineName          : ASUSROGGL553VD
UserId               : S-1-5-18
TimeCreated          : 3/20/2021 12:20:38 PM
ActivityId           :
RelatedActivityId    :
ContainerLog         : System
MatchedQueryIds      : {}
Bookmark             : System.Diagnostics.Eventing.Reader.EventBookmark
LevelDisplayName     : Information
OpcodeDisplayName    : Info
TaskDisplayName      :
KeywordsDisplayNames : {}
Properties           : {System.Diagnostics.Eventing.Reader.EventProperty, System.Diagnostics.Eventing.Reader.EventProperty,
System.Diagnostics.Eventing.Reader.EventProperty, System.Diagnostics.Eventing.Reader.EventProperty}

Message              : The access history in hive \??\C:\Users\dragonfire\AppData\Local\Packages\Microsoft.WindowsTerminal_8wekyb
3d8bbwe\SystemAppData\Helium\User.dat was cleared updating 14 keys and creating 2 modified pages.
Id                   : 16
Version              : 0
Qualifiers           :
Level                : 4
Task                 : 0
Opcode               : 0
Keywords             : -9223372036854775808
RecordId             : 875
ProviderName         : Microsoft-Windows-Kernel-General
ProviderId           : a68ca8b7-004f-d7b6-a698-07e2de0f1f5d
LogName              : System
ProcessId            : 1132
ThreadId             : 6608
MachineName          : ASUSROGGL553VD
UserId               : S-1-5-18
TimeCreated          : 3/20/2021 12:20:38 PM
ActivityId           :
RelatedActivityId    :
ContainerLog         : System
MatchedQueryIds      : {}
Bookmark             : System.Diagnostics.Eventing.Reader.EventBookmark
LevelDisplayName     : Information
OpcodeDisplayName    : Info
TaskDisplayName      :
KeywordsDisplayNames : {}
Properties           : {System.Diagnostics.Eventing.Reader.EventProperty, System.Diagnostics.Eventing.Reader.EventProperty,
System.Diagnostics.Eventing.Reader.EventProperty, System.Diagnostics.Eventing.Reader.EventProperty}

Message              : User Logon Notification for Customer Experience Improvement Program
Id                   : 7001
Version              : 0
Qualifiers           :
Level                : 4
Task                 : 1101
Opcode               : 0
Keywords             : 2305878193585782784
RecordId             : 874
ProviderName         : Microsoft-Windows-Winlogon
ProviderId           : dbe9b383-7cf3-4331-91cc-a3cb16a3b538
LogName              : System
ProcessId            : 11896
ThreadId             : 19388
MachineName          : ASUSROGGL553VD
UserId               : S-1-5-18
TimeCreated          : 3/20/2021 12:19:54 PM
ActivityId           :
RelatedActivityId    :
ContainerLog         : System
MatchedQueryIds      : {}
Bookmark             : System.Diagnostics.Eventing.Reader.EventBookmark
LevelDisplayName     : Information
OpcodeDisplayName    : Info
TaskDisplayName      :
KeywordsDisplayNames : {}
Properties           : {System.Diagnostics.Eventing.Reader.EventProperty, System.Diagnostics.Eventing.Reader.EventProperty}

Message              : The system has returned from a low power state.

Sleep Time: ?2021?-?03?-?19T21:06:53.376611100Z
Wake Time: ?2021?-?03?-?20T10:19:36.853057400Z

Wake Source: Unknown
Id                   : 1
Version              : 3
Qualifiers           :
Level                : 4
Task                 : 0
Opcode               : 0
Keywords             : -9223372036854775808
RecordId             : 873
ProviderName         : Microsoft-Windows-Power-Troubleshooter
ProviderId           : cdc05e28-c449-49c6-b9d2-88cf761644df
LogName              : System
ProcessId            : 3508
ThreadId             : 4340
MachineName          : ASUSROGGL553VD
UserId               : S-1-5-19
TimeCreated          : 3/20/2021 12:19:38 PM
ActivityId           : 66d02d62-5a0a-4b7e-9b54-b8cbefedb993
RelatedActivityId    :
ContainerLog         : System
MatchedQueryIds      : {}
Bookmark             : System.Diagnostics.Eventing.Reader.EventBookmark
LevelDisplayName     : Information
OpcodeDisplayName    : Info
TaskDisplayName      :
KeywordsDisplayNames : {}
Properties           : {System.Diagnostics.Eventing.Reader.EventProperty, System.Diagnostics.Eventing.Reader.EventProperty,
System.Diagnostics.Eventing.Reader.EventProperty, System.Diagnostics.Eventing.Reader.EventProperty...}

Message              : The boot type was 0x1.
Id                   : 27
Version              : 1
Qualifiers           :
Level                : 4
Task                 : 33
Opcode               : 0
Keywords             : -9223372036854775808
RecordId             : 872
ProviderName         : Microsoft-Windows-Kernel-Boot
ProviderId           : 15ca44ff-4d7a-4baa-bba5-0998955e531e
LogName              : System
ProcessId            : 4
ThreadId             : 13076
MachineName          : ASUSROGGL553VD
UserId               :
TimeCreated          : 3/20/2021 12:19:36 PM
ActivityId           :
RelatedActivityId    :
ContainerLog         : System
MatchedQueryIds      : {}
Bookmark             : System.Diagnostics.Eventing.Reader.EventBookmark
LevelDisplayName     : Information
OpcodeDisplayName    : Info
TaskDisplayName      :
KeywordsDisplayNames : {}
Properties           : {System.Diagnostics.Eventing.Reader.EventProperty, System.Diagnostics.Eventing.Reader.EventProperty}

Message              : The boot menu policy was 0x1.
Id                   : 25
Version              : 0
Qualifiers           :
Level                : 4
Task                 : 32
Opcode               : 0
Keywords             : -9223372036854775808
RecordId             : 871
ProviderName         : Microsoft-Windows-Kernel-Boot
ProviderId           : 15ca44ff-4d7a-4baa-bba5-0998955e531e
LogName              : System
ProcessId            : 4
ThreadId             : 13076
MachineName          : ASUSROGGL553VD
UserId               :
TimeCreated          : 3/20/2021 12:19:36 PM
ActivityId           :
RelatedActivityId    :
ContainerLog         : System
MatchedQueryIds      : {}
Bookmark             : System.Diagnostics.Eventing.Reader.EventBookmark
LevelDisplayName     : Information
OpcodeDisplayName    : Info
TaskDisplayName      :
KeywordsDisplayNames : {}
Properties           : {System.Diagnostics.Eventing.Reader.EventProperty}

Message              : The bootmgr spent 0 ms waiting for user input.
Id                   : 32
Version              : 0
Qualifiers           :
Level                : 4
Task                 : 58
Opcode               : 0
Keywords             : -9223372036854775808
RecordId             : 870
ProviderName         : Microsoft-Windows-Kernel-Boot
ProviderId           : 15ca44ff-4d7a-4baa-bba5-0998955e531e
LogName              : System
ProcessId            : 4
ThreadId             : 13076
MachineName          : ASUSROGGL553VD
UserId               :
TimeCreated          : 3/20/2021 12:19:36 PM
ActivityId           :
RelatedActivityId    :
ContainerLog         : System
MatchedQueryIds      : {}
Bookmark             : System.Diagnostics.Eventing.Reader.EventBookmark
LevelDisplayName     : Information
OpcodeDisplayName    : Info
TaskDisplayName      :
KeywordsDisplayNames : {}
Properties           : {System.Diagnostics.Eventing.Reader.EventProperty}

Message              : There are 0x1 boot options on this system.
Id                   : 18
Version              : 0
Qualifiers           :
Level                : 4
Task                 : 57
Opcode               : 0
Keywords             : -9223372036854775808
RecordId             : 869
ProviderName         : Microsoft-Windows-Kernel-Boot
ProviderId           : 15ca44ff-4d7a-4baa-bba5-0998955e531e
LogName              : System
ProcessId            : 4
ThreadId             : 13076
MachineName          : ASUSROGGL553VD
UserId               :
TimeCreated          : 3/20/2021 12:19:36 PM
ActivityId           :
RelatedActivityId    :
ContainerLog         : System
MatchedQueryIds      : {}
Bookmark             : System.Diagnostics.Eventing.Reader.EventBookmark
LevelDisplayName     : Information
OpcodeDisplayName    : Info
TaskDisplayName      :
KeywordsDisplayNames : {}
Properties           : {System.Diagnostics.Eventing.Reader.EventProperty}

Message              : The firmware reported boot metrics.
Id                   : 30
Version              : 0
Qualifiers           :
Level                : 4
Task                 : 21
Opcode               : 0
Keywords             : -9223372036854775808
RecordId             : 868
ProviderName         : Microsoft-Windows-Kernel-Boot
ProviderId           : 15ca44ff-4d7a-4baa-bba5-0998955e531e
LogName              : System
ProcessId            : 4
ThreadId             : 13076
MachineName          : ASUSROGGL553VD
UserId               :
TimeCreated          : 3/20/2021 12:19:36 PM
ActivityId           :
RelatedActivityId    :
ContainerLog         : System
MatchedQueryIds      : {}
Bookmark             : System.Diagnostics.Eventing.Reader.EventBookmark
LevelDisplayName     : Information
OpcodeDisplayName    : Info
TaskDisplayName      :
KeywordsDisplayNames : {}
Properties           : {System.Diagnostics.Eventing.Reader.EventProperty, System.Diagnostics.Eventing.Reader.EventProperty,
System.Diagnostics.Eventing.Reader.EventProperty, System.Diagnostics.Eventing.Reader.EventProperty...}

Message              : Power source change.
Id                   : 105
Version              : 1
Qualifiers           :
Level                : 4
Task                 : 100
Opcode               : 0
Keywords             : -9223372036854774780
RecordId             : 867
ProviderName         : Microsoft-Windows-Kernel-Power
ProviderId           : 331c3b3a-2005-44c2-ac5e-77220c37d6b4
LogName              : System
ProcessId            : 4
ThreadId             : 14372
MachineName          : ASUSROGGL553VD
UserId               :
TimeCreated          : 3/20/2021 12:19:35 PM
ActivityId           :
RelatedActivityId    :
ContainerLog         : System
MatchedQueryIds      : {}
Bookmark             : System.Diagnostics.Eventing.Reader.EventBookmark
LevelDisplayName     : Information
OpcodeDisplayName    : Info
TaskDisplayName      :
KeywordsDisplayNames : {}
Properties           : {System.Diagnostics.Eventing.Reader.EventProperty, System.Diagnostics.Eventing.Reader.EventProperty,
System.Diagnostics.Eventing.Reader.EventProperty}

Message              : The system time has changed to ?2021?-?03?-?20T10:19:35.500000000Z from
?2021?-?03?-?19T21:06:58.711565000Z.

Change Reason: System time synchronized with the hardware clock.
Process: '' (PID 4).
Id                   : 1
Version              : 2
Qualifiers           :
Level                : 4
Task                 : 5
Opcode               : 0
Keywords             : -9223372036854775792
RecordId             : 866
ProviderName         : Microsoft-Windows-Kernel-General
ProviderId           : a68ca8b7-004f-d7b6-a698-07e2de0f1f5d
LogName              : System
ProcessId            : 4
ThreadId             : 13076
MachineName          : ASUSROGGL553VD
UserId               :
TimeCreated          : 3/20/2021 12:19:35 PM
ActivityId           :
RelatedActivityId    :
ContainerLog         : System
MatchedQueryIds      : {}
Bookmark             : System.Diagnostics.Eventing.Reader.EventBookmark
LevelDisplayName     : Information
OpcodeDisplayName    : Info
TaskDisplayName      :
KeywordsDisplayNames : {Time}
Properties           : {System.Diagnostics.Eventing.Reader.EventProperty, System.Diagnostics.Eventing.Reader.EventProperty,
System.Diagnostics.Eventing.Reader.EventProperty, System.Diagnostics.Eventing.Reader.EventProperty...}

Message              : The system has resumed from sleep.
Id                   : 107
Version              : 1
Qualifiers           :
Level                : 4
Task                 : 102
Opcode               : 0
Keywords             : -9223372036854774716
RecordId             : 865
ProviderName         : Microsoft-Windows-Kernel-Power
ProviderId           : 331c3b3a-2005-44c2-ac5e-77220c37d6b4
LogName              : System
ProcessId            : 4
ThreadId             : 13076
MachineName          : ASUSROGGL553VD
UserId               :
TimeCreated          : 3/19/2021 11:06:58 PM
ActivityId           :
RelatedActivityId    :
ContainerLog         : System
MatchedQueryIds      : {}
Bookmark             : System.Diagnostics.Eventing.Reader.EventBookmark
LevelDisplayName     : Information
OpcodeDisplayName    : Info
TaskDisplayName      :
KeywordsDisplayNames : {}
Properties           : {System.Diagnostics.Eventing.Reader.EventProperty, System.Diagnostics.Eventing.Reader.EventProperty,
System.Diagnostics.Eventing.Reader.EventProperty, System.Diagnostics.Eventing.Reader.EventProperty...}

Message              : The system uptime is 227225 seconds.
Id                   : 6013
Version              : 0
Qualifiers           : 32768
Level                : 4
Task                 : 0
Opcode               : 0
Keywords             : 36028797018963968
RecordId             : 864
ProviderName         : EventLog
ProviderId           :
LogName              : System
ProcessId            : 0
ThreadId             : 0
MachineName          : ASUSROGGL553VD
UserId               :
TimeCreated          : 3/20/2021 12:19:35 PM
ActivityId           :
RelatedActivityId    :
ContainerLog         : System
MatchedQueryIds      : {}
Bookmark             : System.Diagnostics.Eventing.Reader.EventBookmark
LevelDisplayName     : Information
OpcodeDisplayName    :
TaskDisplayName      :
KeywordsDisplayNames : {Classic}
Properties           : {System.Diagnostics.Eventing.Reader.EventProperty, System.Diagnostics.Eventing.Reader.EventProperty,
System.Diagnostics.Eventing.Reader.EventProperty, System.Diagnostics.Eventing.Reader.EventProperty...}

Message              : The system is entering sleep.

Sleep Reason: Application API
Id                   : 42
Version              : 3
Qualifiers           :
Level                : 4
Task                 : 64
Opcode               : 0
Keywords             : -9223372036854774780
RecordId             : 863
ProviderName         : Microsoft-Windows-Kernel-Power
ProviderId           : 331c3b3a-2005-44c2-ac5e-77220c37d6b4
LogName              : System
ProcessId            : 4
ThreadId             : 13076
MachineName          : ASUSROGGL553VD
UserId               :
TimeCreated          : 3/19/2021 11:06:54 PM
ActivityId           :
RelatedActivityId    :
ContainerLog         : System
MatchedQueryIds      : {}
Bookmark             : System.Diagnostics.Eventing.Reader.EventBookmark
LevelDisplayName     : Information
OpcodeDisplayName    : Info
TaskDisplayName      :
KeywordsDisplayNames : {}
Properties           : {System.Diagnostics.Eventing.Reader.EventProperty, System.Diagnostics.Eventing.Reader.EventProperty,
System.Diagnostics.Eventing.Reader.EventProperty, System.Diagnostics.Eventing.Reader.EventProperty...}

Message              : User-mode process attempted to change the system state by calling SetSuspendState or SetSystemPowerState
APIs.
Id                   : 187
Version              : 0
Qualifiers           :
Level                : 4
Task                 : 243
Opcode               : 0
Keywords             : -9223301668110597116
RecordId             : 862
ProviderName         : Microsoft-Windows-Kernel-Power
ProviderId           : 331c3b3a-2005-44c2-ac5e-77220c37d6b4
LogName              : System
ProcessId            : 11896
ThreadId             : 19388
MachineName          : ASUSROGGL553VD
UserId               : S-1-5-18
TimeCreated          : 3/19/2021 11:06:53 PM
ActivityId           :
RelatedActivityId    :
ContainerLog         : System
MatchedQueryIds      : {}
Bookmark             : System.Diagnostics.Eventing.Reader.EventBookmark
LevelDisplayName     : Information
OpcodeDisplayName    : Info
TaskDisplayName      :
KeywordsDisplayNames : {}
Properties           : {System.Diagnostics.Eventing.Reader.EventProperty, System.Diagnostics.Eventing.Reader.EventProperty,
System.Diagnostics.Eventing.Reader.EventProperty, System.Diagnostics.Eventing.Reader.EventProperty}

Message              : Touch/Touchpad Hardware Quality Assurance verification succeeded.
Id                   : 267
Version              : 0
Qualifiers           : 16384
Level                : 4
Task                 : 0
Opcode               : 0
Keywords             : 36028797018963968
RecordId             : 861
ProviderName         : Win32k
ProviderId           :
LogName              : System
ProcessId            : 4
ThreadId             : 14104
MachineName          : ASUSROGGL553VD
UserId               :
TimeCreated          : 3/19/2021 11:06:53 PM
ActivityId           :
RelatedActivityId    :
ContainerLog         : System
MatchedQueryIds      : {}
Bookmark             : System.Diagnostics.Eventing.Reader.EventBookmark
LevelDisplayName     : Information
OpcodeDisplayName    :
TaskDisplayName      :
KeywordsDisplayNames : {Classic}
Properties           : {System.Diagnostics.Eventing.Reader.EventProperty, System.Diagnostics.Eventing.Reader.EventProperty}

Message              : Power source change.
Id                   : 105
Version              : 1
Qualifiers           :
Level                : 4
Task                 : 100
Opcode               : 0
Keywords             : -9223372036854774780
RecordId             : 860
ProviderName         : Microsoft-Windows-Kernel-Power
ProviderId           : 331c3b3a-2005-44c2-ac5e-77220c37d6b4
LogName              : System
ProcessId            : 4
ThreadId             : 14104
MachineName          : ASUSROGGL553VD
UserId               : S-1-5-18
TimeCreated          : 3/19/2021 11:06:52 PM
ActivityId           :
RelatedActivityId    :
ContainerLog         : System
MatchedQueryIds      : {}
Bookmark             : System.Diagnostics.Eventing.Reader.EventBookmark
LevelDisplayName     : Information
OpcodeDisplayName    : Info
TaskDisplayName      :
KeywordsDisplayNames : {}
Properties           : {System.Diagnostics.Eventing.Reader.EventProperty, System.Diagnostics.Eventing.Reader.EventProperty,
System.Diagnostics.Eventing.Reader.EventProperty}

Message              : User Logoff Notification for Customer Experience Improvement Program
Id                   : 7002
Version              : 0
Qualifiers           :
Level                : 4
Task                 : 1102
Opcode               : 0
Keywords             : 2305878193585782784
RecordId             : 859
ProviderName         : Microsoft-Windows-Winlogon
ProviderId           : dbe9b383-7cf3-4331-91cc-a3cb16a3b538
LogName              : System
ProcessId            : 6792
ThreadId             : 10448
MachineName          : ASUSROGGL553VD
UserId               : S-1-5-18
TimeCreated          : 3/19/2021 11:06:51 PM
ActivityId           :
RelatedActivityId    :
ContainerLog         : System
MatchedQueryIds      : {}
Bookmark             : System.Diagnostics.Eventing.Reader.EventBookmark
LevelDisplayName     : Information
OpcodeDisplayName    : Info
TaskDisplayName      :
KeywordsDisplayNames : {}
Properties           : {System.Diagnostics.Eventing.Reader.EventProperty, System.Diagnostics.Eventing.Reader.EventProperty}

Message              : The process Explorer.EXE has initiated the power off of computer ASUSROGGL553VD on behalf of user
ASUSROGGL553VD\dragonfire for the following reason: Other (Unplanned)
Reason Code: 0x0
Shutdown Type: power off
Comment:
Id                   : 1074
Version              : 0
Qualifiers           : 32768
Level                : 4
Task                 : 0
Opcode               : 0
Keywords             : -9187343239835811840
RecordId             : 858
ProviderName         : User32
ProviderId           : b0aa8734-56f7-41cc-b2f4-de228e98b946
LogName              : System
ProcessId            : 4164
ThreadId             : 10384
MachineName          : ASUSROGGL553VD
UserId               : S-1-5-21-1509157054-3111376858-337195177-1001
TimeCreated          : 3/19/2021 11:06:49 PM
ActivityId           :
RelatedActivityId    :
ContainerLog         : System
MatchedQueryIds      : {}
Bookmark             : System.Diagnostics.Eventing.Reader.EventBookmark
LevelDisplayName     : Information
OpcodeDisplayName    :
TaskDisplayName      :
KeywordsDisplayNames : {Classic}
Properties           : {System.Diagnostics.Eventing.Reader.EventProperty, System.Diagnostics.Eventing.Reader.EventProperty,
System.Diagnostics.Eventing.Reader.EventProperty, System.Diagnostics.Eventing.Reader.EventProperty...}

Message              : The application-specific permission settings do not grant Local Activation permission for the COM Server
application with CLSID
{2593F8B9-4EAF-457C-B68A-50F6B8EA6B54}
and APPID
{15C20B67-12E7-4BB6-92BB-7AFF07997402}
to the user ASUSROGGL553VD\dragonfire SID (S-1-5-21-1509157054-3111376858-337195177-1001) from address
LocalHost (Using LRPC) running in the application container Unavailable SID (Unavailable). This security
permission can be modified using the Component Services administrative tool.
Id                   : 10016
Version              : 0
Qualifiers           : 0
Level                : 3
Task                 : 0
Opcode               : 0
Keywords             : -9187343239835811840
RecordId             : 857
ProviderName         : Microsoft-Windows-DistributedCOM
ProviderId           : 1b562e86-b7aa-4131-badc-b6f3a001407e
LogName              : System
ProcessId            : 1320
ThreadId             : 17700
MachineName          : ASUSROGGL553VD
UserId               : S-1-5-21-1509157054-3111376858-337195177-1001
TimeCreated          : 3/19/2021 11:03:43 PM
ActivityId           : 7ba571cd-0aff-4084-aa5f-8f9c84018240
RelatedActivityId    :
ContainerLog         : System
MatchedQueryIds      : {}
Bookmark             : System.Diagnostics.Eventing.Reader.EventBookmark
LevelDisplayName     : Warning
OpcodeDisplayName    : Info
TaskDisplayName      :
KeywordsDisplayNames : {Classic}
Properties           : {System.Diagnostics.Eventing.Reader.EventProperty, System.Diagnostics.Eventing.Reader.EventProperty,
System.Diagnostics.Eventing.Reader.EventProperty, System.Diagnostics.Eventing.Reader.EventProperty...}

Message              : The application-specific permission settings do not grant Local Activation permission for the COM Server
application with CLSID
{2593F8B9-4EAF-457C-B68A-50F6B8EA6B54}
and APPID
{15C20B67-12E7-4BB6-92BB-7AFF07997402}
to the user ASUSROGGL553VD\dragonfire SID (S-1-5-21-1509157054-3111376858-337195177-1001) from address
LocalHost (Using LRPC) running in the application container Unavailable SID (Unavailable). This security
permission can be modified using the Component Services administrative tool.
Id                   : 10016
Version              : 0
Qualifiers           : 0
Level                : 3
Task                 : 0
Opcode               : 0
Keywords             : -9187343239835811840
RecordId             : 856
ProviderName         : Microsoft-Windows-DistributedCOM
ProviderId           : 1b562e86-b7aa-4131-badc-b6f3a001407e
LogName              : System
ProcessId            : 1320
ThreadId             : 8388
MachineName          : ASUSROGGL553VD
UserId               : S-1-5-21-1509157054-3111376858-337195177-1001
TimeCreated          : 3/19/2021 11:03:43 PM
ActivityId           : 3686e251-e9d6-4de1-804e-6164a85b8d25
RelatedActivityId    :
ContainerLog         : System
MatchedQueryIds      : {}
Bookmark             : System.Diagnostics.Eventing.Reader.EventBookmark
LevelDisplayName     : Warning
OpcodeDisplayName    : Info
TaskDisplayName      :
KeywordsDisplayNames : {Classic}
Properties           : {System.Diagnostics.Eventing.Reader.EventProperty, System.Diagnostics.Eventing.Reader.EventProperty,
System.Diagnostics.Eventing.Reader.EventProperty, System.Diagnostics.Eventing.Reader.EventProperty...}

Message              : The application-specific permission settings do not grant Local Activation permission for the COM Server
application with CLSID
{2593F8B9-4EAF-457C-B68A-50F6B8EA6B54}
and APPID
{15C20B67-12E7-4BB6-92BB-7AFF07997402}
to the user ASUSROGGL553VD\dragonfire SID (S-1-5-21-1509157054-3111376858-337195177-1001) from address
LocalHost (Using LRPC) running in the application container Unavailable SID (Unavailable). This security
permission can be modified using the Component Services administrative tool.
Id                   : 10016
Version              : 0
Qualifiers           : 0
Level                : 3
Task                 : 0
Opcode               : 0
Keywords             : -9187343239835811840
RecordId             : 855
ProviderName         : Microsoft-Windows-DistributedCOM
ProviderId           : 1b562e86-b7aa-4131-badc-b6f3a001407e
LogName              : System
ProcessId            : 1320
ThreadId             : 17128
MachineName          : ASUSROGGL553VD
UserId               : S-1-5-21-1509157054-3111376858-337195177-1001
TimeCreated          : 3/19/2021 11:02:38 PM
ActivityId           : 2b34f5c7-273a-4fc4-96c5-9d7f146bff5a
RelatedActivityId    :
ContainerLog         : System
MatchedQueryIds      : {}
Bookmark             : System.Diagnostics.Eventing.Reader.EventBookmark
LevelDisplayName     : Warning
OpcodeDisplayName    : Info
TaskDisplayName      :
KeywordsDisplayNames : {Classic}
Properties           : {System.Diagnostics.Eventing.Reader.EventProperty, System.Diagnostics.Eventing.Reader.EventProperty,
System.Diagnostics.Eventing.Reader.EventProperty, System.Diagnostics.Eventing.Reader.EventProperty...}

Message              : Reset to device, \Device\RaidPort0, was issued.
Id                   : 129
Version              : 0
Qualifiers           : 32772
Level                : 3
Task                 : 0
Opcode               : 0
Keywords             : 36028797018963968
RecordId             : 854
ProviderName         : iaStorA
ProviderId           :
LogName              : System
ProcessId            : 4
ThreadId             : 19280
MachineName          : ASUSROGGL553VD
UserId               :
TimeCreated          : 3/19/2021 10:42:28 PM
ActivityId           :
RelatedActivityId    :
ContainerLog         : System
MatchedQueryIds      : {}
Bookmark             : System.Diagnostics.Eventing.Reader.EventBookmark
LevelDisplayName     : Warning
OpcodeDisplayName    :
TaskDisplayName      :
KeywordsDisplayNames : {Classic}
Properties           : {System.Diagnostics.Eventing.Reader.EventProperty, System.Diagnostics.Eventing.Reader.EventProperty}

Message              : Hive \??\C:\Windows.old\Windows\System32\Config\SYSTEM was reorganized with a starting size of 30617600
bytes and an ending size of 30535680 bytes.
Id                   : 15
Version              : 0
Qualifiers           :
Level                : 4
Task                 : 10
Opcode               : 0
Keywords             : -9223372036854775808
RecordId             : 853
ProviderName         : Microsoft-Windows-Kernel-General
ProviderId           : a68ca8b7-004f-d7b6-a698-07e2de0f1f5d
LogName              : System
ProcessId            : 8148
ThreadId             : 344
MachineName          : ASUSROGGL553VD
UserId               : S-1-5-18
TimeCreated          : 3/19/2021 9:13:30 PM
ActivityId           :
RelatedActivityId    :
ContainerLog         : System
MatchedQueryIds      : {}
Bookmark             : System.Diagnostics.Eventing.Reader.EventBookmark
LevelDisplayName     : Information
OpcodeDisplayName    : Info
TaskDisplayName      :
KeywordsDisplayNames : {}
Properties           : {System.Diagnostics.Eventing.Reader.EventProperty, System.Diagnostics.Eventing.Reader.EventProperty,
System.Diagnostics.Eventing.Reader.EventProperty, System.Diagnostics.Eventing.Reader.EventProperty}

Message              : The system time has changed to ?2021?-?03?-?19T19:13:07.503525000Z from
?2021?-?03?-?19T19:13:07.502689700Z.

Change Reason: An application or system component changed the time.
Process: '\Device\HarddiskVolume4\Windows\System32\svchost.exe' (PID 13528).
Id                   : 1
Version              : 2
Qualifiers           :
Level                : 4
Task                 : 5
Opcode               : 0
Keywords             : -9223372036854775792
RecordId             : 852
ProviderName         : Microsoft-Windows-Kernel-General
ProviderId           : a68ca8b7-004f-d7b6-a698-07e2de0f1f5d
LogName              : System
ProcessId            : 13528
ThreadId             : 7720
MachineName          : ASUSROGGL553VD
UserId               : S-1-5-19
TimeCreated          : 3/19/2021 9:13:07 PM
ActivityId           :
RelatedActivityId    :
ContainerLog         : System
MatchedQueryIds      : {}
Bookmark             : System.Diagnostics.Eventing.Reader.EventBookmark
LevelDisplayName     : Information
OpcodeDisplayName    : Info
TaskDisplayName      :
KeywordsDisplayNames : {Time}
Properties           : {System.Diagnostics.Eventing.Reader.EventProperty, System.Diagnostics.Eventing.Reader.EventProperty,
System.Diagnostics.Eventing.Reader.EventProperty, System.Diagnostics.Eventing.Reader.EventProperty...}

Message              : The time zone information was refreshed with exit reason 0. Current time zone bias is -120.
Id                   : 24
Version              : 0
Qualifiers           :
Level                : 4
Task                 : 11
Opcode               : 0
Keywords             : -9223372036854775792
RecordId             : 851
ProviderName         : Microsoft-Windows-Kernel-General
ProviderId           : a68ca8b7-004f-d7b6-a698-07e2de0f1f5d
LogName              : System
ProcessId            : 13528
ThreadId             : 7720
MachineName          : ASUSROGGL553VD
UserId               : S-1-5-19
TimeCreated          : 3/19/2021 9:13:07 PM
ActivityId           :
RelatedActivityId    :
ContainerLog         : System
MatchedQueryIds      : {}
Bookmark             : System.Diagnostics.Eventing.Reader.EventBookmark
LevelDisplayName     : Information
OpcodeDisplayName    : Info
TaskDisplayName      :
KeywordsDisplayNames : {Time}
Properties           : {System.Diagnostics.Eventing.Reader.EventProperty, System.Diagnostics.Eventing.Reader.EventProperty,
System.Diagnostics.Eventing.Reader.EventProperty, System.Diagnostics.Eventing.Reader.EventProperty...}

Message              : The time service is now synchronizing the system time with the time source time.windows.com,0x9
(ntp.m|0x9|0.0.0.0:123->51.105.208.173:123) with reference id 2916116787. Current local stratum number is
4.
Id                   : 35
Version              : 0
Qualifiers           :
Level                : 4
Task                 : 0
Opcode               : 0
Keywords             : -9223372036854775808
RecordId             : 850
ProviderName         : Microsoft-Windows-Time-Service
ProviderId           : 06edcfeb-0fd0-4e53-acca-a6f8bbf81bcb
LogName              : System
ProcessId            : 13528
ThreadId             : 12956
MachineName          : ASUSROGGL553VD
UserId               : S-1-5-19
TimeCreated          : 3/19/2021 9:13:07 PM
ActivityId           :
RelatedActivityId    :
ContainerLog         : System
MatchedQueryIds      : {}
Bookmark             : System.Diagnostics.Eventing.Reader.EventBookmark
LevelDisplayName     : Information
OpcodeDisplayName    : Info
TaskDisplayName      :
KeywordsDisplayNames : {}
Properties           : {System.Diagnostics.Eventing.Reader.EventProperty, System.Diagnostics.Eventing.Reader.EventProperty,
System.Diagnostics.Eventing.Reader.EventProperty}

Message              : Reset to device, \Device\RaidPort0, was issued.
Id                   : 129
Version              : 0
Qualifiers           : 32772
Level                : 3
Task                 : 0
Opcode               : 0
Keywords             : 36028797018963968
RecordId             : 849
ProviderName         : iaStorA
ProviderId           :
LogName              : System
ProcessId            : 4
ThreadId             : 20448
MachineName          : ASUSROGGL553VD
UserId               :
TimeCreated          : 3/19/2021 9:12:57 PM
ActivityId           :
RelatedActivityId    :
ContainerLog         : System
MatchedQueryIds      : {}
Bookmark             : System.Diagnostics.Eventing.Reader.EventBookmark
LevelDisplayName     : Warning
OpcodeDisplayName    :
TaskDisplayName      :
KeywordsDisplayNames : {Classic}
Properties           : {System.Diagnostics.Eventing.Reader.EventProperty, System.Diagnostics.Eventing.Reader.EventProperty}

Message              : The time provider NtpClient is currently receiving valid time data from time.windows.com,0x9
(ntp.m|0x9|0.0.0.0:123->51.105.208.173:123).
Id                   : 37
Version              : 0
Qualifiers           :
Level                : 4
Task                 : 0
Opcode               : 0
Keywords             : -9223372036854775808
RecordId             : 848
ProviderName         : Microsoft-Windows-Time-Service
ProviderId           : 06edcfeb-0fd0-4e53-acca-a6f8bbf81bcb
LogName              : System
ProcessId            : 13528
ThreadId             : 940
MachineName          : ASUSROGGL553VD
UserId               : S-1-5-19
TimeCreated          : 3/19/2021 9:12:53 PM
ActivityId           :
RelatedActivityId    :
ContainerLog         : System
MatchedQueryIds      : {}
Bookmark             : System.Diagnostics.Eventing.Reader.EventBookmark
LevelDisplayName     : Information
OpcodeDisplayName    : Info
TaskDisplayName      :
KeywordsDisplayNames : {}
Properties           : {System.Diagnostics.Eventing.Reader.EventProperty}

Message              : The time provider 'VMICTimeProvider' has indicated that the current hardware and operating environment is
not supported and has stopped. This behavior is expected for VMICTimeProvider on non-HyperV-guest
environments. This may be the expected behavior for the current provider in the current operating
environment as well.
Id                   : 158
Version              : 0
Qualifiers           :
Level                : 4
Task                 : 0
Opcode               : 0
Keywords             : -9223372036854775808
RecordId             : 847
ProviderName         : Microsoft-Windows-Time-Service
ProviderId           : 06edcfeb-0fd0-4e53-acca-a6f8bbf81bcb
LogName              : System
ProcessId            : 13528
ThreadId             : 13204
MachineName          : ASUSROGGL553VD
UserId               : S-1-5-19
TimeCreated          : 3/19/2021 9:12:51 PM
ActivityId           :
RelatedActivityId    :
ContainerLog         : System
MatchedQueryIds      : {}
Bookmark             : System.Diagnostics.Eventing.Reader.EventBookmark
LevelDisplayName     : Information
OpcodeDisplayName    : Info
TaskDisplayName      :
KeywordsDisplayNames : {}
Properties           : {System.Diagnostics.Eventing.Reader.EventProperty}

Message              : Reset to device, \Device\RaidPort0, was issued.
Id                   : 129
Version              : 0
Qualifiers           : 32772
Level                : 3
Task                 : 0
Opcode               : 0
Keywords             : 36028797018963968
RecordId             : 846
ProviderName         : iaStorA
ProviderId           :
LogName              : System
ProcessId            : 4
ThreadId             : 21024
MachineName          : ASUSROGGL553VD
UserId               :
TimeCreated          : 3/19/2021 8:42:28 PM
ActivityId           :
RelatedActivityId    :
ContainerLog         : System
MatchedQueryIds      : {}
Bookmark             : System.Diagnostics.Eventing.Reader.EventBookmark
LevelDisplayName     : Warning
OpcodeDisplayName    :
TaskDisplayName      :
KeywordsDisplayNames : {Classic}
Properties           : {System.Diagnostics.Eventing.Reader.EventProperty, System.Diagnostics.Eventing.Reader.EventProperty}

Message              : Installation Successful: Windows successfully installed the following update:
9NMPJ99VJBWV-Microsoft.YourPhone
Id                   : 19
Version              : 1
Qualifiers           :
Level                : 4
Task                 : 1
Opcode               : 13
Keywords             : -9223372036854775784
RecordId             : 845
ProviderName         : Microsoft-Windows-WindowsUpdateClient
ProviderId           : 945a8954-c147-4acd-923f-40c45405a658
LogName              : System
ProcessId            : 12960
ThreadId             : 20584
MachineName          : ASUSROGGL553VD
UserId               : S-1-5-18
TimeCreated          : 3/19/2021 5:43:06 PM
ActivityId           : 79f2f65c-1b61-0001-f99f-f379611bd701
RelatedActivityId    :
ContainerLog         : System
MatchedQueryIds      : {}
Bookmark             : System.Diagnostics.Eventing.Reader.EventBookmark
LevelDisplayName     : Information
OpcodeDisplayName    : Installation
TaskDisplayName      : Windows Update Agent
KeywordsDisplayNames : {Installation, Success}
Properties           : {System.Diagnostics.Eventing.Reader.EventProperty, System.Diagnostics.Eventing.Reader.EventProperty,
System.Diagnostics.Eventing.Reader.EventProperty, System.Diagnostics.Eventing.Reader.EventProperty}

Message              : Installation Started: Windows has started installing the following update:
9NMPJ99VJBWV-Microsoft.YourPhone
Id                   : 43
Version              : 1
Qualifiers           :
Level                : 4
Task                 : 1
Opcode               : 13
Keywords             : -9223372036854767608
RecordId             : 844
ProviderName         : Microsoft-Windows-WindowsUpdateClient
ProviderId           : 945a8954-c147-4acd-923f-40c45405a658
LogName              : System
ProcessId            : 12960
ThreadId             : 20584
MachineName          : ASUSROGGL553VD
UserId               : S-1-5-18
TimeCreated          : 3/19/2021 5:43:05 PM
ActivityId           :
RelatedActivityId    :
ContainerLog         : System
MatchedQueryIds      : {}
Bookmark             : System.Diagnostics.Eventing.Reader.EventBookmark
LevelDisplayName     : Information
OpcodeDisplayName    : Installation
TaskDisplayName      : Windows Update Agent
KeywordsDisplayNames : {Installation, Started}
Properties           : {System.Diagnostics.Eventing.Reader.EventProperty, System.Diagnostics.Eventing.Reader.EventProperty,
System.Diagnostics.Eventing.Reader.EventProperty}

Message              : The access history in hive \??\C:\ProgramData\Microsoft\Windows\AppRepository\Packages\Microsoft.YourPhone
_1.21022.139.0_x64__8wekyb3d8bbwe\ActivationStore.dat was cleared updating 0 keys and creating 0 modified
pages.
Id                   : 16
Version              : 0
Qualifiers           :
Level                : 4
Task                 : 0
Opcode               : 0
Keywords             : -9223372036854775808
RecordId             : 843
ProviderName         : Microsoft-Windows-Kernel-General
ProviderId           : a68ca8b7-004f-d7b6-a698-07e2de0f1f5d
LogName              : System
ProcessId            : 14400
ThreadId             : 20700
MachineName          : ASUSROGGL553VD
UserId               : S-1-5-18
TimeCreated          : 3/19/2021 5:43:03 PM
ActivityId           :
RelatedActivityId    :
ContainerLog         : System
MatchedQueryIds      : {}
Bookmark             : System.Diagnostics.Eventing.Reader.EventBookmark
LevelDisplayName     : Information
OpcodeDisplayName    : Info
TaskDisplayName      :
KeywordsDisplayNames : {}
Properties           : {System.Diagnostics.Eventing.Reader.EventProperty, System.Diagnostics.Eventing.Reader.EventProperty,
System.Diagnostics.Eventing.Reader.EventProperty, System.Diagnostics.Eventing.Reader.EventProperty}

Message              : Installation Successful: Windows successfully installed the following update:
9PKDZBMV1H3T-Microsoft.GetHelp
Id                   : 19
Version              : 1
Qualifiers           :
Level                : 4
Task                 : 1
Opcode               : 13
Keywords             : -9223372036854775784
RecordId             : 842
ProviderName         : Microsoft-Windows-WindowsUpdateClient
ProviderId           : 945a8954-c147-4acd-923f-40c45405a658
LogName              : System
ProcessId            : 12960
ThreadId             : 14024
MachineName          : ASUSROGGL553VD
UserId               : S-1-5-18
TimeCreated          : 3/19/2021 5:42:49 PM
ActivityId           : 79f2f65c-1b61-0006-2a28-f479611bd701
RelatedActivityId    :
ContainerLog         : System
MatchedQueryIds      : {}
Bookmark             : System.Diagnostics.Eventing.Reader.EventBookmark
LevelDisplayName     : Information
OpcodeDisplayName    : Installation
TaskDisplayName      : Windows Update Agent
KeywordsDisplayNames : {Installation, Success}
Properties           : {System.Diagnostics.Eventing.Reader.EventProperty, System.Diagnostics.Eventing.Reader.EventProperty,
System.Diagnostics.Eventing.Reader.EventProperty, System.Diagnostics.Eventing.Reader.EventProperty}

Message              : Installation Started: Windows has started installing the following update: 9PKDZBMV1H3T-Microsoft.GetHelp
Id                   : 43
Version              : 1
Qualifiers           :
Level                : 4
Task                 : 1
Opcode               : 13
Keywords             : -9223372036854767608
RecordId             : 841
ProviderName         : Microsoft-Windows-WindowsUpdateClient
ProviderId           : 945a8954-c147-4acd-923f-40c45405a658
LogName              : System
ProcessId            : 12960
ThreadId             : 14024
MachineName          : ASUSROGGL553VD
UserId               : S-1-5-18
TimeCreated          : 3/19/2021 5:42:49 PM
ActivityId           :
RelatedActivityId    :
ContainerLog         : System
MatchedQueryIds      : {}
Bookmark             : System.Diagnostics.Eventing.Reader.EventBookmark
LevelDisplayName     : Information
OpcodeDisplayName    : Installation
TaskDisplayName      : Windows Update Agent
KeywordsDisplayNames : {Installation, Started}
Properties           : {System.Diagnostics.Eventing.Reader.EventProperty, System.Diagnostics.Eventing.Reader.EventProperty,
System.Diagnostics.Eventing.Reader.EventProperty}

