Message              : Secure Trustlet NULL Id 0 and Pid 0 started with status STATUS_SUCCESS.
Id                   : 5
Version              : 0
Qualifiers           :
Level                : 4
Task                 : 0
Opcode               : 0
Keywords             : -9223301668110598144
RecordId             : 664
ProviderName         : Microsoft-Windows-IsolatedUserMode
ProviderId           : 73a33ab2-1966-4999-8add-868c41415269
LogName              : System
ProcessId            : 560
ThreadId             : 556
MachineName          : ASUSROGGL553VD
UserId               : S-1-5-18
TimeCreated          : 3/17/2021 9:12:37 PM
ActivityId           :
RelatedActivityId    :
ContainerLog         : System
MatchedQueryIds      : {}
Bookmark             : System.Diagnostics.Eventing.Reader.EventBookmark
LevelDisplayName     : Information
OpcodeDisplayName    : Info
TaskDisplayName      :
KeywordsDisplayNames : {}
Properties           : {System.Diagnostics.Eventing.Reader.EventProperty, System.Diagnostics.Eventing.Reader.EventProperty,
System.Diagnostics.Eventing.Reader.EventProperty, System.Diagnostics.Eventing.Reader.EventProperty}

Message              : Credential Guard configuration: 0x0, 0
Id                   : 14
Version              : 0
Qualifiers           :
Level                : 4
Task                 : 0
Opcode               : 0
Keywords             : 4611686018427387904
RecordId             : 663
ProviderName         : Microsoft-Windows-Wininit
ProviderId           : 206f6dea-d3c5-4d10-bc72-989f03c8b84b
LogName              : System
ProcessId            : 560
ThreadId             : 556
MachineName          : ASUSROGGL553VD
UserId               : S-1-5-18
TimeCreated          : 3/17/2021 9:12:37 PM
ActivityId           :
RelatedActivityId    :
ContainerLog         : System
MatchedQueryIds      : {}
Bookmark             : System.Diagnostics.Eventing.Reader.EventBookmark
LevelDisplayName     : Information
OpcodeDisplayName    : Info
TaskDisplayName      :
KeywordsDisplayNames : {}
Properties           : {System.Diagnostics.Eventing.Reader.EventProperty, System.Diagnostics.Eventing.Reader.EventProperty}

Message              : The driver \Driver\WudfRd failed to load for the device
HID\VID_1532&PID_0510&MI_03&Col02\7&1cf20df&0&0001.
Id                   : 219
Version              : 0
Qualifiers           :
Level                : 3
Task                 : 212
Opcode               : 0
Keywords             : -9223372036854775808
RecordId             : 662
ProviderName         : Microsoft-Windows-Kernel-PnP
ProviderId           : 9c205a39-1250-487d-abd7-e831c6290539
LogName              : System
ProcessId            : 4
ThreadId             : 432
MachineName          : ASUSROGGL553VD
UserId               : S-1-5-18
TimeCreated          : 3/17/2021 9:12:35 PM
ActivityId           :
RelatedActivityId    :
ContainerLog         : System
MatchedQueryIds      : {}
Bookmark             : System.Diagnostics.Eventing.Reader.EventBookmark
LevelDisplayName     : Warning
OpcodeDisplayName    : Info
TaskDisplayName      :
KeywordsDisplayNames : {}
Properties           : {System.Diagnostics.Eventing.Reader.EventProperty, System.Diagnostics.Eventing.Reader.EventProperty,
System.Diagnostics.Eventing.Reader.EventProperty, System.Diagnostics.Eventing.Reader.EventProperty...}

Message              : UMDF reflector is unable to connect to service control manager (SCM). This is expected during boot, when
SCM has not started yet. Will retry when it starts.
Id                   : 10118
Version              : 1
Qualifiers           :
Level                : 4
Task                 : 101
Opcode               : 0
Keywords             : 2305843009213693952
RecordId             : 661
ProviderName         : Microsoft-Windows-DriverFrameworks-UserMode
ProviderId           : 2e35aaeb-857f-4beb-a418-2e6c0e54d988
LogName              : System
ProcessId            : 4
ThreadId             : 432
MachineName          : ASUSROGGL553VD
UserId               : S-1-5-18
TimeCreated          : 3/17/2021 9:12:35 PM
ActivityId           :
RelatedActivityId    :
ContainerLog         : System
MatchedQueryIds      : {}
Bookmark             : System.Diagnostics.Eventing.Reader.EventBookmark
LevelDisplayName     : Information
OpcodeDisplayName    : Info
TaskDisplayName      : Startup of the UMDF reflector
KeywordsDisplayNames : {}
Properties           : {}

Message              : The time zone information was refreshed with exit reason 0. Current time zone bias is -120.
Id                   : 24
Version              : 0
Qualifiers           :
Level                : 4
Task                 : 11
Opcode               : 0
Keywords             : -9223372036854775792
RecordId             : 660
ProviderName         : Microsoft-Windows-Kernel-General
ProviderId           : a68ca8b7-004f-d7b6-a698-07e2de0f1f5d
LogName              : System
ProcessId            : 132
ThreadId             : 708
MachineName          : ASUSROGGL553VD
UserId               : S-1-5-18
TimeCreated          : 3/17/2021 9:12:33 PM
ActivityId           :
RelatedActivityId    :
ContainerLog         : System
MatchedQueryIds      : {}
Bookmark             : System.Diagnostics.Eventing.Reader.EventBookmark
LevelDisplayName     : Information
OpcodeDisplayName    : Info
TaskDisplayName      :
KeywordsDisplayNames : {Time}
Properties           : {System.Diagnostics.Eventing.Reader.EventProperty, System.Diagnostics.Eventing.Reader.EventProperty,
System.Diagnostics.Eventing.Reader.EventProperty, System.Diagnostics.Eventing.Reader.EventProperty...}

Message              : 7010 - driver enabled (miniport init)
Id                   : 7010
Version              : 0
Qualifiers           : 16384
Level                : 4
Task                 : 0
Opcode               : 0
Keywords             : 36028797018963968
RecordId             : 659
ProviderName         : Netwtw04
ProviderId           :
LogName              : System
ProcessId            : 4
ThreadId             : 348
MachineName          : ASUSROGGL553VD
UserId               :
TimeCreated          : 3/17/2021 9:12:33 PM
ActivityId           :
RelatedActivityId    :
ContainerLog         : System
MatchedQueryIds      : {}
Bookmark             : System.Diagnostics.Eventing.Reader.EventBookmark
LevelDisplayName     : Information
OpcodeDisplayName    :
TaskDisplayName      :
KeywordsDisplayNames : {Classic}
Properties           : {System.Diagnostics.Eventing.Reader.EventProperty, System.Diagnostics.Eventing.Reader.EventProperty,
System.Diagnostics.Eventing.Reader.EventProperty}

Message              : 7012 - radio OFF
Id                   : 7012
Version              : 0
Qualifiers           : 16384
Level                : 4
Task                 : 0
Opcode               : 0
Keywords             : 36028797018963968
RecordId             : 658
ProviderName         : Netwtw04
ProviderId           :
LogName              : System
ProcessId            : 4
ThreadId             : 348
MachineName          : ASUSROGGL553VD
UserId               :
TimeCreated          : 3/17/2021 9:12:33 PM
ActivityId           :
RelatedActivityId    :
ContainerLog         : System
MatchedQueryIds      : {}
Bookmark             : System.Diagnostics.Eventing.Reader.EventBookmark
LevelDisplayName     : Information
OpcodeDisplayName    :
TaskDisplayName      :
KeywordsDisplayNames : {Classic}
Properties           : {System.Diagnostics.Eventing.Reader.EventProperty, System.Diagnostics.Eventing.Reader.EventProperty,
System.Diagnostics.Eventing.Reader.EventProperty}

Message              : 7001 - 11d Location MCC value (WRDD)
Id                   : 7001
Version              : 0
Qualifiers           : 16384
Level                : 4
Task                 : 0
Opcode               : 0
Keywords             : 36028797018963968
RecordId             : 657
ProviderName         : Netwtw04
ProviderId           :
LogName              : System
ProcessId            : 4
ThreadId             : 348
MachineName          : ASUSROGGL553VD
UserId               :
TimeCreated          : 3/17/2021 9:12:33 PM
ActivityId           :
RelatedActivityId    :
ContainerLog         : System
MatchedQueryIds      : {}
Bookmark             : System.Diagnostics.Eventing.Reader.EventBookmark
LevelDisplayName     : Information
OpcodeDisplayName    :
TaskDisplayName      :
KeywordsDisplayNames : {Classic}
Properties           : {System.Diagnostics.Eventing.Reader.EventProperty, System.Diagnostics.Eventing.Reader.EventProperty,
System.Diagnostics.Eventing.Reader.EventProperty}

Message              : Intel(R) Management Engine Interface driver has started successfully.
Id                   : 2
Version              : 0
Qualifiers           : 16391
Level                : 4
Task                 : 0
Opcode               : 0
Keywords             : 36028797018963968
RecordId             : 656
ProviderName         : MEIx64
ProviderId           :
LogName              : System
ProcessId            : 4
ThreadId             : 364
MachineName          : ASUSROGGL553VD
UserId               :
TimeCreated          : 3/17/2021 9:12:33 PM
ActivityId           :
RelatedActivityId    :
ContainerLog         : System
MatchedQueryIds      : {}
Bookmark             : System.Diagnostics.Eventing.Reader.EventBookmark
LevelDisplayName     : Information
OpcodeDisplayName    :
TaskDisplayName      :
KeywordsDisplayNames : {Classic}
Properties           : {System.Diagnostics.Eventing.Reader.EventProperty, System.Diagnostics.Eventing.Reader.EventProperty}

Message              : The \Device\NDMP1 service entered the Intel(R) Dual Band Wireless-AC 7265 state.
Id                   : 7036
Version              : 0
Qualifiers           : 16384
Level                : 4
Task                 : 0
Opcode               : 0
Keywords             : 36028797018963968
RecordId             : 655
ProviderName         : Netwtw04
ProviderId           :
LogName              : System
ProcessId            : 4
ThreadId             : 364
MachineName          : ASUSROGGL553VD
UserId               :
TimeCreated          : 3/17/2021 9:12:33 PM
ActivityId           :
RelatedActivityId    :
ContainerLog         : System
MatchedQueryIds      : {}
Bookmark             : System.Diagnostics.Eventing.Reader.EventBookmark
LevelDisplayName     : Information
OpcodeDisplayName    :
TaskDisplayName      :
KeywordsDisplayNames : {Classic}
Properties           : {System.Diagnostics.Eventing.Reader.EventProperty, System.Diagnostics.Eventing.Reader.EventProperty,
System.Diagnostics.Eventing.Reader.EventProperty}

Message              : Active battery count change.
Id                   : 521
Version              : 0
Qualifiers           :
Level                : 4
Task                 : 220
Opcode               : 0
Keywords             : -9223372036854774780
RecordId             : 654
ProviderName         : Microsoft-Windows-Kernel-Power
ProviderId           : 331c3b3a-2005-44c2-ac5e-77220c37d6b4
LogName              : System
ProcessId            : 4
ThreadId             : 468
MachineName          : ASUSROGGL553VD
UserId               : S-1-5-18
TimeCreated          : 3/17/2021 9:12:33 PM
ActivityId           :
RelatedActivityId    :
ContainerLog         : System
MatchedQueryIds      : {}
Bookmark             : System.Diagnostics.Eventing.Reader.EventBookmark
LevelDisplayName     : Information
OpcodeDisplayName    : Info
TaskDisplayName      :
KeywordsDisplayNames : {}
Properties           : {System.Diagnostics.Eventing.Reader.EventProperty, System.Diagnostics.Eventing.Reader.EventProperty,
System.Diagnostics.Eventing.Reader.EventProperty}

Message              : Active battery count change.
Id                   : 521
Version              : 0
Qualifiers           :
Level                : 4
Task                 : 220
Opcode               : 0
Keywords             : -9223372036854774780
RecordId             : 653
ProviderName         : Microsoft-Windows-Kernel-Power
ProviderId           : 331c3b3a-2005-44c2-ac5e-77220c37d6b4
LogName              : System
ProcessId            : 4
ThreadId             : 472
MachineName          : ASUSROGGL553VD
UserId               : S-1-5-18
TimeCreated          : 3/17/2021 9:12:33 PM
ActivityId           :
RelatedActivityId    :
ContainerLog         : System
MatchedQueryIds      : {}
Bookmark             : System.Diagnostics.Eventing.Reader.EventBookmark
LevelDisplayName     : Information
OpcodeDisplayName    : Info
TaskDisplayName      :
KeywordsDisplayNames : {}
Properties           : {System.Diagnostics.Eventing.Reader.EventProperty, System.Diagnostics.Eventing.Reader.EventProperty,
System.Diagnostics.Eventing.Reader.EventProperty}

Message              : Volume \\?\Volume{db6d01c3-2c78-48d5-9534-20aa45f62586} (\Device\HarddiskVolume1) is healthy.  No action
is needed.
Id                   : 98
Version              : 0
Qualifiers           :
Level                : 4
Task                 : 0
Opcode               : 0
Keywords             : -9223372036854775806
RecordId             : 652
ProviderName         : Microsoft-Windows-Ntfs
ProviderId           : 3ff37a1c-a68d-4d6e-8c9b-f79e8b16c482
LogName              : System
ProcessId            : 4
ThreadId             : 468
MachineName          : ASUSROGGL553VD
UserId               : S-1-5-18
TimeCreated          : 3/17/2021 9:12:33 PM
ActivityId           :
RelatedActivityId    :
ContainerLog         : System
MatchedQueryIds      : {}
Bookmark             : System.Diagnostics.Eventing.Reader.EventBookmark
LevelDisplayName     : Information
OpcodeDisplayName    : Info
TaskDisplayName      :
KeywordsDisplayNames : {}
Properties           : {System.Diagnostics.Eventing.Reader.EventProperty, System.Diagnostics.Eventing.Reader.EventProperty,
System.Diagnostics.Eventing.Reader.EventProperty}

Message              : Processor 7 in group 0 exposes the following power management capabilities:

Idle state type: ACPI Idle (C) States (3 state(s))

Performance state type: ACPI Collaborative Processor Performance Control
Nominal Frequency (MHz): 2808
Maximum performance percentage: 135
Minimum performance percentage: 32
Minimum throttle percentage: 3
Id                   : 55
Version              : 0
Qualifiers           :
Level                : 4
Task                 : 47
Opcode               : 0
Keywords             : -9223372036854775808
RecordId             : 651
ProviderName         : Microsoft-Windows-Kernel-Processor-Power
ProviderId           : 0f67e49f-fe51-4e9f-b490-6f2948cc6027
LogName              : System
ProcessId            : 4
ThreadId             : 432
MachineName          : ASUSROGGL553VD
UserId               : S-1-5-18
TimeCreated          : 3/17/2021 9:12:32 PM
ActivityId           :
RelatedActivityId    :
ContainerLog         : System
MatchedQueryIds      : {}
Bookmark             : System.Diagnostics.Eventing.Reader.EventBookmark
LevelDisplayName     : Information
OpcodeDisplayName    : Info
TaskDisplayName      :
KeywordsDisplayNames : {}
Properties           : {System.Diagnostics.Eventing.Reader.EventProperty, System.Diagnostics.Eventing.Reader.EventProperty,
System.Diagnostics.Eventing.Reader.EventProperty, System.Diagnostics.Eventing.Reader.EventProperty...}

Message              : Processor 5 in group 0 exposes the following power management capabilities:

Idle state type: ACPI Idle (C) States (3 state(s))

Performance state type: ACPI Collaborative Processor Performance Control
Nominal Frequency (MHz): 2808
Maximum performance percentage: 135
Minimum performance percentage: 32
Minimum throttle percentage: 3
Id                   : 55
Version              : 0
Qualifiers           :
Level                : 4
Task                 : 47
Opcode               : 0
Keywords             : -9223372036854775808
RecordId             : 650
ProviderName         : Microsoft-Windows-Kernel-Processor-Power
ProviderId           : 0f67e49f-fe51-4e9f-b490-6f2948cc6027
LogName              : System
ProcessId            : 4
ThreadId             : 432
MachineName          : ASUSROGGL553VD
UserId               : S-1-5-18
TimeCreated          : 3/17/2021 9:12:32 PM
ActivityId           :
RelatedActivityId    :
ContainerLog         : System
MatchedQueryIds      : {}
Bookmark             : System.Diagnostics.Eventing.Reader.EventBookmark
LevelDisplayName     : Information
OpcodeDisplayName    : Info
TaskDisplayName      :
KeywordsDisplayNames : {}
Properties           : {System.Diagnostics.Eventing.Reader.EventProperty, System.Diagnostics.Eventing.Reader.EventProperty,
System.Diagnostics.Eventing.Reader.EventProperty, System.Diagnostics.Eventing.Reader.EventProperty...}

Message              : Processor 3 in group 0 exposes the following power management capabilities:

Idle state type: ACPI Idle (C) States (3 state(s))

Performance state type: ACPI Collaborative Processor Performance Control
Nominal Frequency (MHz): 2808
Maximum performance percentage: 135
Minimum performance percentage: 32
Minimum throttle percentage: 3
Id                   : 55
Version              : 0
Qualifiers           :
Level                : 4
Task                 : 47
Opcode               : 0
Keywords             : -9223372036854775808
RecordId             : 649
ProviderName         : Microsoft-Windows-Kernel-Processor-Power
ProviderId           : 0f67e49f-fe51-4e9f-b490-6f2948cc6027
LogName              : System
ProcessId            : 4
ThreadId             : 432
MachineName          : ASUSROGGL553VD
UserId               : S-1-5-18
TimeCreated          : 3/17/2021 9:12:32 PM
ActivityId           :
RelatedActivityId    :
ContainerLog         : System
MatchedQueryIds      : {}
Bookmark             : System.Diagnostics.Eventing.Reader.EventBookmark
LevelDisplayName     : Information
OpcodeDisplayName    : Info
TaskDisplayName      :
KeywordsDisplayNames : {}
Properties           : {System.Diagnostics.Eventing.Reader.EventProperty, System.Diagnostics.Eventing.Reader.EventProperty,
System.Diagnostics.Eventing.Reader.EventProperty, System.Diagnostics.Eventing.Reader.EventProperty...}

Message              : Processor 1 in group 0 exposes the following power management capabilities:

Idle state type: ACPI Idle (C) States (3 state(s))

Performance state type: ACPI Collaborative Processor Performance Control
Nominal Frequency (MHz): 2808
Maximum performance percentage: 135
Minimum performance percentage: 32
Minimum throttle percentage: 3
Id                   : 55
Version              : 0
Qualifiers           :
Level                : 4
Task                 : 47
Opcode               : 0
Keywords             : -9223372036854775808
RecordId             : 648
ProviderName         : Microsoft-Windows-Kernel-Processor-Power
ProviderId           : 0f67e49f-fe51-4e9f-b490-6f2948cc6027
LogName              : System
ProcessId            : 4
ThreadId             : 432
MachineName          : ASUSROGGL553VD
UserId               : S-1-5-18
TimeCreated          : 3/17/2021 9:12:32 PM
ActivityId           :
RelatedActivityId    :
ContainerLog         : System
MatchedQueryIds      : {}
Bookmark             : System.Diagnostics.Eventing.Reader.EventBookmark
LevelDisplayName     : Information
OpcodeDisplayName    : Info
TaskDisplayName      :
KeywordsDisplayNames : {}
Properties           : {System.Diagnostics.Eventing.Reader.EventProperty, System.Diagnostics.Eventing.Reader.EventProperty,
System.Diagnostics.Eventing.Reader.EventProperty, System.Diagnostics.Eventing.Reader.EventProperty...}

Message              : Processor 6 in group 0 exposes the following power management capabilities:

Idle state type: ACPI Idle (C) States (3 state(s))

Performance state type: ACPI Collaborative Processor Performance Control
Nominal Frequency (MHz): 2808
Maximum performance percentage: 135
Minimum performance percentage: 32
Minimum throttle percentage: 3
Id                   : 55
Version              : 0
Qualifiers           :
Level                : 4
Task                 : 47
Opcode               : 0
Keywords             : -9223372036854775808
RecordId             : 647
ProviderName         : Microsoft-Windows-Kernel-Processor-Power
ProviderId           : 0f67e49f-fe51-4e9f-b490-6f2948cc6027
LogName              : System
ProcessId            : 4
ThreadId             : 432
MachineName          : ASUSROGGL553VD
UserId               : S-1-5-18
TimeCreated          : 3/17/2021 9:12:32 PM
ActivityId           :
RelatedActivityId    :
ContainerLog         : System
MatchedQueryIds      : {}
Bookmark             : System.Diagnostics.Eventing.Reader.EventBookmark
LevelDisplayName     : Information
OpcodeDisplayName    : Info
TaskDisplayName      :
KeywordsDisplayNames : {}
Properties           : {System.Diagnostics.Eventing.Reader.EventProperty, System.Diagnostics.Eventing.Reader.EventProperty,
System.Diagnostics.Eventing.Reader.EventProperty, System.Diagnostics.Eventing.Reader.EventProperty...}

Message              : Processor 4 in group 0 exposes the following power management capabilities:

Idle state type: ACPI Idle (C) States (3 state(s))

Performance state type: ACPI Collaborative Processor Performance Control
Nominal Frequency (MHz): 2808
Maximum performance percentage: 135
Minimum performance percentage: 32
Minimum throttle percentage: 3
Id                   : 55
Version              : 0
Qualifiers           :
Level                : 4
Task                 : 47
Opcode               : 0
Keywords             : -9223372036854775808
RecordId             : 646
ProviderName         : Microsoft-Windows-Kernel-Processor-Power
ProviderId           : 0f67e49f-fe51-4e9f-b490-6f2948cc6027
LogName              : System
ProcessId            : 4
ThreadId             : 432
MachineName          : ASUSROGGL553VD
UserId               : S-1-5-18
TimeCreated          : 3/17/2021 9:12:32 PM
ActivityId           :
RelatedActivityId    :
ContainerLog         : System
MatchedQueryIds      : {}
Bookmark             : System.Diagnostics.Eventing.Reader.EventBookmark
LevelDisplayName     : Information
OpcodeDisplayName    : Info
TaskDisplayName      :
KeywordsDisplayNames : {}
Properties           : {System.Diagnostics.Eventing.Reader.EventProperty, System.Diagnostics.Eventing.Reader.EventProperty,
System.Diagnostics.Eventing.Reader.EventProperty, System.Diagnostics.Eventing.Reader.EventProperty...}

Message              : Processor 2 in group 0 exposes the following power management capabilities:

Idle state type: ACPI Idle (C) States (3 state(s))

Performance state type: ACPI Collaborative Processor Performance Control
Nominal Frequency (MHz): 2808
Maximum performance percentage: 135
Minimum performance percentage: 32
Minimum throttle percentage: 3
Id                   : 55
Version              : 0
Qualifiers           :
Level                : 4
Task                 : 47
Opcode               : 0
Keywords             : -9223372036854775808
RecordId             : 645
ProviderName         : Microsoft-Windows-Kernel-Processor-Power
ProviderId           : 0f67e49f-fe51-4e9f-b490-6f2948cc6027
LogName              : System
ProcessId            : 4
ThreadId             : 432
MachineName          : ASUSROGGL553VD
UserId               : S-1-5-18
TimeCreated          : 3/17/2021 9:12:32 PM
ActivityId           :
RelatedActivityId    :
ContainerLog         : System
MatchedQueryIds      : {}
Bookmark             : System.Diagnostics.Eventing.Reader.EventBookmark
LevelDisplayName     : Information
OpcodeDisplayName    : Info
TaskDisplayName      :
KeywordsDisplayNames : {}
Properties           : {System.Diagnostics.Eventing.Reader.EventProperty, System.Diagnostics.Eventing.Reader.EventProperty,
System.Diagnostics.Eventing.Reader.EventProperty, System.Diagnostics.Eventing.Reader.EventProperty...}

Message              : Processor 0 in group 0 exposes the following power management capabilities:

Idle state type: ACPI Idle (C) States (3 state(s))

Performance state type: ACPI Collaborative Processor Performance Control
Nominal Frequency (MHz): 2808
Maximum performance percentage: 135
Minimum performance percentage: 28
Minimum throttle percentage: 3
Id                   : 55
Version              : 0
Qualifiers           :
Level                : 4
Task                 : 47
Opcode               : 0
Keywords             : -9223372036854775808
RecordId             : 644
ProviderName         : Microsoft-Windows-Kernel-Processor-Power
ProviderId           : 0f67e49f-fe51-4e9f-b490-6f2948cc6027
LogName              : System
ProcessId            : 4
ThreadId             : 432
MachineName          : ASUSROGGL553VD
UserId               : S-1-5-18
TimeCreated          : 3/17/2021 9:12:32 PM
ActivityId           :
RelatedActivityId    :
ContainerLog         : System
MatchedQueryIds      : {}
Bookmark             : System.Diagnostics.Eventing.Reader.EventBookmark
LevelDisplayName     : Information
OpcodeDisplayName    : Info
TaskDisplayName      :
KeywordsDisplayNames : {}
Properties           : {System.Diagnostics.Eventing.Reader.EventProperty, System.Diagnostics.Eventing.Reader.EventProperty,
System.Diagnostics.Eventing.Reader.EventProperty, System.Diagnostics.Eventing.Reader.EventProperty...}

Message              : Volume D: (\Device\HarddiskVolume5) is healthy.  No action is needed.
Id                   : 98
Version              : 0
Qualifiers           :
Level                : 4
Task                 : 0
Opcode               : 0
Keywords             : -9223372036854775806
RecordId             : 643
ProviderName         : Microsoft-Windows-Ntfs
ProviderId           : 3ff37a1c-a68d-4d6e-8c9b-f79e8b16c482
LogName              : System
ProcessId            : 4
ThreadId             : 356
MachineName          : ASUSROGGL553VD
UserId               : S-1-5-18
TimeCreated          : 3/17/2021 9:12:32 PM
ActivityId           :
RelatedActivityId    :
ContainerLog         : System
MatchedQueryIds      : {}
Bookmark             : System.Diagnostics.Eventing.Reader.EventBookmark
LevelDisplayName     : Information
OpcodeDisplayName    : Info
TaskDisplayName      :
KeywordsDisplayNames : {}
Properties           : {System.Diagnostics.Eventing.Reader.EventProperty, System.Diagnostics.Eventing.Reader.EventProperty,
System.Diagnostics.Eventing.Reader.EventProperty}

Message              : Connectivity state in standby: Disconnected, Reason: NIC compliance
Id                   : 172
Version              : 0
Qualifiers           :
Level                : 4
Task                 : 203
Opcode               : 0
Keywords             : -9223372036854774780
RecordId             : 642
ProviderName         : Microsoft-Windows-Kernel-Power
ProviderId           : 331c3b3a-2005-44c2-ac5e-77220c37d6b4
LogName              : System
ProcessId            : 4
ThreadId             : 472
MachineName          : ASUSROGGL553VD
UserId               : S-1-5-18
TimeCreated          : 3/17/2021 9:12:32 PM
ActivityId           :
RelatedActivityId    :
ContainerLog         : System
MatchedQueryIds      : {}
Bookmark             : System.Diagnostics.Eventing.Reader.EventBookmark
LevelDisplayName     : Information
OpcodeDisplayName    : Info
TaskDisplayName      :
KeywordsDisplayNames : {}
Properties           : {System.Diagnostics.Eventing.Reader.EventProperty, System.Diagnostics.Eventing.Reader.EventProperty}

Message              : File System Filter 'npsvctrig' (10.0, ?2025?-?01?-?06T04:41:12.000000000Z) has successfully loaded and
registered with Filter Manager.
Id                   : 6
Version              : 0
Qualifiers           :
Level                : 4
Task                 : 0
Opcode               : 0
Keywords             : -9223372036854775808
RecordId             : 641
ProviderName         : Microsoft-Windows-FilterManager
ProviderId           : f3c5e28e-63f6-49c7-a204-e48a1bc4b09d
LogName              : System
ProcessId            : 4
ThreadId             : 8
MachineName          : ASUSROGGL553VD
UserId               : S-1-5-18
TimeCreated          : 3/17/2021 9:12:31 PM
ActivityId           :
RelatedActivityId    :
ContainerLog         : System
MatchedQueryIds      : {}
Bookmark             : System.Diagnostics.Eventing.Reader.EventBookmark
LevelDisplayName     : Information
OpcodeDisplayName    : Info
TaskDisplayName      :
KeywordsDisplayNames : {}
Properties           : {System.Diagnostics.Eventing.Reader.EventProperty, System.Diagnostics.Eventing.Reader.EventProperty,
System.Diagnostics.Eventing.Reader.EventProperty, System.Diagnostics.Eventing.Reader.EventProperty...}

Message              : The  service entered the Driver load complete state.
Id                   : 7036
Version              : 0
Qualifiers           : 16384
Level                : 4
Task                 : 0
Opcode               : 0
Keywords             : 36028797018963968
RecordId             : 640
ProviderName         : VfpExt
ProviderId           :
LogName              : System
ProcessId            : 4
ThreadId             : 356
MachineName          : ASUSROGGL553VD
UserId               :
TimeCreated          : 3/17/2021 9:12:31 PM
ActivityId           :
RelatedActivityId    :
ContainerLog         : System
MatchedQueryIds      : {}
Bookmark             : System.Diagnostics.Eventing.Reader.EventBookmark
LevelDisplayName     : Information
OpcodeDisplayName    :
TaskDisplayName      :
KeywordsDisplayNames : {Classic}
Properties           : {System.Diagnostics.Eventing.Reader.EventProperty, System.Diagnostics.Eventing.Reader.EventProperty,
System.Diagnostics.Eventing.Reader.EventProperty}

Message              : The  service entered the Driver load start state.
Id                   : 7036
Version              : 0
Qualifiers           : 16384
Level                : 4
Task                 : 0
Opcode               : 0
Keywords             : 36028797018963968
RecordId             : 639
ProviderName         : VfpExt
ProviderId           :
LogName              : System
ProcessId            : 4
ThreadId             : 356
MachineName          : ASUSROGGL553VD
UserId               :
TimeCreated          : 3/17/2021 9:12:31 PM
ActivityId           :
RelatedActivityId    :
ContainerLog         : System
MatchedQueryIds      : {}
Bookmark             : System.Diagnostics.Eventing.Reader.EventBookmark
LevelDisplayName     : Information
OpcodeDisplayName    :
TaskDisplayName      :
KeywordsDisplayNames : {Classic}
Properties           : {System.Diagnostics.Eventing.Reader.EventProperty, System.Diagnostics.Eventing.Reader.EventProperty,
System.Diagnostics.Eventing.Reader.EventProperty}

Message              : File System Filter 'KLIF' (6.1, ?2020?-?06?-?16T17:41:33.000000000Z) has successfully loaded and
registered with Filter Manager.
Id                   : 6
Version              : 0
Qualifiers           :
Level                : 4
Task                 : 0
Opcode               : 0
Keywords             : -9223372036854775808
RecordId             : 638
ProviderName         : Microsoft-Windows-FilterManager
ProviderId           : f3c5e28e-63f6-49c7-a204-e48a1bc4b09d
LogName              : System
ProcessId            : 4
ThreadId             : 8
MachineName          : ASUSROGGL553VD
UserId               : S-1-5-18
TimeCreated          : 3/17/2021 9:12:31 PM
ActivityId           :
RelatedActivityId    :
ContainerLog         : System
MatchedQueryIds      : {}
Bookmark             : System.Diagnostics.Eventing.Reader.EventBookmark
LevelDisplayName     : Information
OpcodeDisplayName    : Info
TaskDisplayName      :
KeywordsDisplayNames : {}
Properties           : {System.Diagnostics.Eventing.Reader.EventProperty, System.Diagnostics.Eventing.Reader.EventProperty,
System.Diagnostics.Eventing.Reader.EventProperty, System.Diagnostics.Eventing.Reader.EventProperty...}

Message              : File System Filter 'FileCrypt' (10.0, ?2002?-?03?-?01T13:12:42.000000000Z) has successfully loaded and
registered with Filter Manager.
Id                   : 6
Version              : 0
Qualifiers           :
Level                : 4
Task                 : 0
Opcode               : 0
Keywords             : -9223372036854775808
RecordId             : 637
ProviderName         : Microsoft-Windows-FilterManager
ProviderId           : f3c5e28e-63f6-49c7-a204-e48a1bc4b09d
LogName              : System
ProcessId            : 4
ThreadId             : 8
MachineName          : ASUSROGGL553VD
UserId               : S-1-5-18
TimeCreated          : 3/17/2021 9:12:31 PM
ActivityId           :
RelatedActivityId    :
ContainerLog         : System
MatchedQueryIds      : {}
Bookmark             : System.Diagnostics.Eventing.Reader.EventBookmark
LevelDisplayName     : Information
OpcodeDisplayName    : Info
TaskDisplayName      :
KeywordsDisplayNames : {}
Properties           : {System.Diagnostics.Eventing.Reader.EventProperty, System.Diagnostics.Eventing.Reader.EventProperty,
System.Diagnostics.Eventing.Reader.EventProperty, System.Diagnostics.Eventing.Reader.EventProperty...}

Message              : File System Filter 'klbackupflt' (6.1, ?2020?-?05?-?28T20:27:54.000000000Z) has successfully loaded and
registered with Filter Manager.
Id                   : 6
Version              : 0
Qualifiers           :
Level                : 4
Task                 : 0
Opcode               : 0
Keywords             : -9223372036854775808
RecordId             : 636
ProviderName         : Microsoft-Windows-FilterManager
ProviderId           : f3c5e28e-63f6-49c7-a204-e48a1bc4b09d
LogName              : System
ProcessId            : 4
ThreadId             : 8
MachineName          : ASUSROGGL553VD
UserId               : S-1-5-18
TimeCreated          : 3/17/2021 9:12:31 PM
ActivityId           :
RelatedActivityId    :
ContainerLog         : System
MatchedQueryIds      : {}
Bookmark             : System.Diagnostics.Eventing.Reader.EventBookmark
LevelDisplayName     : Information
OpcodeDisplayName    : Info
TaskDisplayName      :
KeywordsDisplayNames : {}
Properties           : {System.Diagnostics.Eventing.Reader.EventProperty, System.Diagnostics.Eventing.Reader.EventProperty,
System.Diagnostics.Eventing.Reader.EventProperty, System.Diagnostics.Eventing.Reader.EventProperty...}

Message              : Volume C: (\Device\HarddiskVolume4) is healthy.  No action is needed.
Id                   : 98
Version              : 0
Qualifiers           :
Level                : 4
Task                 : 0
Opcode               : 0
Keywords             : -9223372036854775806
RecordId             : 635
ProviderName         : Microsoft-Windows-Ntfs
ProviderId           : 3ff37a1c-a68d-4d6e-8c9b-f79e8b16c482
LogName              : System
ProcessId            : 4
ThreadId             : 148
MachineName          : ASUSROGGL553VD
UserId               : S-1-5-18
TimeCreated          : 3/17/2021 9:12:31 PM
ActivityId           :
RelatedActivityId    :
ContainerLog         : System
MatchedQueryIds      : {}
Bookmark             : System.Diagnostics.Eventing.Reader.EventBookmark
LevelDisplayName     : Information
OpcodeDisplayName    : Info
TaskDisplayName      :
KeywordsDisplayNames : {}
Properties           : {System.Diagnostics.Eventing.Reader.EventProperty, System.Diagnostics.Eventing.Reader.EventProperty,
System.Diagnostics.Eventing.Reader.EventProperty}

Message              : File System Filter 'Wof' (10.0, ?2029?-?03?-?19T10:57:47.000000000Z) has successfully loaded and
registered with Filter Manager.
Id                   : 6
Version              : 0
Qualifiers           :
Level                : 4
Task                 : 0
Opcode               : 0
Keywords             : -9223372036854775808
RecordId             : 634
ProviderName         : Microsoft-Windows-FilterManager
ProviderId           : f3c5e28e-63f6-49c7-a204-e48a1bc4b09d
LogName              : System
ProcessId            : 4
ThreadId             : 8
MachineName          : ASUSROGGL553VD
UserId               : S-1-5-18
TimeCreated          : 3/17/2021 9:12:31 PM
ActivityId           :
RelatedActivityId    :
ContainerLog         : System
MatchedQueryIds      : {}
Bookmark             : System.Diagnostics.Eventing.Reader.EventBookmark
LevelDisplayName     : Information
OpcodeDisplayName    : Info
TaskDisplayName      :
KeywordsDisplayNames : {}
Properties           : {System.Diagnostics.Eventing.Reader.EventProperty, System.Diagnostics.Eventing.Reader.EventProperty,
System.Diagnostics.Eventing.Reader.EventProperty, System.Diagnostics.Eventing.Reader.EventProperty...}

Message              : File System Filter 'FileInfo' (10.0, ?2062?-?12?-?23T07:21:06.000000000Z) has successfully loaded and
registered with Filter Manager.
Id                   : 6
Version              : 0
Qualifiers           :
Level                : 4
Task                 : 0
Opcode               : 0
Keywords             : -9223372036854775808
RecordId             : 633
ProviderName         : Microsoft-Windows-FilterManager
ProviderId           : f3c5e28e-63f6-49c7-a204-e48a1bc4b09d
LogName              : System
ProcessId            : 4
ThreadId             : 8
MachineName          : ASUSROGGL553VD
UserId               : S-1-5-18
TimeCreated          : 3/17/2021 9:12:31 PM
ActivityId           :
RelatedActivityId    :
ContainerLog         : System
MatchedQueryIds      : {}
Bookmark             : System.Diagnostics.Eventing.Reader.EventBookmark
LevelDisplayName     : Information
OpcodeDisplayName    : Info
TaskDisplayName      :
KeywordsDisplayNames : {}
Properties           : {System.Diagnostics.Eventing.Reader.EventProperty, System.Diagnostics.Eventing.Reader.EventProperty,
System.Diagnostics.Eventing.Reader.EventProperty, System.Diagnostics.Eventing.Reader.EventProperty...}

Message              : The iommu fault reporting has been initialized.
Id                   : 16
Version              : 0
Qualifiers           :
Level                : 4
Task                 : 0
Opcode               : 0
Keywords             : -9223372036854775808
RecordId             : 632
ProviderName         : Microsoft-Windows-HAL
ProviderId           : 63d1e632-95cc-4443-9312-af927761d52a
LogName              : System
ProcessId            : 4
ThreadId             : 8
MachineName          : ASUSROGGL553VD
UserId               : S-1-5-18
TimeCreated          : 3/17/2021 9:12:30 PM
ActivityId           :
RelatedActivityId    :
ContainerLog         : System
MatchedQueryIds      : {}
Bookmark             : System.Diagnostics.Eventing.Reader.EventBookmark
LevelDisplayName     : Information
OpcodeDisplayName    : Info
TaskDisplayName      :
KeywordsDisplayNames : {}
Properties           : {}

Message              : The leap second configuration has been updated.
Reason: Leap second data initialized from registry during boot
Leap seconds enabled: true
New leap second count: 0
Old leap second count: 0
Id                   : 20
Version              : 0
Qualifiers           :
Level                : 4
Task                 : 6
Opcode               : 0
Keywords             : -9223372036854775792
RecordId             : 631
ProviderName         : Microsoft-Windows-Kernel-General
ProviderId           : a68ca8b7-004f-d7b6-a698-07e2de0f1f5d
LogName              : System
ProcessId            : 4
ThreadId             : 8
MachineName          : ASUSROGGL553VD
UserId               : S-1-5-18
TimeCreated          : 3/17/2021 9:12:30 PM
ActivityId           :
RelatedActivityId    :
ContainerLog         : System
MatchedQueryIds      : {}
Bookmark             : System.Diagnostics.Eventing.Reader.EventBookmark
LevelDisplayName     : Information
OpcodeDisplayName    : Info
TaskDisplayName      :
KeywordsDisplayNames : {Time}
Properties           : {System.Diagnostics.Eventing.Reader.EventProperty, System.Diagnostics.Eventing.Reader.EventProperty,
System.Diagnostics.Eventing.Reader.EventProperty, System.Diagnostics.Eventing.Reader.EventProperty}

Message              : Secure Kernel started with status STATUS_SUCCESS and flags 0.
Id                   : 3
Version              : 0
Qualifiers           :
Level                : 4
Task                 : 0
Opcode               : 0
Keywords             : -9223301668110598144
RecordId             : 630
ProviderName         : Microsoft-Windows-IsolatedUserMode
ProviderId           : 73a33ab2-1966-4999-8add-868c41415269
LogName              : System
ProcessId            : 4
ThreadId             : 8
MachineName          : ASUSROGGL553VD
UserId               : S-1-5-18
TimeCreated          : 3/17/2021 9:12:30 PM
ActivityId           :
RelatedActivityId    :
ContainerLog         : System
MatchedQueryIds      : {}
Bookmark             : System.Diagnostics.Eventing.Reader.EventBookmark
LevelDisplayName     : Information
OpcodeDisplayName    : Info
TaskDisplayName      :
KeywordsDisplayNames : {}
Properties           : {System.Diagnostics.Eventing.Reader.EventProperty, System.Diagnostics.Eventing.Reader.EventProperty}

Message              : The hypervisor did not enable mitigations for CVE-2018-3646 for virtual machines because HyperThreading
is enabled and the hypervisor core scheduler is not enabled. To enable mitigations for CVE-2018-3646 for
virtual machines, enable the core scheduler by running "bcdedit /set hypervisorschedulertype core" from
an elevated command prompt and reboot.
Id                   : 157
Version              : 0
Qualifiers           :
Level                : 3
Task                 : 0
Opcode               : 0
Keywords             : -9223301668110598144
RecordId             : 629
ProviderName         : Microsoft-Windows-Hyper-V-Hypervisor
ProviderId           : 52fc89f8-995e-434c-a91e-199986449890
LogName              : System
ProcessId            : 4
ThreadId             : 8
MachineName          : ASUSROGGL553VD
UserId               : S-1-5-18
TimeCreated          : 3/17/2021 9:12:30 PM
ActivityId           :
RelatedActivityId    :
ContainerLog         : System
MatchedQueryIds      : {}
Bookmark             : System.Diagnostics.Eventing.Reader.EventBookmark
LevelDisplayName     : Warning
OpcodeDisplayName    : Info
TaskDisplayName      :
KeywordsDisplayNames : {}
Properties           : {}

Message              : Hypervisor configured mitigations for CVE-2019-11091, CVE-2018-12126, CVE-2018-12127, CVE-2018-12130 for
virtual machines.

Processor not affected: false
Processor family not affected: false
Processor supports microarchitectural buffer flush: true
Buffer flush needed: true

Id                   : 165
Version              : 0
Qualifiers           :
Level                : 4
Task                 : 0
Opcode               : 0
Keywords             : -9223301668110598144
RecordId             : 628
ProviderName         : Microsoft-Windows-Hyper-V-Hypervisor
ProviderId           : 52fc89f8-995e-434c-a91e-199986449890
LogName              : System
ProcessId            : 4
ThreadId             : 8
MachineName          : ASUSROGGL553VD
UserId               : S-1-5-18
TimeCreated          : 3/17/2021 9:12:30 PM
ActivityId           :
RelatedActivityId    :
ContainerLog         : System
MatchedQueryIds      : {}
Bookmark             : System.Diagnostics.Eventing.Reader.EventBookmark
LevelDisplayName     : Information
OpcodeDisplayName    : Info
TaskDisplayName      :
KeywordsDisplayNames : {}
Properties           : {System.Diagnostics.Eventing.Reader.EventProperty, System.Diagnostics.Eventing.Reader.EventProperty,
System.Diagnostics.Eventing.Reader.EventProperty, System.Diagnostics.Eventing.Reader.EventProperty}

Message              : Hypervisor configured mitigations for CVE-2018-3646 for virtual machines.

Processor not affected: false
Processor family not affected: false
Processor supports cache flush: true
HyperThreading enabled: true
Parent hypervisor applies mitigations: false
Mitigations disabled by bcdedit: false
Mitigations enabled: true
Cache flush needed: false

Id                   : 156
Version              : 0
Qualifiers           :
Level                : 4
Task                 : 0
Opcode               : 0
Keywords             : -9223301668110598144
RecordId             : 627
ProviderName         : Microsoft-Windows-Hyper-V-Hypervisor
ProviderId           : 52fc89f8-995e-434c-a91e-199986449890
LogName              : System
ProcessId            : 4
ThreadId             : 8
MachineName          : ASUSROGGL553VD
UserId               : S-1-5-18
TimeCreated          : 3/17/2021 9:12:30 PM
ActivityId           :
RelatedActivityId    :
ContainerLog         : System
MatchedQueryIds      : {}
Bookmark             : System.Diagnostics.Eventing.Reader.EventBookmark
LevelDisplayName     : Information
OpcodeDisplayName    : Info
TaskDisplayName      :
KeywordsDisplayNames : {}
Properties           : {System.Diagnostics.Eventing.Reader.EventProperty, System.Diagnostics.Eventing.Reader.EventProperty,
System.Diagnostics.Eventing.Reader.EventProperty, System.Diagnostics.Eventing.Reader.EventProperty...}

Message              : Hypervisor initialized I/O remapping.

Hardware present: true
Hardware enabled: true
Policy: 0x0
Enabled features: 0x42
Internal information: 0x0
Problems: 0x0
Additional information: 0x0
Id                   : 129
Version              : 0
Qualifiers           :
Level                : 4
Task                 : 0
Opcode               : 0
Keywords             : -9223301668110598144
RecordId             : 626
ProviderName         : Microsoft-Windows-Hyper-V-Hypervisor
ProviderId           : 52fc89f8-995e-434c-a91e-199986449890
LogName              : System
ProcessId            : 4
ThreadId             : 8
MachineName          : ASUSROGGL553VD
UserId               : S-1-5-18
TimeCreated          : 3/17/2021 9:12:30 PM
ActivityId           :
RelatedActivityId    :
ContainerLog         : System
MatchedQueryIds      : {}
Bookmark             : System.Diagnostics.Eventing.Reader.EventBookmark
LevelDisplayName     : Information
OpcodeDisplayName    : Info
TaskDisplayName      :
KeywordsDisplayNames : {}
Properties           : {System.Diagnostics.Eventing.Reader.EventProperty, System.Diagnostics.Eventing.Reader.EventProperty,
System.Diagnostics.Eventing.Reader.EventProperty, System.Diagnostics.Eventing.Reader.EventProperty...}

Message              : Hypervisor scheduler type is 0x4.
Id                   : 2
Version              : 0
Qualifiers           :
Level                : 4
Task                 : 0
Opcode               : 0
Keywords             : -9223301668110598144
RecordId             : 625
ProviderName         : Microsoft-Windows-Hyper-V-Hypervisor
ProviderId           : 52fc89f8-995e-434c-a91e-199986449890
LogName              : System
ProcessId            : 4
ThreadId             : 8
MachineName          : ASUSROGGL553VD
UserId               : S-1-5-18
TimeCreated          : 3/17/2021 9:12:30 PM
ActivityId           :
RelatedActivityId    :
ContainerLog         : System
MatchedQueryIds      : {}
Bookmark             : System.Diagnostics.Eventing.Reader.EventBookmark
LevelDisplayName     : Information
OpcodeDisplayName    : Info
TaskDisplayName      :
KeywordsDisplayNames : {}
Properties           : {System.Diagnostics.Eventing.Reader.EventProperty}

Message              : Hypervisor successfully started.
Id                   : 1
Version              : 0
Qualifiers           :
Level                : 4
Task                 : 0
Opcode               : 0
Keywords             : -9223301668110598144
RecordId             : 624
ProviderName         : Microsoft-Windows-Hyper-V-Hypervisor
ProviderId           : 52fc89f8-995e-434c-a91e-199986449890
LogName              : System
ProcessId            : 4
ThreadId             : 8
MachineName          : ASUSROGGL553VD
UserId               : S-1-5-18
TimeCreated          : 3/17/2021 9:12:30 PM
ActivityId           :
RelatedActivityId    :
ContainerLog         : System
MatchedQueryIds      : {}
Bookmark             : System.Diagnostics.Eventing.Reader.EventBookmark
LevelDisplayName     : Information
OpcodeDisplayName    : Info
TaskDisplayName      :
KeywordsDisplayNames : {}
Properties           : {}

