Message              : The application-specific permission settings do not grant Local Activation permission for the COM Server
application with CLSID
{2593F8B9-4EAF-457C-B68A-50F6B8EA6B54}
and APPID
{15C20B67-12E7-4BB6-92BB-7AFF07997402}
to the user ASUSROGGL553VD\dragonfire SID (S-1-5-21-1509157054-3111376858-337195177-1001) from address
LocalHost (Using LRPC) running in the application container Unavailable SID (Unavailable). This security
permission can be modified using the Component Services administrative tool.
Id                   : 10016
Version              : 0
Qualifiers           : 0
Level                : 3
Task                 : 0
Opcode               : 0
Keywords             : -9187343239835811840
RecordId             : 1840
ProviderName         : Microsoft-Windows-DistributedCOM
ProviderId           : 1b562e86-b7aa-4131-badc-b6f3a001407e
LogName              : System
ProcessId            : 1228
ThreadId             : 1888
MachineName          : ASUSROGGL553VD
UserId               : S-1-5-21-1509157054-3111376858-337195177-1001
TimeCreated          : 3/29/2021 9:52:30 PM
ActivityId           : 7f7aa255-e6a0-4398-9447-78a5dd0254dd
RelatedActivityId    :
ContainerLog         : System
MatchedQueryIds      : {}
Bookmark             : System.Diagnostics.Eventing.Reader.EventBookmark
LevelDisplayName     : Warning
OpcodeDisplayName    : Info
TaskDisplayName      :
KeywordsDisplayNames : {Classic}
Properties           : {System.Diagnostics.Eventing.Reader.EventProperty, System.Diagnostics.Eventing.Reader.EventProperty,
System.Diagnostics.Eventing.Reader.EventProperty, System.Diagnostics.Eventing.Reader.EventProperty...}

Message              : User Logon Notification for Customer Experience Improvement Program
Id                   : 7001
Version              : 0
Qualifiers           :
Level                : 4
Task                 : 1101
Opcode               : 0
Keywords             : 2305878193585782784
RecordId             : 1839
ProviderName         : Microsoft-Windows-Winlogon
ProviderId           : dbe9b383-7cf3-4331-91cc-a3cb16a3b538
LogName              : System
ProcessId            : 512
ThreadId             : 1336
MachineName          : ASUSROGGL553VD
UserId               : S-1-5-18
TimeCreated          : 3/29/2021 9:52:01 PM
ActivityId           :
RelatedActivityId    :
ContainerLog         : System
MatchedQueryIds      : {}
Bookmark             : System.Diagnostics.Eventing.Reader.EventBookmark
LevelDisplayName     : Information
OpcodeDisplayName    : Info
TaskDisplayName      :
KeywordsDisplayNames : {}
Properties           : {System.Diagnostics.Eventing.Reader.EventProperty, System.Diagnostics.Eventing.Reader.EventProperty}

Message              : The computer has rebooted from a bugcheck.  The bugcheck was: 0x00000113 (0x0000000000000019,
0x0000000000000002, 0x00000000000010de, 0x0000000000001c8d). A dump was saved in: C:\WINDOWS\MEMORY.DMP.
Report Id: 46c9ef2a-38d4-4c0b-b133-9e764f4018d1.
Id                   : 1001
Version              : 0
Qualifiers           : 16384
Level                : 2
Task                 : 0
Opcode               : 0
Keywords             : 36028797018963968
RecordId             : 1838
ProviderName         : Microsoft-Windows-WER-SystemErrorReporting
ProviderId           : abce23e7-de45-4366-8631-84fa6c525952
LogName              : System
ProcessId            : 0
ThreadId             : 0
MachineName          : ASUSROGGL553VD
UserId               :
TimeCreated          : 3/29/2021 9:52:00 PM
ActivityId           :
RelatedActivityId    :
ContainerLog         : System
MatchedQueryIds      : {}
Bookmark             : System.Diagnostics.Eventing.Reader.EventBookmark
LevelDisplayName     : Error
OpcodeDisplayName    :
TaskDisplayName      :
KeywordsDisplayNames : {Classic}
Properties           : {System.Diagnostics.Eventing.Reader.EventProperty, System.Diagnostics.Eventing.Reader.EventProperty,
System.Diagnostics.Eventing.Reader.EventProperty}

Message              : The TPM was successfully provisioned and is now ready for use.
Id                   : 1025
Version              : 0
Qualifiers           :
Level                : 4
Task                 : 0
Opcode               : 0
Keywords             : -9223372036854775808
RecordId             : 1837
ProviderName         : Microsoft-Windows-TPM-WMI
ProviderId           : 7d5387b0-cbe0-11da-a94d-0800200c9a66
LogName              : System
ProcessId            : 2792
ThreadId             : 6588
MachineName          : ASUSROGGL553VD
UserId               : S-1-5-18
TimeCreated          : 3/29/2021 9:51:59 PM
ActivityId           :
RelatedActivityId    :
ContainerLog         : System
MatchedQueryIds      : {}
Bookmark             : System.Diagnostics.Eventing.Reader.EventBookmark
LevelDisplayName     : Information
OpcodeDisplayName    : Info
TaskDisplayName      :
KeywordsDisplayNames : {}
Properties           : {}

Message              : The TBS device identifier has been generated.
Id                   : 1282
Version              : 0
Qualifiers           :
Level                : 4
Task                 : 0
Opcode               : 0
Keywords             : -9223372036854775808
RecordId             : 1836
ProviderName         : Microsoft-Windows-TPM-WMI
ProviderId           : 7d5387b0-cbe0-11da-a94d-0800200c9a66
LogName              : System
ProcessId            : 2792
ThreadId             : 6588
MachineName          : ASUSROGGL553VD
UserId               : S-1-5-18
TimeCreated          : 3/29/2021 9:51:58 PM
ActivityId           :
RelatedActivityId    :
ContainerLog         : System
MatchedQueryIds      : {}
Bookmark             : System.Diagnostics.Eventing.Reader.EventBookmark
LevelDisplayName     : Information
OpcodeDisplayName    : Info
TaskDisplayName      :
KeywordsDisplayNames : {}
Properties           : {}

Message              : WLAN Extensibility Module has successfully started.

Module Path: C:\WINDOWS\system32\IntelWifiIhv04.dll

Id                   : 10001
Version              : 0
Qualifiers           :
Level                : 4
Task                 : 0
Opcode               : 0
Keywords             : 4611686018427387904
RecordId             : 1835
ProviderName         : Microsoft-Windows-WLAN-AutoConfig
ProviderId           : 9580d7dd-0379-4658-9870-d5be7d52d6de
LogName              : System
ProcessId            : 3652
ThreadId             : 3672
MachineName          : ASUSROGGL553VD
UserId               : S-1-5-18
TimeCreated          : 3/29/2021 9:51:57 PM
ActivityId           :
RelatedActivityId    :
ContainerLog         : System
MatchedQueryIds      : {}
Bookmark             : System.Diagnostics.Eventing.Reader.EventBookmark
LevelDisplayName     : Information
OpcodeDisplayName    : Info
TaskDisplayName      :
KeywordsDisplayNames : {}
Properties           : {System.Diagnostics.Eventing.Reader.EventProperty}

Message              : This event triggers the Trusted Platform Module (TPM) provisioning/status check to run.
Id                   : 18
Version              : 0
Qualifiers           :
Level                : 4
Task                 : 0
Opcode               : 0
Keywords             : -9223372036854775808
RecordId             : 1834
ProviderName         : TPM
ProviderId           : 1b6b0772-251b-4d42-917d-faca166bc059
LogName              : System
ProcessId            : 4
ThreadId             : 284
MachineName          : ASUSROGGL553VD
UserId               : S-1-5-18
TimeCreated          : 3/29/2021 9:51:56 PM
ActivityId           :
RelatedActivityId    :
ContainerLog         : System
MatchedQueryIds      : {}
Bookmark             : System.Diagnostics.Eventing.Reader.EventBookmark
LevelDisplayName     : Information
OpcodeDisplayName    : Info
TaskDisplayName      :
KeywordsDisplayNames : {}
Properties           : {System.Diagnostics.Eventing.Reader.EventProperty, System.Diagnostics.Eventing.Reader.EventProperty}

Message              : The following boot-start or system-start driver(s) did not load:
dam
Id                   : 7026
Version              : 0
Qualifiers           : 49152
Level                : 4
Task                 : 0
Opcode               : 0
Keywords             : -9187343239835811840
RecordId             : 1833
ProviderName         : Service Control Manager
ProviderId           : 555908d1-a6d7-4695-8e1e-26931d2012f4
LogName              : System
ProcessId            : 912
ThreadId             : 916
MachineName          : ASUSROGGL553VD
UserId               :
TimeCreated          : 3/29/2021 9:51:56 PM
ActivityId           :
RelatedActivityId    :
ContainerLog         : System
MatchedQueryIds      : {}
Bookmark             : System.Diagnostics.Eventing.Reader.EventBookmark
LevelDisplayName     : Information
OpcodeDisplayName    :
TaskDisplayName      :
KeywordsDisplayNames : {Classic}
Properties           : {System.Diagnostics.Eventing.Reader.EventProperty}

Message              : WLAN AutoConfig service has successfully started.

Id                   : 4000
Version              : 0
Qualifiers           :
Level                : 4
Task                 : 0
Opcode               : 1
Keywords             : 4611686018427387904
RecordId             : 1832
ProviderName         : Microsoft-Windows-WLAN-AutoConfig
ProviderId           : 9580d7dd-0379-4658-9870-d5be7d52d6de
LogName              : System
ProcessId            : 3652
ThreadId             : 3672
MachineName          : ASUSROGGL553VD
UserId               : S-1-5-18
TimeCreated          : 3/29/2021 9:51:55 PM
ActivityId           :
RelatedActivityId    :
ContainerLog         : System
MatchedQueryIds      : {}
Bookmark             : System.Diagnostics.Eventing.Reader.EventBookmark
LevelDisplayName     : Information
OpcodeDisplayName    : Start
TaskDisplayName      :
KeywordsDisplayNames : {}
Properties           : {}

Message              : vmswitch.sys build 19041.amd64.vb_release_svc_im, debug false, official true, 1 1
Id                   : 277
Version              : 0
Qualifiers           :
Level                : 4
Task                 : 0
Opcode               : 0
Keywords             : -9223372036854775680
RecordId             : 1831
ProviderName         : Microsoft-Windows-Hyper-V-VmSwitch
ProviderId           : 67dc0d66-3695-47c0-9642-33f76f7bd7ad
LogName              : System
ProcessId            : 4
ThreadId             : 356
MachineName          : ASUSROGGL553VD
UserId               : S-1-5-18
TimeCreated          : 3/29/2021 9:51:55 PM
ActivityId           :
RelatedActivityId    :
ContainerLog         : System
MatchedQueryIds      : {}
Bookmark             : System.Diagnostics.Eventing.Reader.EventBookmark
LevelDisplayName     : Information
OpcodeDisplayName    : Info
TaskDisplayName      :
KeywordsDisplayNames : {}
Properties           : {System.Diagnostics.Eventing.Reader.EventProperty, System.Diagnostics.Eventing.Reader.EventProperty,
System.Diagnostics.Eventing.Reader.EventProperty, System.Diagnostics.Eventing.Reader.EventProperty...}

Message              : Touch/Touchpad Hardware Quality Assurance verification succeeded.
Id                   : 267
Version              : 0
Qualifiers           : 16384
Level                : 4
Task                 : 0
Opcode               : 0
Keywords             : 36028797018963968
RecordId             : 1830
ProviderName         : Win32k
ProviderId           :
LogName              : System
ProcessId            : 4
ThreadId             : 364
MachineName          : ASUSROGGL553VD
UserId               :
TimeCreated          : 3/29/2021 9:51:55 PM
ActivityId           :
RelatedActivityId    :
ContainerLog         : System
MatchedQueryIds      : {}
Bookmark             : System.Diagnostics.Eventing.Reader.EventBookmark
LevelDisplayName     : Information
OpcodeDisplayName    :
TaskDisplayName      :
KeywordsDisplayNames : {Classic}
Properties           : {System.Diagnostics.Eventing.Reader.EventProperty, System.Diagnostics.Eventing.Reader.EventProperty}

Message              : DHCPv6 client service is started
Id                   : 51046
Version              : 0
Qualifiers           :
Level                : 4
Task                 : 4
Opcode               : 62
Keywords             : 2305843009213693952
RecordId             : 1829
ProviderName         : Microsoft-Windows-DHCPv6-Client
ProviderId           : 6a1f2b00-6a90-4c38-95a5-5cab3b056778
LogName              : System
ProcessId            : 2108
ThreadId             : 2208
MachineName          : ASUSROGGL553VD
UserId               : S-1-5-19
TimeCreated          : 3/29/2021 9:51:54 PM
ActivityId           :
RelatedActivityId    :
ContainerLog         : System
MatchedQueryIds      : {}
Bookmark             : System.Diagnostics.Eventing.Reader.EventBookmark
LevelDisplayName     : Information
OpcodeDisplayName    : ServiceStart
TaskDisplayName      : Service State Event
KeywordsDisplayNames : {}
Properties           : {}

Message              : DHCPv4 client registered for shutdown notification
Id                   : 50103
Version              : 0
Qualifiers           :
Level                : 4
Task                 : 4
Opcode               : 129
Keywords             : 2305843009213693952
RecordId             : 1828
ProviderName         : Microsoft-Windows-Dhcp-Client
ProviderId           : 15a7a4f8-0072-4eab-abad-f98a4d666aed
LogName              : System
ProcessId            : 2108
ThreadId             : 2156
MachineName          : ASUSROGGL553VD
UserId               : S-1-5-19
TimeCreated          : 3/29/2021 9:51:54 PM
ActivityId           :
RelatedActivityId    :
ContainerLog         : System
MatchedQueryIds      : {}
Bookmark             : System.Diagnostics.Eventing.Reader.EventBookmark
LevelDisplayName     : Information
OpcodeDisplayName    : ServiceShutdown
TaskDisplayName      : Service State Event
KeywordsDisplayNames : {}
Properties           : {}

Message              : DHCPv4 client service is started
Id                   : 50036
Version              : 0
Qualifiers           :
Level                : 4
Task                 : 4
Opcode               : 68
Keywords             : 2305843009213693952
RecordId             : 1827
ProviderName         : Microsoft-Windows-Dhcp-Client
ProviderId           : 15a7a4f8-0072-4eab-abad-f98a4d666aed
LogName              : System
ProcessId            : 2108
ThreadId             : 2156
MachineName          : ASUSROGGL553VD
UserId               : S-1-5-19
TimeCreated          : 3/29/2021 9:51:54 PM
ActivityId           :
RelatedActivityId    :
ContainerLog         : System
MatchedQueryIds      : {}
Bookmark             : System.Diagnostics.Eventing.Reader.EventBookmark
LevelDisplayName     : Information
OpcodeDisplayName    : ServiceStart
TaskDisplayName      : Service State Event
KeywordsDisplayNames : {}
Properties           : {}

Message              : File System Filter 'bindflt' (10.0, ?1986?-?11?-?02T05:57:03.000000000Z) has successfully loaded and
registered with Filter Manager.
Id                   : 6
Version              : 0
Qualifiers           :
Level                : 4
Task                 : 0
Opcode               : 0
Keywords             : -9223372036854775808
RecordId             : 1826
ProviderName         : Microsoft-Windows-FilterManager
ProviderId           : f3c5e28e-63f6-49c7-a204-e48a1bc4b09d
LogName              : System
ProcessId            : 4
ThreadId             : 148
MachineName          : ASUSROGGL553VD
UserId               : S-1-5-18
TimeCreated          : 3/29/2021 9:51:54 PM
ActivityId           :
RelatedActivityId    :
ContainerLog         : System
MatchedQueryIds      : {}
Bookmark             : System.Diagnostics.Eventing.Reader.EventBookmark
LevelDisplayName     : Information
OpcodeDisplayName    : Info
TaskDisplayName      :
KeywordsDisplayNames : {}
Properties           : {System.Diagnostics.Eventing.Reader.EventProperty, System.Diagnostics.Eventing.Reader.EventProperty,
System.Diagnostics.Eventing.Reader.EventProperty, System.Diagnostics.Eventing.Reader.EventProperty...}

Message              : File System Filter 'storqosflt' (10.0, ?2007?-?04?-?09T21:08:30.000000000Z) has successfully loaded and
registered with Filter Manager.
Id                   : 6
Version              : 0
Qualifiers           :
Level                : 4
Task                 : 0
Opcode               : 0
Keywords             : -9223372036854775808
RecordId             : 1825
ProviderName         : Microsoft-Windows-FilterManager
ProviderId           : f3c5e28e-63f6-49c7-a204-e48a1bc4b09d
LogName              : System
ProcessId            : 4
ThreadId             : 76
MachineName          : ASUSROGGL553VD
UserId               : S-1-5-18
TimeCreated          : 3/29/2021 9:51:54 PM
ActivityId           :
RelatedActivityId    :
ContainerLog         : System
MatchedQueryIds      : {}
Bookmark             : System.Diagnostics.Eventing.Reader.EventBookmark
LevelDisplayName     : Information
OpcodeDisplayName    : Info
TaskDisplayName      :
KeywordsDisplayNames : {}
Properties           : {System.Diagnostics.Eventing.Reader.EventProperty, System.Diagnostics.Eventing.Reader.EventProperty,
System.Diagnostics.Eventing.Reader.EventProperty, System.Diagnostics.Eventing.Reader.EventProperty...}

Message              : File System Filter 'CldFlt' (10.0, ?2001?-?05?-?11T11:54:57.000000000Z) has successfully loaded and
registered with Filter Manager.
Id                   : 6
Version              : 0
Qualifiers           :
Level                : 4
Task                 : 0
Opcode               : 0
Keywords             : -9223372036854775808
RecordId             : 1824
ProviderName         : Microsoft-Windows-FilterManager
ProviderId           : f3c5e28e-63f6-49c7-a204-e48a1bc4b09d
LogName              : System
ProcessId            : 4
ThreadId             : 344
MachineName          : ASUSROGGL553VD
UserId               : S-1-5-18
TimeCreated          : 3/29/2021 9:51:54 PM
ActivityId           :
RelatedActivityId    :
ContainerLog         : System
MatchedQueryIds      : {}
Bookmark             : System.Diagnostics.Eventing.Reader.EventBookmark
LevelDisplayName     : Information
OpcodeDisplayName    : Info
TaskDisplayName      :
KeywordsDisplayNames : {}
Properties           : {System.Diagnostics.Eventing.Reader.EventProperty, System.Diagnostics.Eventing.Reader.EventProperty,
System.Diagnostics.Eventing.Reader.EventProperty, System.Diagnostics.Eventing.Reader.EventProperty...}

Message              : File System Filter 'CldFlt' (Version 10.0, ?2001?-?05?-?11T11:54:57.000000000Z) unloaded successfully.
Id                   : 1
Version              : 0
Qualifiers           :
Level                : 4
Task                 : 0
Opcode               : 0
Keywords             : -9223372036854775808
RecordId             : 1823
ProviderName         : Microsoft-Windows-FilterManager
ProviderId           : f3c5e28e-63f6-49c7-a204-e48a1bc4b09d
LogName              : System
ProcessId            : 4
ThreadId             : 344
MachineName          : ASUSROGGL553VD
UserId               : S-1-5-18
TimeCreated          : 3/29/2021 9:51:54 PM
ActivityId           :
RelatedActivityId    :
ContainerLog         : System
MatchedQueryIds      : {}
Bookmark             : System.Diagnostics.Eventing.Reader.EventBookmark
LevelDisplayName     : Information
OpcodeDisplayName    : Info
TaskDisplayName      :
KeywordsDisplayNames : {}
Properties           : {System.Diagnostics.Eventing.Reader.EventProperty, System.Diagnostics.Eventing.Reader.EventProperty,
System.Diagnostics.Eventing.Reader.EventProperty, System.Diagnostics.Eventing.Reader.EventProperty...}

Message              : File System Filter 'CldFlt' (10.0, ?2001?-?05?-?11T11:54:57.000000000Z) has successfully loaded and
registered with Filter Manager.
Id                   : 6
Version              : 0
Qualifiers           :
Level                : 4
Task                 : 0
Opcode               : 0
Keywords             : -9223372036854775808
RecordId             : 1822
ProviderName         : Microsoft-Windows-FilterManager
ProviderId           : f3c5e28e-63f6-49c7-a204-e48a1bc4b09d
LogName              : System
ProcessId            : 4
ThreadId             : 344
MachineName          : ASUSROGGL553VD
UserId               : S-1-5-18
TimeCreated          : 3/29/2021 9:51:54 PM
ActivityId           :
RelatedActivityId    :
ContainerLog         : System
MatchedQueryIds      : {}
Bookmark             : System.Diagnostics.Eventing.Reader.EventBookmark
LevelDisplayName     : Information
OpcodeDisplayName    : Info
TaskDisplayName      :
KeywordsDisplayNames : {}
Properties           : {System.Diagnostics.Eventing.Reader.EventProperty, System.Diagnostics.Eventing.Reader.EventProperty,
System.Diagnostics.Eventing.Reader.EventProperty, System.Diagnostics.Eventing.Reader.EventProperty...}

Message              : File System Filter 'luafv' (10.0, ?2041?-?09?-?19T08:13:33.000000000Z) has successfully loaded and
registered with Filter Manager.
Id                   : 6
Version              : 0
Qualifiers           :
Level                : 4
Task                 : 0
Opcode               : 0
Keywords             : -9223372036854775808
RecordId             : 1821
ProviderName         : Microsoft-Windows-FilterManager
ProviderId           : f3c5e28e-63f6-49c7-a204-e48a1bc4b09d
LogName              : System
ProcessId            : 4
ThreadId             : 360
MachineName          : ASUSROGGL553VD
UserId               : S-1-5-18
TimeCreated          : 3/29/2021 9:51:54 PM
ActivityId           :
RelatedActivityId    :
ContainerLog         : System
MatchedQueryIds      : {}
Bookmark             : System.Diagnostics.Eventing.Reader.EventBookmark
LevelDisplayName     : Information
OpcodeDisplayName    : Info
TaskDisplayName      :
KeywordsDisplayNames : {}
Properties           : {System.Diagnostics.Eventing.Reader.EventProperty, System.Diagnostics.Eventing.Reader.EventProperty,
System.Diagnostics.Eventing.Reader.EventProperty, System.Diagnostics.Eventing.Reader.EventProperty...}

Message              : File System Filter 'wcifs' (10.0, ?1971?-?08?-?10T14:27:38.000000000Z) has successfully loaded and
registered with Filter Manager.
Id                   : 6
Version              : 0
Qualifiers           :
Level                : 4
Task                 : 0
Opcode               : 0
Keywords             : -9223372036854775808
RecordId             : 1820
ProviderName         : Microsoft-Windows-FilterManager
ProviderId           : f3c5e28e-63f6-49c7-a204-e48a1bc4b09d
LogName              : System
ProcessId            : 4
ThreadId             : 352
MachineName          : ASUSROGGL553VD
UserId               : S-1-5-18
TimeCreated          : 3/29/2021 9:51:54 PM
ActivityId           :
RelatedActivityId    :
ContainerLog         : System
MatchedQueryIds      : {}
Bookmark             : System.Diagnostics.Eventing.Reader.EventBookmark
LevelDisplayName     : Information
OpcodeDisplayName    : Info
TaskDisplayName      :
KeywordsDisplayNames : {}
Properties           : {System.Diagnostics.Eventing.Reader.EventProperty, System.Diagnostics.Eventing.Reader.EventProperty,
System.Diagnostics.Eventing.Reader.EventProperty, System.Diagnostics.Eventing.Reader.EventProperty...}

Message              : Touch/Touchpad Hardware Quality Assurance verification succeeded.
Id                   : 267
Version              : 0
Qualifiers           : 16384
Level                : 4
Task                 : 0
Opcode               : 0
Keywords             : 36028797018963968
RecordId             : 1819
ProviderName         : Win32k
ProviderId           :
LogName              : System
ProcessId            : 4
ThreadId             : 432
MachineName          : ASUSROGGL553VD
UserId               :
TimeCreated          : 3/29/2021 9:51:54 PM
ActivityId           :
RelatedActivityId    :
ContainerLog         : System
MatchedQueryIds      : {}
Bookmark             : System.Diagnostics.Eventing.Reader.EventBookmark
LevelDisplayName     : Information
OpcodeDisplayName    :
TaskDisplayName      :
KeywordsDisplayNames : {Classic}
Properties           : {System.Diagnostics.Eventing.Reader.EventProperty, System.Diagnostics.Eventing.Reader.EventProperty}

Message              : The domain is configured with the following minimum password length-related settings.

MinimumPasswordLength: 0

RelaxMinimumPasswordLengthLimits: 0

MinimumPasswordLengthAudit: -1

For more information see https://go.microsoft.com/fwlink/?LinkId=2097191.

Id                   : 16977
Version              : 0
Qualifiers           :
Level                : 4
Task                 : 0
Opcode               : 0
Keywords             : -9223372036854775808
RecordId             : 1818
ProviderName         : Microsoft-Windows-Directory-Services-SAM
ProviderId           : 0d4fdc09-8c27-494a-bda0-505e4fd8adae
LogName              : System
ProcessId            : 964
ThreadId             : 968
MachineName          : ASUSROGGL553VD
UserId               : S-1-5-18
TimeCreated          : 3/29/2021 9:51:54 PM
ActivityId           : 90d1a858-24cc-0002-caa8-d190cc24d701
RelatedActivityId    :
ContainerLog         : System
MatchedQueryIds      : {}
Bookmark             : System.Diagnostics.Eventing.Reader.EventBookmark
LevelDisplayName     : Information
OpcodeDisplayName    : Info
TaskDisplayName      :
KeywordsDisplayNames : {}
Properties           : {System.Diagnostics.Eventing.Reader.EventProperty, System.Diagnostics.Eventing.Reader.EventProperty,
System.Diagnostics.Eventing.Reader.EventProperty}

Message              : Remote calls to the SAM database are being restricted using the default security descriptor:
O:SYG:SYD:(A;;RC;;;BA).
For more information please see http://go.microsoft.com/fwlink/?LinkId=787651.
Id                   : 16962
Version              : 0
Qualifiers           :
Level                : 4
Task                 : 0
Opcode               : 0
Keywords             : -9223372036854775808
RecordId             : 1817
ProviderName         : Microsoft-Windows-Directory-Services-SAM
ProviderId           : 0d4fdc09-8c27-494a-bda0-505e4fd8adae
LogName              : System
ProcessId            : 964
ThreadId             : 968
MachineName          : ASUSROGGL553VD
UserId               : S-1-5-18
TimeCreated          : 3/29/2021 9:51:54 PM
ActivityId           : 90d1a858-24cc-0002-caa8-d190cc24d701
RelatedActivityId    :
ContainerLog         : System
MatchedQueryIds      : {}
Bookmark             : System.Diagnostics.Eventing.Reader.EventBookmark
LevelDisplayName     : Information
OpcodeDisplayName    : Info
TaskDisplayName      :
KeywordsDisplayNames : {}
Properties           : {System.Diagnostics.Eventing.Reader.EventProperty}

Message              : Key Guard was started and will protect VSM-isolated keys.
Id                   : 18
Version              : 0
Qualifiers           :
Level                : 4
Task                 : 0
Opcode               : 0
Keywords             : 4611686018427387904
RecordId             : 1816
ProviderName         : Microsoft-Windows-Wininit
ProviderId           : 206f6dea-d3c5-4d10-bc72-989f03c8b84b
LogName              : System
ProcessId            : 840
ThreadId             : 844
MachineName          : ASUSROGGL553VD
UserId               : S-1-5-18
TimeCreated          : 3/29/2021 9:51:54 PM
ActivityId           :
RelatedActivityId    :
ContainerLog         : System
MatchedQueryIds      : {}
Bookmark             : System.Diagnostics.Eventing.Reader.EventBookmark
LevelDisplayName     : Information
OpcodeDisplayName    : Info
TaskDisplayName      :
KeywordsDisplayNames : {}
Properties           : {}

Message              : Secure Trustlet \??\C:\WINDOWS\system32\lsaiso.exe Id 1 and Pid 956 started with status STATUS_SUCCESS.
Id                   : 1
Version              : 0
Qualifiers           :
Level                : 4
Task                 : 0
Opcode               : 0
Keywords             : -9223301668110598144
RecordId             : 1815
ProviderName         : Microsoft-Windows-IsolatedUserMode
ProviderId           : 73a33ab2-1966-4999-8add-868c41415269
LogName              : System
ProcessId            : 840
ThreadId             : 844
MachineName          : ASUSROGGL553VD
UserId               : S-1-5-18
TimeCreated          : 3/29/2021 9:51:54 PM
ActivityId           :
RelatedActivityId    :
ContainerLog         : System
MatchedQueryIds      : {}
Bookmark             : System.Diagnostics.Eventing.Reader.EventBookmark
LevelDisplayName     : Information
OpcodeDisplayName    : Info
TaskDisplayName      :
KeywordsDisplayNames : {}
Properties           : {System.Diagnostics.Eventing.Reader.EventProperty, System.Diagnostics.Eventing.Reader.EventProperty,
System.Diagnostics.Eventing.Reader.EventProperty, System.Diagnostics.Eventing.Reader.EventProperty}

Message              : Secure Trustlet NULL Id 0 and Pid 0 started with status STATUS_SUCCESS.
Id                   : 5
Version              : 0
Qualifiers           :
Level                : 4
Task                 : 0
Opcode               : 0
Keywords             : -9223301668110598144
RecordId             : 1814
ProviderName         : Microsoft-Windows-IsolatedUserMode
ProviderId           : 73a33ab2-1966-4999-8add-868c41415269
LogName              : System
ProcessId            : 840
ThreadId             : 844
MachineName          : ASUSROGGL553VD
UserId               : S-1-5-18
TimeCreated          : 3/29/2021 9:51:54 PM
ActivityId           :
RelatedActivityId    :
ContainerLog         : System
MatchedQueryIds      : {}
Bookmark             : System.Diagnostics.Eventing.Reader.EventBookmark
LevelDisplayName     : Information
OpcodeDisplayName    : Info
TaskDisplayName      :
KeywordsDisplayNames : {}
Properties           : {System.Diagnostics.Eventing.Reader.EventProperty, System.Diagnostics.Eventing.Reader.EventProperty,
System.Diagnostics.Eventing.Reader.EventProperty, System.Diagnostics.Eventing.Reader.EventProperty}

Message              : Credential Guard configuration: 0x0, 0
Id                   : 14
Version              : 0
Qualifiers           :
Level                : 4
Task                 : 0
Opcode               : 0
Keywords             : 4611686018427387904
RecordId             : 1813
ProviderName         : Microsoft-Windows-Wininit
ProviderId           : 206f6dea-d3c5-4d10-bc72-989f03c8b84b
LogName              : System
ProcessId            : 840
ThreadId             : 844
MachineName          : ASUSROGGL553VD
UserId               : S-1-5-18
TimeCreated          : 3/29/2021 9:51:54 PM
ActivityId           :
RelatedActivityId    :
ContainerLog         : System
MatchedQueryIds      : {}
Bookmark             : System.Diagnostics.Eventing.Reader.EventBookmark
LevelDisplayName     : Information
OpcodeDisplayName    : Info
TaskDisplayName      :
KeywordsDisplayNames : {}
Properties           : {System.Diagnostics.Eventing.Reader.EventProperty, System.Diagnostics.Eventing.Reader.EventProperty}

Message              : The driver \Driver\WudfRd failed to load for the device
HID\VID_1532&PID_0510&MI_03&Col02\7&1cf20df&0&0001.
Id                   : 219
Version              : 0
Qualifiers           :
Level                : 3
Task                 : 212
Opcode               : 0
Keywords             : -9223372036854775808
RecordId             : 1812
ProviderName         : Microsoft-Windows-Kernel-PnP
ProviderId           : 9c205a39-1250-487d-abd7-e831c6290539
LogName              : System
ProcessId            : 4
ThreadId             : 256
MachineName          : ASUSROGGL553VD
UserId               : S-1-5-18
TimeCreated          : 3/29/2021 9:51:51 PM
ActivityId           :
RelatedActivityId    :
ContainerLog         : System
MatchedQueryIds      : {}
Bookmark             : System.Diagnostics.Eventing.Reader.EventBookmark
LevelDisplayName     : Warning
OpcodeDisplayName    : Info
TaskDisplayName      :
KeywordsDisplayNames : {}
Properties           : {System.Diagnostics.Eventing.Reader.EventProperty, System.Diagnostics.Eventing.Reader.EventProperty,
System.Diagnostics.Eventing.Reader.EventProperty, System.Diagnostics.Eventing.Reader.EventProperty...}

Message              : UMDF reflector is unable to connect to service control manager (SCM). This is expected during boot, when
SCM has not started yet. Will retry when it starts.
Id                   : 10118
Version              : 1
Qualifiers           :
Level                : 4
Task                 : 101
Opcode               : 0
Keywords             : 2305843009213693952
RecordId             : 1811
ProviderName         : Microsoft-Windows-DriverFrameworks-UserMode
ProviderId           : 2e35aaeb-857f-4beb-a418-2e6c0e54d988
LogName              : System
ProcessId            : 4
ThreadId             : 256
MachineName          : ASUSROGGL553VD
UserId               : S-1-5-18
TimeCreated          : 3/29/2021 9:51:51 PM
ActivityId           :
RelatedActivityId    :
ContainerLog         : System
MatchedQueryIds      : {}
Bookmark             : System.Diagnostics.Eventing.Reader.EventBookmark
LevelDisplayName     : Information
OpcodeDisplayName    : Info
TaskDisplayName      : Startup of the UMDF reflector
KeywordsDisplayNames : {}
Properties           : {}

Message              : The time zone information was refreshed with exit reason 0. Current time zone bias is -180.
Id                   : 24
Version              : 0
Qualifiers           :
Level                : 4
Task                 : 11
Opcode               : 0
Keywords             : -9223372036854775792
RecordId             : 1810
ProviderName         : Microsoft-Windows-Kernel-General
ProviderId           : a68ca8b7-004f-d7b6-a698-07e2de0f1f5d
LogName              : System
ProcessId            : 132
ThreadId             : 684
MachineName          : ASUSROGGL553VD
UserId               : S-1-5-18
TimeCreated          : 3/29/2021 9:51:50 PM
ActivityId           :
RelatedActivityId    :
ContainerLog         : System
MatchedQueryIds      : {}
Bookmark             : System.Diagnostics.Eventing.Reader.EventBookmark
LevelDisplayName     : Information
OpcodeDisplayName    : Info
TaskDisplayName      :
KeywordsDisplayNames : {Time}
Properties           : {System.Diagnostics.Eventing.Reader.EventProperty, System.Diagnostics.Eventing.Reader.EventProperty,
System.Diagnostics.Eventing.Reader.EventProperty, System.Diagnostics.Eventing.Reader.EventProperty...}

Message              : Volume \\?\Volume{db6d01c3-2c78-48d5-9534-20aa45f62586} (\Device\HarddiskVolume1) is healthy.  No action
is needed.
Id                   : 98
Version              : 0
Qualifiers           :
Level                : 4
Task                 : 0
Opcode               : 0
Keywords             : -9223372036854775806
RecordId             : 1809
ProviderName         : Microsoft-Windows-Ntfs
ProviderId           : 3ff37a1c-a68d-4d6e-8c9b-f79e8b16c482
LogName              : System
ProcessId            : 4
ThreadId             : 148
MachineName          : ASUSROGGL553VD
UserId               : S-1-5-18
TimeCreated          : 3/29/2021 9:51:49 PM
ActivityId           :
RelatedActivityId    :
ContainerLog         : System
MatchedQueryIds      : {}
Bookmark             : System.Diagnostics.Eventing.Reader.EventBookmark
LevelDisplayName     : Information
OpcodeDisplayName    : Info
TaskDisplayName      :
KeywordsDisplayNames : {}
Properties           : {System.Diagnostics.Eventing.Reader.EventProperty, System.Diagnostics.Eventing.Reader.EventProperty,
System.Diagnostics.Eventing.Reader.EventProperty}

Message              : 7010 - driver enabled (miniport init)
Id                   : 7010
Version              : 0
Qualifiers           : 16384
Level                : 4
Task                 : 0
Opcode               : 0
Keywords             : 36028797018963968
RecordId             : 1808
ProviderName         : Netwtw04
ProviderId           :
LogName              : System
ProcessId            : 4
ThreadId             : 76
MachineName          : ASUSROGGL553VD
UserId               :
TimeCreated          : 3/29/2021 9:51:49 PM
ActivityId           :
RelatedActivityId    :
ContainerLog         : System
MatchedQueryIds      : {}
Bookmark             : System.Diagnostics.Eventing.Reader.EventBookmark
LevelDisplayName     : Information
OpcodeDisplayName    :
TaskDisplayName      :
KeywordsDisplayNames : {Classic}
Properties           : {System.Diagnostics.Eventing.Reader.EventProperty, System.Diagnostics.Eventing.Reader.EventProperty,
System.Diagnostics.Eventing.Reader.EventProperty}

Message              : 7012 - radio OFF
Id                   : 7012
Version              : 0
Qualifiers           : 16384
Level                : 4
Task                 : 0
Opcode               : 0
Keywords             : 36028797018963968
RecordId             : 1807
ProviderName         : Netwtw04
ProviderId           :
LogName              : System
ProcessId            : 4
ThreadId             : 356
MachineName          : ASUSROGGL553VD
UserId               :
TimeCreated          : 3/29/2021 9:51:49 PM
ActivityId           :
RelatedActivityId    :
ContainerLog         : System
MatchedQueryIds      : {}
Bookmark             : System.Diagnostics.Eventing.Reader.EventBookmark
LevelDisplayName     : Information
OpcodeDisplayName    :
TaskDisplayName      :
KeywordsDisplayNames : {Classic}
Properties           : {System.Diagnostics.Eventing.Reader.EventProperty, System.Diagnostics.Eventing.Reader.EventProperty,
System.Diagnostics.Eventing.Reader.EventProperty}

Message              : 7001 - 11d Location MCC value (WRDD)
Id                   : 7001
Version              : 0
Qualifiers           : 16384
Level                : 4
Task                 : 0
Opcode               : 0
Keywords             : 36028797018963968
RecordId             : 1806
ProviderName         : Netwtw04
ProviderId           :
LogName              : System
ProcessId            : 4
ThreadId             : 488
MachineName          : ASUSROGGL553VD
UserId               :
TimeCreated          : 3/29/2021 9:51:49 PM
ActivityId           :
RelatedActivityId    :
ContainerLog         : System
MatchedQueryIds      : {}
Bookmark             : System.Diagnostics.Eventing.Reader.EventBookmark
LevelDisplayName     : Information
OpcodeDisplayName    :
TaskDisplayName      :
KeywordsDisplayNames : {Classic}
Properties           : {System.Diagnostics.Eventing.Reader.EventProperty, System.Diagnostics.Eventing.Reader.EventProperty,
System.Diagnostics.Eventing.Reader.EventProperty}

Message              : Intel(R) Management Engine Interface driver has started successfully.
Id                   : 2
Version              : 0
Qualifiers           : 16391
Level                : 4
Task                 : 0
Opcode               : 0
Keywords             : 36028797018963968
RecordId             : 1805
ProviderName         : MEIx64
ProviderId           :
LogName              : System
ProcessId            : 4
ThreadId             : 216
MachineName          : ASUSROGGL553VD
UserId               :
TimeCreated          : 3/29/2021 9:51:49 PM
ActivityId           :
RelatedActivityId    :
ContainerLog         : System
MatchedQueryIds      : {}
Bookmark             : System.Diagnostics.Eventing.Reader.EventBookmark
LevelDisplayName     : Information
OpcodeDisplayName    :
TaskDisplayName      :
KeywordsDisplayNames : {Classic}
Properties           : {System.Diagnostics.Eventing.Reader.EventProperty, System.Diagnostics.Eventing.Reader.EventProperty}

Message              : The \Device\NDMP1 service entered the Intel(R) Dual Band Wireless-AC 7265 state.
Id                   : 7036
Version              : 0
Qualifiers           : 16384
Level                : 4
Task                 : 0
Opcode               : 0
Keywords             : 36028797018963968
RecordId             : 1804
ProviderName         : Netwtw04
ProviderId           :
LogName              : System
ProcessId            : 4
ThreadId             : 432
MachineName          : ASUSROGGL553VD
UserId               :
TimeCreated          : 3/29/2021 9:51:49 PM
ActivityId           :
RelatedActivityId    :
ContainerLog         : System
MatchedQueryIds      : {}
Bookmark             : System.Diagnostics.Eventing.Reader.EventBookmark
LevelDisplayName     : Information
OpcodeDisplayName    :
TaskDisplayName      :
KeywordsDisplayNames : {Classic}
Properties           : {System.Diagnostics.Eventing.Reader.EventProperty, System.Diagnostics.Eventing.Reader.EventProperty,
System.Diagnostics.Eventing.Reader.EventProperty}

Message              : Active battery count change.
Id                   : 521
Version              : 0
Qualifiers           :
Level                : 4
Task                 : 220
Opcode               : 0
Keywords             : -9223372036854774780
RecordId             : 1803
ProviderName         : Microsoft-Windows-Kernel-Power
ProviderId           : 331c3b3a-2005-44c2-ac5e-77220c37d6b4
LogName              : System
ProcessId            : 4
ThreadId             : 432
MachineName          : ASUSROGGL553VD
UserId               : S-1-5-18
TimeCreated          : 3/29/2021 9:51:49 PM
ActivityId           :
RelatedActivityId    :
ContainerLog         : System
MatchedQueryIds      : {}
Bookmark             : System.Diagnostics.Eventing.Reader.EventBookmark
LevelDisplayName     : Information
OpcodeDisplayName    : Info
TaskDisplayName      :
KeywordsDisplayNames : {}
Properties           : {System.Diagnostics.Eventing.Reader.EventProperty, System.Diagnostics.Eventing.Reader.EventProperty,
System.Diagnostics.Eventing.Reader.EventProperty}

Message              : Active battery count change.
Id                   : 521
Version              : 0
Qualifiers           :
Level                : 4
Task                 : 220
Opcode               : 0
Keywords             : -9223372036854774780
RecordId             : 1802
ProviderName         : Microsoft-Windows-Kernel-Power
ProviderId           : 331c3b3a-2005-44c2-ac5e-77220c37d6b4
LogName              : System
ProcessId            : 4
ThreadId             : 356
MachineName          : ASUSROGGL553VD
UserId               : S-1-5-18
TimeCreated          : 3/29/2021 9:51:49 PM
ActivityId           :
RelatedActivityId    :
ContainerLog         : System
MatchedQueryIds      : {}
Bookmark             : System.Diagnostics.Eventing.Reader.EventBookmark
LevelDisplayName     : Information
OpcodeDisplayName    : Info
TaskDisplayName      :
KeywordsDisplayNames : {}
Properties           : {System.Diagnostics.Eventing.Reader.EventProperty, System.Diagnostics.Eventing.Reader.EventProperty,
System.Diagnostics.Eventing.Reader.EventProperty}

Message              : Processor 7 in group 0 exposes the following power management capabilities:

Idle state type: ACPI Idle (C) States (3 state(s))

Performance state type: ACPI Collaborative Processor Performance Control
Nominal Frequency (MHz): 2808
Maximum performance percentage: 135
Minimum performance percentage: 32
Minimum throttle percentage: 3
Id                   : 55
Version              : 0
Qualifiers           :
Level                : 4
Task                 : 47
Opcode               : 0
Keywords             : -9223372036854775808
RecordId             : 1801
ProviderName         : Microsoft-Windows-Kernel-Processor-Power
ProviderId           : 0f67e49f-fe51-4e9f-b490-6f2948cc6027
LogName              : System
ProcessId            : 4
ThreadId             : 256
MachineName          : ASUSROGGL553VD
UserId               : S-1-5-18
TimeCreated          : 3/29/2021 9:51:48 PM
ActivityId           :
RelatedActivityId    :
ContainerLog         : System
MatchedQueryIds      : {}
Bookmark             : System.Diagnostics.Eventing.Reader.EventBookmark
LevelDisplayName     : Information
OpcodeDisplayName    : Info
TaskDisplayName      :
KeywordsDisplayNames : {}
Properties           : {System.Diagnostics.Eventing.Reader.EventProperty, System.Diagnostics.Eventing.Reader.EventProperty,
System.Diagnostics.Eventing.Reader.EventProperty, System.Diagnostics.Eventing.Reader.EventProperty...}

Message              : Processor 5 in group 0 exposes the following power management capabilities:

Idle state type: ACPI Idle (C) States (3 state(s))

Performance state type: ACPI Collaborative Processor Performance Control
Nominal Frequency (MHz): 2808
Maximum performance percentage: 135
Minimum performance percentage: 32
Minimum throttle percentage: 3
Id                   : 55
Version              : 0
Qualifiers           :
Level                : 4
Task                 : 47
Opcode               : 0
Keywords             : -9223372036854775808
RecordId             : 1800
ProviderName         : Microsoft-Windows-Kernel-Processor-Power
ProviderId           : 0f67e49f-fe51-4e9f-b490-6f2948cc6027
LogName              : System
ProcessId            : 4
ThreadId             : 256
MachineName          : ASUSROGGL553VD
UserId               : S-1-5-18
TimeCreated          : 3/29/2021 9:51:48 PM
ActivityId           :
RelatedActivityId    :
ContainerLog         : System
MatchedQueryIds      : {}
Bookmark             : System.Diagnostics.Eventing.Reader.EventBookmark
LevelDisplayName     : Information
OpcodeDisplayName    : Info
TaskDisplayName      :
KeywordsDisplayNames : {}
Properties           : {System.Diagnostics.Eventing.Reader.EventProperty, System.Diagnostics.Eventing.Reader.EventProperty,
System.Diagnostics.Eventing.Reader.EventProperty, System.Diagnostics.Eventing.Reader.EventProperty...}

Message              : Processor 3 in group 0 exposes the following power management capabilities:

Idle state type: ACPI Idle (C) States (3 state(s))

Performance state type: ACPI Collaborative Processor Performance Control
Nominal Frequency (MHz): 2808
Maximum performance percentage: 135
Minimum performance percentage: 32
Minimum throttle percentage: 3
Id                   : 55
Version              : 0
Qualifiers           :
Level                : 4
Task                 : 47
Opcode               : 0
Keywords             : -9223372036854775808
RecordId             : 1799
ProviderName         : Microsoft-Windows-Kernel-Processor-Power
ProviderId           : 0f67e49f-fe51-4e9f-b490-6f2948cc6027
LogName              : System
ProcessId            : 4
ThreadId             : 256
MachineName          : ASUSROGGL553VD
UserId               : S-1-5-18
TimeCreated          : 3/29/2021 9:51:48 PM
ActivityId           :
RelatedActivityId    :
ContainerLog         : System
MatchedQueryIds      : {}
Bookmark             : System.Diagnostics.Eventing.Reader.EventBookmark
LevelDisplayName     : Information
OpcodeDisplayName    : Info
TaskDisplayName      :
KeywordsDisplayNames : {}
Properties           : {System.Diagnostics.Eventing.Reader.EventProperty, System.Diagnostics.Eventing.Reader.EventProperty,
System.Diagnostics.Eventing.Reader.EventProperty, System.Diagnostics.Eventing.Reader.EventProperty...}

Message              : Processor 1 in group 0 exposes the following power management capabilities:

Idle state type: ACPI Idle (C) States (3 state(s))

Performance state type: ACPI Collaborative Processor Performance Control
Nominal Frequency (MHz): 2808
Maximum performance percentage: 135
Minimum performance percentage: 32
Minimum throttle percentage: 3
Id                   : 55
Version              : 0
Qualifiers           :
Level                : 4
Task                 : 47
Opcode               : 0
Keywords             : -9223372036854775808
RecordId             : 1798
ProviderName         : Microsoft-Windows-Kernel-Processor-Power
ProviderId           : 0f67e49f-fe51-4e9f-b490-6f2948cc6027
LogName              : System
ProcessId            : 4
ThreadId             : 256
MachineName          : ASUSROGGL553VD
UserId               : S-1-5-18
TimeCreated          : 3/29/2021 9:51:48 PM
ActivityId           :
RelatedActivityId    :
ContainerLog         : System
MatchedQueryIds      : {}
Bookmark             : System.Diagnostics.Eventing.Reader.EventBookmark
LevelDisplayName     : Information
OpcodeDisplayName    : Info
TaskDisplayName      :
KeywordsDisplayNames : {}
Properties           : {System.Diagnostics.Eventing.Reader.EventProperty, System.Diagnostics.Eventing.Reader.EventProperty,
System.Diagnostics.Eventing.Reader.EventProperty, System.Diagnostics.Eventing.Reader.EventProperty...}

Message              : Processor 6 in group 0 exposes the following power management capabilities:

Idle state type: ACPI Idle (C) States (3 state(s))

