Message              : File System Filter 'bindflt' (10.0, ?1986?-?11?-?02T05:57:03.000000000Z) has successfully loaded and
registered with Filter Manager.
Id                   : 6
Version              : 0
Qualifiers           :
Level                : 4
Task                 : 0
Opcode               : 0
Keywords             : -9223372036854775808
RecordId             : 1720
ProviderName         : Microsoft-Windows-FilterManager
ProviderId           : f3c5e28e-63f6-49c7-a204-e48a1bc4b09d
LogName              : System
ProcessId            : 4
ThreadId             : 148
MachineName          : ASUSROGGL553VD
UserId               : S-1-5-18
TimeCreated          : 3/29/2021 9:19:37 PM
ActivityId           :
RelatedActivityId    :
ContainerLog         : System
MatchedQueryIds      : {}
Bookmark             : System.Diagnostics.Eventing.Reader.EventBookmark
LevelDisplayName     : Information
OpcodeDisplayName    : Info
TaskDisplayName      :
KeywordsDisplayNames : {}
Properties           : {System.Diagnostics.Eventing.Reader.EventProperty, System.Diagnostics.Eventing.Reader.EventProperty,
System.Diagnostics.Eventing.Reader.EventProperty, System.Diagnostics.Eventing.Reader.EventProperty...}

Message              : File System Filter 'storqosflt' (10.0, ?2007?-?04?-?09T21:08:30.000000000Z) has successfully loaded and
registered with Filter Manager.
Id                   : 6
Version              : 0
Qualifiers           :
Level                : 4
Task                 : 0
Opcode               : 0
Keywords             : -9223372036854775808
RecordId             : 1719
ProviderName         : Microsoft-Windows-FilterManager
ProviderId           : f3c5e28e-63f6-49c7-a204-e48a1bc4b09d
LogName              : System
ProcessId            : 4
ThreadId             : 148
MachineName          : ASUSROGGL553VD
UserId               : S-1-5-18
TimeCreated          : 3/29/2021 9:19:37 PM
ActivityId           :
RelatedActivityId    :
ContainerLog         : System
MatchedQueryIds      : {}
Bookmark             : System.Diagnostics.Eventing.Reader.EventBookmark
LevelDisplayName     : Information
OpcodeDisplayName    : Info
TaskDisplayName      :
KeywordsDisplayNames : {}
Properties           : {System.Diagnostics.Eventing.Reader.EventProperty, System.Diagnostics.Eventing.Reader.EventProperty,
System.Diagnostics.Eventing.Reader.EventProperty, System.Diagnostics.Eventing.Reader.EventProperty...}

Message              : File System Filter 'CldFlt' (10.0, ?2001?-?05?-?11T11:54:57.000000000Z) has successfully loaded and
registered with Filter Manager.
Id                   : 6
Version              : 0
Qualifiers           :
Level                : 4
Task                 : 0
Opcode               : 0
Keywords             : -9223372036854775808
RecordId             : 1718
ProviderName         : Microsoft-Windows-FilterManager
ProviderId           : f3c5e28e-63f6-49c7-a204-e48a1bc4b09d
LogName              : System
ProcessId            : 4
ThreadId             : 32
MachineName          : ASUSROGGL553VD
UserId               : S-1-5-18
TimeCreated          : 3/29/2021 9:19:37 PM
ActivityId           :
RelatedActivityId    :
ContainerLog         : System
MatchedQueryIds      : {}
Bookmark             : System.Diagnostics.Eventing.Reader.EventBookmark
LevelDisplayName     : Information
OpcodeDisplayName    : Info
TaskDisplayName      :
KeywordsDisplayNames : {}
Properties           : {System.Diagnostics.Eventing.Reader.EventProperty, System.Diagnostics.Eventing.Reader.EventProperty,
System.Diagnostics.Eventing.Reader.EventProperty, System.Diagnostics.Eventing.Reader.EventProperty...}

Message              : File System Filter 'CldFlt' (Version 10.0, ?2001?-?05?-?11T11:54:57.000000000Z) unloaded successfully.
Id                   : 1
Version              : 0
Qualifiers           :
Level                : 4
Task                 : 0
Opcode               : 0
Keywords             : -9223372036854775808
RecordId             : 1717
ProviderName         : Microsoft-Windows-FilterManager
ProviderId           : f3c5e28e-63f6-49c7-a204-e48a1bc4b09d
LogName              : System
ProcessId            : 4
ThreadId             : 32
MachineName          : ASUSROGGL553VD
UserId               : S-1-5-18
TimeCreated          : 3/29/2021 9:19:37 PM
ActivityId           :
RelatedActivityId    :
ContainerLog         : System
MatchedQueryIds      : {}
Bookmark             : System.Diagnostics.Eventing.Reader.EventBookmark
LevelDisplayName     : Information
OpcodeDisplayName    : Info
TaskDisplayName      :
KeywordsDisplayNames : {}
Properties           : {System.Diagnostics.Eventing.Reader.EventProperty, System.Diagnostics.Eventing.Reader.EventProperty,
System.Diagnostics.Eventing.Reader.EventProperty, System.Diagnostics.Eventing.Reader.EventProperty...}

Message              : File System Filter 'CldFlt' (10.0, ?2001?-?05?-?11T11:54:57.000000000Z) has successfully loaded and
registered with Filter Manager.
Id                   : 6
Version              : 0
Qualifiers           :
Level                : 4
Task                 : 0
Opcode               : 0
Keywords             : -9223372036854775808
RecordId             : 1716
ProviderName         : Microsoft-Windows-FilterManager
ProviderId           : f3c5e28e-63f6-49c7-a204-e48a1bc4b09d
LogName              : System
ProcessId            : 4
ThreadId             : 32
MachineName          : ASUSROGGL553VD
UserId               : S-1-5-18
TimeCreated          : 3/29/2021 9:19:37 PM
ActivityId           :
RelatedActivityId    :
ContainerLog         : System
MatchedQueryIds      : {}
Bookmark             : System.Diagnostics.Eventing.Reader.EventBookmark
LevelDisplayName     : Information
OpcodeDisplayName    : Info
TaskDisplayName      :
KeywordsDisplayNames : {}
Properties           : {System.Diagnostics.Eventing.Reader.EventProperty, System.Diagnostics.Eventing.Reader.EventProperty,
System.Diagnostics.Eventing.Reader.EventProperty, System.Diagnostics.Eventing.Reader.EventProperty...}

Message              : File System Filter 'luafv' (10.0, ?2041?-?09?-?19T08:13:33.000000000Z) has successfully loaded and
registered with Filter Manager.
Id                   : 6
Version              : 0
Qualifiers           :
Level                : 4
Task                 : 0
Opcode               : 0
Keywords             : -9223372036854775808
RecordId             : 1715
ProviderName         : Microsoft-Windows-FilterManager
ProviderId           : f3c5e28e-63f6-49c7-a204-e48a1bc4b09d
LogName              : System
ProcessId            : 4
ThreadId             : 32
MachineName          : ASUSROGGL553VD
UserId               : S-1-5-18
TimeCreated          : 3/29/2021 9:19:37 PM
ActivityId           :
RelatedActivityId    :
ContainerLog         : System
MatchedQueryIds      : {}
Bookmark             : System.Diagnostics.Eventing.Reader.EventBookmark
LevelDisplayName     : Information
OpcodeDisplayName    : Info
TaskDisplayName      :
KeywordsDisplayNames : {}
Properties           : {System.Diagnostics.Eventing.Reader.EventProperty, System.Diagnostics.Eventing.Reader.EventProperty,
System.Diagnostics.Eventing.Reader.EventProperty, System.Diagnostics.Eventing.Reader.EventProperty...}

Message              : File System Filter 'wcifs' (10.0, ?1971?-?08?-?10T14:27:38.000000000Z) has successfully loaded and
registered with Filter Manager.
Id                   : 6
Version              : 0
Qualifiers           :
Level                : 4
Task                 : 0
Opcode               : 0
Keywords             : -9223372036854775808
RecordId             : 1714
ProviderName         : Microsoft-Windows-FilterManager
ProviderId           : f3c5e28e-63f6-49c7-a204-e48a1bc4b09d
LogName              : System
ProcessId            : 4
ThreadId             : 460
MachineName          : ASUSROGGL553VD
UserId               : S-1-5-18
TimeCreated          : 3/29/2021 9:19:37 PM
ActivityId           :
RelatedActivityId    :
ContainerLog         : System
MatchedQueryIds      : {}
Bookmark             : System.Diagnostics.Eventing.Reader.EventBookmark
LevelDisplayName     : Information
OpcodeDisplayName    : Info
TaskDisplayName      :
KeywordsDisplayNames : {}
Properties           : {System.Diagnostics.Eventing.Reader.EventProperty, System.Diagnostics.Eventing.Reader.EventProperty,
System.Diagnostics.Eventing.Reader.EventProperty, System.Diagnostics.Eventing.Reader.EventProperty...}

Message              : The access history in hive \SystemRoot\System32\Config\BBI was cleared updating 460 keys and creating 90
modified pages.
Id                   : 16
Version              : 0
Qualifiers           :
Level                : 4
Task                 : 0
Opcode               : 0
Keywords             : -9223372036854775808
RecordId             : 1713
ProviderName         : Microsoft-Windows-Kernel-General
ProviderId           : a68ca8b7-004f-d7b6-a698-07e2de0f1f5d
LogName              : System
ProcessId            : 636
ThreadId             : 1292
MachineName          : ASUSROGGL553VD
UserId               : S-1-5-18
TimeCreated          : 3/29/2021 9:19:37 PM
ActivityId           :
RelatedActivityId    :
ContainerLog         : System
MatchedQueryIds      : {}
Bookmark             : System.Diagnostics.Eventing.Reader.EventBookmark
LevelDisplayName     : Information
OpcodeDisplayName    : Info
TaskDisplayName      :
KeywordsDisplayNames : {}
Properties           : {System.Diagnostics.Eventing.Reader.EventProperty, System.Diagnostics.Eventing.Reader.EventProperty,
System.Diagnostics.Eventing.Reader.EventProperty, System.Diagnostics.Eventing.Reader.EventProperty}

Message              : The device HID-compliant headset (location (unknown)) is offline due to a user-mode driver crash.
Windows will attempt to restart the device 5 more times.  Please contact the device manufacturer for more
information about this problem.
Id                   : 10111
Version              : 1
Qualifiers           :
Level                : 1
Task                 : 64
Opcode               : 0
Keywords             : 2305843009213693952
RecordId             : 1712
ProviderName         : Microsoft-Windows-DriverFrameworks-UserMode
ProviderId           : 2e35aaeb-857f-4beb-a418-2e6c0e54d988
LogName              : System
ProcessId            : 916
ThreadId             : 728
MachineName          : ASUSROGGL553VD
UserId               : S-1-5-18
TimeCreated          : 3/29/2021 9:19:35 PM
ActivityId           :
RelatedActivityId    :
ContainerLog         : System
MatchedQueryIds      : {}
Bookmark             : System.Diagnostics.Eventing.Reader.EventBookmark
LevelDisplayName     : Critical
OpcodeDisplayName    : Info
TaskDisplayName      : User-mode Driver problems.
KeywordsDisplayNames : {}
Properties           : {System.Diagnostics.Eventing.Reader.EventProperty, System.Diagnostics.Eventing.Reader.EventProperty,
System.Diagnostics.Eventing.Reader.EventProperty, System.Diagnostics.Eventing.Reader.EventProperty...}

Message              : A problem has occurred with one or more user-mode drivers and the hosting process has been terminated.
This may temporarily interrupt your ability to access the devices.
Id                   : 10110
Version              : 1
Qualifiers           :
Level                : 1
Task                 : 64
Opcode               : 0
Keywords             : 2305843009213693952
RecordId             : 1711
ProviderName         : Microsoft-Windows-DriverFrameworks-UserMode
ProviderId           : 2e35aaeb-857f-4beb-a418-2e6c0e54d988
LogName              : System
ProcessId            : 916
ThreadId             : 728
MachineName          : ASUSROGGL553VD
UserId               : S-1-5-18
TimeCreated          : 3/29/2021 9:19:35 PM
ActivityId           :
RelatedActivityId    :
ContainerLog         : System
MatchedQueryIds      : {}
Bookmark             : System.Diagnostics.Eventing.Reader.EventBookmark
LevelDisplayName     : Critical
OpcodeDisplayName    : Info
TaskDisplayName      : User-mode Driver problems.
KeywordsDisplayNames : {}
Properties           : {System.Diagnostics.Eventing.Reader.EventProperty, System.Diagnostics.Eventing.Reader.EventProperty,
System.Diagnostics.Eventing.Reader.EventProperty, System.Diagnostics.Eventing.Reader.EventProperty...}

Message              : The access history in hive \??\C:\WINDOWS\AppCompat\Programs\Amcache.hve was cleared updating 3157 keys
and creating 1194 modified pages.
Id                   : 16
Version              : 0
Qualifiers           :
Level                : 4
Task                 : 0
Opcode               : 0
Keywords             : -9223372036854775808
RecordId             : 1710
ProviderName         : Microsoft-Windows-Kernel-General
ProviderId           : a68ca8b7-004f-d7b6-a698-07e2de0f1f5d
LogName              : System
ProcessId            : 916
ThreadId             : 728
MachineName          : ASUSROGGL553VD
UserId               : S-1-5-18
TimeCreated          : 3/29/2021 9:19:35 PM
ActivityId           :
RelatedActivityId    :
ContainerLog         : System
MatchedQueryIds      : {}
Bookmark             : System.Diagnostics.Eventing.Reader.EventBookmark
LevelDisplayName     : Information
OpcodeDisplayName    : Info
TaskDisplayName      :
KeywordsDisplayNames : {}
Properties           : {System.Diagnostics.Eventing.Reader.EventProperty, System.Diagnostics.Eventing.Reader.EventProperty,
System.Diagnostics.Eventing.Reader.EventProperty, System.Diagnostics.Eventing.Reader.EventProperty}

Message              : The access history in hive \??\C:\WINDOWS\ServiceProfiles\NetworkService\NTUSER.DAT was cleared updating
656 keys and creating 36 modified pages.
Id                   : 16
Version              : 0
Qualifiers           :
Level                : 4
Task                 : 0
Opcode               : 0
Keywords             : -9223372036854775808
RecordId             : 1709
ProviderName         : Microsoft-Windows-Kernel-General
ProviderId           : a68ca8b7-004f-d7b6-a698-07e2de0f1f5d
LogName              : System
ProcessId            : 916
ThreadId             : 920
MachineName          : ASUSROGGL553VD
UserId               : S-1-5-18
TimeCreated          : 3/29/2021 9:18:34 PM
ActivityId           :
RelatedActivityId    :
ContainerLog         : System
MatchedQueryIds      : {}
Bookmark             : System.Diagnostics.Eventing.Reader.EventBookmark
LevelDisplayName     : Information
OpcodeDisplayName    : Info
TaskDisplayName      :
KeywordsDisplayNames : {}
Properties           : {System.Diagnostics.Eventing.Reader.EventProperty, System.Diagnostics.Eventing.Reader.EventProperty,
System.Diagnostics.Eventing.Reader.EventProperty, System.Diagnostics.Eventing.Reader.EventProperty}

Message              : Touch/Touchpad Hardware Quality Assurance verification succeeded.
Id                   : 267
Version              : 0
Qualifiers           : 16384
Level                : 4
Task                 : 0
Opcode               : 0
Keywords             : 36028797018963968
RecordId             : 1708
ProviderName         : Win32k
ProviderId           :
LogName              : System
ProcessId            : 4
ThreadId             : 376
MachineName          : ASUSROGGL553VD
UserId               :
TimeCreated          : 3/29/2021 9:18:34 PM
ActivityId           :
RelatedActivityId    :
ContainerLog         : System
MatchedQueryIds      : {}
Bookmark             : System.Diagnostics.Eventing.Reader.EventBookmark
LevelDisplayName     : Information
OpcodeDisplayName    :
TaskDisplayName      :
KeywordsDisplayNames : {Classic}
Properties           : {System.Diagnostics.Eventing.Reader.EventProperty, System.Diagnostics.Eventing.Reader.EventProperty}

Message              : The access history in hive \??\C:\WINDOWS\ServiceProfiles\LocalService\NTUSER.DAT was cleared updating
647 keys and creating 35 modified pages.
Id                   : 16
Version              : 0
Qualifiers           :
Level                : 4
Task                 : 0
Opcode               : 0
Keywords             : -9223372036854775808
RecordId             : 1707
ProviderName         : Microsoft-Windows-Kernel-General
ProviderId           : a68ca8b7-004f-d7b6-a698-07e2de0f1f5d
LogName              : System
ProcessId            : 916
ThreadId             : 728
MachineName          : ASUSROGGL553VD
UserId               : S-1-5-18
TimeCreated          : 3/29/2021 9:18:34 PM
ActivityId           :
RelatedActivityId    :
ContainerLog         : System
MatchedQueryIds      : {}
Bookmark             : System.Diagnostics.Eventing.Reader.EventBookmark
LevelDisplayName     : Information
OpcodeDisplayName    : Info
TaskDisplayName      :
KeywordsDisplayNames : {}
Properties           : {System.Diagnostics.Eventing.Reader.EventProperty, System.Diagnostics.Eventing.Reader.EventProperty,
System.Diagnostics.Eventing.Reader.EventProperty, System.Diagnostics.Eventing.Reader.EventProperty}

Message              : The domain is configured with the following minimum password length-related settings.

MinimumPasswordLength: 0

RelaxMinimumPasswordLengthLimits: 0

MinimumPasswordLengthAudit: -1

For more information see https://go.microsoft.com/fwlink/?LinkId=2097191.

Id                   : 16977
Version              : 0
Qualifiers           :
Level                : 4
Task                 : 0
Opcode               : 0
Keywords             : -9223372036854775808
RecordId             : 1706
ProviderName         : Microsoft-Windows-Directory-Services-SAM
ProviderId           : 0d4fdc09-8c27-494a-bda0-505e4fd8adae
LogName              : System
ProcessId            : 944
ThreadId             : 948
MachineName          : ASUSROGGL553VD
UserId               : S-1-5-18
TimeCreated          : 3/29/2021 9:18:34 PM
ActivityId           : e57c2c2c-24c7-0004-962c-7ce5c724d701
RelatedActivityId    :
ContainerLog         : System
MatchedQueryIds      : {}
Bookmark             : System.Diagnostics.Eventing.Reader.EventBookmark
LevelDisplayName     : Information
OpcodeDisplayName    : Info
TaskDisplayName      :
KeywordsDisplayNames : {}
Properties           : {System.Diagnostics.Eventing.Reader.EventProperty, System.Diagnostics.Eventing.Reader.EventProperty,
System.Diagnostics.Eventing.Reader.EventProperty}

Message              : Remote calls to the SAM database are being restricted using the default security descriptor:
O:SYG:SYD:(A;;RC;;;BA).
For more information please see http://go.microsoft.com/fwlink/?LinkId=787651.
Id                   : 16962
Version              : 0
Qualifiers           :
Level                : 4
Task                 : 0
Opcode               : 0
Keywords             : -9223372036854775808
RecordId             : 1705
ProviderName         : Microsoft-Windows-Directory-Services-SAM
ProviderId           : 0d4fdc09-8c27-494a-bda0-505e4fd8adae
LogName              : System
ProcessId            : 944
ThreadId             : 948
MachineName          : ASUSROGGL553VD
UserId               : S-1-5-18
TimeCreated          : 3/29/2021 9:18:34 PM
ActivityId           : e57c2c2c-24c7-0004-962c-7ce5c724d701
RelatedActivityId    :
ContainerLog         : System
MatchedQueryIds      : {}
Bookmark             : System.Diagnostics.Eventing.Reader.EventBookmark
LevelDisplayName     : Information
OpcodeDisplayName    : Info
TaskDisplayName      :
KeywordsDisplayNames : {}
Properties           : {System.Diagnostics.Eventing.Reader.EventProperty}

Message              : Key Guard was started and will protect VSM-isolated keys.
Id                   : 18
Version              : 0
Qualifiers           :
Level                : 4
Task                 : 0
Opcode               : 0
Keywords             : 4611686018427387904
RecordId             : 1704
ProviderName         : Microsoft-Windows-Wininit
ProviderId           : 206f6dea-d3c5-4d10-bc72-989f03c8b84b
LogName              : System
ProcessId            : 844
ThreadId             : 848
MachineName          : ASUSROGGL553VD
UserId               : S-1-5-18
TimeCreated          : 3/29/2021 9:18:33 PM
ActivityId           :
RelatedActivityId    :
ContainerLog         : System
MatchedQueryIds      : {}
Bookmark             : System.Diagnostics.Eventing.Reader.EventBookmark
LevelDisplayName     : Information
OpcodeDisplayName    : Info
TaskDisplayName      :
KeywordsDisplayNames : {}
Properties           : {}

Message              : Secure Trustlet \??\C:\WINDOWS\system32\lsaiso.exe Id 1 and Pid 936 started with status STATUS_SUCCESS.
Id                   : 1
Version              : 0
Qualifiers           :
Level                : 4
Task                 : 0
Opcode               : 0
Keywords             : -9223301668110598144
RecordId             : 1703
ProviderName         : Microsoft-Windows-IsolatedUserMode
ProviderId           : 73a33ab2-1966-4999-8add-868c41415269
LogName              : System
ProcessId            : 844
ThreadId             : 848
MachineName          : ASUSROGGL553VD
UserId               : S-1-5-18
TimeCreated          : 3/29/2021 9:18:33 PM
ActivityId           :
RelatedActivityId    :
ContainerLog         : System
MatchedQueryIds      : {}
Bookmark             : System.Diagnostics.Eventing.Reader.EventBookmark
LevelDisplayName     : Information
OpcodeDisplayName    : Info
TaskDisplayName      :
KeywordsDisplayNames : {}
Properties           : {System.Diagnostics.Eventing.Reader.EventProperty, System.Diagnostics.Eventing.Reader.EventProperty,
System.Diagnostics.Eventing.Reader.EventProperty, System.Diagnostics.Eventing.Reader.EventProperty}

Message              : Secure Trustlet NULL Id 0 and Pid 0 started with status STATUS_SUCCESS.
Id                   : 5
Version              : 0
Qualifiers           :
Level                : 4
Task                 : 0
Opcode               : 0
Keywords             : -9223301668110598144
RecordId             : 1702
ProviderName         : Microsoft-Windows-IsolatedUserMode
ProviderId           : 73a33ab2-1966-4999-8add-868c41415269
LogName              : System
ProcessId            : 844
ThreadId             : 848
MachineName          : ASUSROGGL553VD
UserId               : S-1-5-18
TimeCreated          : 3/29/2021 9:18:33 PM
ActivityId           :
RelatedActivityId    :
ContainerLog         : System
MatchedQueryIds      : {}
Bookmark             : System.Diagnostics.Eventing.Reader.EventBookmark
LevelDisplayName     : Information
OpcodeDisplayName    : Info
TaskDisplayName      :
KeywordsDisplayNames : {}
Properties           : {System.Diagnostics.Eventing.Reader.EventProperty, System.Diagnostics.Eventing.Reader.EventProperty,
System.Diagnostics.Eventing.Reader.EventProperty, System.Diagnostics.Eventing.Reader.EventProperty}

Message              : Credential Guard configuration: 0x0, 0
Id                   : 14
Version              : 0
Qualifiers           :
Level                : 4
Task                 : 0
Opcode               : 0
Keywords             : 4611686018427387904
RecordId             : 1701
ProviderName         : Microsoft-Windows-Wininit
ProviderId           : 206f6dea-d3c5-4d10-bc72-989f03c8b84b
LogName              : System
ProcessId            : 844
ThreadId             : 848
MachineName          : ASUSROGGL553VD
UserId               : S-1-5-18
TimeCreated          : 3/29/2021 9:18:33 PM
ActivityId           :
RelatedActivityId    :
ContainerLog         : System
MatchedQueryIds      : {}
Bookmark             : System.Diagnostics.Eventing.Reader.EventBookmark
LevelDisplayName     : Information
OpcodeDisplayName    : Info
TaskDisplayName      :
KeywordsDisplayNames : {}
Properties           : {System.Diagnostics.Eventing.Reader.EventProperty, System.Diagnostics.Eventing.Reader.EventProperty}

Message              : The time zone information was refreshed with exit reason 0. Current time zone bias is -180.
Id                   : 24
Version              : 0
Qualifiers           :
Level                : 4
Task                 : 11
Opcode               : 0
Keywords             : -9223372036854775792
RecordId             : 1700
ProviderName         : Microsoft-Windows-Kernel-General
ProviderId           : a68ca8b7-004f-d7b6-a698-07e2de0f1f5d
LogName              : System
ProcessId            : 132
ThreadId             : 716
MachineName          : ASUSROGGL553VD
UserId               : S-1-5-18
TimeCreated          : 3/29/2021 9:18:30 PM
ActivityId           :
RelatedActivityId    :
ContainerLog         : System
MatchedQueryIds      : {}
Bookmark             : System.Diagnostics.Eventing.Reader.EventBookmark
LevelDisplayName     : Information
OpcodeDisplayName    : Info
TaskDisplayName      :
KeywordsDisplayNames : {Time}
Properties           : {System.Diagnostics.Eventing.Reader.EventProperty, System.Diagnostics.Eventing.Reader.EventProperty,
System.Diagnostics.Eventing.Reader.EventProperty, System.Diagnostics.Eventing.Reader.EventProperty...}

Message              : Hive \SystemRoot\System32\Config\SOFTWARE was reorganized with a starting size of 121548800 bytes and an
ending size of 113897472 bytes.
Id                   : 15
Version              : 0
Qualifiers           :
Level                : 4
Task                 : 10
Opcode               : 0
Keywords             : -9223372036854775808
RecordId             : 1699
ProviderName         : Microsoft-Windows-Kernel-General
ProviderId           : a68ca8b7-004f-d7b6-a698-07e2de0f1f5d
LogName              : System
ProcessId            : 132
ThreadId             : 684
MachineName          : ASUSROGGL553VD
UserId               : S-1-5-18
TimeCreated          : 3/29/2021 9:18:30 PM
ActivityId           :
RelatedActivityId    :
ContainerLog         : System
MatchedQueryIds      : {}
Bookmark             : System.Diagnostics.Eventing.Reader.EventBookmark
LevelDisplayName     : Information
OpcodeDisplayName    : Info
TaskDisplayName      :
KeywordsDisplayNames : {}
Properties           : {System.Diagnostics.Eventing.Reader.EventProperty, System.Diagnostics.Eventing.Reader.EventProperty,
System.Diagnostics.Eventing.Reader.EventProperty, System.Diagnostics.Eventing.Reader.EventProperty}

Message              : The access history in hive \SystemRoot\System32\Config\DEFAULT was cleared updating 588 keys and creating
65 modified pages.
Id                   : 16
Version              : 0
Qualifiers           :
Level                : 4
Task                 : 0
Opcode               : 0
Keywords             : -9223372036854775808
RecordId             : 1698
ProviderName         : Microsoft-Windows-Kernel-General
ProviderId           : a68ca8b7-004f-d7b6-a698-07e2de0f1f5d
LogName              : System
ProcessId            : 132
ThreadId             : 692
MachineName          : ASUSROGGL553VD
UserId               : S-1-5-18
TimeCreated          : 3/29/2021 9:18:27 PM
ActivityId           :
RelatedActivityId    :
ContainerLog         : System
MatchedQueryIds      : {}
Bookmark             : System.Diagnostics.Eventing.Reader.EventBookmark
LevelDisplayName     : Information
OpcodeDisplayName    : Info
TaskDisplayName      :
KeywordsDisplayNames : {}
Properties           : {System.Diagnostics.Eventing.Reader.EventProperty, System.Diagnostics.Eventing.Reader.EventProperty,
System.Diagnostics.Eventing.Reader.EventProperty, System.Diagnostics.Eventing.Reader.EventProperty}

Message              : The access history in hive \SystemRoot\System32\Config\SECURITY was cleared updating 110 keys and
creating 4 modified pages.
Id                   : 16
Version              : 0
Qualifiers           :
Level                : 4
Task                 : 0
Opcode               : 0
Keywords             : -9223372036854775808
RecordId             : 1697
ProviderName         : Microsoft-Windows-Kernel-General
ProviderId           : a68ca8b7-004f-d7b6-a698-07e2de0f1f5d
LogName              : System
ProcessId            : 132
ThreadId             : 680
MachineName          : ASUSROGGL553VD
UserId               : S-1-5-18
TimeCreated          : 3/29/2021 9:18:27 PM
ActivityId           :
RelatedActivityId    :
ContainerLog         : System
MatchedQueryIds      : {}
Bookmark             : System.Diagnostics.Eventing.Reader.EventBookmark
LevelDisplayName     : Information
OpcodeDisplayName    : Info
TaskDisplayName      :
KeywordsDisplayNames : {}
Properties           : {System.Diagnostics.Eventing.Reader.EventProperty, System.Diagnostics.Eventing.Reader.EventProperty,
System.Diagnostics.Eventing.Reader.EventProperty, System.Diagnostics.Eventing.Reader.EventProperty}

Message              : The access history in hive \SystemRoot\System32\Config\SAM was cleared updating 75 keys and creating 8
modified pages.
Id                   : 16
Version              : 0
Qualifiers           :
Level                : 4
Task                 : 0
Opcode               : 0
Keywords             : -9223372036854775808
RecordId             : 1696
ProviderName         : Microsoft-Windows-Kernel-General
ProviderId           : a68ca8b7-004f-d7b6-a698-07e2de0f1f5d
LogName              : System
ProcessId            : 132
ThreadId             : 696
MachineName          : ASUSROGGL553VD
UserId               : S-1-5-18
TimeCreated          : 3/29/2021 9:18:27 PM
ActivityId           :
RelatedActivityId    :
ContainerLog         : System
MatchedQueryIds      : {}
Bookmark             : System.Diagnostics.Eventing.Reader.EventBookmark
LevelDisplayName     : Information
OpcodeDisplayName    : Info
TaskDisplayName      :
KeywordsDisplayNames : {}
Properties           : {System.Diagnostics.Eventing.Reader.EventProperty, System.Diagnostics.Eventing.Reader.EventProperty,
System.Diagnostics.Eventing.Reader.EventProperty, System.Diagnostics.Eventing.Reader.EventProperty}

Message              : Volume \\?\Volume{db6d01c3-2c78-48d5-9534-20aa45f62586} (\Device\HarddiskVolume1) is healthy.  No action
is needed.
Id                   : 98
Version              : 0
Qualifiers           :
Level                : 4
Task                 : 0
Opcode               : 0
Keywords             : -9223372036854775806
RecordId             : 1695
ProviderName         : Microsoft-Windows-Ntfs
ProviderId           : 3ff37a1c-a68d-4d6e-8c9b-f79e8b16c482
LogName              : System
ProcessId            : 4
ThreadId             : 372
MachineName          : ASUSROGGL553VD
UserId               : S-1-5-18
TimeCreated          : 3/29/2021 9:18:27 PM
ActivityId           :
RelatedActivityId    :
ContainerLog         : System
MatchedQueryIds      : {}
Bookmark             : System.Diagnostics.Eventing.Reader.EventBookmark
LevelDisplayName     : Information
OpcodeDisplayName    : Info
TaskDisplayName      :
KeywordsDisplayNames : {}
Properties           : {System.Diagnostics.Eventing.Reader.EventProperty, System.Diagnostics.Eventing.Reader.EventProperty,
System.Diagnostics.Eventing.Reader.EventProperty}

Message              : The driver \Driver\WudfRd failed to load for the device
HID\VID_1532&PID_0510&MI_03&Col02\7&1cf20df&0&0001.
Id                   : 219
Version              : 0
Qualifiers           :
Level                : 3
Task                 : 212
Opcode               : 0
Keywords             : -9223372036854775808
RecordId             : 1694
ProviderName         : Microsoft-Windows-Kernel-PnP
ProviderId           : 9c205a39-1250-487d-abd7-e831c6290539
LogName              : System
ProcessId            : 4
ThreadId             : 372
MachineName          : ASUSROGGL553VD
UserId               : S-1-5-18
TimeCreated          : 3/29/2021 9:18:26 PM
ActivityId           :
RelatedActivityId    :
ContainerLog         : System
MatchedQueryIds      : {}
Bookmark             : System.Diagnostics.Eventing.Reader.EventBookmark
LevelDisplayName     : Warning
OpcodeDisplayName    : Info
TaskDisplayName      :
KeywordsDisplayNames : {}
Properties           : {System.Diagnostics.Eventing.Reader.EventProperty, System.Diagnostics.Eventing.Reader.EventProperty,
System.Diagnostics.Eventing.Reader.EventProperty, System.Diagnostics.Eventing.Reader.EventProperty...}

Message              : UMDF reflector is unable to connect to service control manager (SCM). This is expected during boot, when
SCM has not started yet. Will retry when it starts.
Id                   : 10118
Version              : 1
Qualifiers           :
Level                : 4
Task                 : 101
Opcode               : 0
Keywords             : 2305843009213693952
RecordId             : 1693
ProviderName         : Microsoft-Windows-DriverFrameworks-UserMode
ProviderId           : 2e35aaeb-857f-4beb-a418-2e6c0e54d988
LogName              : System
ProcessId            : 4
ThreadId             : 372
MachineName          : ASUSROGGL553VD
UserId               : S-1-5-18
TimeCreated          : 3/29/2021 9:18:26 PM
ActivityId           :
RelatedActivityId    :
ContainerLog         : System
MatchedQueryIds      : {}
Bookmark             : System.Diagnostics.Eventing.Reader.EventBookmark
LevelDisplayName     : Information
OpcodeDisplayName    : Info
TaskDisplayName      : Startup of the UMDF reflector
KeywordsDisplayNames : {}
Properties           : {}

Message              : Volume D: (\Device\HarddiskVolume5) is healthy.  No action is needed.
Id                   : 98
Version              : 0
Qualifiers           :
Level                : 4
Task                 : 0
Opcode               : 0
Keywords             : -9223372036854775806
RecordId             : 1692
ProviderName         : Microsoft-Windows-Ntfs
ProviderId           : 3ff37a1c-a68d-4d6e-8c9b-f79e8b16c482
LogName              : System
ProcessId            : 4
ThreadId             : 472
MachineName          : ASUSROGGL553VD
UserId               : S-1-5-18
TimeCreated          : 3/29/2021 9:18:24 PM
ActivityId           :
RelatedActivityId    :
ContainerLog         : System
MatchedQueryIds      : {}
Bookmark             : System.Diagnostics.Eventing.Reader.EventBookmark
LevelDisplayName     : Information
OpcodeDisplayName    : Info
TaskDisplayName      :
KeywordsDisplayNames : {}
Properties           : {System.Diagnostics.Eventing.Reader.EventProperty, System.Diagnostics.Eventing.Reader.EventProperty,
System.Diagnostics.Eventing.Reader.EventProperty}

Message              : 7010 - driver enabled (miniport init)
Id                   : 7010
Version              : 0
Qualifiers           : 16384
Level                : 4
Task                 : 0
Opcode               : 0
Keywords             : 36028797018963968
RecordId             : 1691
ProviderName         : Netwtw04
ProviderId           :
LogName              : System
ProcessId            : 4
ThreadId             : 460
MachineName          : ASUSROGGL553VD
UserId               :
TimeCreated          : 3/29/2021 9:18:24 PM
ActivityId           :
RelatedActivityId    :
ContainerLog         : System
MatchedQueryIds      : {}
Bookmark             : System.Diagnostics.Eventing.Reader.EventBookmark
LevelDisplayName     : Information
OpcodeDisplayName    :
TaskDisplayName      :
KeywordsDisplayNames : {Classic}
Properties           : {System.Diagnostics.Eventing.Reader.EventProperty, System.Diagnostics.Eventing.Reader.EventProperty,
System.Diagnostics.Eventing.Reader.EventProperty}

Message              : 7012 - radio OFF
Id                   : 7012
Version              : 0
Qualifiers           : 16384
Level                : 4
Task                 : 0
Opcode               : 0
Keywords             : 36028797018963968
RecordId             : 1690
ProviderName         : Netwtw04
ProviderId           :
LogName              : System
ProcessId            : 4
ThreadId             : 460
MachineName          : ASUSROGGL553VD
UserId               :
TimeCreated          : 3/29/2021 9:18:24 PM
ActivityId           :
RelatedActivityId    :
ContainerLog         : System
MatchedQueryIds      : {}
Bookmark             : System.Diagnostics.Eventing.Reader.EventBookmark
LevelDisplayName     : Information
OpcodeDisplayName    :
TaskDisplayName      :
KeywordsDisplayNames : {Classic}
Properties           : {System.Diagnostics.Eventing.Reader.EventProperty, System.Diagnostics.Eventing.Reader.EventProperty,
System.Diagnostics.Eventing.Reader.EventProperty}

Message              : 7001 - 11d Location MCC value (WRDD)
Id                   : 7001
Version              : 0
Qualifiers           : 16384
Level                : 4
Task                 : 0
Opcode               : 0
Keywords             : 36028797018963968
RecordId             : 1689
ProviderName         : Netwtw04
ProviderId           :
LogName              : System
ProcessId            : 4
ThreadId             : 280
MachineName          : ASUSROGGL553VD
UserId               :
TimeCreated          : 3/29/2021 9:18:24 PM
ActivityId           :
RelatedActivityId    :
ContainerLog         : System
MatchedQueryIds      : {}
Bookmark             : System.Diagnostics.Eventing.Reader.EventBookmark
LevelDisplayName     : Information
OpcodeDisplayName    :
TaskDisplayName      :
KeywordsDisplayNames : {Classic}
Properties           : {System.Diagnostics.Eventing.Reader.EventProperty, System.Diagnostics.Eventing.Reader.EventProperty,
System.Diagnostics.Eventing.Reader.EventProperty}

Message              : Intel(R) Management Engine Interface driver has started successfully.
Id                   : 2
Version              : 0
Qualifiers           : 16391
Level                : 4
Task                 : 0
Opcode               : 0
Keywords             : 36028797018963968
RecordId             : 1688
ProviderName         : MEIx64
ProviderId           :
LogName              : System
ProcessId            : 4
ThreadId             : 76
MachineName          : ASUSROGGL553VD
UserId               :
TimeCreated          : 3/29/2021 9:18:24 PM
ActivityId           :
RelatedActivityId    :
ContainerLog         : System
MatchedQueryIds      : {}
Bookmark             : System.Diagnostics.Eventing.Reader.EventBookmark
LevelDisplayName     : Information
OpcodeDisplayName    :
TaskDisplayName      :
KeywordsDisplayNames : {Classic}
Properties           : {System.Diagnostics.Eventing.Reader.EventProperty, System.Diagnostics.Eventing.Reader.EventProperty}

Message              : The \Device\NDMP1 service entered the Intel(R) Dual Band Wireless-AC 7265 state.
Id                   : 7036
Version              : 0
Qualifiers           : 16384
Level                : 4
Task                 : 0
Opcode               : 0
Keywords             : 36028797018963968
RecordId             : 1687
ProviderName         : Netwtw04
ProviderId           :
LogName              : System
ProcessId            : 4
ThreadId             : 148
MachineName          : ASUSROGGL553VD
UserId               :
TimeCreated          : 3/29/2021 9:18:24 PM
ActivityId           :
RelatedActivityId    :
ContainerLog         : System
MatchedQueryIds      : {}
Bookmark             : System.Diagnostics.Eventing.Reader.EventBookmark
LevelDisplayName     : Information
OpcodeDisplayName    :
TaskDisplayName      :
KeywordsDisplayNames : {Classic}
Properties           : {System.Diagnostics.Eventing.Reader.EventProperty, System.Diagnostics.Eventing.Reader.EventProperty,
System.Diagnostics.Eventing.Reader.EventProperty}

Message              : Active battery count change.
Id                   : 521
Version              : 0
Qualifiers           :
Level                : 4
Task                 : 220
Opcode               : 0
Keywords             : -9223372036854774780
RecordId             : 1686
ProviderName         : Microsoft-Windows-Kernel-Power
ProviderId           : 331c3b3a-2005-44c2-ac5e-77220c37d6b4
LogName              : System
ProcessId            : 4
ThreadId             : 360
MachineName          : ASUSROGGL553VD
UserId               : S-1-5-18
TimeCreated          : 3/29/2021 9:18:24 PM
ActivityId           :
RelatedActivityId    :
ContainerLog         : System
MatchedQueryIds      : {}
Bookmark             : System.Diagnostics.Eventing.Reader.EventBookmark
LevelDisplayName     : Information
OpcodeDisplayName    : Info
TaskDisplayName      :
KeywordsDisplayNames : {}
Properties           : {System.Diagnostics.Eventing.Reader.EventProperty, System.Diagnostics.Eventing.Reader.EventProperty,
System.Diagnostics.Eventing.Reader.EventProperty}

Message              : Active battery count change.
Id                   : 521
Version              : 0
Qualifiers           :
Level                : 4
Task                 : 220
Opcode               : 0
Keywords             : -9223372036854774780
RecordId             : 1685
ProviderName         : Microsoft-Windows-Kernel-Power
ProviderId           : 331c3b3a-2005-44c2-ac5e-77220c37d6b4
LogName              : System
ProcessId            : 4
ThreadId             : 360
MachineName          : ASUSROGGL553VD
UserId               : S-1-5-18
TimeCreated          : 3/29/2021 9:18:24 PM
ActivityId           :
RelatedActivityId    :
ContainerLog         : System
MatchedQueryIds      : {}
Bookmark             : System.Diagnostics.Eventing.Reader.EventBookmark
LevelDisplayName     : Information
OpcodeDisplayName    : Info
TaskDisplayName      :
KeywordsDisplayNames : {}
Properties           : {System.Diagnostics.Eventing.Reader.EventProperty, System.Diagnostics.Eventing.Reader.EventProperty,
System.Diagnostics.Eventing.Reader.EventProperty}

Message              : Processor 7 in group 0 exposes the following power management capabilities:

Idle state type: ACPI Idle (C) States (3 state(s))

Performance state type: ACPI Collaborative Processor Performance Control
Nominal Frequency (MHz): 2808
Maximum performance percentage: 135
Minimum performance percentage: 32
Minimum throttle percentage: 3
Id                   : 55
Version              : 0
Qualifiers           :
Level                : 4
Task                 : 47
Opcode               : 0
Keywords             : -9223372036854775808
RecordId             : 1684
ProviderName         : Microsoft-Windows-Kernel-Processor-Power
ProviderId           : 0f67e49f-fe51-4e9f-b490-6f2948cc6027
LogName              : System
ProcessId            : 4
ThreadId             : 372
MachineName          : ASUSROGGL553VD
UserId               : S-1-5-18
TimeCreated          : 3/29/2021 9:18:23 PM
ActivityId           :
RelatedActivityId    :
ContainerLog         : System
MatchedQueryIds      : {}
Bookmark             : System.Diagnostics.Eventing.Reader.EventBookmark
LevelDisplayName     : Information
OpcodeDisplayName    : Info
TaskDisplayName      :
KeywordsDisplayNames : {}
Properties           : {System.Diagnostics.Eventing.Reader.EventProperty, System.Diagnostics.Eventing.Reader.EventProperty,
System.Diagnostics.Eventing.Reader.EventProperty, System.Diagnostics.Eventing.Reader.EventProperty...}

Message              : Processor 5 in group 0 exposes the following power management capabilities:

Idle state type: ACPI Idle (C) States (3 state(s))

Performance state type: ACPI Collaborative Processor Performance Control
Nominal Frequency (MHz): 2808
Maximum performance percentage: 135
Minimum performance percentage: 32
Minimum throttle percentage: 3
Id                   : 55
Version              : 0
Qualifiers           :
Level                : 4
Task                 : 47
Opcode               : 0
Keywords             : -9223372036854775808
RecordId             : 1683
ProviderName         : Microsoft-Windows-Kernel-Processor-Power
ProviderId           : 0f67e49f-fe51-4e9f-b490-6f2948cc6027
LogName              : System
ProcessId            : 4
ThreadId             : 372
MachineName          : ASUSROGGL553VD
UserId               : S-1-5-18
TimeCreated          : 3/29/2021 9:18:23 PM
ActivityId           :
RelatedActivityId    :
ContainerLog         : System
MatchedQueryIds      : {}
Bookmark             : System.Diagnostics.Eventing.Reader.EventBookmark
LevelDisplayName     : Information
OpcodeDisplayName    : Info
TaskDisplayName      :
KeywordsDisplayNames : {}
Properties           : {System.Diagnostics.Eventing.Reader.EventProperty, System.Diagnostics.Eventing.Reader.EventProperty,
System.Diagnostics.Eventing.Reader.EventProperty, System.Diagnostics.Eventing.Reader.EventProperty...}

Message              : Processor 3 in group 0 exposes the following power management capabilities:

Idle state type: ACPI Idle (C) States (3 state(s))

Performance state type: ACPI Collaborative Processor Performance Control
Nominal Frequency (MHz): 2808
Maximum performance percentage: 135
Minimum performance percentage: 32
Minimum throttle percentage: 3
Id                   : 55
Version              : 0
Qualifiers           :
Level                : 4
Task                 : 47
Opcode               : 0
Keywords             : -9223372036854775808
RecordId             : 1682
ProviderName         : Microsoft-Windows-Kernel-Processor-Power
ProviderId           : 0f67e49f-fe51-4e9f-b490-6f2948cc6027
LogName              : System
ProcessId            : 4
ThreadId             : 372
MachineName          : ASUSROGGL553VD
UserId               : S-1-5-18
TimeCreated          : 3/29/2021 9:18:23 PM
ActivityId           :
RelatedActivityId    :
ContainerLog         : System
MatchedQueryIds      : {}
Bookmark             : System.Diagnostics.Eventing.Reader.EventBookmark
LevelDisplayName     : Information
OpcodeDisplayName    : Info
TaskDisplayName      :
KeywordsDisplayNames : {}
Properties           : {System.Diagnostics.Eventing.Reader.EventProperty, System.Diagnostics.Eventing.Reader.EventProperty,
System.Diagnostics.Eventing.Reader.EventProperty, System.Diagnostics.Eventing.Reader.EventProperty...}

Message              : Processor 1 in group 0 exposes the following power management capabilities:

Idle state type: ACPI Idle (C) States (3 state(s))

Performance state type: ACPI Collaborative Processor Performance Control
Nominal Frequency (MHz): 2808
Maximum performance percentage: 135
Minimum performance percentage: 32
Minimum throttle percentage: 3
Id                   : 55
Version              : 0
Qualifiers           :
Level                : 4
Task                 : 47
Opcode               : 0
Keywords             : -9223372036854775808
RecordId             : 1681
ProviderName         : Microsoft-Windows-Kernel-Processor-Power
ProviderId           : 0f67e49f-fe51-4e9f-b490-6f2948cc6027
LogName              : System
ProcessId            : 4
ThreadId             : 372
MachineName          : ASUSROGGL553VD
UserId               : S-1-5-18
TimeCreated          : 3/29/2021 9:18:23 PM
ActivityId           :
RelatedActivityId    :
ContainerLog         : System
MatchedQueryIds      : {}
Bookmark             : System.Diagnostics.Eventing.Reader.EventBookmark
LevelDisplayName     : Information
OpcodeDisplayName    : Info
TaskDisplayName      :
KeywordsDisplayNames : {}
Properties           : {System.Diagnostics.Eventing.Reader.EventProperty, System.Diagnostics.Eventing.Reader.EventProperty,
System.Diagnostics.Eventing.Reader.EventProperty, System.Diagnostics.Eventing.Reader.EventProperty...}

Message              : Processor 6 in group 0 exposes the following power management capabilities:

Idle state type: ACPI Idle (C) States (3 state(s))

Performance state type: ACPI Collaborative Processor Performance Control
Nominal Frequency (MHz): 2808
Maximum performance percentage: 135
Minimum performance percentage: 32
Minimum throttle percentage: 3
Id                   : 55
Version              : 0
Qualifiers           :
Level                : 4
Task                 : 47
Opcode               : 0
Keywords             : -9223372036854775808
RecordId             : 1680
ProviderName         : Microsoft-Windows-Kernel-Processor-Power
ProviderId           : 0f67e49f-fe51-4e9f-b490-6f2948cc6027
LogName              : System
ProcessId            : 4
ThreadId             : 372
MachineName          : ASUSROGGL553VD
UserId               : S-1-5-18
TimeCreated          : 3/29/2021 9:18:23 PM
ActivityId           :
RelatedActivityId    :
ContainerLog         : System
MatchedQueryIds      : {}
Bookmark             : System.Diagnostics.Eventing.Reader.EventBookmark
LevelDisplayName     : Information
OpcodeDisplayName    : Info
TaskDisplayName      :
KeywordsDisplayNames : {}
Properties           : {System.Diagnostics.Eventing.Reader.EventProperty, System.Diagnostics.Eventing.Reader.EventProperty,
System.Diagnostics.Eventing.Reader.EventProperty, System.Diagnostics.Eventing.Reader.EventProperty...}

Message              : Processor 4 in group 0 exposes the following power management capabilities:

Idle state type: ACPI Idle (C) States (3 state(s))

