Message              : The machine-default permission settings do not grant Local Activation permission for the COM Server
application with CLSID
{C2F03A33-21F5-47FA-B4BB-156362A2F239}
and APPID
{316CDED5-E4AE-4B15-9113-7055D84DCC97}
to the user ASUSROGGL553VD\dragonfire SID (S-1-5-21-1509157054-3111376858-337195177-1001) from address
LocalHost (Using LRPC) running in the application container
Microsoft.Windows.ShellExperienceHost_10.0.19041.610_neutral_neutral_cw5n1h2txyewy SID
(S-1-15-2-155514346-2573954481-755741238-1654018636-1233331829-3075935687-2861478708). This security
permission can be modified using the Component Services administrative tool.
Id                   : 10016
Version              : 0
Qualifiers           : 0
Level                : 3
Task                 : 0
Opcode               : 0
Keywords             : -9187343239835811840
RecordId             : 1050
ProviderName         : Microsoft-Windows-DistributedCOM
ProviderId           : 1b562e86-b7aa-4131-badc-b6f3a001407e
LogName              : System
ProcessId            : 1320
ThreadId             : 19128
MachineName          : ASUSROGGL553VD
UserId               : S-1-5-21-1509157054-3111376858-337195177-1001
TimeCreated          : 3/22/2021 12:21:06 PM
ActivityId           : fec97500-df23-4cbf-b6ce-f95a6cb5816a
RelatedActivityId    :
ContainerLog         : System
MatchedQueryIds      : {}
Bookmark             : System.Diagnostics.Eventing.Reader.EventBookmark
LevelDisplayName     : Warning
OpcodeDisplayName    : Info
TaskDisplayName      :
KeywordsDisplayNames : {Classic}
Properties           : {System.Diagnostics.Eventing.Reader.EventProperty, System.Diagnostics.Eventing.Reader.EventProperty,
System.Diagnostics.Eventing.Reader.EventProperty, System.Diagnostics.Eventing.Reader.EventProperty...}

Message              : The application-specific permission settings do not grant Local Activation permission for the COM Server
application with CLSID
{2593F8B9-4EAF-457C-B68A-50F6B8EA6B54}
and APPID
{15C20B67-12E7-4BB6-92BB-7AFF07997402}
to the user ASUSROGGL553VD\dragonfire SID (S-1-5-21-1509157054-3111376858-337195177-1001) from address
LocalHost (Using LRPC) running in the application container Unavailable SID (Unavailable). This security
permission can be modified using the Component Services administrative tool.
Id                   : 10016
Version              : 0
Qualifiers           : 0
Level                : 3
Task                 : 0
Opcode               : 0
Keywords             : -9187343239835811840
RecordId             : 1049
ProviderName         : Microsoft-Windows-DistributedCOM
ProviderId           : 1b562e86-b7aa-4131-badc-b6f3a001407e
LogName              : System
ProcessId            : 1320
ThreadId             : 7380
MachineName          : ASUSROGGL553VD
UserId               : S-1-5-21-1509157054-3111376858-337195177-1001
TimeCreated          : 3/22/2021 12:07:29 PM
ActivityId           : a937fa67-d7ad-4537-854e-aa74bf1bcc51
RelatedActivityId    :
ContainerLog         : System
MatchedQueryIds      : {}
Bookmark             : System.Diagnostics.Eventing.Reader.EventBookmark
LevelDisplayName     : Warning
OpcodeDisplayName    : Info
TaskDisplayName      :
KeywordsDisplayNames : {Classic}
Properties           : {System.Diagnostics.Eventing.Reader.EventProperty, System.Diagnostics.Eventing.Reader.EventProperty,
System.Diagnostics.Eventing.Reader.EventProperty, System.Diagnostics.Eventing.Reader.EventProperty...}

Message              : The application-specific permission settings do not grant Local Activation permission for the COM Server
application with CLSID
{2593F8B9-4EAF-457C-B68A-50F6B8EA6B54}
and APPID
{15C20B67-12E7-4BB6-92BB-7AFF07997402}
to the user ASUSROGGL553VD\dragonfire SID (S-1-5-21-1509157054-3111376858-337195177-1001) from address
LocalHost (Using LRPC) running in the application container Unavailable SID (Unavailable). This security
permission can be modified using the Component Services administrative tool.
Id                   : 10016
Version              : 0
Qualifiers           : 0
Level                : 3
Task                 : 0
Opcode               : 0
Keywords             : -9187343239835811840
RecordId             : 1048
ProviderName         : Microsoft-Windows-DistributedCOM
ProviderId           : 1b562e86-b7aa-4131-badc-b6f3a001407e
LogName              : System
ProcessId            : 1320
ThreadId             : 6112
MachineName          : ASUSROGGL553VD
UserId               : S-1-5-21-1509157054-3111376858-337195177-1001
TimeCreated          : 3/22/2021 12:02:48 PM
ActivityId           : 9a112739-9f47-4a64-87ca-2992dc11a4ee
RelatedActivityId    :
ContainerLog         : System
MatchedQueryIds      : {}
Bookmark             : System.Diagnostics.Eventing.Reader.EventBookmark
LevelDisplayName     : Warning
OpcodeDisplayName    : Info
TaskDisplayName      :
KeywordsDisplayNames : {Classic}
Properties           : {System.Diagnostics.Eventing.Reader.EventProperty, System.Diagnostics.Eventing.Reader.EventProperty,
System.Diagnostics.Eventing.Reader.EventProperty, System.Diagnostics.Eventing.Reader.EventProperty...}

Message              : The system uptime is 398852 seconds.
Id                   : 6013
Version              : 0
Qualifiers           : 32768
Level                : 4
Task                 : 0
Opcode               : 0
Keywords             : 36028797018963968
RecordId             : 1047
ProviderName         : EventLog
ProviderId           :
LogName              : System
ProcessId            : 0
ThreadId             : 0
MachineName          : ASUSROGGL553VD
UserId               :
TimeCreated          : 3/22/2021 12:00:00 PM
ActivityId           :
RelatedActivityId    :
ContainerLog         : System
MatchedQueryIds      : {}
Bookmark             : System.Diagnostics.Eventing.Reader.EventBookmark
LevelDisplayName     : Information
OpcodeDisplayName    :
TaskDisplayName      :
KeywordsDisplayNames : {Classic}
Properties           : {System.Diagnostics.Eventing.Reader.EventProperty, System.Diagnostics.Eventing.Reader.EventProperty,
System.Diagnostics.Eventing.Reader.EventProperty, System.Diagnostics.Eventing.Reader.EventProperty...}

Message              : The application-specific permission settings do not grant Local Activation permission for the COM Server
application with CLSID
{2593F8B9-4EAF-457C-B68A-50F6B8EA6B54}
and APPID
{15C20B67-12E7-4BB6-92BB-7AFF07997402}
to the user ASUSROGGL553VD\dragonfire SID (S-1-5-21-1509157054-3111376858-337195177-1001) from address
LocalHost (Using LRPC) running in the application container Unavailable SID (Unavailable). This security
permission can be modified using the Component Services administrative tool.
Id                   : 10016
Version              : 0
Qualifiers           : 0
Level                : 3
Task                 : 0
Opcode               : 0
Keywords             : -9187343239835811840
RecordId             : 1046
ProviderName         : Microsoft-Windows-DistributedCOM
ProviderId           : 1b562e86-b7aa-4131-badc-b6f3a001407e
LogName              : System
ProcessId            : 1320
ThreadId             : 12868
MachineName          : ASUSROGGL553VD
UserId               : S-1-5-21-1509157054-3111376858-337195177-1001
TimeCreated          : 3/22/2021 11:57:32 AM
ActivityId           : 7c85f142-d6df-4249-80ba-2595afcaceca
RelatedActivityId    :
ContainerLog         : System
MatchedQueryIds      : {}
Bookmark             : System.Diagnostics.Eventing.Reader.EventBookmark
LevelDisplayName     : Warning
OpcodeDisplayName    : Info
TaskDisplayName      :
KeywordsDisplayNames : {Classic}
Properties           : {System.Diagnostics.Eventing.Reader.EventProperty, System.Diagnostics.Eventing.Reader.EventProperty,
System.Diagnostics.Eventing.Reader.EventProperty, System.Diagnostics.Eventing.Reader.EventProperty...}

Message              : The start type of the Background Intelligent Transfer Service service was changed from demand start to
auto start.
Id                   : 7040
Version              : 0
Qualifiers           : 16384
Level                : 4
Task                 : 0
Opcode               : 0
Keywords             : -9187343239835811840
RecordId             : 1045
ProviderName         : Service Control Manager
ProviderId           : 555908d1-a6d7-4695-8e1e-26931d2012f4
LogName              : System
ProcessId            : 808
ThreadId             : 15792
MachineName          : ASUSROGGL553VD
UserId               : S-1-5-18
TimeCreated          : 3/22/2021 11:56:48 AM
ActivityId           :
RelatedActivityId    :
ContainerLog         : System
MatchedQueryIds      : {}
Bookmark             : System.Diagnostics.Eventing.Reader.EventBookmark
LevelDisplayName     : Information
OpcodeDisplayName    :
TaskDisplayName      :
KeywordsDisplayNames : {Classic}
Properties           : {System.Diagnostics.Eventing.Reader.EventProperty, System.Diagnostics.Eventing.Reader.EventProperty,
System.Diagnostics.Eventing.Reader.EventProperty, System.Diagnostics.Eventing.Reader.EventProperty}

Message              : The application-specific permission settings do not grant Local Activation permission for the COM Server
application with CLSID
{2593F8B9-4EAF-457C-B68A-50F6B8EA6B54}
and APPID
{15C20B67-12E7-4BB6-92BB-7AFF07997402}
to the user ASUSROGGL553VD\dragonfire SID (S-1-5-21-1509157054-3111376858-337195177-1001) from address
LocalHost (Using LRPC) running in the application container Unavailable SID (Unavailable). This security
permission can be modified using the Component Services administrative tool.
Id                   : 10016
Version              : 0
Qualifiers           : 0
Level                : 3
Task                 : 0
Opcode               : 0
Keywords             : -9187343239835811840
RecordId             : 1044
ProviderName         : Microsoft-Windows-DistributedCOM
ProviderId           : 1b562e86-b7aa-4131-badc-b6f3a001407e
LogName              : System
ProcessId            : 1320
ThreadId             : 14984
MachineName          : ASUSROGGL553VD
UserId               : S-1-5-21-1509157054-3111376858-337195177-1001
TimeCreated          : 3/22/2021 11:56:21 AM
ActivityId           : 45c3f2ad-9d5c-47c5-921b-69c9e57711c6
RelatedActivityId    :
ContainerLog         : System
MatchedQueryIds      : {}
Bookmark             : System.Diagnostics.Eventing.Reader.EventBookmark
LevelDisplayName     : Warning
OpcodeDisplayName    : Info
TaskDisplayName      :
KeywordsDisplayNames : {Classic}
Properties           : {System.Diagnostics.Eventing.Reader.EventProperty, System.Diagnostics.Eventing.Reader.EventProperty,
System.Diagnostics.Eventing.Reader.EventProperty, System.Diagnostics.Eventing.Reader.EventProperty...}

Message              : The application-specific permission settings do not grant Local Activation permission for the COM Server
application with CLSID
{2593F8B9-4EAF-457C-B68A-50F6B8EA6B54}
and APPID
{15C20B67-12E7-4BB6-92BB-7AFF07997402}
to the user ASUSROGGL553VD\dragonfire SID (S-1-5-21-1509157054-3111376858-337195177-1001) from address
LocalHost (Using LRPC) running in the application container Unavailable SID (Unavailable). This security
permission can be modified using the Component Services administrative tool.
Id                   : 10016
Version              : 0
Qualifiers           : 0
Level                : 3
Task                 : 0
Opcode               : 0
Keywords             : -9187343239835811840
RecordId             : 1043
ProviderName         : Microsoft-Windows-DistributedCOM
ProviderId           : 1b562e86-b7aa-4131-badc-b6f3a001407e
LogName              : System
ProcessId            : 1320
ThreadId             : 12868
MachineName          : ASUSROGGL553VD
UserId               : S-1-5-21-1509157054-3111376858-337195177-1001
TimeCreated          : 3/22/2021 11:54:43 AM
ActivityId           : f7bf4a46-0e20-40bf-8cd9-68fe64814e02
RelatedActivityId    :
ContainerLog         : System
MatchedQueryIds      : {}
Bookmark             : System.Diagnostics.Eventing.Reader.EventBookmark
LevelDisplayName     : Warning
OpcodeDisplayName    : Info
TaskDisplayName      :
KeywordsDisplayNames : {Classic}
Properties           : {System.Diagnostics.Eventing.Reader.EventProperty, System.Diagnostics.Eventing.Reader.EventProperty,
System.Diagnostics.Eventing.Reader.EventProperty, System.Diagnostics.Eventing.Reader.EventProperty...}

Message              : The application-specific permission settings do not grant Local Activation permission for the COM Server
application with CLSID
{2593F8B9-4EAF-457C-B68A-50F6B8EA6B54}
and APPID
{15C20B67-12E7-4BB6-92BB-7AFF07997402}
to the user ASUSROGGL553VD\dragonfire SID (S-1-5-21-1509157054-3111376858-337195177-1001) from address
LocalHost (Using LRPC) running in the application container Unavailable SID (Unavailable). This security
permission can be modified using the Component Services administrative tool.
Id                   : 10016
Version              : 0
Qualifiers           : 0
Level                : 3
Task                 : 0
Opcode               : 0
Keywords             : -9187343239835811840
RecordId             : 1042
ProviderName         : Microsoft-Windows-DistributedCOM
ProviderId           : 1b562e86-b7aa-4131-badc-b6f3a001407e
LogName              : System
ProcessId            : 1320
ThreadId             : 8964
MachineName          : ASUSROGGL553VD
UserId               : S-1-5-21-1509157054-3111376858-337195177-1001
TimeCreated          : 3/22/2021 11:50:37 AM
ActivityId           : 1a00fd66-5351-4295-9c2c-17a53e59a515
RelatedActivityId    :
ContainerLog         : System
MatchedQueryIds      : {}
Bookmark             : System.Diagnostics.Eventing.Reader.EventBookmark
LevelDisplayName     : Warning
OpcodeDisplayName    : Info
TaskDisplayName      :
KeywordsDisplayNames : {Classic}
Properties           : {System.Diagnostics.Eventing.Reader.EventProperty, System.Diagnostics.Eventing.Reader.EventProperty,
System.Diagnostics.Eventing.Reader.EventProperty, System.Diagnostics.Eventing.Reader.EventProperty...}

Message              : The machine-default permission settings do not grant Local Activation permission for the COM Server
application with CLSID
{C2F03A33-21F5-47FA-B4BB-156362A2F239}
and APPID
{316CDED5-E4AE-4B15-9113-7055D84DCC97}
to the user ASUSROGGL553VD\dragonfire SID (S-1-5-21-1509157054-3111376858-337195177-1001) from address
LocalHost (Using LRPC) running in the application container
Microsoft.Windows.ShellExperienceHost_10.0.19041.610_neutral_neutral_cw5n1h2txyewy SID
(S-1-15-2-155514346-2573954481-755741238-1654018636-1233331829-3075935687-2861478708). This security
permission can be modified using the Component Services administrative tool.
Id                   : 10016
Version              : 0
Qualifiers           : 0
Level                : 3
Task                 : 0
Opcode               : 0
Keywords             : -9187343239835811840
RecordId             : 1041
ProviderName         : Microsoft-Windows-DistributedCOM
ProviderId           : 1b562e86-b7aa-4131-badc-b6f3a001407e
LogName              : System
ProcessId            : 1320
ThreadId             : 8964
MachineName          : ASUSROGGL553VD
UserId               : S-1-5-21-1509157054-3111376858-337195177-1001
TimeCreated          : 3/22/2021 11:49:58 AM
ActivityId           : 988baddb-da93-40e9-b8fb-05bab9e45cb7
RelatedActivityId    :
ContainerLog         : System
MatchedQueryIds      : {}
Bookmark             : System.Diagnostics.Eventing.Reader.EventBookmark
LevelDisplayName     : Warning
OpcodeDisplayName    : Info
TaskDisplayName      :
KeywordsDisplayNames : {Classic}
Properties           : {System.Diagnostics.Eventing.Reader.EventProperty, System.Diagnostics.Eventing.Reader.EventProperty,
System.Diagnostics.Eventing.Reader.EventProperty, System.Diagnostics.Eventing.Reader.EventProperty...}

Message              : The machine-default permission settings do not grant Local Activation permission for the COM Server
application with CLSID
{C2F03A33-21F5-47FA-B4BB-156362A2F239}
and APPID
{316CDED5-E4AE-4B15-9113-7055D84DCC97}
to the user ASUSROGGL553VD\dragonfire SID (S-1-5-21-1509157054-3111376858-337195177-1001) from address
LocalHost (Using LRPC) running in the application container
Microsoft.Windows.ShellExperienceHost_10.0.19041.610_neutral_neutral_cw5n1h2txyewy SID
(S-1-15-2-155514346-2573954481-755741238-1654018636-1233331829-3075935687-2861478708). This security
permission can be modified using the Component Services administrative tool.
Id                   : 10016
Version              : 0
Qualifiers           : 0
Level                : 3
Task                 : 0
Opcode               : 0
Keywords             : -9187343239835811840
RecordId             : 1040
ProviderName         : Microsoft-Windows-DistributedCOM
ProviderId           : 1b562e86-b7aa-4131-badc-b6f3a001407e
LogName              : System
ProcessId            : 1320
ThreadId             : 2896
MachineName          : ASUSROGGL553VD
UserId               : S-1-5-21-1509157054-3111376858-337195177-1001
TimeCreated          : 3/22/2021 11:46:02 AM
ActivityId           : 473dc9bb-7b9e-4ed0-b817-adbdc2b53e89
RelatedActivityId    :
ContainerLog         : System
MatchedQueryIds      : {}
Bookmark             : System.Diagnostics.Eventing.Reader.EventBookmark
LevelDisplayName     : Warning
OpcodeDisplayName    : Info
TaskDisplayName      :
KeywordsDisplayNames : {Classic}
Properties           : {System.Diagnostics.Eventing.Reader.EventProperty, System.Diagnostics.Eventing.Reader.EventProperty,
System.Diagnostics.Eventing.Reader.EventProperty, System.Diagnostics.Eventing.Reader.EventProperty...}

Message              : The application-specific permission settings do not grant Local Activation permission for the COM Server
application with CLSID
{2593F8B9-4EAF-457C-B68A-50F6B8EA6B54}
and APPID
{15C20B67-12E7-4BB6-92BB-7AFF07997402}
to the user ASUSROGGL553VD\dragonfire SID (S-1-5-21-1509157054-3111376858-337195177-1001) from address
LocalHost (Using LRPC) running in the application container Unavailable SID (Unavailable). This security
permission can be modified using the Component Services administrative tool.
Id                   : 10016
Version              : 0
Qualifiers           : 0
Level                : 3
Task                 : 0
Opcode               : 0
Keywords             : -9187343239835811840
RecordId             : 1039
ProviderName         : Microsoft-Windows-DistributedCOM
ProviderId           : 1b562e86-b7aa-4131-badc-b6f3a001407e
LogName              : System
ProcessId            : 1320
ThreadId             : 360
MachineName          : ASUSROGGL553VD
UserId               : S-1-5-21-1509157054-3111376858-337195177-1001
TimeCreated          : 3/22/2021 11:45:11 AM
ActivityId           : 786e3cc7-f0af-4e17-be90-b595209dd991
RelatedActivityId    :
ContainerLog         : System
MatchedQueryIds      : {}
Bookmark             : System.Diagnostics.Eventing.Reader.EventBookmark
LevelDisplayName     : Warning
OpcodeDisplayName    : Info
TaskDisplayName      :
KeywordsDisplayNames : {Classic}
Properties           : {System.Diagnostics.Eventing.Reader.EventProperty, System.Diagnostics.Eventing.Reader.EventProperty,
System.Diagnostics.Eventing.Reader.EventProperty, System.Diagnostics.Eventing.Reader.EventProperty...}

Message              : The machine-default permission settings do not grant Local Activation permission for the COM Server
application with CLSID
{C2F03A33-21F5-47FA-B4BB-156362A2F239}
and APPID
{316CDED5-E4AE-4B15-9113-7055D84DCC97}
to the user ASUSROGGL553VD\dragonfire SID (S-1-5-21-1509157054-3111376858-337195177-1001) from address
LocalHost (Using LRPC) running in the application container
Microsoft.Windows.ShellExperienceHost_10.0.19041.610_neutral_neutral_cw5n1h2txyewy SID
(S-1-15-2-155514346-2573954481-755741238-1654018636-1233331829-3075935687-2861478708). This security
permission can be modified using the Component Services administrative tool.
Id                   : 10016
Version              : 0
Qualifiers           : 0
Level                : 3
Task                 : 0
Opcode               : 0
Keywords             : -9187343239835811840
RecordId             : 1038
ProviderName         : Microsoft-Windows-DistributedCOM
ProviderId           : 1b562e86-b7aa-4131-badc-b6f3a001407e
LogName              : System
ProcessId            : 1320
ThreadId             : 360
MachineName          : ASUSROGGL553VD
UserId               : S-1-5-21-1509157054-3111376858-337195177-1001
TimeCreated          : 3/22/2021 11:45:06 AM
ActivityId           : 4d5fef1c-1704-453b-a712-6878e6d614e5
RelatedActivityId    :
ContainerLog         : System
MatchedQueryIds      : {}
Bookmark             : System.Diagnostics.Eventing.Reader.EventBookmark
LevelDisplayName     : Warning
OpcodeDisplayName    : Info
TaskDisplayName      :
KeywordsDisplayNames : {Classic}
Properties           : {System.Diagnostics.Eventing.Reader.EventProperty, System.Diagnostics.Eventing.Reader.EventProperty,
System.Diagnostics.Eventing.Reader.EventProperty, System.Diagnostics.Eventing.Reader.EventProperty...}

Message              : The machine-default permission settings do not grant Local Activation permission for the COM Server
application with CLSID
{C2F03A33-21F5-47FA-B4BB-156362A2F239}
and APPID
{316CDED5-E4AE-4B15-9113-7055D84DCC97}
to the user ASUSROGGL553VD\dragonfire SID (S-1-5-21-1509157054-3111376858-337195177-1001) from address
LocalHost (Using LRPC) running in the application container
Microsoft.Windows.ShellExperienceHost_10.0.19041.610_neutral_neutral_cw5n1h2txyewy SID
(S-1-15-2-155514346-2573954481-755741238-1654018636-1233331829-3075935687-2861478708). This security
permission can be modified using the Component Services administrative tool.
Id                   : 10016
Version              : 0
Qualifiers           : 0
Level                : 3
Task                 : 0
Opcode               : 0
Keywords             : -9187343239835811840
RecordId             : 1037
ProviderName         : Microsoft-Windows-DistributedCOM
ProviderId           : 1b562e86-b7aa-4131-badc-b6f3a001407e
LogName              : System
ProcessId            : 1320
ThreadId             : 360
MachineName          : ASUSROGGL553VD
UserId               : S-1-5-21-1509157054-3111376858-337195177-1001
TimeCreated          : 3/22/2021 11:44:36 AM
ActivityId           : 03a18272-c15d-458e-a73a-42d31fa385f4
RelatedActivityId    :
ContainerLog         : System
MatchedQueryIds      : {}
Bookmark             : System.Diagnostics.Eventing.Reader.EventBookmark
LevelDisplayName     : Warning
OpcodeDisplayName    : Info
TaskDisplayName      :
KeywordsDisplayNames : {Classic}
Properties           : {System.Diagnostics.Eventing.Reader.EventProperty, System.Diagnostics.Eventing.Reader.EventProperty,
System.Diagnostics.Eventing.Reader.EventProperty, System.Diagnostics.Eventing.Reader.EventProperty...}

Message              : The application-specific permission settings do not grant Local Activation permission for the COM Server
application with CLSID
{2593F8B9-4EAF-457C-B68A-50F6B8EA6B54}
and APPID
{15C20B67-12E7-4BB6-92BB-7AFF07997402}
to the user ASUSROGGL553VD\dragonfire SID (S-1-5-21-1509157054-3111376858-337195177-1001) from address
LocalHost (Using LRPC) running in the application container Unavailable SID (Unavailable). This security
permission can be modified using the Component Services administrative tool.
Id                   : 10016
Version              : 0
Qualifiers           : 0
Level                : 3
Task                 : 0
Opcode               : 0
Keywords             : -9187343239835811840
RecordId             : 1036
ProviderName         : Microsoft-Windows-DistributedCOM
ProviderId           : 1b562e86-b7aa-4131-badc-b6f3a001407e
LogName              : System
ProcessId            : 1320
ThreadId             : 20788
MachineName          : ASUSROGGL553VD
UserId               : S-1-5-21-1509157054-3111376858-337195177-1001
TimeCreated          : 3/22/2021 11:42:22 AM
ActivityId           : 2700224c-a1e4-4ddf-9faa-128a636a20fc
RelatedActivityId    :
ContainerLog         : System
MatchedQueryIds      : {}
Bookmark             : System.Diagnostics.Eventing.Reader.EventBookmark
LevelDisplayName     : Warning
OpcodeDisplayName    : Info
TaskDisplayName      :
KeywordsDisplayNames : {Classic}
Properties           : {System.Diagnostics.Eventing.Reader.EventProperty, System.Diagnostics.Eventing.Reader.EventProperty,
System.Diagnostics.Eventing.Reader.EventProperty, System.Diagnostics.Eventing.Reader.EventProperty...}

Message              : The machine-default permission settings do not grant Local Activation permission for the COM Server
application with CLSID
{C2F03A33-21F5-47FA-B4BB-156362A2F239}
and APPID
{316CDED5-E4AE-4B15-9113-7055D84DCC97}
to the user ASUSROGGL553VD\dragonfire SID (S-1-5-21-1509157054-3111376858-337195177-1001) from address
LocalHost (Using LRPC) running in the application container
Microsoft.Windows.ShellExperienceHost_10.0.19041.610_neutral_neutral_cw5n1h2txyewy SID
(S-1-15-2-155514346-2573954481-755741238-1654018636-1233331829-3075935687-2861478708). This security
permission can be modified using the Component Services administrative tool.
Id                   : 10016
Version              : 0
Qualifiers           : 0
Level                : 3
Task                 : 0
Opcode               : 0
Keywords             : -9187343239835811840
RecordId             : 1035
ProviderName         : Microsoft-Windows-DistributedCOM
ProviderId           : 1b562e86-b7aa-4131-badc-b6f3a001407e
LogName              : System
ProcessId            : 1320
ThreadId             : 15484
MachineName          : ASUSROGGL553VD
UserId               : S-1-5-21-1509157054-3111376858-337195177-1001
TimeCreated          : 3/22/2021 11:38:59 AM
ActivityId           : fc29c879-b44d-4cfb-8c3d-8aaabb796b62
RelatedActivityId    :
ContainerLog         : System
MatchedQueryIds      : {}
Bookmark             : System.Diagnostics.Eventing.Reader.EventBookmark
LevelDisplayName     : Warning
OpcodeDisplayName    : Info
TaskDisplayName      :
KeywordsDisplayNames : {Classic}
Properties           : {System.Diagnostics.Eventing.Reader.EventProperty, System.Diagnostics.Eventing.Reader.EventProperty,
System.Diagnostics.Eventing.Reader.EventProperty, System.Diagnostics.Eventing.Reader.EventProperty...}

Message              : The access history in hive \??\C:\Users\dragonfire\AppData\Local\Packages\Microsoft.DesktopAppInstaller_8w
ekyb3d8bbwe\SystemAppData\Helium\UserClasses.dat was cleared updating 12 keys and creating 1 modified
pages.
Id                   : 16
Version              : 0
Qualifiers           :
Level                : 4
Task                 : 0
Opcode               : 0
Keywords             : -9223372036854775808
RecordId             : 1034
ProviderName         : Microsoft-Windows-Kernel-General
ProviderId           : a68ca8b7-004f-d7b6-a698-07e2de0f1f5d
LogName              : System
ProcessId            : 8708
ThreadId             : 10488
MachineName          : ASUSROGGL553VD
UserId               : S-1-5-18
TimeCreated          : 3/22/2021 11:38:56 AM
ActivityId           :
RelatedActivityId    :
ContainerLog         : System
MatchedQueryIds      : {}
Bookmark             : System.Diagnostics.Eventing.Reader.EventBookmark
LevelDisplayName     : Information
OpcodeDisplayName    : Info
TaskDisplayName      :
KeywordsDisplayNames : {}
Properties           : {System.Diagnostics.Eventing.Reader.EventProperty, System.Diagnostics.Eventing.Reader.EventProperty,
System.Diagnostics.Eventing.Reader.EventProperty, System.Diagnostics.Eventing.Reader.EventProperty}

Message              : The access history in hive \??\C:\Users\dragonfire\AppData\Local\Packages\Microsoft.DesktopAppInstaller_8w
ekyb3d8bbwe\SystemAppData\Helium\User.dat was cleared updating 13 keys and creating 1 modified pages.
Id                   : 16
Version              : 0
Qualifiers           :
Level                : 4
Task                 : 0
Opcode               : 0
Keywords             : -9223372036854775808
RecordId             : 1033
ProviderName         : Microsoft-Windows-Kernel-General
ProviderId           : a68ca8b7-004f-d7b6-a698-07e2de0f1f5d
LogName              : System
ProcessId            : 8708
ThreadId             : 10488
MachineName          : ASUSROGGL553VD
UserId               : S-1-5-18
TimeCreated          : 3/22/2021 11:38:56 AM
ActivityId           :
RelatedActivityId    :
ContainerLog         : System
MatchedQueryIds      : {}
Bookmark             : System.Diagnostics.Eventing.Reader.EventBookmark
LevelDisplayName     : Information
OpcodeDisplayName    : Info
TaskDisplayName      :
KeywordsDisplayNames : {}
Properties           : {System.Diagnostics.Eventing.Reader.EventProperty, System.Diagnostics.Eventing.Reader.EventProperty,
System.Diagnostics.Eventing.Reader.EventProperty, System.Diagnostics.Eventing.Reader.EventProperty}

Message              : The application-specific permission settings do not grant Local Activation permission for the COM Server
application with CLSID
{2593F8B9-4EAF-457C-B68A-50F6B8EA6B54}
and APPID
{15C20B67-12E7-4BB6-92BB-7AFF07997402}
to the user ASUSROGGL553VD\dragonfire SID (S-1-5-21-1509157054-3111376858-337195177-1001) from address
LocalHost (Using LRPC) running in the application container Unavailable SID (Unavailable). This security
permission can be modified using the Component Services administrative tool.
Id                   : 10016
Version              : 0
Qualifiers           : 0
Level                : 3
Task                 : 0
Opcode               : 0
Keywords             : -9187343239835811840
RecordId             : 1032
ProviderName         : Microsoft-Windows-DistributedCOM
ProviderId           : 1b562e86-b7aa-4131-badc-b6f3a001407e
LogName              : System
ProcessId            : 1320
ThreadId             : 11976
MachineName          : ASUSROGGL553VD
UserId               : S-1-5-21-1509157054-3111376858-337195177-1001
TimeCreated          : 3/22/2021 11:38:16 AM
ActivityId           : dfd2ab11-d90c-4df9-a77e-d5d9b8a928f2
RelatedActivityId    :
ContainerLog         : System
MatchedQueryIds      : {}
Bookmark             : System.Diagnostics.Eventing.Reader.EventBookmark
LevelDisplayName     : Warning
OpcodeDisplayName    : Info
TaskDisplayName      :
KeywordsDisplayNames : {Classic}
Properties           : {System.Diagnostics.Eventing.Reader.EventProperty, System.Diagnostics.Eventing.Reader.EventProperty,
System.Diagnostics.Eventing.Reader.EventProperty, System.Diagnostics.Eventing.Reader.EventProperty...}

Message              : The application-specific permission settings do not grant Local Activation permission for the COM Server
application with CLSID
{2593F8B9-4EAF-457C-B68A-50F6B8EA6B54}
and APPID
{15C20B67-12E7-4BB6-92BB-7AFF07997402}
to the user ASUSROGGL553VD\dragonfire SID (S-1-5-21-1509157054-3111376858-337195177-1001) from address
LocalHost (Using LRPC) running in the application container Unavailable SID (Unavailable). This security
permission can be modified using the Component Services administrative tool.
Id                   : 10016
Version              : 0
Qualifiers           : 0
Level                : 3
Task                 : 0
Opcode               : 0
Keywords             : -9187343239835811840
RecordId             : 1031
ProviderName         : Microsoft-Windows-DistributedCOM
ProviderId           : 1b562e86-b7aa-4131-badc-b6f3a001407e
LogName              : System
ProcessId            : 1320
ThreadId             : 15484
MachineName          : ASUSROGGL553VD
UserId               : S-1-5-21-1509157054-3111376858-337195177-1001
TimeCreated          : 3/22/2021 11:37:39 AM
ActivityId           : 770ac710-bf80-4979-aef3-650150c85208
RelatedActivityId    :
ContainerLog         : System
MatchedQueryIds      : {}
Bookmark             : System.Diagnostics.Eventing.Reader.EventBookmark
LevelDisplayName     : Warning
OpcodeDisplayName    : Info
TaskDisplayName      :
KeywordsDisplayNames : {Classic}
Properties           : {System.Diagnostics.Eventing.Reader.EventProperty, System.Diagnostics.Eventing.Reader.EventProperty,
System.Diagnostics.Eventing.Reader.EventProperty, System.Diagnostics.Eventing.Reader.EventProperty...}

Message              : The application-specific permission settings do not grant Local Activation permission for the COM Server
application with CLSID
{2593F8B9-4EAF-457C-B68A-50F6B8EA6B54}
and APPID
{15C20B67-12E7-4BB6-92BB-7AFF07997402}
to the user ASUSROGGL553VD\dragonfire SID (S-1-5-21-1509157054-3111376858-337195177-1001) from address
LocalHost (Using LRPC) running in the application container Unavailable SID (Unavailable). This security
permission can be modified using the Component Services administrative tool.
Id                   : 10016
Version              : 0
Qualifiers           : 0
Level                : 3
Task                 : 0
Opcode               : 0
Keywords             : -9187343239835811840
RecordId             : 1030
ProviderName         : Microsoft-Windows-DistributedCOM
ProviderId           : 1b562e86-b7aa-4131-badc-b6f3a001407e
LogName              : System
ProcessId            : 1320
ThreadId             : 14436
MachineName          : ASUSROGGL553VD
UserId               : S-1-5-21-1509157054-3111376858-337195177-1001
TimeCreated          : 3/22/2021 11:25:08 AM
ActivityId           : f79551f1-a9f3-4610-81d4-6ed5dd0df401
RelatedActivityId    :
ContainerLog         : System
MatchedQueryIds      : {}
Bookmark             : System.Diagnostics.Eventing.Reader.EventBookmark
LevelDisplayName     : Warning
OpcodeDisplayName    : Info
TaskDisplayName      :
KeywordsDisplayNames : {Classic}
Properties           : {System.Diagnostics.Eventing.Reader.EventProperty, System.Diagnostics.Eventing.Reader.EventProperty,
System.Diagnostics.Eventing.Reader.EventProperty, System.Diagnostics.Eventing.Reader.EventProperty...}

Message              : The application-specific permission settings do not grant Local Activation permission for the COM Server
application with CLSID
{2593F8B9-4EAF-457C-B68A-50F6B8EA6B54}
and APPID
{15C20B67-12E7-4BB6-92BB-7AFF07997402}
to the user ASUSROGGL553VD\dragonfire SID (S-1-5-21-1509157054-3111376858-337195177-1001) from address
LocalHost (Using LRPC) running in the application container Unavailable SID (Unavailable). This security
permission can be modified using the Component Services administrative tool.
Id                   : 10016
Version              : 0
Qualifiers           : 0
Level                : 3
Task                 : 0
Opcode               : 0
Keywords             : -9187343239835811840
RecordId             : 1029
ProviderName         : Microsoft-Windows-DistributedCOM
ProviderId           : 1b562e86-b7aa-4131-badc-b6f3a001407e
LogName              : System
ProcessId            : 1320
ThreadId             : 20796
MachineName          : ASUSROGGL553VD
UserId               : S-1-5-21-1509157054-3111376858-337195177-1001
TimeCreated          : 3/22/2021 11:16:41 AM
ActivityId           : b49e3144-bd01-4bcc-8186-413abac2a4d1
RelatedActivityId    :
ContainerLog         : System
MatchedQueryIds      : {}
Bookmark             : System.Diagnostics.Eventing.Reader.EventBookmark
LevelDisplayName     : Warning
OpcodeDisplayName    : Info
TaskDisplayName      :
KeywordsDisplayNames : {Classic}
Properties           : {System.Diagnostics.Eventing.Reader.EventProperty, System.Diagnostics.Eventing.Reader.EventProperty,
System.Diagnostics.Eventing.Reader.EventProperty, System.Diagnostics.Eventing.Reader.EventProperty...}

Message              : The start type of the Background Intelligent Transfer Service service was changed from auto start to
demand start.
Id                   : 7040
Version              : 0
Qualifiers           : 16384
Level                : 4
Task                 : 0
Opcode               : 0
Keywords             : -9187343239835811840
RecordId             : 1028
ProviderName         : Service Control Manager
ProviderId           : 555908d1-a6d7-4695-8e1e-26931d2012f4
LogName              : System
ProcessId            : 808
ThreadId             : 6068
MachineName          : ASUSROGGL553VD
UserId               : S-1-5-18
TimeCreated          : 3/22/2021 11:15:48 AM
ActivityId           :
RelatedActivityId    :
ContainerLog         : System
MatchedQueryIds      : {}
Bookmark             : System.Diagnostics.Eventing.Reader.EventBookmark
LevelDisplayName     : Information
OpcodeDisplayName    :
TaskDisplayName      :
KeywordsDisplayNames : {Classic}
Properties           : {System.Diagnostics.Eventing.Reader.EventProperty, System.Diagnostics.Eventing.Reader.EventProperty,
System.Diagnostics.Eventing.Reader.EventProperty, System.Diagnostics.Eventing.Reader.EventProperty}

Message              : The start type of the Background Intelligent Transfer Service service was changed from demand start to
auto start.
Id                   : 7040
Version              : 0
Qualifiers           : 16384
Level                : 4
Task                 : 0
Opcode               : 0
Keywords             : -9187343239835811840
RecordId             : 1027
ProviderName         : Service Control Manager
ProviderId           : 555908d1-a6d7-4695-8e1e-26931d2012f4
LogName              : System
ProcessId            : 808
ThreadId             : 6068
MachineName          : ASUSROGGL553VD
UserId               : S-1-5-18
TimeCreated          : 3/22/2021 11:13:44 AM
ActivityId           :
RelatedActivityId    :
ContainerLog         : System
MatchedQueryIds      : {}
Bookmark             : System.Diagnostics.Eventing.Reader.EventBookmark
LevelDisplayName     : Information
OpcodeDisplayName    :
TaskDisplayName      :
KeywordsDisplayNames : {Classic}
Properties           : {System.Diagnostics.Eventing.Reader.EventProperty, System.Diagnostics.Eventing.Reader.EventProperty,
System.Diagnostics.Eventing.Reader.EventProperty, System.Diagnostics.Eventing.Reader.EventProperty}

Message              : The system time has changed to ?2021?-?03?-?22T09:12:13.511105100Z from
?2021?-?03?-?22T09:12:13.511090800Z.

Change Reason: An application or system component changed the time.
Process: '\Device\HarddiskVolume4\Windows\System32\svchost.exe' (PID 17108).
Id                   : 1
Version              : 2
Qualifiers           :
Level                : 4
Task                 : 5
Opcode               : 0
Keywords             : -9223372036854775792
RecordId             : 1026
ProviderName         : Microsoft-Windows-Kernel-General
ProviderId           : a68ca8b7-004f-d7b6-a698-07e2de0f1f5d
LogName              : System
ProcessId            : 17108
ThreadId             : 11004
MachineName          : ASUSROGGL553VD
UserId               : S-1-5-19
TimeCreated          : 3/22/2021 11:12:13 AM
ActivityId           :
RelatedActivityId    :
ContainerLog         : System
MatchedQueryIds      : {}
Bookmark             : System.Diagnostics.Eventing.Reader.EventBookmark
LevelDisplayName     : Information
OpcodeDisplayName    : Info
TaskDisplayName      :
KeywordsDisplayNames : {Time}
Properties           : {System.Diagnostics.Eventing.Reader.EventProperty, System.Diagnostics.Eventing.Reader.EventProperty,
System.Diagnostics.Eventing.Reader.EventProperty, System.Diagnostics.Eventing.Reader.EventProperty...}

Message              : The time zone information was refreshed with exit reason 0. Current time zone bias is -120.
Id                   : 24
Version              : 0
Qualifiers           :
Level                : 4
Task                 : 11
Opcode               : 0
Keywords             : -9223372036854775792
RecordId             : 1025
ProviderName         : Microsoft-Windows-Kernel-General
ProviderId           : a68ca8b7-004f-d7b6-a698-07e2de0f1f5d
LogName              : System
ProcessId            : 17108
ThreadId             : 11004
MachineName          : ASUSROGGL553VD
UserId               : S-1-5-19
TimeCreated          : 3/22/2021 11:12:13 AM
ActivityId           :
RelatedActivityId    :
ContainerLog         : System
MatchedQueryIds      : {}
Bookmark             : System.Diagnostics.Eventing.Reader.EventBookmark
LevelDisplayName     : Information
OpcodeDisplayName    : Info
TaskDisplayName      :
KeywordsDisplayNames : {Time}
Properties           : {System.Diagnostics.Eventing.Reader.EventProperty, System.Diagnostics.Eventing.Reader.EventProperty,
System.Diagnostics.Eventing.Reader.EventProperty, System.Diagnostics.Eventing.Reader.EventProperty...}

Message              : The time service is now synchronizing the system time with the time source time.windows.com,0x9
(ntp.m|0x9|0.0.0.0:123->51.105.208.173:123) with reference id 2916116787. Current local stratum number is
4.
Id                   : 35
Version              : 0
Qualifiers           :
Level                : 4
Task                 : 0
Opcode               : 0
Keywords             : -9223372036854775808
RecordId             : 1024
ProviderName         : Microsoft-Windows-Time-Service
ProviderId           : 06edcfeb-0fd0-4e53-acca-a6f8bbf81bcb
LogName              : System
ProcessId            : 17108
ThreadId             : 9132
MachineName          : ASUSROGGL553VD
UserId               : S-1-5-19
TimeCreated          : 3/22/2021 11:12:13 AM
ActivityId           :
RelatedActivityId    :
ContainerLog         : System
MatchedQueryIds      : {}
Bookmark             : System.Diagnostics.Eventing.Reader.EventBookmark
LevelDisplayName     : Information
OpcodeDisplayName    : Info
TaskDisplayName      :
KeywordsDisplayNames : {}
Properties           : {System.Diagnostics.Eventing.Reader.EventProperty, System.Diagnostics.Eventing.Reader.EventProperty,
System.Diagnostics.Eventing.Reader.EventProperty}

Message              : The time provider NtpClient is currently receiving valid time data from time.windows.com,0x9
(ntp.m|0x9|0.0.0.0:123->51.105.208.173:123).
Id                   : 37
Version              : 0
Qualifiers           :
Level                : 4
Task                 : 0
Opcode               : 0
Keywords             : -9223372036854775808
RecordId             : 1023
ProviderName         : Microsoft-Windows-Time-Service
ProviderId           : 06edcfeb-0fd0-4e53-acca-a6f8bbf81bcb
LogName              : System
ProcessId            : 17108
ThreadId             : 17100
MachineName          : ASUSROGGL553VD
UserId               : S-1-5-19
TimeCreated          : 3/22/2021 11:11:59 AM
ActivityId           :
RelatedActivityId    :
ContainerLog         : System
MatchedQueryIds      : {}
Bookmark             : System.Diagnostics.Eventing.Reader.EventBookmark
LevelDisplayName     : Information
OpcodeDisplayName    : Info
TaskDisplayName      :
KeywordsDisplayNames : {}
Properties           : {System.Diagnostics.Eventing.Reader.EventProperty}

Message              : The time provider 'VMICTimeProvider' has indicated that the current hardware and operating environment is
not supported and has stopped. This behavior is expected for VMICTimeProvider on non-HyperV-guest
environments. This may be the expected behavior for the current provider in the current operating
environment as well.
Id                   : 158
Version              : 0
Qualifiers           :
Level                : 4
Task                 : 0
Opcode               : 0
Keywords             : -9223372036854775808
RecordId             : 1022
ProviderName         : Microsoft-Windows-Time-Service
ProviderId           : 06edcfeb-0fd0-4e53-acca-a6f8bbf81bcb
LogName              : System
ProcessId            : 17108
ThreadId             : 13956
MachineName          : ASUSROGGL553VD
UserId               : S-1-5-19
TimeCreated          : 3/22/2021 11:11:57 AM
ActivityId           :
RelatedActivityId    :
ContainerLog         : System
MatchedQueryIds      : {}
Bookmark             : System.Diagnostics.Eventing.Reader.EventBookmark
LevelDisplayName     : Information
OpcodeDisplayName    : Info
TaskDisplayName      :
KeywordsDisplayNames : {}
Properties           : {System.Diagnostics.Eventing.Reader.EventProperty}

Message              : The start type of the Background Intelligent Transfer Service service was changed from auto start to
demand start.
Id                   : 7040
Version              : 0
Qualifiers           : 16384
Level                : 4
Task                 : 0
Opcode               : 0
Keywords             : -9187343239835811840
RecordId             : 1021
ProviderName         : Service Control Manager
ProviderId           : 555908d1-a6d7-4695-8e1e-26931d2012f4
LogName              : System
ProcessId            : 808
ThreadId             : 6068
MachineName          : ASUSROGGL553VD
UserId               : S-1-5-18
TimeCreated          : 3/22/2021 11:11:31 AM
ActivityId           :
RelatedActivityId    :
ContainerLog         : System
MatchedQueryIds      : {}
Bookmark             : System.Diagnostics.Eventing.Reader.EventBookmark
LevelDisplayName     : Information
OpcodeDisplayName    :
TaskDisplayName      :
KeywordsDisplayNames : {Classic}
Properties           : {System.Diagnostics.Eventing.Reader.EventProperty, System.Diagnostics.Eventing.Reader.EventProperty,
System.Diagnostics.Eventing.Reader.EventProperty, System.Diagnostics.Eventing.Reader.EventProperty}

Message              : The application-specific permission settings do not grant Local Activation permission for the COM Server
application with CLSID
{2593F8B9-4EAF-457C-B68A-50F6B8EA6B54}
and APPID
{15C20B67-12E7-4BB6-92BB-7AFF07997402}
to the user ASUSROGGL553VD\dragonfire SID (S-1-5-21-1509157054-3111376858-337195177-1001) from address
LocalHost (Using LRPC) running in the application container Unavailable SID (Unavailable). This security
permission can be modified using the Component Services administrative tool.
Id                   : 10016
Version              : 0
Qualifiers           : 0
Level                : 3
Task                 : 0
Opcode               : 0
Keywords             : -9187343239835811840
RecordId             : 1020
ProviderName         : Microsoft-Windows-DistributedCOM
ProviderId           : 1b562e86-b7aa-4131-badc-b6f3a001407e
LogName              : System
ProcessId            : 1320
ThreadId             : 16500
MachineName          : ASUSROGGL553VD
UserId               : S-1-5-21-1509157054-3111376858-337195177-1001
TimeCreated          : 3/22/2021 11:09:55 AM
ActivityId           : bc9383df-d97d-4163-ab84-e8aa3e9b55c2
RelatedActivityId    :
ContainerLog         : System
MatchedQueryIds      : {}
Bookmark             : System.Diagnostics.Eventing.Reader.EventBookmark
LevelDisplayName     : Warning
OpcodeDisplayName    : Info
TaskDisplayName      :
KeywordsDisplayNames : {Classic}
Properties           : {System.Diagnostics.Eventing.Reader.EventProperty, System.Diagnostics.Eventing.Reader.EventProperty,
System.Diagnostics.Eventing.Reader.EventProperty, System.Diagnostics.Eventing.Reader.EventProperty...}

Message              : The application-specific permission settings do not grant Local Activation permission for the COM Server
application with CLSID
{2593F8B9-4EAF-457C-B68A-50F6B8EA6B54}
and APPID
{15C20B67-12E7-4BB6-92BB-7AFF07997402}
to the user ASUSROGGL553VD\dragonfire SID (S-1-5-21-1509157054-3111376858-337195177-1001) from address
LocalHost (Using LRPC) running in the application container Unavailable SID (Unavailable). This security
permission can be modified using the Component Services administrative tool.
Id                   : 10016
Version              : 0
Qualifiers           : 0
Level                : 3
Task                 : 0
Opcode               : 0
Keywords             : -9187343239835811840
RecordId             : 1019
ProviderName         : Microsoft-Windows-DistributedCOM
ProviderId           : 1b562e86-b7aa-4131-badc-b6f3a001407e
LogName              : System
ProcessId            : 1320
ThreadId             : 12972
MachineName          : ASUSROGGL553VD
UserId               : S-1-5-21-1509157054-3111376858-337195177-1001
TimeCreated          : 3/22/2021 11:05:51 AM
ActivityId           : 55a6c85a-7d15-4dfe-960f-1d9ac1e32448
RelatedActivityId    :
ContainerLog         : System
MatchedQueryIds      : {}
Bookmark             : System.Diagnostics.Eventing.Reader.EventBookmark
LevelDisplayName     : Warning
OpcodeDisplayName    : Info
TaskDisplayName      :
KeywordsDisplayNames : {Classic}
Properties           : {System.Diagnostics.Eventing.Reader.EventProperty, System.Diagnostics.Eventing.Reader.EventProperty,
System.Diagnostics.Eventing.Reader.EventProperty, System.Diagnostics.Eventing.Reader.EventProperty...}

