Message              : The application-specific permission settings do not grant Local Activation permission for the COM Server
application with CLSID
{2593F8B9-4EAF-457C-B68A-50F6B8EA6B54}
and APPID
{15C20B67-12E7-4BB6-92BB-7AFF07997402}
to the user ASUSROGGL553VD\dragonfire SID (S-1-5-21-1509157054-3111376858-337195177-1001) from address
LocalHost (Using LRPC) running in the application container Unavailable SID (Unavailable). This security
permission can be modified using the Component Services administrative tool.
Id                   : 10016
Version              : 0
Qualifiers           : 0
Level                : 3
Task                 : 0
Opcode               : 0
Keywords             : -9187343239835811840
RecordId             : 1390
ProviderName         : Microsoft-Windows-DistributedCOM
ProviderId           : 1b562e86-b7aa-4131-badc-b6f3a001407e
LogName              : System
ProcessId            : 1320
ThreadId             : 11252
MachineName          : ASUSROGGL553VD
UserId               : S-1-5-21-1509157054-3111376858-337195177-1001
TimeCreated          : 3/27/2021 12:20:32 PM
ActivityId           : fa478c9c-fce2-4bbe-9f37-adc68de8874d
RelatedActivityId    :
ContainerLog         : System
MatchedQueryIds      : {}
Bookmark             : System.Diagnostics.Eventing.Reader.EventBookmark
LevelDisplayName     : Warning
OpcodeDisplayName    : Info
TaskDisplayName      :
KeywordsDisplayNames : {Classic}
Properties           : {System.Diagnostics.Eventing.Reader.EventProperty, System.Diagnostics.Eventing.Reader.EventProperty,
System.Diagnostics.Eventing.Reader.EventProperty, System.Diagnostics.Eventing.Reader.EventProperty...}

Message              : The machine-default permission settings do not grant Local Activation permission for the COM Server
application with CLSID
{C2F03A33-21F5-47FA-B4BB-156362A2F239}
and APPID
{316CDED5-E4AE-4B15-9113-7055D84DCC97}
to the user ASUSROGGL553VD\dragonfire SID (S-1-5-21-1509157054-3111376858-337195177-1001) from address
LocalHost (Using LRPC) running in the application container
Microsoft.Windows.ShellExperienceHost_10.0.19041.610_neutral_neutral_cw5n1h2txyewy SID
(S-1-15-2-155514346-2573954481-755741238-1654018636-1233331829-3075935687-2861478708). This security
permission can be modified using the Component Services administrative tool.
Id                   : 10016
Version              : 0
Qualifiers           : 0
Level                : 3
Task                 : 0
Opcode               : 0
Keywords             : -9187343239835811840
RecordId             : 1389
ProviderName         : Microsoft-Windows-DistributedCOM
ProviderId           : 1b562e86-b7aa-4131-badc-b6f3a001407e
LogName              : System
ProcessId            : 1320
ThreadId             : 14092
MachineName          : ASUSROGGL553VD
UserId               : S-1-5-21-1509157054-3111376858-337195177-1001
TimeCreated          : 3/27/2021 12:17:09 PM
ActivityId           : 16fcb64c-f26b-4d93-8fd8-09ea6b92806a
RelatedActivityId    :
ContainerLog         : System
MatchedQueryIds      : {}
Bookmark             : System.Diagnostics.Eventing.Reader.EventBookmark
LevelDisplayName     : Warning
OpcodeDisplayName    : Info
TaskDisplayName      :
KeywordsDisplayNames : {Classic}
Properties           : {System.Diagnostics.Eventing.Reader.EventProperty, System.Diagnostics.Eventing.Reader.EventProperty,
System.Diagnostics.Eventing.Reader.EventProperty, System.Diagnostics.Eventing.Reader.EventProperty...}

Message              : The machine-default permission settings do not grant Local Activation permission for the COM Server
application with CLSID
{C2F03A33-21F5-47FA-B4BB-156362A2F239}
and APPID
{316CDED5-E4AE-4B15-9113-7055D84DCC97}
to the user ASUSROGGL553VD\dragonfire SID (S-1-5-21-1509157054-3111376858-337195177-1001) from address
LocalHost (Using LRPC) running in the application container
Microsoft.Windows.ShellExperienceHost_10.0.19041.610_neutral_neutral_cw5n1h2txyewy SID
(S-1-15-2-155514346-2573954481-755741238-1654018636-1233331829-3075935687-2861478708). This security
permission can be modified using the Component Services administrative tool.
Id                   : 10016
Version              : 0
Qualifiers           : 0
Level                : 3
Task                 : 0
Opcode               : 0
Keywords             : -9187343239835811840
RecordId             : 1388
ProviderName         : Microsoft-Windows-DistributedCOM
ProviderId           : 1b562e86-b7aa-4131-badc-b6f3a001407e
LogName              : System
ProcessId            : 1320
ThreadId             : 12736
MachineName          : ASUSROGGL553VD
UserId               : S-1-5-21-1509157054-3111376858-337195177-1001
TimeCreated          : 3/27/2021 12:08:24 PM
ActivityId           : e11fc7f5-6a3e-47d6-a62f-5e2b2421c06a
RelatedActivityId    :
ContainerLog         : System
MatchedQueryIds      : {}
Bookmark             : System.Diagnostics.Eventing.Reader.EventBookmark
LevelDisplayName     : Warning
OpcodeDisplayName    : Info
TaskDisplayName      :
KeywordsDisplayNames : {Classic}
Properties           : {System.Diagnostics.Eventing.Reader.EventProperty, System.Diagnostics.Eventing.Reader.EventProperty,
System.Diagnostics.Eventing.Reader.EventProperty, System.Diagnostics.Eventing.Reader.EventProperty...}

Message              : The application-specific permission settings do not grant Local Activation permission for the COM Server
application with CLSID
{2593F8B9-4EAF-457C-B68A-50F6B8EA6B54}
and APPID
{15C20B67-12E7-4BB6-92BB-7AFF07997402}
to the user ASUSROGGL553VD\dragonfire SID (S-1-5-21-1509157054-3111376858-337195177-1001) from address
LocalHost (Using LRPC) running in the application container Unavailable SID (Unavailable). This security
permission can be modified using the Component Services administrative tool.
Id                   : 10016
Version              : 0
Qualifiers           : 0
Level                : 3
Task                 : 0
Opcode               : 0
Keywords             : -9187343239835811840
RecordId             : 1387
ProviderName         : Microsoft-Windows-DistributedCOM
ProviderId           : 1b562e86-b7aa-4131-badc-b6f3a001407e
LogName              : System
ProcessId            : 1320
ThreadId             : 12736
MachineName          : ASUSROGGL553VD
UserId               : S-1-5-21-1509157054-3111376858-337195177-1001
TimeCreated          : 3/27/2021 12:06:25 PM
ActivityId           : 8d128012-bef1-45f8-9e25-e6fa3c950d12
RelatedActivityId    :
ContainerLog         : System
MatchedQueryIds      : {}
Bookmark             : System.Diagnostics.Eventing.Reader.EventBookmark
LevelDisplayName     : Warning
OpcodeDisplayName    : Info
TaskDisplayName      :
KeywordsDisplayNames : {Classic}
Properties           : {System.Diagnostics.Eventing.Reader.EventProperty, System.Diagnostics.Eventing.Reader.EventProperty,
System.Diagnostics.Eventing.Reader.EventProperty, System.Diagnostics.Eventing.Reader.EventProperty...}

Message              : The system uptime is 830853 seconds.
Id                   : 6013
Version              : 0
Qualifiers           : 32768
Level                : 4
Task                 : 0
Opcode               : 0
Keywords             : 36028797018963968
RecordId             : 1386
ProviderName         : EventLog
ProviderId           :
LogName              : System
ProcessId            : 0
ThreadId             : 0
MachineName          : ASUSROGGL553VD
UserId               :
TimeCreated          : 3/27/2021 12:00:00 PM
ActivityId           :
RelatedActivityId    :
ContainerLog         : System
MatchedQueryIds      : {}
Bookmark             : System.Diagnostics.Eventing.Reader.EventBookmark
LevelDisplayName     : Information
OpcodeDisplayName    :
TaskDisplayName      :
KeywordsDisplayNames : {Classic}
Properties           : {System.Diagnostics.Eventing.Reader.EventProperty, System.Diagnostics.Eventing.Reader.EventProperty,
System.Diagnostics.Eventing.Reader.EventProperty, System.Diagnostics.Eventing.Reader.EventProperty...}

Message              : The machine-default permission settings do not grant Local Activation permission for the COM Server
application with CLSID
{C2F03A33-21F5-47FA-B4BB-156362A2F239}
and APPID
{316CDED5-E4AE-4B15-9113-7055D84DCC97}
to the user ASUSROGGL553VD\dragonfire SID (S-1-5-21-1509157054-3111376858-337195177-1001) from address
LocalHost (Using LRPC) running in the application container
Microsoft.Windows.ShellExperienceHost_10.0.19041.610_neutral_neutral_cw5n1h2txyewy SID
(S-1-15-2-155514346-2573954481-755741238-1654018636-1233331829-3075935687-2861478708). This security
permission can be modified using the Component Services administrative tool.
Id                   : 10016
Version              : 0
Qualifiers           : 0
Level                : 3
Task                 : 0
Opcode               : 0
Keywords             : -9187343239835811840
RecordId             : 1385
ProviderName         : Microsoft-Windows-DistributedCOM
ProviderId           : 1b562e86-b7aa-4131-badc-b6f3a001407e
LogName              : System
ProcessId            : 1320
ThreadId             : 7524
MachineName          : ASUSROGGL553VD
UserId               : S-1-5-21-1509157054-3111376858-337195177-1001
TimeCreated          : 3/27/2021 11:47:29 AM
ActivityId           : 7c4712c6-5897-4f80-8e42-6bb1f017a6e5
RelatedActivityId    :
ContainerLog         : System
MatchedQueryIds      : {}
Bookmark             : System.Diagnostics.Eventing.Reader.EventBookmark
LevelDisplayName     : Warning
OpcodeDisplayName    : Info
TaskDisplayName      :
KeywordsDisplayNames : {Classic}
Properties           : {System.Diagnostics.Eventing.Reader.EventProperty, System.Diagnostics.Eventing.Reader.EventProperty,
System.Diagnostics.Eventing.Reader.EventProperty, System.Diagnostics.Eventing.Reader.EventProperty...}

Message              : The machine-default permission settings do not grant Local Activation permission for the COM Server
application with CLSID
{C2F03A33-21F5-47FA-B4BB-156362A2F239}
and APPID
{316CDED5-E4AE-4B15-9113-7055D84DCC97}
to the user ASUSROGGL553VD\dragonfire SID (S-1-5-21-1509157054-3111376858-337195177-1001) from address
LocalHost (Using LRPC) running in the application container
Microsoft.Windows.ShellExperienceHost_10.0.19041.610_neutral_neutral_cw5n1h2txyewy SID
(S-1-15-2-155514346-2573954481-755741238-1654018636-1233331829-3075935687-2861478708). This security
permission can be modified using the Component Services administrative tool.
Id                   : 10016
Version              : 0
Qualifiers           : 0
Level                : 3
Task                 : 0
Opcode               : 0
Keywords             : -9187343239835811840
RecordId             : 1384
ProviderName         : Microsoft-Windows-DistributedCOM
ProviderId           : 1b562e86-b7aa-4131-badc-b6f3a001407e
LogName              : System
ProcessId            : 1320
ThreadId             : 16580
MachineName          : ASUSROGGL553VD
UserId               : S-1-5-21-1509157054-3111376858-337195177-1001
TimeCreated          : 3/27/2021 11:42:08 AM
ActivityId           : aa2f539d-2157-411b-9d11-16d4fba6cd35
RelatedActivityId    :
ContainerLog         : System
MatchedQueryIds      : {}
Bookmark             : System.Diagnostics.Eventing.Reader.EventBookmark
LevelDisplayName     : Warning
OpcodeDisplayName    : Info
TaskDisplayName      :
KeywordsDisplayNames : {Classic}
Properties           : {System.Diagnostics.Eventing.Reader.EventProperty, System.Diagnostics.Eventing.Reader.EventProperty,
System.Diagnostics.Eventing.Reader.EventProperty, System.Diagnostics.Eventing.Reader.EventProperty...}

Message              : The machine-default permission settings do not grant Local Activation permission for the COM Server
application with CLSID
{C2F03A33-21F5-47FA-B4BB-156362A2F239}
and APPID
{316CDED5-E4AE-4B15-9113-7055D84DCC97}
to the user ASUSROGGL553VD\dragonfire SID (S-1-5-21-1509157054-3111376858-337195177-1001) from address
LocalHost (Using LRPC) running in the application container
Microsoft.Windows.ShellExperienceHost_10.0.19041.610_neutral_neutral_cw5n1h2txyewy SID
(S-1-15-2-155514346-2573954481-755741238-1654018636-1233331829-3075935687-2861478708). This security
permission can be modified using the Component Services administrative tool.
Id                   : 10016
Version              : 0
Qualifiers           : 0
Level                : 3
Task                 : 0
Opcode               : 0
Keywords             : -9187343239835811840
RecordId             : 1383
ProviderName         : Microsoft-Windows-DistributedCOM
ProviderId           : 1b562e86-b7aa-4131-badc-b6f3a001407e
LogName              : System
ProcessId            : 1320
ThreadId             : 17848
MachineName          : ASUSROGGL553VD
UserId               : S-1-5-21-1509157054-3111376858-337195177-1001
TimeCreated          : 3/27/2021 11:42:04 AM
ActivityId           : 3887ad46-a4d0-40af-91c2-3ac76f6b42c6
RelatedActivityId    :
ContainerLog         : System
MatchedQueryIds      : {}
Bookmark             : System.Diagnostics.Eventing.Reader.EventBookmark
LevelDisplayName     : Warning
OpcodeDisplayName    : Info
TaskDisplayName      :
KeywordsDisplayNames : {Classic}
Properties           : {System.Diagnostics.Eventing.Reader.EventProperty, System.Diagnostics.Eventing.Reader.EventProperty,
System.Diagnostics.Eventing.Reader.EventProperty, System.Diagnostics.Eventing.Reader.EventProperty...}

Message              : The application-specific permission settings do not grant Local Activation permission for the COM Server
application with CLSID
{2593F8B9-4EAF-457C-B68A-50F6B8EA6B54}
and APPID
{15C20B67-12E7-4BB6-92BB-7AFF07997402}
to the user ASUSROGGL553VD\dragonfire SID (S-1-5-21-1509157054-3111376858-337195177-1001) from address
LocalHost (Using LRPC) running in the application container Unavailable SID (Unavailable). This security
permission can be modified using the Component Services administrative tool.
Id                   : 10016
Version              : 0
Qualifiers           : 0
Level                : 3
Task                 : 0
Opcode               : 0
Keywords             : -9187343239835811840
RecordId             : 1382
ProviderName         : Microsoft-Windows-DistributedCOM
ProviderId           : 1b562e86-b7aa-4131-badc-b6f3a001407e
LogName              : System
ProcessId            : 1320
ThreadId             : 14964
MachineName          : ASUSROGGL553VD
UserId               : S-1-5-21-1509157054-3111376858-337195177-1001
TimeCreated          : 3/27/2021 11:32:06 AM
ActivityId           : 797555b7-87f9-42b0-ac6f-41038739f449
RelatedActivityId    :
ContainerLog         : System
MatchedQueryIds      : {}
Bookmark             : System.Diagnostics.Eventing.Reader.EventBookmark
LevelDisplayName     : Warning
OpcodeDisplayName    : Info
TaskDisplayName      :
KeywordsDisplayNames : {Classic}
Properties           : {System.Diagnostics.Eventing.Reader.EventProperty, System.Diagnostics.Eventing.Reader.EventProperty,
System.Diagnostics.Eventing.Reader.EventProperty, System.Diagnostics.Eventing.Reader.EventProperty...}

Message              : The application-specific permission settings do not grant Local Activation permission for the COM Server
application with CLSID
{2593F8B9-4EAF-457C-B68A-50F6B8EA6B54}
and APPID
{15C20B67-12E7-4BB6-92BB-7AFF07997402}
to the user ASUSROGGL553VD\dragonfire SID (S-1-5-21-1509157054-3111376858-337195177-1001) from address
LocalHost (Using LRPC) running in the application container Unavailable SID (Unavailable). This security
permission can be modified using the Component Services administrative tool.
Id                   : 10016
Version              : 0
Qualifiers           : 0
Level                : 3
Task                 : 0
Opcode               : 0
Keywords             : -9187343239835811840
RecordId             : 1381
ProviderName         : Microsoft-Windows-DistributedCOM
ProviderId           : 1b562e86-b7aa-4131-badc-b6f3a001407e
LogName              : System
ProcessId            : 1320
ThreadId             : 14964
MachineName          : ASUSROGGL553VD
UserId               : S-1-5-21-1509157054-3111376858-337195177-1001
TimeCreated          : 3/27/2021 11:32:06 AM
ActivityId           : aa4a4bda-a70d-422d-bd3a-64ee9b1fe085
RelatedActivityId    :
ContainerLog         : System
MatchedQueryIds      : {}
Bookmark             : System.Diagnostics.Eventing.Reader.EventBookmark
LevelDisplayName     : Warning
OpcodeDisplayName    : Info
TaskDisplayName      :
KeywordsDisplayNames : {Classic}
Properties           : {System.Diagnostics.Eventing.Reader.EventProperty, System.Diagnostics.Eventing.Reader.EventProperty,
System.Diagnostics.Eventing.Reader.EventProperty, System.Diagnostics.Eventing.Reader.EventProperty...}

Message              : The machine-default permission settings do not grant Local Activation permission for the COM Server
application with CLSID
{C2F03A33-21F5-47FA-B4BB-156362A2F239}
and APPID
{316CDED5-E4AE-4B15-9113-7055D84DCC97}
to the user ASUSROGGL553VD\dragonfire SID (S-1-5-21-1509157054-3111376858-337195177-1001) from address
LocalHost (Using LRPC) running in the application container
Microsoft.Windows.ShellExperienceHost_10.0.19041.610_neutral_neutral_cw5n1h2txyewy SID
(S-1-15-2-155514346-2573954481-755741238-1654018636-1233331829-3075935687-2861478708). This security
permission can be modified using the Component Services administrative tool.
Id                   : 10016
Version              : 0
Qualifiers           : 0
Level                : 3
Task                 : 0
Opcode               : 0
Keywords             : -9187343239835811840
RecordId             : 1380
ProviderName         : Microsoft-Windows-DistributedCOM
ProviderId           : 1b562e86-b7aa-4131-badc-b6f3a001407e
LogName              : System
ProcessId            : 1320
ThreadId             : 17892
MachineName          : ASUSROGGL553VD
UserId               : S-1-5-21-1509157054-3111376858-337195177-1001
TimeCreated          : 3/27/2021 11:26:33 AM
ActivityId           : c339076d-bf52-4a73-b6d0-6cc45e915c2c
RelatedActivityId    :
ContainerLog         : System
MatchedQueryIds      : {}
Bookmark             : System.Diagnostics.Eventing.Reader.EventBookmark
LevelDisplayName     : Warning
OpcodeDisplayName    : Info
TaskDisplayName      :
KeywordsDisplayNames : {Classic}
Properties           : {System.Diagnostics.Eventing.Reader.EventProperty, System.Diagnostics.Eventing.Reader.EventProperty,
System.Diagnostics.Eventing.Reader.EventProperty, System.Diagnostics.Eventing.Reader.EventProperty...}

Message              : The machine-default permission settings do not grant Local Activation permission for the COM Server
application with CLSID
{C2F03A33-21F5-47FA-B4BB-156362A2F239}
and APPID
{316CDED5-E4AE-4B15-9113-7055D84DCC97}
to the user ASUSROGGL553VD\dragonfire SID (S-1-5-21-1509157054-3111376858-337195177-1001) from address
LocalHost (Using LRPC) running in the application container
Microsoft.Windows.ShellExperienceHost_10.0.19041.610_neutral_neutral_cw5n1h2txyewy SID
(S-1-15-2-155514346-2573954481-755741238-1654018636-1233331829-3075935687-2861478708). This security
permission can be modified using the Component Services administrative tool.
Id                   : 10016
Version              : 0
Qualifiers           : 0
Level                : 3
Task                 : 0
Opcode               : 0
Keywords             : -9187343239835811840
RecordId             : 1379
ProviderName         : Microsoft-Windows-DistributedCOM
ProviderId           : 1b562e86-b7aa-4131-badc-b6f3a001407e
LogName              : System
ProcessId            : 1320
ThreadId             : 13704
MachineName          : ASUSROGGL553VD
UserId               : S-1-5-21-1509157054-3111376858-337195177-1001
TimeCreated          : 3/27/2021 11:06:20 AM
ActivityId           : 6f00b032-8bf8-4ab9-81da-3e4990da8a6a
RelatedActivityId    :
ContainerLog         : System
MatchedQueryIds      : {}
Bookmark             : System.Diagnostics.Eventing.Reader.EventBookmark
LevelDisplayName     : Warning
OpcodeDisplayName    : Info
TaskDisplayName      :
KeywordsDisplayNames : {Classic}
Properties           : {System.Diagnostics.Eventing.Reader.EventProperty, System.Diagnostics.Eventing.Reader.EventProperty,
System.Diagnostics.Eventing.Reader.EventProperty, System.Diagnostics.Eventing.Reader.EventProperty...}

Message              : The application-specific permission settings do not grant Local Activation permission for the COM Server
application with CLSID
{2593F8B9-4EAF-457C-B68A-50F6B8EA6B54}
and APPID
{15C20B67-12E7-4BB6-92BB-7AFF07997402}
to the user ASUSROGGL553VD\dragonfire SID (S-1-5-21-1509157054-3111376858-337195177-1001) from address
LocalHost (Using LRPC) running in the application container Unavailable SID (Unavailable). This security
permission can be modified using the Component Services administrative tool.
Id                   : 10016
Version              : 0
Qualifiers           : 0
Level                : 3
Task                 : 0
Opcode               : 0
Keywords             : -9187343239835811840
RecordId             : 1378
ProviderName         : Microsoft-Windows-DistributedCOM
ProviderId           : 1b562e86-b7aa-4131-badc-b6f3a001407e
LogName              : System
ProcessId            : 1320
ThreadId             : 13704
MachineName          : ASUSROGGL553VD
UserId               : S-1-5-21-1509157054-3111376858-337195177-1001
TimeCreated          : 3/27/2021 11:06:12 AM
ActivityId           : 26891a03-cccf-452b-925c-031b0dd58acb
RelatedActivityId    :
ContainerLog         : System
MatchedQueryIds      : {}
Bookmark             : System.Diagnostics.Eventing.Reader.EventBookmark
LevelDisplayName     : Warning
OpcodeDisplayName    : Info
TaskDisplayName      :
KeywordsDisplayNames : {Classic}
Properties           : {System.Diagnostics.Eventing.Reader.EventProperty, System.Diagnostics.Eventing.Reader.EventProperty,
System.Diagnostics.Eventing.Reader.EventProperty, System.Diagnostics.Eventing.Reader.EventProperty...}

Message              : The start type of the Background Intelligent Transfer Service service was changed from auto start to
demand start.
Id                   : 7040
Version              : 0
Qualifiers           : 16384
Level                : 4
Task                 : 0
Opcode               : 0
Keywords             : -9187343239835811840
RecordId             : 1377
ProviderName         : Service Control Manager
ProviderId           : 555908d1-a6d7-4695-8e1e-26931d2012f4
LogName              : System
ProcessId            : 808
ThreadId             : 11156
MachineName          : ASUSROGGL553VD
UserId               : S-1-5-18
TimeCreated          : 3/27/2021 11:04:16 AM
ActivityId           :
RelatedActivityId    :
ContainerLog         : System
MatchedQueryIds      : {}
Bookmark             : System.Diagnostics.Eventing.Reader.EventBookmark
LevelDisplayName     : Information
OpcodeDisplayName    :
TaskDisplayName      :
KeywordsDisplayNames : {Classic}
Properties           : {System.Diagnostics.Eventing.Reader.EventProperty, System.Diagnostics.Eventing.Reader.EventProperty,
System.Diagnostics.Eventing.Reader.EventProperty, System.Diagnostics.Eventing.Reader.EventProperty}

Message              : The start type of the Background Intelligent Transfer Service service was changed from demand start to
auto start.
Id                   : 7040
Version              : 0
Qualifiers           : 16384
Level                : 4
Task                 : 0
Opcode               : 0
Keywords             : -9187343239835811840
RecordId             : 1376
ProviderName         : Service Control Manager
ProviderId           : 555908d1-a6d7-4695-8e1e-26931d2012f4
LogName              : System
ProcessId            : 808
ThreadId             : 17300
MachineName          : ASUSROGGL553VD
UserId               : S-1-5-18
TimeCreated          : 3/27/2021 11:02:11 AM
ActivityId           :
RelatedActivityId    :
ContainerLog         : System
MatchedQueryIds      : {}
Bookmark             : System.Diagnostics.Eventing.Reader.EventBookmark
LevelDisplayName     : Information
OpcodeDisplayName    :
TaskDisplayName      :
KeywordsDisplayNames : {Classic}
Properties           : {System.Diagnostics.Eventing.Reader.EventProperty, System.Diagnostics.Eventing.Reader.EventProperty,
System.Diagnostics.Eventing.Reader.EventProperty, System.Diagnostics.Eventing.Reader.EventProperty}

Message              : The system time has changed to ?2021?-?03?-?27T09:01:01.179749100Z from
?2021?-?03?-?27T09:01:01.178936100Z.

Change Reason: An application or system component changed the time.
Process: '\Device\HarddiskVolume4\Windows\System32\svchost.exe' (PID 11120).
Id                   : 1
Version              : 2
Qualifiers           :
Level                : 4
Task                 : 5
Opcode               : 0
Keywords             : -9223372036854775792
RecordId             : 1375
ProviderName         : Microsoft-Windows-Kernel-General
ProviderId           : a68ca8b7-004f-d7b6-a698-07e2de0f1f5d
LogName              : System
ProcessId            : 11120
ThreadId             : 10808
MachineName          : ASUSROGGL553VD
UserId               : S-1-5-19
TimeCreated          : 3/27/2021 11:01:01 AM
ActivityId           :
RelatedActivityId    :
ContainerLog         : System
MatchedQueryIds      : {}
Bookmark             : System.Diagnostics.Eventing.Reader.EventBookmark
LevelDisplayName     : Information
OpcodeDisplayName    : Info
TaskDisplayName      :
KeywordsDisplayNames : {Time}
Properties           : {System.Diagnostics.Eventing.Reader.EventProperty, System.Diagnostics.Eventing.Reader.EventProperty,
System.Diagnostics.Eventing.Reader.EventProperty, System.Diagnostics.Eventing.Reader.EventProperty...}

Message              : The time zone information was refreshed with exit reason 0. Current time zone bias is -120.
Id                   : 24
Version              : 0
Qualifiers           :
Level                : 4
Task                 : 11
Opcode               : 0
Keywords             : -9223372036854775792
RecordId             : 1374
ProviderName         : Microsoft-Windows-Kernel-General
ProviderId           : a68ca8b7-004f-d7b6-a698-07e2de0f1f5d
LogName              : System
ProcessId            : 11120
ThreadId             : 10808
MachineName          : ASUSROGGL553VD
UserId               : S-1-5-19
TimeCreated          : 3/27/2021 11:01:01 AM
ActivityId           :
RelatedActivityId    :
ContainerLog         : System
MatchedQueryIds      : {}
Bookmark             : System.Diagnostics.Eventing.Reader.EventBookmark
LevelDisplayName     : Information
OpcodeDisplayName    : Info
TaskDisplayName      :
KeywordsDisplayNames : {Time}
Properties           : {System.Diagnostics.Eventing.Reader.EventProperty, System.Diagnostics.Eventing.Reader.EventProperty,
System.Diagnostics.Eventing.Reader.EventProperty, System.Diagnostics.Eventing.Reader.EventProperty...}

Message              : The system time has changed to ?2021?-?03?-?27T09:01:01.178936100Z from
?2021?-?03?-?27T09:01:01.178473700Z.

Change Reason: An application or system component changed the time.
Process: '\Device\HarddiskVolume4\Windows\System32\svchost.exe' (PID 11120).
Id                   : 1
Version              : 2
Qualifiers           :
Level                : 4
Task                 : 5
Opcode               : 0
Keywords             : -9223372036854775792
RecordId             : 1373
ProviderName         : Microsoft-Windows-Kernel-General
ProviderId           : a68ca8b7-004f-d7b6-a698-07e2de0f1f5d
LogName              : System
ProcessId            : 11120
ThreadId             : 10808
MachineName          : ASUSROGGL553VD
UserId               : S-1-5-19
TimeCreated          : 3/27/2021 11:01:01 AM
ActivityId           :
RelatedActivityId    :
ContainerLog         : System
MatchedQueryIds      : {}
Bookmark             : System.Diagnostics.Eventing.Reader.EventBookmark
LevelDisplayName     : Information
OpcodeDisplayName    : Info
TaskDisplayName      :
KeywordsDisplayNames : {Time}
Properties           : {System.Diagnostics.Eventing.Reader.EventProperty, System.Diagnostics.Eventing.Reader.EventProperty,
System.Diagnostics.Eventing.Reader.EventProperty, System.Diagnostics.Eventing.Reader.EventProperty...}

Message              : The time zone information was refreshed with exit reason 0. Current time zone bias is -120.
Id                   : 24
Version              : 0
Qualifiers           :
Level                : 4
Task                 : 11
Opcode               : 0
Keywords             : -9223372036854775792
RecordId             : 1372
ProviderName         : Microsoft-Windows-Kernel-General
ProviderId           : a68ca8b7-004f-d7b6-a698-07e2de0f1f5d
LogName              : System
ProcessId            : 11120
ThreadId             : 10808
MachineName          : ASUSROGGL553VD
UserId               : S-1-5-19
TimeCreated          : 3/27/2021 11:01:01 AM
ActivityId           :
RelatedActivityId    :
ContainerLog         : System
MatchedQueryIds      : {}
Bookmark             : System.Diagnostics.Eventing.Reader.EventBookmark
LevelDisplayName     : Information
OpcodeDisplayName    : Info
TaskDisplayName      :
KeywordsDisplayNames : {Time}
Properties           : {System.Diagnostics.Eventing.Reader.EventProperty, System.Diagnostics.Eventing.Reader.EventProperty,
System.Diagnostics.Eventing.Reader.EventProperty, System.Diagnostics.Eventing.Reader.EventProperty...}

Message              : The time service is now synchronizing the system time with the time source time.windows.com,0x9
(ntp.m|0x9|0.0.0.0:123->51.105.208.173:123) with reference id 2916116787. Current local stratum number is
4.
Id                   : 35
Version              : 0
Qualifiers           :
Level                : 4
Task                 : 0
Opcode               : 0
Keywords             : -9223372036854775808
RecordId             : 1371
ProviderName         : Microsoft-Windows-Time-Service
ProviderId           : 06edcfeb-0fd0-4e53-acca-a6f8bbf81bcb
LogName              : System
ProcessId            : 11120
ThreadId             : 1652
MachineName          : ASUSROGGL553VD
UserId               : S-1-5-19
TimeCreated          : 3/27/2021 11:01:01 AM
ActivityId           :
RelatedActivityId    :
ContainerLog         : System
MatchedQueryIds      : {}
Bookmark             : System.Diagnostics.Eventing.Reader.EventBookmark
LevelDisplayName     : Information
OpcodeDisplayName    : Info
TaskDisplayName      :
KeywordsDisplayNames : {}
Properties           : {System.Diagnostics.Eventing.Reader.EventProperty, System.Diagnostics.Eventing.Reader.EventProperty,
System.Diagnostics.Eventing.Reader.EventProperty}

Message              : The system time has changed to ?2021?-?03?-?27T09:01:01.178473700Z from
?2021?-?03?-?27T09:01:02.949974900Z.

Change Reason: An application or system component changed the time.
Process: '\Device\HarddiskVolume4\Windows\System32\svchost.exe' (PID 11120).
Id                   : 1
Version              : 2
Qualifiers           :
Level                : 4
Task                 : 5
Opcode               : 0
Keywords             : -9223372036854775792
RecordId             : 1370
ProviderName         : Microsoft-Windows-Kernel-General
ProviderId           : a68ca8b7-004f-d7b6-a698-07e2de0f1f5d
LogName              : System
ProcessId            : 11120
ThreadId             : 10808
MachineName          : ASUSROGGL553VD
UserId               : S-1-5-19
TimeCreated          : 3/27/2021 11:01:01 AM
ActivityId           :
RelatedActivityId    :
ContainerLog         : System
MatchedQueryIds      : {}
Bookmark             : System.Diagnostics.Eventing.Reader.EventBookmark
LevelDisplayName     : Information
OpcodeDisplayName    : Info
TaskDisplayName      :
KeywordsDisplayNames : {Time}
Properties           : {System.Diagnostics.Eventing.Reader.EventProperty, System.Diagnostics.Eventing.Reader.EventProperty,
System.Diagnostics.Eventing.Reader.EventProperty, System.Diagnostics.Eventing.Reader.EventProperty...}

Message              : The time zone information was refreshed with exit reason 0. Current time zone bias is -120.
Id                   : 24
Version              : 0
Qualifiers           :
Level                : 4
Task                 : 11
Opcode               : 0
Keywords             : -9223372036854775792
RecordId             : 1369
ProviderName         : Microsoft-Windows-Kernel-General
ProviderId           : a68ca8b7-004f-d7b6-a698-07e2de0f1f5d
LogName              : System
ProcessId            : 11120
ThreadId             : 10808
MachineName          : ASUSROGGL553VD
UserId               : S-1-5-19
TimeCreated          : 3/27/2021 11:01:01 AM
ActivityId           :
RelatedActivityId    :
ContainerLog         : System
MatchedQueryIds      : {}
Bookmark             : System.Diagnostics.Eventing.Reader.EventBookmark
LevelDisplayName     : Information
OpcodeDisplayName    : Info
TaskDisplayName      :
KeywordsDisplayNames : {Time}
Properties           : {System.Diagnostics.Eventing.Reader.EventProperty, System.Diagnostics.Eventing.Reader.EventProperty,
System.Diagnostics.Eventing.Reader.EventProperty, System.Diagnostics.Eventing.Reader.EventProperty...}

Message              : The access history in hive \??\C:\Windows.old\Windows\System32\Config\SYSTEM was cleared updating 80647
keys and creating 5510 modified pages.
Id                   : 16
Version              : 0
Qualifiers           :
Level                : 4
Task                 : 0
Opcode               : 0
Keywords             : -9223372036854775808
RecordId             : 1368
ProviderName         : Microsoft-Windows-Kernel-General
ProviderId           : a68ca8b7-004f-d7b6-a698-07e2de0f1f5d
LogName              : System
ProcessId            : 5292
ThreadId             : 19212
MachineName          : ASUSROGGL553VD
UserId               : S-1-5-18
TimeCreated          : 3/27/2021 11:01:02 AM
ActivityId           :
RelatedActivityId    :
ContainerLog         : System
MatchedQueryIds      : {}
Bookmark             : System.Diagnostics.Eventing.Reader.EventBookmark
LevelDisplayName     : Information
OpcodeDisplayName    : Info
TaskDisplayName      :
KeywordsDisplayNames : {}
Properties           : {System.Diagnostics.Eventing.Reader.EventProperty, System.Diagnostics.Eventing.Reader.EventProperty,
System.Diagnostics.Eventing.Reader.EventProperty, System.Diagnostics.Eventing.Reader.EventProperty}

Message              : The access history in hive
\??\C:\Users\dragonfire\AppData\Local\Packages\ncsiuwpapp_8wekyb3d8bbwe\Settings\settings.dat was cleared
updating 2 keys and creating 1 modified pages.
Id                   : 16
Version              : 0
Qualifiers           :
Level                : 4
Task                 : 0
Opcode               : 0
Keywords             : -9223372036854775808
RecordId             : 1367
ProviderName         : Microsoft-Windows-Kernel-General
ProviderId           : a68ca8b7-004f-d7b6-a698-07e2de0f1f5d
LogName              : System
ProcessId            : 352
ThreadId             : 12652
MachineName          : ASUSROGGL553VD
UserId               : S-1-5-18
TimeCreated          : 3/27/2021 11:00:52 AM
ActivityId           :
RelatedActivityId    :
ContainerLog         : System
MatchedQueryIds      : {}
Bookmark             : System.Diagnostics.Eventing.Reader.EventBookmark
LevelDisplayName     : Information
OpcodeDisplayName    : Info
TaskDisplayName      :
KeywordsDisplayNames : {}
Properties           : {System.Diagnostics.Eventing.Reader.EventProperty, System.Diagnostics.Eventing.Reader.EventProperty,
System.Diagnostics.Eventing.Reader.EventProperty, System.Diagnostics.Eventing.Reader.EventProperty}

Message              : The time provider NtpClient is currently receiving valid time data from time.windows.com,0x9
(ntp.m|0x9|0.0.0.0:123->51.105.208.173:123).
Id                   : 37
Version              : 0
Qualifiers           :
Level                : 4
Task                 : 0
Opcode               : 0
Keywords             : -9223372036854775808
RecordId             : 1366
ProviderName         : Microsoft-Windows-Time-Service
ProviderId           : 06edcfeb-0fd0-4e53-acca-a6f8bbf81bcb
LogName              : System
ProcessId            : 11120
ThreadId             : 12764
MachineName          : ASUSROGGL553VD
UserId               : S-1-5-19
TimeCreated          : 3/27/2021 11:00:48 AM
ActivityId           :
RelatedActivityId    :
ContainerLog         : System
MatchedQueryIds      : {}
Bookmark             : System.Diagnostics.Eventing.Reader.EventBookmark
LevelDisplayName     : Information
OpcodeDisplayName    : Info
TaskDisplayName      :
KeywordsDisplayNames : {}
Properties           : {System.Diagnostics.Eventing.Reader.EventProperty}

Message              : The time provider 'VMICTimeProvider' has indicated that the current hardware and operating environment is
not supported and has stopped. This behavior is expected for VMICTimeProvider on non-HyperV-guest
environments. This may be the expected behavior for the current provider in the current operating
environment as well.
Id                   : 158
Version              : 0
Qualifiers           :
Level                : 4
Task                 : 0
Opcode               : 0
Keywords             : -9223372036854775808
RecordId             : 1365
ProviderName         : Microsoft-Windows-Time-Service
ProviderId           : 06edcfeb-0fd0-4e53-acca-a6f8bbf81bcb
LogName              : System
ProcessId            : 11120
ThreadId             : 14948
MachineName          : ASUSROGGL553VD
UserId               : S-1-5-19
TimeCreated          : 3/27/2021 11:00:46 AM
ActivityId           :
RelatedActivityId    :
ContainerLog         : System
MatchedQueryIds      : {}
Bookmark             : System.Diagnostics.Eventing.Reader.EventBookmark
LevelDisplayName     : Information
OpcodeDisplayName    : Info
TaskDisplayName      :
KeywordsDisplayNames : {}
Properties           : {System.Diagnostics.Eventing.Reader.EventProperty}

Message              : The start type of the Background Intelligent Transfer Service service was changed from auto start to
demand start.
Id                   : 7040
Version              : 0
Qualifiers           : 16384
Level                : 4
Task                 : 0
Opcode               : 0
Keywords             : -9187343239835811840
RecordId             : 1364
ProviderName         : Service Control Manager
ProviderId           : 555908d1-a6d7-4695-8e1e-26931d2012f4
LogName              : System
ProcessId            : 808
ThreadId             : 19504
MachineName          : ASUSROGGL553VD
UserId               : S-1-5-18
TimeCreated          : 3/27/2021 10:59:22 AM
ActivityId           :
RelatedActivityId    :
ContainerLog         : System
MatchedQueryIds      : {}
Bookmark             : System.Diagnostics.Eventing.Reader.EventBookmark
LevelDisplayName     : Information
OpcodeDisplayName    :
TaskDisplayName      :
KeywordsDisplayNames : {Classic}
Properties           : {System.Diagnostics.Eventing.Reader.EventProperty, System.Diagnostics.Eventing.Reader.EventProperty,
System.Diagnostics.Eventing.Reader.EventProperty, System.Diagnostics.Eventing.Reader.EventProperty}

Message              : The application-specific permission settings do not grant Local Activation permission for the COM Server
application with CLSID
{2593F8B9-4EAF-457C-B68A-50F6B8EA6B54}
and APPID
{15C20B67-12E7-4BB6-92BB-7AFF07997402}
to the user ASUSROGGL553VD\dragonfire SID (S-1-5-21-1509157054-3111376858-337195177-1001) from address
LocalHost (Using LRPC) running in the application container Unavailable SID (Unavailable). This security
permission can be modified using the Component Services administrative tool.
Id                   : 10016
Version              : 0
Qualifiers           : 0
Level                : 3
Task                 : 0
Opcode               : 0
Keywords             : -9187343239835811840
RecordId             : 1363
ProviderName         : Microsoft-Windows-DistributedCOM
ProviderId           : 1b562e86-b7aa-4131-badc-b6f3a001407e
LogName              : System
ProcessId            : 1320
ThreadId             : 14348
MachineName          : ASUSROGGL553VD
UserId               : S-1-5-21-1509157054-3111376858-337195177-1001
TimeCreated          : 3/27/2021 10:54:23 AM
ActivityId           : 2f62e16d-03e1-4f8d-97ee-882a064d4de7
RelatedActivityId    :
ContainerLog         : System
MatchedQueryIds      : {}
Bookmark             : System.Diagnostics.Eventing.Reader.EventBookmark
LevelDisplayName     : Warning
OpcodeDisplayName    : Info
TaskDisplayName      :
KeywordsDisplayNames : {Classic}
Properties           : {System.Diagnostics.Eventing.Reader.EventProperty, System.Diagnostics.Eventing.Reader.EventProperty,
System.Diagnostics.Eventing.Reader.EventProperty, System.Diagnostics.Eventing.Reader.EventProperty...}

Message              : The access history in hive \??\C:\Users\dragonfire\AppData\Local\Packages\Microsoft.MicrosoftEdge.Stable_8
wekyb3d8bbwe\Settings\settings.dat was cleared updating 2 keys and creating 1 modified pages.
Id                   : 16
Version              : 0
Qualifiers           :
Level                : 4
Task                 : 0
Opcode               : 0
Keywords             : -9223372036854775808
RecordId             : 1362
ProviderName         : Microsoft-Windows-Kernel-General
ProviderId           : a68ca8b7-004f-d7b6-a698-07e2de0f1f5d
LogName              : System
ProcessId            : 11628
ThreadId             : 22060
MachineName          : ASUSROGGL553VD
UserId               : S-1-5-21-1509157054-3111376858-337195177-1001
TimeCreated          : 3/27/2021 10:50:30 AM
ActivityId           :
RelatedActivityId    :
ContainerLog         : System
MatchedQueryIds      : {}
Bookmark             : System.Diagnostics.Eventing.Reader.EventBookmark
LevelDisplayName     : Information
OpcodeDisplayName    : Info
TaskDisplayName      :
KeywordsDisplayNames : {}
Properties           : {System.Diagnostics.Eventing.Reader.EventProperty, System.Diagnostics.Eventing.Reader.EventProperty,
System.Diagnostics.Eventing.Reader.EventProperty, System.Diagnostics.Eventing.Reader.EventProperty}

Message              : User Logon Notification for Customer Experience Improvement Program
Id                   : 7001
Version              : 0
Qualifiers           :
Level                : 4
Task                 : 1101
Opcode               : 0
Keywords             : 2305878193585782784
RecordId             : 1361
ProviderName         : Microsoft-Windows-Winlogon
ProviderId           : dbe9b383-7cf3-4331-91cc-a3cb16a3b538
LogName              : System
ProcessId            : 18768
ThreadId             : 18876
MachineName          : ASUSROGGL553VD
UserId               : S-1-5-18
TimeCreated          : 3/27/2021 10:49:32 AM
ActivityId           :
RelatedActivityId    :
ContainerLog         : System
MatchedQueryIds      : {}
Bookmark             : System.Diagnostics.Eventing.Reader.EventBookmark
LevelDisplayName     : Information
OpcodeDisplayName    : Info
TaskDisplayName      :
KeywordsDisplayNames : {}
Properties           : {System.Diagnostics.Eventing.Reader.EventProperty, System.Diagnostics.Eventing.Reader.EventProperty}

Message              : The system has returned from a low power state.

Sleep Time: ?2021?-?03?-?26T14:49:53.641023700Z
Wake Time: ?2021?-?03?-?27T08:49:19.807529300Z

Wake Source: Unknown
Id                   : 1
Version              : 3
Qualifiers           :
Level                : 4
Task                 : 0
Opcode               : 0
Keywords             : -9223372036854775808
RecordId             : 1360
ProviderName         : Microsoft-Windows-Power-Troubleshooter
ProviderId           : cdc05e28-c449-49c6-b9d2-88cf761644df
LogName              : System
ProcessId            : 3508
ThreadId             : 11892
MachineName          : ASUSROGGL553VD
UserId               : S-1-5-19
TimeCreated          : 3/27/2021 10:49:21 AM
ActivityId           : fe9ea87b-b219-496f-a0ec-6e54ddecc434
RelatedActivityId    :
ContainerLog         : System
MatchedQueryIds      : {}
Bookmark             : System.Diagnostics.Eventing.Reader.EventBookmark
LevelDisplayName     : Information
OpcodeDisplayName    : Info
TaskDisplayName      :
KeywordsDisplayNames : {}
Properties           : {System.Diagnostics.Eventing.Reader.EventProperty, System.Diagnostics.Eventing.Reader.EventProperty,
System.Diagnostics.Eventing.Reader.EventProperty, System.Diagnostics.Eventing.Reader.EventProperty...}

Message              : The boot type was 0x1.
Id                   : 27
Version              : 1
Qualifiers           :
Level                : 4
Task                 : 33
Opcode               : 0
Keywords             : -9223372036854775808
RecordId             : 1359
ProviderName         : Microsoft-Windows-Kernel-Boot
ProviderId           : 15ca44ff-4d7a-4baa-bba5-0998955e531e
LogName              : System
ProcessId            : 4
ThreadId             : 5112
MachineName          : ASUSROGGL553VD
UserId               :
TimeCreated          : 3/27/2021 10:49:19 AM
ActivityId           :
RelatedActivityId    :
ContainerLog         : System
MatchedQueryIds      : {}
Bookmark             : System.Diagnostics.Eventing.Reader.EventBookmark
LevelDisplayName     : Information
OpcodeDisplayName    : Info
TaskDisplayName      :
KeywordsDisplayNames : {}
Properties           : {System.Diagnostics.Eventing.Reader.EventProperty, System.Diagnostics.Eventing.Reader.EventProperty}

Message              : The boot menu policy was 0x1.
Id                   : 25
Version              : 0
Qualifiers           :
Level                : 4
Task                 : 32
Opcode               : 0
Keywords             : -9223372036854775808
RecordId             : 1358
ProviderName         : Microsoft-Windows-Kernel-Boot
ProviderId           : 15ca44ff-4d7a-4baa-bba5-0998955e531e
LogName              : System
ProcessId            : 4
ThreadId             : 5112
MachineName          : ASUSROGGL553VD
UserId               :
TimeCreated          : 3/27/2021 10:49:19 AM
ActivityId           :
RelatedActivityId    :
ContainerLog         : System
MatchedQueryIds      : {}
Bookmark             : System.Diagnostics.Eventing.Reader.EventBookmark
LevelDisplayName     : Information
OpcodeDisplayName    : Info
TaskDisplayName      :
KeywordsDisplayNames : {}
Properties           : {System.Diagnostics.Eventing.Reader.EventProperty}

Message              : The bootmgr spent 0 ms waiting for user input.
Id                   : 32
Version              : 0
Qualifiers           :
Level                : 4
Task                 : 58
Opcode               : 0
Keywords             : -9223372036854775808
RecordId             : 1357
ProviderName         : Microsoft-Windows-Kernel-Boot
ProviderId           : 15ca44ff-4d7a-4baa-bba5-0998955e531e
LogName              : System
ProcessId            : 4
ThreadId             : 5112
MachineName          : ASUSROGGL553VD
UserId               :
TimeCreated          : 3/27/2021 10:49:19 AM
ActivityId           :
RelatedActivityId    :
ContainerLog         : System
MatchedQueryIds      : {}
Bookmark             : System.Diagnostics.Eventing.Reader.EventBookmark
LevelDisplayName     : Information
OpcodeDisplayName    : Info
TaskDisplayName      :
KeywordsDisplayNames : {}
Properties           : {System.Diagnostics.Eventing.Reader.EventProperty}

Message              : There are 0x1 boot options on this system.
Id                   : 18
Version              : 0
Qualifiers           :
Level                : 4
Task                 : 57
Opcode               : 0
Keywords             : -9223372036854775808
RecordId             : 1356
ProviderName         : Microsoft-Windows-Kernel-Boot
ProviderId           : 15ca44ff-4d7a-4baa-bba5-0998955e531e
LogName              : System
ProcessId            : 4
ThreadId             : 5112
MachineName          : ASUSROGGL553VD
UserId               :
TimeCreated          : 3/27/2021 10:49:19 AM
ActivityId           :
RelatedActivityId    :
ContainerLog         : System
MatchedQueryIds      : {}
Bookmark             : System.Diagnostics.Eventing.Reader.EventBookmark
LevelDisplayName     : Information
OpcodeDisplayName    : Info
TaskDisplayName      :
KeywordsDisplayNames : {}
Properties           : {System.Diagnostics.Eventing.Reader.EventProperty}

