Message              : The application-specific permission settings do not grant Local Activation permission for the COM Server
application with CLSID
{2593F8B9-4EAF-457C-B68A-50F6B8EA6B54}
and APPID
{15C20B67-12E7-4BB6-92BB-7AFF07997402}
to the user ASUSROGGL553VD\dragonfire SID (S-1-5-21-1509157054-3111376858-337195177-1001) from address
LocalHost (Using LRPC) running in the application container Unavailable SID (Unavailable). This security
permission can be modified using the Component Services administrative tool.
Id                   : 10016
Version              : 0
Qualifiers           : 0
Level                : 3
Task                 : 0
Opcode               : 0
Keywords             : -9187343239835811840
RecordId             : 1554
ProviderName         : Microsoft-Windows-DistributedCOM
ProviderId           : 1b562e86-b7aa-4131-badc-b6f3a001407e
LogName              : System
ProcessId            : 1320
ThreadId             : 5696
MachineName          : ASUSROGGL553VD
UserId               : S-1-5-21-1509157054-3111376858-337195177-1001
TimeCreated          : 3/29/2021 4:49:04 PM
ActivityId           : b2317608-d8c0-489d-ab8b-bf5c40a57698
RelatedActivityId    :
ContainerLog         : System
MatchedQueryIds      : {}
Bookmark             : System.Diagnostics.Eventing.Reader.EventBookmark
LevelDisplayName     : Warning
OpcodeDisplayName    : Info
TaskDisplayName      :
KeywordsDisplayNames : {Classic}
Properties           : {System.Diagnostics.Eventing.Reader.EventProperty, System.Diagnostics.Eventing.Reader.EventProperty,
System.Diagnostics.Eventing.Reader.EventProperty, System.Diagnostics.Eventing.Reader.EventProperty...}

Message              : The application-specific permission settings do not grant Local Activation permission for the COM Server
application with CLSID
{2593F8B9-4EAF-457C-B68A-50F6B8EA6B54}
and APPID
{15C20B67-12E7-4BB6-92BB-7AFF07997402}
to the user ASUSROGGL553VD\dragonfire SID (S-1-5-21-1509157054-3111376858-337195177-1001) from address
LocalHost (Using LRPC) running in the application container Unavailable SID (Unavailable). This security
permission can be modified using the Component Services administrative tool.
Id                   : 10016
Version              : 0
Qualifiers           : 0
Level                : 3
Task                 : 0
Opcode               : 0
Keywords             : -9187343239835811840
RecordId             : 1553
ProviderName         : Microsoft-Windows-DistributedCOM
ProviderId           : 1b562e86-b7aa-4131-badc-b6f3a001407e
LogName              : System
ProcessId            : 1320
ThreadId             : 10728
MachineName          : ASUSROGGL553VD
UserId               : S-1-5-21-1509157054-3111376858-337195177-1001
TimeCreated          : 3/29/2021 4:47:50 PM
ActivityId           : 174583b1-3b0d-40c2-8ec7-2a0b5389471d
RelatedActivityId    :
ContainerLog         : System
MatchedQueryIds      : {}
Bookmark             : System.Diagnostics.Eventing.Reader.EventBookmark
LevelDisplayName     : Warning
OpcodeDisplayName    : Info
TaskDisplayName      :
KeywordsDisplayNames : {Classic}
Properties           : {System.Diagnostics.Eventing.Reader.EventProperty, System.Diagnostics.Eventing.Reader.EventProperty,
System.Diagnostics.Eventing.Reader.EventProperty, System.Diagnostics.Eventing.Reader.EventProperty...}

Message              : The machine-default permission settings do not grant Local Activation permission for the COM Server
application with CLSID
{C2F03A33-21F5-47FA-B4BB-156362A2F239}
and APPID
{316CDED5-E4AE-4B15-9113-7055D84DCC97}
to the user ASUSROGGL553VD\dragonfire SID (S-1-5-21-1509157054-3111376858-337195177-1001) from address
LocalHost (Using LRPC) running in the application container
Microsoft.Windows.ShellExperienceHost_10.0.19041.610_neutral_neutral_cw5n1h2txyewy SID
(S-1-15-2-155514346-2573954481-755741238-1654018636-1233331829-3075935687-2861478708). This security
permission can be modified using the Component Services administrative tool.
Id                   : 10016
Version              : 0
Qualifiers           : 0
Level                : 3
Task                 : 0
Opcode               : 0
Keywords             : -9187343239835811840
RecordId             : 1552
ProviderName         : Microsoft-Windows-DistributedCOM
ProviderId           : 1b562e86-b7aa-4131-badc-b6f3a001407e
LogName              : System
ProcessId            : 1320
ThreadId             : 10728
MachineName          : ASUSROGGL553VD
UserId               : S-1-5-21-1509157054-3111376858-337195177-1001
TimeCreated          : 3/29/2021 4:47:06 PM
ActivityId           : 7c36d2de-feaa-4029-b4fb-84902508aa24
RelatedActivityId    :
ContainerLog         : System
MatchedQueryIds      : {}
Bookmark             : System.Diagnostics.Eventing.Reader.EventBookmark
LevelDisplayName     : Warning
OpcodeDisplayName    : Info
TaskDisplayName      :
KeywordsDisplayNames : {Classic}
Properties           : {System.Diagnostics.Eventing.Reader.EventProperty, System.Diagnostics.Eventing.Reader.EventProperty,
System.Diagnostics.Eventing.Reader.EventProperty, System.Diagnostics.Eventing.Reader.EventProperty...}

Message              : The application-specific permission settings do not grant Local Activation permission for the COM Server
application with CLSID
{2593F8B9-4EAF-457C-B68A-50F6B8EA6B54}
and APPID
{15C20B67-12E7-4BB6-92BB-7AFF07997402}
to the user ASUSROGGL553VD\dragonfire SID (S-1-5-21-1509157054-3111376858-337195177-1001) from address
LocalHost (Using LRPC) running in the application container Unavailable SID (Unavailable). This security
permission can be modified using the Component Services administrative tool.
Id                   : 10016
Version              : 0
Qualifiers           : 0
Level                : 3
Task                 : 0
Opcode               : 0
Keywords             : -9187343239835811840
RecordId             : 1551
ProviderName         : Microsoft-Windows-DistributedCOM
ProviderId           : 1b562e86-b7aa-4131-badc-b6f3a001407e
LogName              : System
ProcessId            : 1320
ThreadId             : 7288
MachineName          : ASUSROGGL553VD
UserId               : S-1-5-21-1509157054-3111376858-337195177-1001
TimeCreated          : 3/29/2021 4:44:15 PM
ActivityId           : 3f72ac99-905e-4b7d-ac9b-db515f6a86c7
RelatedActivityId    :
ContainerLog         : System
MatchedQueryIds      : {}
Bookmark             : System.Diagnostics.Eventing.Reader.EventBookmark
LevelDisplayName     : Warning
OpcodeDisplayName    : Info
TaskDisplayName      :
KeywordsDisplayNames : {Classic}
Properties           : {System.Diagnostics.Eventing.Reader.EventProperty, System.Diagnostics.Eventing.Reader.EventProperty,
System.Diagnostics.Eventing.Reader.EventProperty, System.Diagnostics.Eventing.Reader.EventProperty...}

Message              : The application-specific permission settings do not grant Local Activation permission for the COM Server
application with CLSID
{2593F8B9-4EAF-457C-B68A-50F6B8EA6B54}
and APPID
{15C20B67-12E7-4BB6-92BB-7AFF07997402}
to the user ASUSROGGL553VD\dragonfire SID (S-1-5-21-1509157054-3111376858-337195177-1001) from address
LocalHost (Using LRPC) running in the application container Unavailable SID (Unavailable). This security
permission can be modified using the Component Services administrative tool.
Id                   : 10016
Version              : 0
Qualifiers           : 0
Level                : 3
Task                 : 0
Opcode               : 0
Keywords             : -9187343239835811840
RecordId             : 1550
ProviderName         : Microsoft-Windows-DistributedCOM
ProviderId           : 1b562e86-b7aa-4131-badc-b6f3a001407e
LogName              : System
ProcessId            : 1320
ThreadId             : 9320
MachineName          : ASUSROGGL553VD
UserId               : S-1-5-21-1509157054-3111376858-337195177-1001
TimeCreated          : 3/29/2021 4:30:45 PM
ActivityId           : aa800079-fd20-44fe-93ab-ad5c7dfbd5dd
RelatedActivityId    :
ContainerLog         : System
MatchedQueryIds      : {}
Bookmark             : System.Diagnostics.Eventing.Reader.EventBookmark
LevelDisplayName     : Warning
OpcodeDisplayName    : Info
TaskDisplayName      :
KeywordsDisplayNames : {Classic}
Properties           : {System.Diagnostics.Eventing.Reader.EventProperty, System.Diagnostics.Eventing.Reader.EventProperty,
System.Diagnostics.Eventing.Reader.EventProperty, System.Diagnostics.Eventing.Reader.EventProperty...}

Message              : The application-specific permission settings do not grant Local Activation permission for the COM Server
application with CLSID
{2593F8B9-4EAF-457C-B68A-50F6B8EA6B54}
and APPID
{15C20B67-12E7-4BB6-92BB-7AFF07997402}
to the user ASUSROGGL553VD\dragonfire SID (S-1-5-21-1509157054-3111376858-337195177-1001) from address
LocalHost (Using LRPC) running in the application container Unavailable SID (Unavailable). This security
permission can be modified using the Component Services administrative tool.
Id                   : 10016
Version              : 0
Qualifiers           : 0
Level                : 3
Task                 : 0
Opcode               : 0
Keywords             : -9187343239835811840
RecordId             : 1549
ProviderName         : Microsoft-Windows-DistributedCOM
ProviderId           : 1b562e86-b7aa-4131-badc-b6f3a001407e
LogName              : System
ProcessId            : 1320
ThreadId             : 12436
MachineName          : ASUSROGGL553VD
UserId               : S-1-5-21-1509157054-3111376858-337195177-1001
TimeCreated          : 3/29/2021 4:26:50 PM
ActivityId           : 22f49060-49f5-4c4e-96b0-e34cbbf2e480
RelatedActivityId    :
ContainerLog         : System
MatchedQueryIds      : {}
Bookmark             : System.Diagnostics.Eventing.Reader.EventBookmark
LevelDisplayName     : Warning
OpcodeDisplayName    : Info
TaskDisplayName      :
KeywordsDisplayNames : {Classic}
Properties           : {System.Diagnostics.Eventing.Reader.EventProperty, System.Diagnostics.Eventing.Reader.EventProperty,
System.Diagnostics.Eventing.Reader.EventProperty, System.Diagnostics.Eventing.Reader.EventProperty...}

Message              : The machine-default permission settings do not grant Local Activation permission for the COM Server
application with CLSID
{C2F03A33-21F5-47FA-B4BB-156362A2F239}
and APPID
{316CDED5-E4AE-4B15-9113-7055D84DCC97}
to the user ASUSROGGL553VD\dragonfire SID (S-1-5-21-1509157054-3111376858-337195177-1001) from address
LocalHost (Using LRPC) running in the application container
Microsoft.Windows.ShellExperienceHost_10.0.19041.610_neutral_neutral_cw5n1h2txyewy SID
(S-1-15-2-155514346-2573954481-755741238-1654018636-1233331829-3075935687-2861478708). This security
permission can be modified using the Component Services administrative tool.
Id                   : 10016
Version              : 0
Qualifiers           : 0
Level                : 3
Task                 : 0
Opcode               : 0
Keywords             : -9187343239835811840
RecordId             : 1548
ProviderName         : Microsoft-Windows-DistributedCOM
ProviderId           : 1b562e86-b7aa-4131-badc-b6f3a001407e
LogName              : System
ProcessId            : 1320
ThreadId             : 13380
MachineName          : ASUSROGGL553VD
UserId               : S-1-5-21-1509157054-3111376858-337195177-1001
TimeCreated          : 3/29/2021 4:26:11 PM
ActivityId           : 4c2340f9-4cfc-49dd-b49c-f92e3fe1f5a5
RelatedActivityId    :
ContainerLog         : System
MatchedQueryIds      : {}
Bookmark             : System.Diagnostics.Eventing.Reader.EventBookmark
LevelDisplayName     : Warning
OpcodeDisplayName    : Info
TaskDisplayName      :
KeywordsDisplayNames : {Classic}
Properties           : {System.Diagnostics.Eventing.Reader.EventProperty, System.Diagnostics.Eventing.Reader.EventProperty,
System.Diagnostics.Eventing.Reader.EventProperty, System.Diagnostics.Eventing.Reader.EventProperty...}

Message              : The application-specific permission settings do not grant Local Activation permission for the COM Server
application with CLSID
{2593F8B9-4EAF-457C-B68A-50F6B8EA6B54}
and APPID
{15C20B67-12E7-4BB6-92BB-7AFF07997402}
to the user ASUSROGGL553VD\dragonfire SID (S-1-5-21-1509157054-3111376858-337195177-1001) from address
LocalHost (Using LRPC) running in the application container Unavailable SID (Unavailable). This security
permission can be modified using the Component Services administrative tool.
Id                   : 10016
Version              : 0
Qualifiers           : 0
Level                : 3
Task                 : 0
Opcode               : 0
Keywords             : -9187343239835811840
RecordId             : 1547
ProviderName         : Microsoft-Windows-DistributedCOM
ProviderId           : 1b562e86-b7aa-4131-badc-b6f3a001407e
LogName              : System
ProcessId            : 1320
ThreadId             : 1468
MachineName          : ASUSROGGL553VD
UserId               : S-1-5-21-1509157054-3111376858-337195177-1001
TimeCreated          : 3/29/2021 4:24:33 PM
ActivityId           : 8c0f8e6f-f2a9-415d-b1a7-aa9baeec15c1
RelatedActivityId    :
ContainerLog         : System
MatchedQueryIds      : {}
Bookmark             : System.Diagnostics.Eventing.Reader.EventBookmark
LevelDisplayName     : Warning
OpcodeDisplayName    : Info
TaskDisplayName      :
KeywordsDisplayNames : {Classic}
Properties           : {System.Diagnostics.Eventing.Reader.EventProperty, System.Diagnostics.Eventing.Reader.EventProperty,
System.Diagnostics.Eventing.Reader.EventProperty, System.Diagnostics.Eventing.Reader.EventProperty...}

Message              : The machine-default permission settings do not grant Local Activation permission for the COM Server
application with CLSID
{C2F03A33-21F5-47FA-B4BB-156362A2F239}
and APPID
{316CDED5-E4AE-4B15-9113-7055D84DCC97}
to the user ASUSROGGL553VD\dragonfire SID (S-1-5-21-1509157054-3111376858-337195177-1001) from address
LocalHost (Using LRPC) running in the application container
Microsoft.Windows.ShellExperienceHost_10.0.19041.610_neutral_neutral_cw5n1h2txyewy SID
(S-1-15-2-155514346-2573954481-755741238-1654018636-1233331829-3075935687-2861478708). This security
permission can be modified using the Component Services administrative tool.
Id                   : 10016
Version              : 0
Qualifiers           : 0
Level                : 3
Task                 : 0
Opcode               : 0
Keywords             : -9187343239835811840
RecordId             : 1546
ProviderName         : Microsoft-Windows-DistributedCOM
ProviderId           : 1b562e86-b7aa-4131-badc-b6f3a001407e
LogName              : System
ProcessId            : 1320
ThreadId             : 14620
MachineName          : ASUSROGGL553VD
UserId               : S-1-5-21-1509157054-3111376858-337195177-1001
TimeCreated          : 3/29/2021 4:17:13 PM
ActivityId           : ca59094f-dc1d-4493-a635-d76ca4a84c88
RelatedActivityId    :
ContainerLog         : System
MatchedQueryIds      : {}
Bookmark             : System.Diagnostics.Eventing.Reader.EventBookmark
LevelDisplayName     : Warning
OpcodeDisplayName    : Info
TaskDisplayName      :
KeywordsDisplayNames : {Classic}
Properties           : {System.Diagnostics.Eventing.Reader.EventProperty, System.Diagnostics.Eventing.Reader.EventProperty,
System.Diagnostics.Eventing.Reader.EventProperty, System.Diagnostics.Eventing.Reader.EventProperty...}

Message              : The machine-default permission settings do not grant Local Activation permission for the COM Server
application with CLSID
{C2F03A33-21F5-47FA-B4BB-156362A2F239}
and APPID
{316CDED5-E4AE-4B15-9113-7055D84DCC97}
to the user ASUSROGGL553VD\dragonfire SID (S-1-5-21-1509157054-3111376858-337195177-1001) from address
LocalHost (Using LRPC) running in the application container
Microsoft.Windows.ShellExperienceHost_10.0.19041.610_neutral_neutral_cw5n1h2txyewy SID
(S-1-15-2-155514346-2573954481-755741238-1654018636-1233331829-3075935687-2861478708). This security
permission can be modified using the Component Services administrative tool.
Id                   : 10016
Version              : 0
Qualifiers           : 0
Level                : 3
Task                 : 0
Opcode               : 0
Keywords             : -9187343239835811840
RecordId             : 1545
ProviderName         : Microsoft-Windows-DistributedCOM
ProviderId           : 1b562e86-b7aa-4131-badc-b6f3a001407e
LogName              : System
ProcessId            : 1320
ThreadId             : 12436
MachineName          : ASUSROGGL553VD
UserId               : S-1-5-21-1509157054-3111376858-337195177-1001
TimeCreated          : 3/29/2021 4:17:10 PM
ActivityId           : 917d1dd4-24f1-4760-97c3-e1d522ab6b91
RelatedActivityId    :
ContainerLog         : System
MatchedQueryIds      : {}
Bookmark             : System.Diagnostics.Eventing.Reader.EventBookmark
LevelDisplayName     : Warning
OpcodeDisplayName    : Info
TaskDisplayName      :
KeywordsDisplayNames : {Classic}
Properties           : {System.Diagnostics.Eventing.Reader.EventProperty, System.Diagnostics.Eventing.Reader.EventProperty,
System.Diagnostics.Eventing.Reader.EventProperty, System.Diagnostics.Eventing.Reader.EventProperty...}

Message              : The machine-default permission settings do not grant Local Activation permission for the COM Server
application with CLSID
{C2F03A33-21F5-47FA-B4BB-156362A2F239}
and APPID
{316CDED5-E4AE-4B15-9113-7055D84DCC97}
to the user ASUSROGGL553VD\dragonfire SID (S-1-5-21-1509157054-3111376858-337195177-1001) from address
LocalHost (Using LRPC) running in the application container
Microsoft.Windows.ShellExperienceHost_10.0.19041.610_neutral_neutral_cw5n1h2txyewy SID
(S-1-15-2-155514346-2573954481-755741238-1654018636-1233331829-3075935687-2861478708). This security
permission can be modified using the Component Services administrative tool.
Id                   : 10016
Version              : 0
Qualifiers           : 0
Level                : 3
Task                 : 0
Opcode               : 0
Keywords             : -9187343239835811840
RecordId             : 1544
ProviderName         : Microsoft-Windows-DistributedCOM
ProviderId           : 1b562e86-b7aa-4131-badc-b6f3a001407e
LogName              : System
ProcessId            : 1320
ThreadId             : 7504
MachineName          : ASUSROGGL553VD
UserId               : S-1-5-21-1509157054-3111376858-337195177-1001
TimeCreated          : 3/29/2021 4:16:42 PM
ActivityId           : d0e554a7-567f-4569-a955-5818886f3959
RelatedActivityId    :
ContainerLog         : System
MatchedQueryIds      : {}
Bookmark             : System.Diagnostics.Eventing.Reader.EventBookmark
LevelDisplayName     : Warning
OpcodeDisplayName    : Info
TaskDisplayName      :
KeywordsDisplayNames : {Classic}
Properties           : {System.Diagnostics.Eventing.Reader.EventProperty, System.Diagnostics.Eventing.Reader.EventProperty,
System.Diagnostics.Eventing.Reader.EventProperty, System.Diagnostics.Eventing.Reader.EventProperty...}

Message              : The machine-default permission settings do not grant Local Activation permission for the COM Server
application with CLSID
{C2F03A33-21F5-47FA-B4BB-156362A2F239}
and APPID
{316CDED5-E4AE-4B15-9113-7055D84DCC97}
to the user ASUSROGGL553VD\dragonfire SID (S-1-5-21-1509157054-3111376858-337195177-1001) from address
LocalHost (Using LRPC) running in the application container
Microsoft.Windows.ShellExperienceHost_10.0.19041.610_neutral_neutral_cw5n1h2txyewy SID
(S-1-15-2-155514346-2573954481-755741238-1654018636-1233331829-3075935687-2861478708). This security
permission can be modified using the Component Services administrative tool.
Id                   : 10016
Version              : 0
Qualifiers           : 0
Level                : 3
Task                 : 0
Opcode               : 0
Keywords             : -9187343239835811840
RecordId             : 1543
ProviderName         : Microsoft-Windows-DistributedCOM
ProviderId           : 1b562e86-b7aa-4131-badc-b6f3a001407e
LogName              : System
ProcessId            : 1320
ThreadId             : 7504
MachineName          : ASUSROGGL553VD
UserId               : S-1-5-21-1509157054-3111376858-337195177-1001
TimeCreated          : 3/29/2021 4:13:56 PM
ActivityId           : e2ad528b-a7e2-4aed-aaa4-c386b135bfb9
RelatedActivityId    :
ContainerLog         : System
MatchedQueryIds      : {}
Bookmark             : System.Diagnostics.Eventing.Reader.EventBookmark
LevelDisplayName     : Warning
OpcodeDisplayName    : Info
TaskDisplayName      :
KeywordsDisplayNames : {Classic}
Properties           : {System.Diagnostics.Eventing.Reader.EventProperty, System.Diagnostics.Eventing.Reader.EventProperty,
System.Diagnostics.Eventing.Reader.EventProperty, System.Diagnostics.Eventing.Reader.EventProperty...}

Message              : The machine-default permission settings do not grant Local Activation permission for the COM Server
application with CLSID
{C2F03A33-21F5-47FA-B4BB-156362A2F239}
and APPID
{316CDED5-E4AE-4B15-9113-7055D84DCC97}
to the user ASUSROGGL553VD\dragonfire SID (S-1-5-21-1509157054-3111376858-337195177-1001) from address
LocalHost (Using LRPC) running in the application container
Microsoft.Windows.ShellExperienceHost_10.0.19041.610_neutral_neutral_cw5n1h2txyewy SID
(S-1-15-2-155514346-2573954481-755741238-1654018636-1233331829-3075935687-2861478708). This security
permission can be modified using the Component Services administrative tool.
Id                   : 10016
Version              : 0
Qualifiers           : 0
Level                : 3
Task                 : 0
Opcode               : 0
Keywords             : -9187343239835811840
RecordId             : 1542
ProviderName         : Microsoft-Windows-DistributedCOM
ProviderId           : 1b562e86-b7aa-4131-badc-b6f3a001407e
LogName              : System
ProcessId            : 1320
ThreadId             : 20256
MachineName          : ASUSROGGL553VD
UserId               : S-1-5-21-1509157054-3111376858-337195177-1001
TimeCreated          : 3/29/2021 4:13:26 PM
ActivityId           : 441d50c8-3be4-4b26-ac4c-4c67a3365052
RelatedActivityId    :
ContainerLog         : System
MatchedQueryIds      : {}
Bookmark             : System.Diagnostics.Eventing.Reader.EventBookmark
LevelDisplayName     : Warning
OpcodeDisplayName    : Info
TaskDisplayName      :
KeywordsDisplayNames : {Classic}
Properties           : {System.Diagnostics.Eventing.Reader.EventProperty, System.Diagnostics.Eventing.Reader.EventProperty,
System.Diagnostics.Eventing.Reader.EventProperty, System.Diagnostics.Eventing.Reader.EventProperty...}

Message              : The machine-default permission settings do not grant Local Activation permission for the COM Server
application with CLSID
{C2F03A33-21F5-47FA-B4BB-156362A2F239}
and APPID
{316CDED5-E4AE-4B15-9113-7055D84DCC97}
to the user ASUSROGGL553VD\dragonfire SID (S-1-5-21-1509157054-3111376858-337195177-1001) from address
LocalHost (Using LRPC) running in the application container
Microsoft.Windows.ShellExperienceHost_10.0.19041.610_neutral_neutral_cw5n1h2txyewy SID
(S-1-15-2-155514346-2573954481-755741238-1654018636-1233331829-3075935687-2861478708). This security
permission can be modified using the Component Services administrative tool.
Id                   : 10016
Version              : 0
Qualifiers           : 0
Level                : 3
Task                 : 0
Opcode               : 0
Keywords             : -9187343239835811840
RecordId             : 1541
ProviderName         : Microsoft-Windows-DistributedCOM
ProviderId           : 1b562e86-b7aa-4131-badc-b6f3a001407e
LogName              : System
ProcessId            : 1320
ThreadId             : 12208
MachineName          : ASUSROGGL553VD
UserId               : S-1-5-21-1509157054-3111376858-337195177-1001
TimeCreated          : 3/29/2021 4:12:59 PM
ActivityId           : da454383-c888-4831-9eeb-9e4c62fe53da
RelatedActivityId    :
ContainerLog         : System
MatchedQueryIds      : {}
Bookmark             : System.Diagnostics.Eventing.Reader.EventBookmark
LevelDisplayName     : Warning
OpcodeDisplayName    : Info
TaskDisplayName      :
KeywordsDisplayNames : {Classic}
Properties           : {System.Diagnostics.Eventing.Reader.EventProperty, System.Diagnostics.Eventing.Reader.EventProperty,
System.Diagnostics.Eventing.Reader.EventProperty, System.Diagnostics.Eventing.Reader.EventProperty...}

Message              : The machine-default permission settings do not grant Local Activation permission for the COM Server
application with CLSID
{C2F03A33-21F5-47FA-B4BB-156362A2F239}
and APPID
{316CDED5-E4AE-4B15-9113-7055D84DCC97}
to the user ASUSROGGL553VD\dragonfire SID (S-1-5-21-1509157054-3111376858-337195177-1001) from address
LocalHost (Using LRPC) running in the application container
Microsoft.Windows.ShellExperienceHost_10.0.19041.610_neutral_neutral_cw5n1h2txyewy SID
(S-1-15-2-155514346-2573954481-755741238-1654018636-1233331829-3075935687-2861478708). This security
permission can be modified using the Component Services administrative tool.
Id                   : 10016
Version              : 0
Qualifiers           : 0
Level                : 3
Task                 : 0
Opcode               : 0
Keywords             : -9187343239835811840
RecordId             : 1540
ProviderName         : Microsoft-Windows-DistributedCOM
ProviderId           : 1b562e86-b7aa-4131-badc-b6f3a001407e
LogName              : System
ProcessId            : 1320
ThreadId             : 20256
MachineName          : ASUSROGGL553VD
UserId               : S-1-5-21-1509157054-3111376858-337195177-1001
TimeCreated          : 3/29/2021 4:12:39 PM
ActivityId           : 02a11438-7cdc-4c0b-872b-244599327717
RelatedActivityId    :
ContainerLog         : System
MatchedQueryIds      : {}
Bookmark             : System.Diagnostics.Eventing.Reader.EventBookmark
LevelDisplayName     : Warning
OpcodeDisplayName    : Info
TaskDisplayName      :
KeywordsDisplayNames : {Classic}
Properties           : {System.Diagnostics.Eventing.Reader.EventProperty, System.Diagnostics.Eventing.Reader.EventProperty,
System.Diagnostics.Eventing.Reader.EventProperty, System.Diagnostics.Eventing.Reader.EventProperty...}

Message              : The application-specific permission settings do not grant Local Activation permission for the COM Server
application with CLSID
{2593F8B9-4EAF-457C-B68A-50F6B8EA6B54}
and APPID
{15C20B67-12E7-4BB6-92BB-7AFF07997402}
to the user ASUSROGGL553VD\dragonfire SID (S-1-5-21-1509157054-3111376858-337195177-1001) from address
LocalHost (Using LRPC) running in the application container Unavailable SID (Unavailable). This security
permission can be modified using the Component Services administrative tool.
Id                   : 10016
Version              : 0
Qualifiers           : 0
Level                : 3
Task                 : 0
Opcode               : 0
Keywords             : -9187343239835811840
RecordId             : 1539
ProviderName         : Microsoft-Windows-DistributedCOM
ProviderId           : 1b562e86-b7aa-4131-badc-b6f3a001407e
LogName              : System
ProcessId            : 1320
ThreadId             : 20256
MachineName          : ASUSROGGL553VD
UserId               : S-1-5-21-1509157054-3111376858-337195177-1001
TimeCreated          : 3/29/2021 4:12:18 PM
ActivityId           : 52a5ae3e-42f5-426d-994c-9aaba0161727
RelatedActivityId    :
ContainerLog         : System
MatchedQueryIds      : {}
Bookmark             : System.Diagnostics.Eventing.Reader.EventBookmark
LevelDisplayName     : Warning
OpcodeDisplayName    : Info
TaskDisplayName      :
KeywordsDisplayNames : {Classic}
Properties           : {System.Diagnostics.Eventing.Reader.EventProperty, System.Diagnostics.Eventing.Reader.EventProperty,
System.Diagnostics.Eventing.Reader.EventProperty, System.Diagnostics.Eventing.Reader.EventProperty...}

Message              : The machine-default permission settings do not grant Local Activation permission for the COM Server
application with CLSID
{C2F03A33-21F5-47FA-B4BB-156362A2F239}
and APPID
{316CDED5-E4AE-4B15-9113-7055D84DCC97}
to the user ASUSROGGL553VD\dragonfire SID (S-1-5-21-1509157054-3111376858-337195177-1001) from address
LocalHost (Using LRPC) running in the application container
Microsoft.Windows.ShellExperienceHost_10.0.19041.610_neutral_neutral_cw5n1h2txyewy SID
(S-1-15-2-155514346-2573954481-755741238-1654018636-1233331829-3075935687-2861478708). This security
permission can be modified using the Component Services administrative tool.
Id                   : 10016
Version              : 0
Qualifiers           : 0
Level                : 3
Task                 : 0
Opcode               : 0
Keywords             : -9187343239835811840
RecordId             : 1538
ProviderName         : Microsoft-Windows-DistributedCOM
ProviderId           : 1b562e86-b7aa-4131-badc-b6f3a001407e
LogName              : System
ProcessId            : 1320
ThreadId             : 20256
MachineName          : ASUSROGGL553VD
UserId               : S-1-5-21-1509157054-3111376858-337195177-1001
TimeCreated          : 3/29/2021 4:09:42 PM
ActivityId           : 6230dd82-dccb-47c4-bb83-950f14439274
RelatedActivityId    :
ContainerLog         : System
MatchedQueryIds      : {}
Bookmark             : System.Diagnostics.Eventing.Reader.EventBookmark
LevelDisplayName     : Warning
OpcodeDisplayName    : Info
TaskDisplayName      :
KeywordsDisplayNames : {Classic}
Properties           : {System.Diagnostics.Eventing.Reader.EventProperty, System.Diagnostics.Eventing.Reader.EventProperty,
System.Diagnostics.Eventing.Reader.EventProperty, System.Diagnostics.Eventing.Reader.EventProperty...}

Message              : The machine-default permission settings do not grant Local Activation permission for the COM Server
application with CLSID
{C2F03A33-21F5-47FA-B4BB-156362A2F239}
and APPID
{316CDED5-E4AE-4B15-9113-7055D84DCC97}
to the user ASUSROGGL553VD\dragonfire SID (S-1-5-21-1509157054-3111376858-337195177-1001) from address
LocalHost (Using LRPC) running in the application container
Microsoft.Windows.ShellExperienceHost_10.0.19041.610_neutral_neutral_cw5n1h2txyewy SID
(S-1-15-2-155514346-2573954481-755741238-1654018636-1233331829-3075935687-2861478708). This security
permission can be modified using the Component Services administrative tool.
Id                   : 10016
Version              : 0
Qualifiers           : 0
Level                : 3
Task                 : 0
Opcode               : 0
Keywords             : -9187343239835811840
RecordId             : 1537
ProviderName         : Microsoft-Windows-DistributedCOM
ProviderId           : 1b562e86-b7aa-4131-badc-b6f3a001407e
LogName              : System
ProcessId            : 1320
ThreadId             : 1160
MachineName          : ASUSROGGL553VD
UserId               : S-1-5-21-1509157054-3111376858-337195177-1001
TimeCreated          : 3/29/2021 4:09:11 PM
ActivityId           : d498d99a-c441-428f-9527-013947078a49
RelatedActivityId    :
ContainerLog         : System
MatchedQueryIds      : {}
Bookmark             : System.Diagnostics.Eventing.Reader.EventBookmark
LevelDisplayName     : Warning
OpcodeDisplayName    : Info
TaskDisplayName      :
KeywordsDisplayNames : {Classic}
Properties           : {System.Diagnostics.Eventing.Reader.EventProperty, System.Diagnostics.Eventing.Reader.EventProperty,
System.Diagnostics.Eventing.Reader.EventProperty, System.Diagnostics.Eventing.Reader.EventProperty...}

Message              : The machine-default permission settings do not grant Local Activation permission for the COM Server
application with CLSID
{C2F03A33-21F5-47FA-B4BB-156362A2F239}
and APPID
{316CDED5-E4AE-4B15-9113-7055D84DCC97}
to the user ASUSROGGL553VD\dragonfire SID (S-1-5-21-1509157054-3111376858-337195177-1001) from address
LocalHost (Using LRPC) running in the application container
Microsoft.Windows.ShellExperienceHost_10.0.19041.610_neutral_neutral_cw5n1h2txyewy SID
(S-1-15-2-155514346-2573954481-755741238-1654018636-1233331829-3075935687-2861478708). This security
permission can be modified using the Component Services administrative tool.
Id                   : 10016
Version              : 0
Qualifiers           : 0
Level                : 3
Task                 : 0
Opcode               : 0
Keywords             : -9187343239835811840
RecordId             : 1536
ProviderName         : Microsoft-Windows-DistributedCOM
ProviderId           : 1b562e86-b7aa-4131-badc-b6f3a001407e
LogName              : System
ProcessId            : 1320
ThreadId             : 21848
MachineName          : ASUSROGGL553VD
UserId               : S-1-5-21-1509157054-3111376858-337195177-1001
TimeCreated          : 3/29/2021 4:06:09 PM
ActivityId           : cf5d463c-d0e2-404b-a15d-da116a832f01
RelatedActivityId    :
ContainerLog         : System
MatchedQueryIds      : {}
Bookmark             : System.Diagnostics.Eventing.Reader.EventBookmark
LevelDisplayName     : Warning
OpcodeDisplayName    : Info
TaskDisplayName      :
KeywordsDisplayNames : {Classic}
Properties           : {System.Diagnostics.Eventing.Reader.EventProperty, System.Diagnostics.Eventing.Reader.EventProperty,
System.Diagnostics.Eventing.Reader.EventProperty, System.Diagnostics.Eventing.Reader.EventProperty...}

Message              : The application-specific permission settings do not grant Local Activation permission for the COM Server
application with CLSID
{2593F8B9-4EAF-457C-B68A-50F6B8EA6B54}
and APPID
{15C20B67-12E7-4BB6-92BB-7AFF07997402}
to the user ASUSROGGL553VD\dragonfire SID (S-1-5-21-1509157054-3111376858-337195177-1001) from address
LocalHost (Using LRPC) running in the application container Unavailable SID (Unavailable). This security
permission can be modified using the Component Services administrative tool.
Id                   : 10016
Version              : 0
Qualifiers           : 0
Level                : 3
Task                 : 0
Opcode               : 0
Keywords             : -9187343239835811840
RecordId             : 1535
ProviderName         : Microsoft-Windows-DistributedCOM
ProviderId           : 1b562e86-b7aa-4131-badc-b6f3a001407e
LogName              : System
ProcessId            : 1320
ThreadId             : 8524
MachineName          : ASUSROGGL553VD
UserId               : S-1-5-21-1509157054-3111376858-337195177-1001
TimeCreated          : 3/29/2021 4:00:53 PM
ActivityId           : 3f069fb9-8d17-40a1-8aa2-8d7d4cc1c641
RelatedActivityId    :
ContainerLog         : System
MatchedQueryIds      : {}
Bookmark             : System.Diagnostics.Eventing.Reader.EventBookmark
LevelDisplayName     : Warning
OpcodeDisplayName    : Info
TaskDisplayName      :
KeywordsDisplayNames : {Classic}
Properties           : {System.Diagnostics.Eventing.Reader.EventProperty, System.Diagnostics.Eventing.Reader.EventProperty,
System.Diagnostics.Eventing.Reader.EventProperty, System.Diagnostics.Eventing.Reader.EventProperty...}

Message              : The machine-default permission settings do not grant Local Activation permission for the COM Server
application with CLSID
{C2F03A33-21F5-47FA-B4BB-156362A2F239}
and APPID
{316CDED5-E4AE-4B15-9113-7055D84DCC97}
to the user ASUSROGGL553VD\dragonfire SID (S-1-5-21-1509157054-3111376858-337195177-1001) from address
LocalHost (Using LRPC) running in the application container
Microsoft.Windows.ShellExperienceHost_10.0.19041.610_neutral_neutral_cw5n1h2txyewy SID
(S-1-15-2-155514346-2573954481-755741238-1654018636-1233331829-3075935687-2861478708). This security
permission can be modified using the Component Services administrative tool.
Id                   : 10016
Version              : 0
Qualifiers           : 0
Level                : 3
Task                 : 0
Opcode               : 0
Keywords             : -9187343239835811840
RecordId             : 1534
ProviderName         : Microsoft-Windows-DistributedCOM
ProviderId           : 1b562e86-b7aa-4131-badc-b6f3a001407e
LogName              : System
ProcessId            : 1320
ThreadId             : 13872
MachineName          : ASUSROGGL553VD
UserId               : S-1-5-21-1509157054-3111376858-337195177-1001
TimeCreated          : 3/29/2021 3:44:59 PM
ActivityId           : d2a55e9d-049f-4bd7-8e76-d5611170262a
RelatedActivityId    :
ContainerLog         : System
MatchedQueryIds      : {}
Bookmark             : System.Diagnostics.Eventing.Reader.EventBookmark
LevelDisplayName     : Warning
OpcodeDisplayName    : Info
TaskDisplayName      :
KeywordsDisplayNames : {Classic}
Properties           : {System.Diagnostics.Eventing.Reader.EventProperty, System.Diagnostics.Eventing.Reader.EventProperty,
System.Diagnostics.Eventing.Reader.EventProperty, System.Diagnostics.Eventing.Reader.EventProperty...}

Message              : The application-specific permission settings do not grant Local Activation permission for the COM Server
application with CLSID
{2593F8B9-4EAF-457C-B68A-50F6B8EA6B54}
and APPID
{15C20B67-12E7-4BB6-92BB-7AFF07997402}
to the user ASUSROGGL553VD\dragonfire SID (S-1-5-21-1509157054-3111376858-337195177-1001) from address
LocalHost (Using LRPC) running in the application container Unavailable SID (Unavailable). This security
permission can be modified using the Component Services administrative tool.
Id                   : 10016
Version              : 0
Qualifiers           : 0
Level                : 3
Task                 : 0
Opcode               : 0
Keywords             : -9187343239835811840
RecordId             : 1533
ProviderName         : Microsoft-Windows-DistributedCOM
ProviderId           : 1b562e86-b7aa-4131-badc-b6f3a001407e
LogName              : System
ProcessId            : 1320
ThreadId             : 14420
MachineName          : ASUSROGGL553VD
UserId               : S-1-5-21-1509157054-3111376858-337195177-1001
TimeCreated          : 3/29/2021 3:25:04 PM
ActivityId           : bd280bcd-7940-49a6-947c-2e10375cdf93
RelatedActivityId    :
ContainerLog         : System
MatchedQueryIds      : {}
Bookmark             : System.Diagnostics.Eventing.Reader.EventBookmark
LevelDisplayName     : Warning
OpcodeDisplayName    : Info
TaskDisplayName      :
KeywordsDisplayNames : {Classic}
Properties           : {System.Diagnostics.Eventing.Reader.EventProperty, System.Diagnostics.Eventing.Reader.EventProperty,
System.Diagnostics.Eventing.Reader.EventProperty, System.Diagnostics.Eventing.Reader.EventProperty...}

Message              : The machine-default permission settings do not grant Local Activation permission for the COM Server
application with CLSID
{C2F03A33-21F5-47FA-B4BB-156362A2F239}
and APPID
{316CDED5-E4AE-4B15-9113-7055D84DCC97}
to the user ASUSROGGL553VD\dragonfire SID (S-1-5-21-1509157054-3111376858-337195177-1001) from address
LocalHost (Using LRPC) running in the application container
Microsoft.Windows.ShellExperienceHost_10.0.19041.610_neutral_neutral_cw5n1h2txyewy SID
(S-1-15-2-155514346-2573954481-755741238-1654018636-1233331829-3075935687-2861478708). This security
permission can be modified using the Component Services administrative tool.
Id                   : 10016
Version              : 0
Qualifiers           : 0
Level                : 3
Task                 : 0
Opcode               : 0
Keywords             : -9187343239835811840
RecordId             : 1532
ProviderName         : Microsoft-Windows-DistributedCOM
ProviderId           : 1b562e86-b7aa-4131-badc-b6f3a001407e
LogName              : System
ProcessId            : 1320
ThreadId             : 14420
MachineName          : ASUSROGGL553VD
UserId               : S-1-5-21-1509157054-3111376858-337195177-1001
TimeCreated          : 3/29/2021 3:24:03 PM
ActivityId           : eecec1d1-238e-40da-9fec-edb519244263
RelatedActivityId    :
ContainerLog         : System
MatchedQueryIds      : {}
Bookmark             : System.Diagnostics.Eventing.Reader.EventBookmark
LevelDisplayName     : Warning
OpcodeDisplayName    : Info
TaskDisplayName      :
KeywordsDisplayNames : {Classic}
Properties           : {System.Diagnostics.Eventing.Reader.EventProperty, System.Diagnostics.Eventing.Reader.EventProperty,
System.Diagnostics.Eventing.Reader.EventProperty, System.Diagnostics.Eventing.Reader.EventProperty...}

Message              : The start type of the Background Intelligent Transfer Service service was changed from auto start to
demand start.
Id                   : 7040
Version              : 0
Qualifiers           : 16384
Level                : 4
Task                 : 0
Opcode               : 0
Keywords             : -9187343239835811840
RecordId             : 1531
ProviderName         : Service Control Manager
ProviderId           : 555908d1-a6d7-4695-8e1e-26931d2012f4
LogName              : System
ProcessId            : 808
ThreadId             : 7916
MachineName          : ASUSROGGL553VD
UserId               : S-1-5-18
TimeCreated          : 3/29/2021 3:09:12 PM
ActivityId           :
RelatedActivityId    :
ContainerLog         : System
MatchedQueryIds      : {}
Bookmark             : System.Diagnostics.Eventing.Reader.EventBookmark
LevelDisplayName     : Information
OpcodeDisplayName    :
TaskDisplayName      :
KeywordsDisplayNames : {Classic}
Properties           : {System.Diagnostics.Eventing.Reader.EventProperty, System.Diagnostics.Eventing.Reader.EventProperty,
System.Diagnostics.Eventing.Reader.EventProperty, System.Diagnostics.Eventing.Reader.EventProperty}

Message              : The start type of the Background Intelligent Transfer Service service was changed from demand start to
auto start.
Id                   : 7040
Version              : 0
Qualifiers           : 16384
Level                : 4
Task                 : 0
Opcode               : 0
Keywords             : -9187343239835811840
RecordId             : 1530
ProviderName         : Service Control Manager
ProviderId           : 555908d1-a6d7-4695-8e1e-26931d2012f4
LogName              : System
ProcessId            : 808
ThreadId             : 2324
MachineName          : ASUSROGGL553VD
UserId               : S-1-5-18
TimeCreated          : 3/29/2021 3:07:07 PM
ActivityId           :
RelatedActivityId    :
ContainerLog         : System
MatchedQueryIds      : {}
Bookmark             : System.Diagnostics.Eventing.Reader.EventBookmark
LevelDisplayName     : Information
OpcodeDisplayName    :
TaskDisplayName      :
KeywordsDisplayNames : {Classic}
Properties           : {System.Diagnostics.Eventing.Reader.EventProperty, System.Diagnostics.Eventing.Reader.EventProperty,
System.Diagnostics.Eventing.Reader.EventProperty, System.Diagnostics.Eventing.Reader.EventProperty}

Message              : The machine-default permission settings do not grant Local Activation permission for the COM Server
application with CLSID
{C2F03A33-21F5-47FA-B4BB-156362A2F239}
and APPID
{316CDED5-E4AE-4B15-9113-7055D84DCC97}
to the user ASUSROGGL553VD\dragonfire SID (S-1-5-21-1509157054-3111376858-337195177-1001) from address
LocalHost (Using LRPC) running in the application container
Microsoft.Windows.ShellExperienceHost_10.0.19041.610_neutral_neutral_cw5n1h2txyewy SID
(S-1-15-2-155514346-2573954481-755741238-1654018636-1233331829-3075935687-2861478708). This security
permission can be modified using the Component Services administrative tool.
Id                   : 10016
Version              : 0
Qualifiers           : 0
Level                : 3
Task                 : 0
Opcode               : 0
Keywords             : -9187343239835811840
RecordId             : 1529
ProviderName         : Microsoft-Windows-DistributedCOM
ProviderId           : 1b562e86-b7aa-4131-badc-b6f3a001407e
LogName              : System
ProcessId            : 1320
ThreadId             : 10380
MachineName          : ASUSROGGL553VD
UserId               : S-1-5-21-1509157054-3111376858-337195177-1001
TimeCreated          : 3/29/2021 3:03:36 PM
ActivityId           : 391671dc-e009-4a5a-87c8-38e65333bb31
RelatedActivityId    :
ContainerLog         : System
MatchedQueryIds      : {}
Bookmark             : System.Diagnostics.Eventing.Reader.EventBookmark
LevelDisplayName     : Warning
OpcodeDisplayName    : Info
TaskDisplayName      :
KeywordsDisplayNames : {Classic}
Properties           : {System.Diagnostics.Eventing.Reader.EventProperty, System.Diagnostics.Eventing.Reader.EventProperty,
System.Diagnostics.Eventing.Reader.EventProperty, System.Diagnostics.Eventing.Reader.EventProperty...}

Message              : Reset to device, \Device\RaidPort0, was issued.
Id                   : 129
Version              : 0
Qualifiers           : 32772
Level                : 3
Task                 : 0
Opcode               : 0
Keywords             : 36028797018963968
RecordId             : 1528
ProviderName         : iaStorA
ProviderId           :
LogName              : System
ProcessId            : 4
ThreadId             : 12340
MachineName          : ASUSROGGL553VD
UserId               :
TimeCreated          : 3/29/2021 2:49:38 PM
ActivityId           :
RelatedActivityId    :
ContainerLog         : System
MatchedQueryIds      : {}
Bookmark             : System.Diagnostics.Eventing.Reader.EventBookmark
LevelDisplayName     : Warning
OpcodeDisplayName    :
TaskDisplayName      :
KeywordsDisplayNames : {Classic}
Properties           : {System.Diagnostics.Eventing.Reader.EventProperty, System.Diagnostics.Eventing.Reader.EventProperty}

Message              : The machine-default permission settings do not grant Local Activation permission for the COM Server
application with CLSID
{C2F03A33-21F5-47FA-B4BB-156362A2F239}
and APPID
{316CDED5-E4AE-4B15-9113-7055D84DCC97}
to the user ASUSROGGL553VD\dragonfire SID (S-1-5-21-1509157054-3111376858-337195177-1001) from address
LocalHost (Using LRPC) running in the application container
Microsoft.Windows.ShellExperienceHost_10.0.19041.610_neutral_neutral_cw5n1h2txyewy SID
(S-1-15-2-155514346-2573954481-755741238-1654018636-1233331829-3075935687-2861478708). This security
permission can be modified using the Component Services administrative tool.
Id                   : 10016
Version              : 0
Qualifiers           : 0
Level                : 3
Task                 : 0
Opcode               : 0
Keywords             : -9187343239835811840
RecordId             : 1527
ProviderName         : Microsoft-Windows-DistributedCOM
ProviderId           : 1b562e86-b7aa-4131-badc-b6f3a001407e
LogName              : System
ProcessId            : 1320
ThreadId             : 11340
MachineName          : ASUSROGGL553VD
UserId               : S-1-5-21-1509157054-3111376858-337195177-1001
TimeCreated          : 3/29/2021 2:42:41 PM
ActivityId           : 484e3c1a-f158-42a2-8528-bd28f7a4c1f1
RelatedActivityId    :
ContainerLog         : System
MatchedQueryIds      : {}
Bookmark             : System.Diagnostics.Eventing.Reader.EventBookmark
LevelDisplayName     : Warning
OpcodeDisplayName    : Info
TaskDisplayName      :
KeywordsDisplayNames : {Classic}
Properties           : {System.Diagnostics.Eventing.Reader.EventProperty, System.Diagnostics.Eventing.Reader.EventProperty,
System.Diagnostics.Eventing.Reader.EventProperty, System.Diagnostics.Eventing.Reader.EventProperty...}

Message              : The machine-default permission settings do not grant Local Activation permission for the COM Server
application with CLSID
{C2F03A33-21F5-47FA-B4BB-156362A2F239}
and APPID
{316CDED5-E4AE-4B15-9113-7055D84DCC97}
to the user ASUSROGGL553VD\dragonfire SID (S-1-5-21-1509157054-3111376858-337195177-1001) from address
LocalHost (Using LRPC) running in the application container
Microsoft.Windows.ShellExperienceHost_10.0.19041.610_neutral_neutral_cw5n1h2txyewy SID
(S-1-15-2-155514346-2573954481-755741238-1654018636-1233331829-3075935687-2861478708). This security
permission can be modified using the Component Services administrative tool.
Id                   : 10016
Version              : 0
Qualifiers           : 0
Level                : 3
Task                 : 0
Opcode               : 0
Keywords             : -9187343239835811840
RecordId             : 1526
ProviderName         : Microsoft-Windows-DistributedCOM
ProviderId           : 1b562e86-b7aa-4131-badc-b6f3a001407e
LogName              : System
ProcessId            : 1320
ThreadId             : 11220
MachineName          : ASUSROGGL553VD
UserId               : S-1-5-21-1509157054-3111376858-337195177-1001
TimeCreated          : 3/29/2021 2:30:40 PM
ActivityId           : ec1a874a-c78f-4178-9388-704a9ec95f5f
RelatedActivityId    :
ContainerLog         : System
MatchedQueryIds      : {}
Bookmark             : System.Diagnostics.Eventing.Reader.EventBookmark
LevelDisplayName     : Warning
OpcodeDisplayName    : Info
TaskDisplayName      :
KeywordsDisplayNames : {Classic}
Properties           : {System.Diagnostics.Eventing.Reader.EventProperty, System.Diagnostics.Eventing.Reader.EventProperty,
System.Diagnostics.Eventing.Reader.EventProperty, System.Diagnostics.Eventing.Reader.EventProperty...}

