Message              : The bootmgr spent 0 ms waiting for user input.
Id                   : 32
Version              : 0
Qualifiers           :
Level                : 4
Task                 : 58
Opcode               : 0
Keywords             : -9223372036854775808
RecordId             : 707
ProviderName         : Microsoft-Windows-Kernel-Boot
ProviderId           : 15ca44ff-4d7a-4baa-bba5-0998955e531e
LogName              : System
ProcessId            : 4
ThreadId             : 5548
MachineName          : ASUSROGGL553VD
UserId               :
TimeCreated          : 3/18/2021 10:06:19 AM
ActivityId           :
RelatedActivityId    :
ContainerLog         : System
MatchedQueryIds      : {}
Bookmark             : System.Diagnostics.Eventing.Reader.EventBookmark
LevelDisplayName     : Information
OpcodeDisplayName    : Info
TaskDisplayName      :
KeywordsDisplayNames : {}
Properties           : {System.Diagnostics.Eventing.Reader.EventProperty}

Message              : There are 0x1 boot options on this system.
Id                   : 18
Version              : 0
Qualifiers           :
Level                : 4
Task                 : 57
Opcode               : 0
Keywords             : -9223372036854775808
RecordId             : 706
ProviderName         : Microsoft-Windows-Kernel-Boot
ProviderId           : 15ca44ff-4d7a-4baa-bba5-0998955e531e
LogName              : System
ProcessId            : 4
ThreadId             : 5548
MachineName          : ASUSROGGL553VD
UserId               :
TimeCreated          : 3/18/2021 10:06:19 AM
ActivityId           :
RelatedActivityId    :
ContainerLog         : System
MatchedQueryIds      : {}
Bookmark             : System.Diagnostics.Eventing.Reader.EventBookmark
LevelDisplayName     : Information
OpcodeDisplayName    : Info
TaskDisplayName      :
KeywordsDisplayNames : {}
Properties           : {System.Diagnostics.Eventing.Reader.EventProperty}

Message              : The firmware reported boot metrics.
Id                   : 30
Version              : 0
Qualifiers           :
Level                : 4
Task                 : 21
Opcode               : 0
Keywords             : -9223372036854775808
RecordId             : 705
ProviderName         : Microsoft-Windows-Kernel-Boot
ProviderId           : 15ca44ff-4d7a-4baa-bba5-0998955e531e
LogName              : System
ProcessId            : 4
ThreadId             : 5548
MachineName          : ASUSROGGL553VD
UserId               :
TimeCreated          : 3/18/2021 10:06:19 AM
ActivityId           :
RelatedActivityId    :
ContainerLog         : System
MatchedQueryIds      : {}
Bookmark             : System.Diagnostics.Eventing.Reader.EventBookmark
LevelDisplayName     : Information
OpcodeDisplayName    : Info
TaskDisplayName      :
KeywordsDisplayNames : {}
Properties           : {System.Diagnostics.Eventing.Reader.EventProperty, System.Diagnostics.Eventing.Reader.EventProperty,
System.Diagnostics.Eventing.Reader.EventProperty, System.Diagnostics.Eventing.Reader.EventProperty...}

Message              : Power source change.
Id                   : 105
Version              : 1
Qualifiers           :
Level                : 4
Task                 : 100
Opcode               : 0
Keywords             : -9223372036854774780
RecordId             : 704
ProviderName         : Microsoft-Windows-Kernel-Power
ProviderId           : 331c3b3a-2005-44c2-ac5e-77220c37d6b4
LogName              : System
ProcessId            : 4
ThreadId             : 10920
MachineName          : ASUSROGGL553VD
UserId               :
TimeCreated          : 3/18/2021 10:06:18 AM
ActivityId           :
RelatedActivityId    :
ContainerLog         : System
MatchedQueryIds      : {}
Bookmark             : System.Diagnostics.Eventing.Reader.EventBookmark
LevelDisplayName     : Information
OpcodeDisplayName    : Info
TaskDisplayName      :
KeywordsDisplayNames : {}
Properties           : {System.Diagnostics.Eventing.Reader.EventProperty, System.Diagnostics.Eventing.Reader.EventProperty,
System.Diagnostics.Eventing.Reader.EventProperty}

Message              : The system time has changed to ?2021?-?03?-?18T08:06:18.500000000Z from
?2021?-?03?-?17T19:16:37.514129300Z.

Change Reason: System time synchronized with the hardware clock.
Process: '' (PID 4).
Id                   : 1
Version              : 2
Qualifiers           :
Level                : 4
Task                 : 5
Opcode               : 0
Keywords             : -9223372036854775792
RecordId             : 703
ProviderName         : Microsoft-Windows-Kernel-General
ProviderId           : a68ca8b7-004f-d7b6-a698-07e2de0f1f5d
LogName              : System
ProcessId            : 4
ThreadId             : 5548
MachineName          : ASUSROGGL553VD
UserId               :
TimeCreated          : 3/18/2021 10:06:18 AM
ActivityId           :
RelatedActivityId    :
ContainerLog         : System
MatchedQueryIds      : {}
Bookmark             : System.Diagnostics.Eventing.Reader.EventBookmark
LevelDisplayName     : Information
OpcodeDisplayName    : Info
TaskDisplayName      :
KeywordsDisplayNames : {Time}
Properties           : {System.Diagnostics.Eventing.Reader.EventProperty, System.Diagnostics.Eventing.Reader.EventProperty,
System.Diagnostics.Eventing.Reader.EventProperty, System.Diagnostics.Eventing.Reader.EventProperty...}

Message              : The system has resumed from sleep.
Id                   : 107
Version              : 1
Qualifiers           :
Level                : 4
Task                 : 102
Opcode               : 0
Keywords             : -9223372036854774716
RecordId             : 702
ProviderName         : Microsoft-Windows-Kernel-Power
ProviderId           : 331c3b3a-2005-44c2-ac5e-77220c37d6b4
LogName              : System
ProcessId            : 4
ThreadId             : 5548
MachineName          : ASUSROGGL553VD
UserId               :
TimeCreated          : 3/17/2021 9:16:37 PM
ActivityId           :
RelatedActivityId    :
ContainerLog         : System
MatchedQueryIds      : {}
Bookmark             : System.Diagnostics.Eventing.Reader.EventBookmark
LevelDisplayName     : Information
OpcodeDisplayName    : Info
TaskDisplayName      :
KeywordsDisplayNames : {}
Properties           : {System.Diagnostics.Eventing.Reader.EventProperty, System.Diagnostics.Eventing.Reader.EventProperty,
System.Diagnostics.Eventing.Reader.EventProperty, System.Diagnostics.Eventing.Reader.EventProperty...}

Message              : The system is entering sleep.

Sleep Reason: Application API
Id                   : 42
Version              : 3
Qualifiers           :
Level                : 4
Task                 : 64
Opcode               : 0
Keywords             : -9223372036854774780
RecordId             : 701
ProviderName         : Microsoft-Windows-Kernel-Power
ProviderId           : 331c3b3a-2005-44c2-ac5e-77220c37d6b4
LogName              : System
ProcessId            : 4
ThreadId             : 5548
MachineName          : ASUSROGGL553VD
UserId               :
TimeCreated          : 3/17/2021 9:16:34 PM
ActivityId           :
RelatedActivityId    :
ContainerLog         : System
MatchedQueryIds      : {}
Bookmark             : System.Diagnostics.Eventing.Reader.EventBookmark
LevelDisplayName     : Information
OpcodeDisplayName    : Info
TaskDisplayName      :
KeywordsDisplayNames : {}
Properties           : {System.Diagnostics.Eventing.Reader.EventProperty, System.Diagnostics.Eventing.Reader.EventProperty,
System.Diagnostics.Eventing.Reader.EventProperty, System.Diagnostics.Eventing.Reader.EventProperty...}

Message              : User-mode process attempted to change the system state by calling SetSuspendState or SetSystemPowerState
APIs.
Id                   : 187
Version              : 0
Qualifiers           :
Level                : 4
Task                 : 243
Opcode               : 0
Keywords             : -9223301668110597116
RecordId             : 700
ProviderName         : Microsoft-Windows-Kernel-Power
ProviderId           : 331c3b3a-2005-44c2-ac5e-77220c37d6b4
LogName              : System
ProcessId            : 2124
ThreadId             : 4504
MachineName          : ASUSROGGL553VD
UserId               : S-1-5-18
TimeCreated          : 3/17/2021 9:16:33 PM
ActivityId           :
RelatedActivityId    :
ContainerLog         : System
MatchedQueryIds      : {}
Bookmark             : System.Diagnostics.Eventing.Reader.EventBookmark
LevelDisplayName     : Information
OpcodeDisplayName    : Info
TaskDisplayName      :
KeywordsDisplayNames : {}
Properties           : {System.Diagnostics.Eventing.Reader.EventProperty, System.Diagnostics.Eventing.Reader.EventProperty,
System.Diagnostics.Eventing.Reader.EventProperty, System.Diagnostics.Eventing.Reader.EventProperty}

Message              : Touch/Touchpad Hardware Quality Assurance verification succeeded.
Id                   : 267
Version              : 0
Qualifiers           : 16384
Level                : 4
Task                 : 0
Opcode               : 0
Keywords             : 36028797018963968
RecordId             : 699
ProviderName         : Win32k
ProviderId           :
LogName              : System
ProcessId            : 4
ThreadId             : 10064
MachineName          : ASUSROGGL553VD
UserId               :
TimeCreated          : 3/17/2021 9:16:33 PM
ActivityId           :
RelatedActivityId    :
ContainerLog         : System
MatchedQueryIds      : {}
Bookmark             : System.Diagnostics.Eventing.Reader.EventBookmark
LevelDisplayName     : Information
OpcodeDisplayName    :
TaskDisplayName      :
KeywordsDisplayNames : {Classic}
Properties           : {System.Diagnostics.Eventing.Reader.EventProperty, System.Diagnostics.Eventing.Reader.EventProperty}

Message              : Power source change.
Id                   : 105
Version              : 1
Qualifiers           :
Level                : 4
Task                 : 100
Opcode               : 0
Keywords             : -9223372036854774780
RecordId             : 698
ProviderName         : Microsoft-Windows-Kernel-Power
ProviderId           : 331c3b3a-2005-44c2-ac5e-77220c37d6b4
LogName              : System
ProcessId            : 4
ThreadId             : 1992
MachineName          : ASUSROGGL553VD
UserId               : S-1-5-18
TimeCreated          : 3/17/2021 9:16:33 PM
ActivityId           :
RelatedActivityId    :
ContainerLog         : System
MatchedQueryIds      : {}
Bookmark             : System.Diagnostics.Eventing.Reader.EventBookmark
LevelDisplayName     : Information
OpcodeDisplayName    : Info
TaskDisplayName      :
KeywordsDisplayNames : {}
Properties           : {System.Diagnostics.Eventing.Reader.EventProperty, System.Diagnostics.Eventing.Reader.EventProperty,
System.Diagnostics.Eventing.Reader.EventProperty}

Message              : User Logoff Notification for Customer Experience Improvement Program
Id                   : 7002
Version              : 0
Qualifiers           :
Level                : 4
Task                 : 1102
Opcode               : 0
Keywords             : 2305878193585782784
RecordId             : 697
ProviderName         : Microsoft-Windows-Winlogon
ProviderId           : dbe9b383-7cf3-4331-91cc-a3cb16a3b538
LogName              : System
ProcessId            : 672
ThreadId             : 1428
MachineName          : ASUSROGGL553VD
UserId               : S-1-5-18
TimeCreated          : 3/17/2021 9:16:31 PM
ActivityId           :
RelatedActivityId    :
ContainerLog         : System
MatchedQueryIds      : {}
Bookmark             : System.Diagnostics.Eventing.Reader.EventBookmark
LevelDisplayName     : Information
OpcodeDisplayName    : Info
TaskDisplayName      :
KeywordsDisplayNames : {}
Properties           : {System.Diagnostics.Eventing.Reader.EventProperty, System.Diagnostics.Eventing.Reader.EventProperty}

Message              : The process C:\WINDOWS\system32\winlogon.exe (ASUSROGGL553VD) has initiated the power off of computer
ASUSROGGL553VD on behalf of user NT AUTHORITY\SYSTEM for the following reason: No title for this reason
could be found
Reason Code: 0x500ff
Shutdown Type: power off
Comment:
Id                   : 1074
Version              : 0
Qualifiers           : 32768
Level                : 4
Task                 : 0
Opcode               : 0
Keywords             : -9187343239835811840
RecordId             : 696
ProviderName         : User32
ProviderId           : b0aa8734-56f7-41cc-b2f4-de228e98b946
LogName              : System
ProcessId            : 928
ThreadId             : 3624
MachineName          : ASUSROGGL553VD
UserId               : S-1-5-18
TimeCreated          : 3/17/2021 9:16:31 PM
ActivityId           :
RelatedActivityId    :
ContainerLog         : System
MatchedQueryIds      : {}
Bookmark             : System.Diagnostics.Eventing.Reader.EventBookmark
LevelDisplayName     : Information
OpcodeDisplayName    :
TaskDisplayName      :
KeywordsDisplayNames : {Classic}
Properties           : {System.Diagnostics.Eventing.Reader.EventProperty, System.Diagnostics.Eventing.Reader.EventProperty,
System.Diagnostics.Eventing.Reader.EventProperty, System.Diagnostics.Eventing.Reader.EventProperty...}

Message              : The process Explorer.EXE has initiated the power off of computer ASUSROGGL553VD on behalf of user
ASUSROGGL553VD\dragonfire for the following reason: Other (Unplanned)
Reason Code: 0x0
Shutdown Type: power off
Comment:
Id                   : 1074
Version              : 0
Qualifiers           : 32768
Level                : 4
Task                 : 0
Opcode               : 0
Keywords             : -9187343239835811840
RecordId             : 695
ProviderName         : User32
ProviderId           : b0aa8734-56f7-41cc-b2f4-de228e98b946
LogName              : System
ProcessId            : 528
ThreadId             : 512
MachineName          : ASUSROGGL553VD
UserId               : S-1-5-21-1509157054-3111376858-337195177-1001
TimeCreated          : 3/17/2021 9:16:30 PM
ActivityId           :
RelatedActivityId    :
ContainerLog         : System
MatchedQueryIds      : {}
Bookmark             : System.Diagnostics.Eventing.Reader.EventBookmark
LevelDisplayName     : Information
OpcodeDisplayName    :
TaskDisplayName      :
KeywordsDisplayNames : {Classic}
Properties           : {System.Diagnostics.Eventing.Reader.EventProperty, System.Diagnostics.Eventing.Reader.EventProperty,
System.Diagnostics.Eventing.Reader.EventProperty, System.Diagnostics.Eventing.Reader.EventProperty...}

Message              : The start type of the Background Intelligent Transfer Service service was changed from demand start to
auto start.
Id                   : 7040
Version              : 0
Qualifiers           : 16384
Level                : 4
Task                 : 0
Opcode               : 0
Keywords             : -9187343239835811840
RecordId             : 694
ProviderName         : Service Control Manager
ProviderId           : 555908d1-a6d7-4695-8e1e-26931d2012f4
LogName              : System
ProcessId            : 808
ThreadId             : 1524
MachineName          : ASUSROGGL553VD
UserId               : S-1-5-18
TimeCreated          : 3/17/2021 9:14:48 PM
ActivityId           :
RelatedActivityId    :
ContainerLog         : System
MatchedQueryIds      : {}
Bookmark             : System.Diagnostics.Eventing.Reader.EventBookmark
LevelDisplayName     : Information
OpcodeDisplayName    :
TaskDisplayName      :
KeywordsDisplayNames : {Classic}
Properties           : {System.Diagnostics.Eventing.Reader.EventProperty, System.Diagnostics.Eventing.Reader.EventProperty,
System.Diagnostics.Eventing.Reader.EventProperty, System.Diagnostics.Eventing.Reader.EventProperty}

Message              : The application-specific permission settings do not grant Local Launch permission for the COM Server
application with CLSID
Windows.SecurityCenter.SecurityAppBroker
and APPID
Unavailable
to the user NT AUTHORITY\SYSTEM SID (S-1-5-18) from address LocalHost (Using LRPC) running in the
application container Unavailable SID (Unavailable). This security permission can be modified using the
Component Services administrative tool.
Id                   : 10016
Version              : 0
Qualifiers           : 0
Level                : 3
Task                 : 0
Opcode               : 0
Keywords             : -9187343239835811840
RecordId             : 693
ProviderName         : Microsoft-Windows-DistributedCOM
ProviderId           : 1b562e86-b7aa-4131-badc-b6f3a001407e
LogName              : System
ProcessId            : 1320
ThreadId             : 2332
MachineName          : ASUSROGGL553VD
UserId               : S-1-5-18
TimeCreated          : 3/17/2021 9:14:41 PM
ActivityId           : a169cc2e-b1cb-44d1-a231-aaa686c3511f
RelatedActivityId    :
ContainerLog         : System
MatchedQueryIds      : {}
Bookmark             : System.Diagnostics.Eventing.Reader.EventBookmark
LevelDisplayName     : Warning
OpcodeDisplayName    : Info
TaskDisplayName      :
KeywordsDisplayNames : {Classic}
Properties           : {System.Diagnostics.Eventing.Reader.EventProperty, System.Diagnostics.Eventing.Reader.EventProperty,
System.Diagnostics.Eventing.Reader.EventProperty, System.Diagnostics.Eventing.Reader.EventProperty...}

Message              : The application-specific permission settings do not grant Local Launch permission for the COM Server
application with CLSID
Windows.SecurityCenter.WscBrokerManager
and APPID
Unavailable
to the user NT AUTHORITY\SYSTEM SID (S-1-5-18) from address LocalHost (Using LRPC) running in the
application container Unavailable SID (Unavailable). This security permission can be modified using the
Component Services administrative tool.
Id                   : 10016
Version              : 0
Qualifiers           : 0
Level                : 3
Task                 : 0
Opcode               : 0
Keywords             : -9187343239835811840
RecordId             : 692
ProviderName         : Microsoft-Windows-DistributedCOM
ProviderId           : 1b562e86-b7aa-4131-badc-b6f3a001407e
LogName              : System
ProcessId            : 1320
ThreadId             : 2396
MachineName          : ASUSROGGL553VD
UserId               : S-1-5-18
TimeCreated          : 3/17/2021 9:14:41 PM
ActivityId           : 87b0fc93-7340-459d-ae0c-588f05fc9e9e
RelatedActivityId    :
ContainerLog         : System
MatchedQueryIds      : {}
Bookmark             : System.Diagnostics.Eventing.Reader.EventBookmark
LevelDisplayName     : Warning
OpcodeDisplayName    : Info
TaskDisplayName      :
KeywordsDisplayNames : {Classic}
Properties           : {System.Diagnostics.Eventing.Reader.EventProperty, System.Diagnostics.Eventing.Reader.EventProperty,
System.Diagnostics.Eventing.Reader.EventProperty, System.Diagnostics.Eventing.Reader.EventProperty...}

Message              : Secure Trustlet NULL Id 0 and Pid 0 started with status STATUS_SUCCESS.
Id                   : 5
Version              : 0
Qualifiers           :
Level                : 4
Task                 : 0
Opcode               : 0
Keywords             : -9223301668110598144
RecordId             : 691
ProviderName         : Microsoft-Windows-IsolatedUserMode
ProviderId           : 73a33ab2-1966-4999-8add-868c41415269
LogName              : System
ProcessId            : 11528
ThreadId             : 3296
MachineName          : ASUSROGGL553VD
UserId               : S-1-5-18
TimeCreated          : 3/17/2021 9:14:41 PM
ActivityId           :
RelatedActivityId    :
ContainerLog         : System
MatchedQueryIds      : {}
Bookmark             : System.Diagnostics.Eventing.Reader.EventBookmark
LevelDisplayName     : Information
OpcodeDisplayName    : Info
TaskDisplayName      :
KeywordsDisplayNames : {}
Properties           : {System.Diagnostics.Eventing.Reader.EventProperty, System.Diagnostics.Eventing.Reader.EventProperty,
System.Diagnostics.Eventing.Reader.EventProperty, System.Diagnostics.Eventing.Reader.EventProperty}

Message              : Installation Successful: Windows successfully installed the following update: 2021-03 Cumulative Update
for Windows 10 Version 20H2 for x64-based Systems (KB5001567)
Id                   : 19
Version              : 1
Qualifiers           :
Level                : 4
Task                 : 1
Opcode               : 13
Keywords             : -9223372036854775784
RecordId             : 690
ProviderName         : Microsoft-Windows-WindowsUpdateClient
ProviderId           : 945a8954-c147-4acd-923f-40c45405a658
LogName              : System
ProcessId            : 12712
ThreadId             : 12780
MachineName          : ASUSROGGL553VD
UserId               : S-1-5-18
TimeCreated          : 3/17/2021 9:13:28 PM
ActivityId           :
RelatedActivityId    :
ContainerLog         : System
MatchedQueryIds      : {}
Bookmark             : System.Diagnostics.Eventing.Reader.EventBookmark
LevelDisplayName     : Information
OpcodeDisplayName    : Installation
TaskDisplayName      : Windows Update Agent
KeywordsDisplayNames : {Installation, Success}
Properties           : {System.Diagnostics.Eventing.Reader.EventProperty, System.Diagnostics.Eventing.Reader.EventProperty,
System.Diagnostics.Eventing.Reader.EventProperty, System.Diagnostics.Eventing.Reader.EventProperty}

Message              : User Logon Notification for Customer Experience Improvement Program
Id                   : 7001
Version              : 0
Qualifiers           :
Level                : 4
Task                 : 1101
Opcode               : 0
Keywords             : 2305878193585782784
RecordId             : 689
ProviderName         : Microsoft-Windows-Winlogon
ProviderId           : dbe9b383-7cf3-4331-91cc-a3cb16a3b538
LogName              : System
ProcessId            : 672
ThreadId             : 1428
MachineName          : ASUSROGGL553VD
UserId               : S-1-5-18
TimeCreated          : 3/17/2021 9:12:57 PM
ActivityId           :
RelatedActivityId    :
ContainerLog         : System
MatchedQueryIds      : {}
Bookmark             : System.Diagnostics.Eventing.Reader.EventBookmark
LevelDisplayName     : Information
OpcodeDisplayName    : Info
TaskDisplayName      :
KeywordsDisplayNames : {}
Properties           : {System.Diagnostics.Eventing.Reader.EventProperty, System.Diagnostics.Eventing.Reader.EventProperty}

Message              : The start type of the Windows Modules Installer service was changed from auto start to demand start.
Id                   : 7040
Version              : 0
Qualifiers           : 16384
Level                : 4
Task                 : 0
Opcode               : 0
Keywords             : -9187343239835811840
RecordId             : 688
ProviderName         : Service Control Manager
ProviderId           : 555908d1-a6d7-4695-8e1e-26931d2012f4
LogName              : System
ProcessId            : 808
ThreadId             : 5968
MachineName          : ASUSROGGL553VD
UserId               : S-1-5-18
TimeCreated          : 3/17/2021 9:12:57 PM
ActivityId           :
RelatedActivityId    :
ContainerLog         : System
MatchedQueryIds      : {}
Bookmark             : System.Diagnostics.Eventing.Reader.EventBookmark
LevelDisplayName     : Information
OpcodeDisplayName    :
TaskDisplayName      :
KeywordsDisplayNames : {Classic}
Properties           : {System.Diagnostics.Eventing.Reader.EventProperty, System.Diagnostics.Eventing.Reader.EventProperty,
System.Diagnostics.Eventing.Reader.EventProperty, System.Diagnostics.Eventing.Reader.EventProperty}

Message              : The TPM was successfully provisioned and is now ready for use.
Id                   : 1025
Version              : 0
Qualifiers           :
Level                : 4
Task                 : 0
Opcode               : 0
Keywords             : -9223372036854775808
RecordId             : 687
ProviderName         : Microsoft-Windows-TPM-WMI
ProviderId           : 7d5387b0-cbe0-11da-a94d-0800200c9a66
LogName              : System
ProcessId            : 6612
ThreadId             : 6748
MachineName          : ASUSROGGL553VD
UserId               : S-1-5-18
TimeCreated          : 3/17/2021 9:12:42 PM
ActivityId           :
RelatedActivityId    :
ContainerLog         : System
MatchedQueryIds      : {}
Bookmark             : System.Diagnostics.Eventing.Reader.EventBookmark
LevelDisplayName     : Information
OpcodeDisplayName    : Info
TaskDisplayName      :
KeywordsDisplayNames : {}
Properties           : {}

Message              : The TBS device identifier has been generated.
Id                   : 1282
Version              : 0
Qualifiers           :
Level                : 4
Task                 : 0
Opcode               : 0
Keywords             : -9223372036854775808
RecordId             : 686
ProviderName         : Microsoft-Windows-TPM-WMI
ProviderId           : 7d5387b0-cbe0-11da-a94d-0800200c9a66
LogName              : System
ProcessId            : 6612
ThreadId             : 6748
MachineName          : ASUSROGGL553VD
UserId               : S-1-5-18
TimeCreated          : 3/17/2021 9:12:41 PM
ActivityId           :
RelatedActivityId    :
ContainerLog         : System
MatchedQueryIds      : {}
Bookmark             : System.Diagnostics.Eventing.Reader.EventBookmark
LevelDisplayName     : Information
OpcodeDisplayName    : Info
TaskDisplayName      :
KeywordsDisplayNames : {}
Properties           : {}

Message              : This event triggers the Trusted Platform Module (TPM) provisioning/status check to run.
Id                   : 18
Version              : 0
Qualifiers           :
Level                : 4
Task                 : 0
Opcode               : 0
Keywords             : -9223372036854775808
RecordId             : 685
ProviderName         : TPM
ProviderId           : 1b6b0772-251b-4d42-917d-faca166bc059
LogName              : System
ProcessId            : 4
ThreadId             : 284
MachineName          : ASUSROGGL553VD
UserId               : S-1-5-18
TimeCreated          : 3/17/2021 9:12:41 PM
ActivityId           :
RelatedActivityId    :
ContainerLog         : System
MatchedQueryIds      : {}
Bookmark             : System.Diagnostics.Eventing.Reader.EventBookmark
LevelDisplayName     : Information
OpcodeDisplayName    : Info
TaskDisplayName      :
KeywordsDisplayNames : {}
Properties           : {System.Diagnostics.Eventing.Reader.EventProperty, System.Diagnostics.Eventing.Reader.EventProperty}

Message              : WLAN Extensibility Module has successfully started.

Module Path: C:\WINDOWS\system32\IntelWifiIhv04.dll

Id                   : 10001
Version              : 0
Qualifiers           :
Level                : 4
Task                 : 0
Opcode               : 0
Keywords             : 4611686018427387904
RecordId             : 684
ProviderName         : Microsoft-Windows-WLAN-AutoConfig
ProviderId           : 9580d7dd-0379-4658-9870-d5be7d52d6de
LogName              : System
ProcessId            : 3600
ThreadId             : 3620
MachineName          : ASUSROGGL553VD
UserId               : S-1-5-18
TimeCreated          : 3/17/2021 9:12:40 PM
ActivityId           :
RelatedActivityId    :
ContainerLog         : System
MatchedQueryIds      : {}
Bookmark             : System.Diagnostics.Eventing.Reader.EventBookmark
LevelDisplayName     : Information
OpcodeDisplayName    : Info
TaskDisplayName      :
KeywordsDisplayNames : {}
Properties           : {System.Diagnostics.Eventing.Reader.EventProperty}

Message              : The following boot-start or system-start driver(s) did not load:
dam
Id                   : 7026
Version              : 0
Qualifiers           : 49152
Level                : 4
Task                 : 0
Opcode               : 0
Keywords             : -9187343239835811840
RecordId             : 683
ProviderName         : Service Control Manager
ProviderId           : 555908d1-a6d7-4695-8e1e-26931d2012f4
LogName              : System
ProcessId            : 808
ThreadId             : 804
MachineName          : ASUSROGGL553VD
UserId               :
TimeCreated          : 3/17/2021 9:12:39 PM
ActivityId           :
RelatedActivityId    :
ContainerLog         : System
MatchedQueryIds      : {}
Bookmark             : System.Diagnostics.Eventing.Reader.EventBookmark
LevelDisplayName     : Information
OpcodeDisplayName    :
TaskDisplayName      :
KeywordsDisplayNames : {Classic}
Properties           : {System.Diagnostics.Eventing.Reader.EventProperty}

Message              : WLAN AutoConfig service has successfully started.

Id                   : 4000
Version              : 0
Qualifiers           :
Level                : 4
Task                 : 0
Opcode               : 1
Keywords             : 4611686018427387904
RecordId             : 682
ProviderName         : Microsoft-Windows-WLAN-AutoConfig
ProviderId           : 9580d7dd-0379-4658-9870-d5be7d52d6de
LogName              : System
ProcessId            : 3600
ThreadId             : 3620
MachineName          : ASUSROGGL553VD
UserId               : S-1-5-18
TimeCreated          : 3/17/2021 9:12:38 PM
ActivityId           :
RelatedActivityId    :
ContainerLog         : System
MatchedQueryIds      : {}
Bookmark             : System.Diagnostics.Eventing.Reader.EventBookmark
LevelDisplayName     : Information
OpcodeDisplayName    : Start
TaskDisplayName      :
KeywordsDisplayNames : {}
Properties           : {}

Message              : vmswitch.sys build 19041.amd64.vb_release_svc_im, debug false, official true, 1 1
Id                   : 277
Version              : 0
Qualifiers           :
Level                : 4
Task                 : 0
Opcode               : 0
Keywords             : -9223372036854775680
RecordId             : 681
ProviderName         : Microsoft-Windows-Hyper-V-VmSwitch
ProviderId           : 67dc0d66-3695-47c0-9642-33f76f7bd7ad
LogName              : System
ProcessId            : 4
ThreadId             : 216
MachineName          : ASUSROGGL553VD
UserId               : S-1-5-18
TimeCreated          : 3/17/2021 9:12:38 PM
ActivityId           :
RelatedActivityId    :
ContainerLog         : System
MatchedQueryIds      : {}
Bookmark             : System.Diagnostics.Eventing.Reader.EventBookmark
LevelDisplayName     : Information
OpcodeDisplayName    : Info
TaskDisplayName      :
KeywordsDisplayNames : {}
Properties           : {System.Diagnostics.Eventing.Reader.EventProperty, System.Diagnostics.Eventing.Reader.EventProperty,
System.Diagnostics.Eventing.Reader.EventProperty, System.Diagnostics.Eventing.Reader.EventProperty...}

Message              : Touch/Touchpad Hardware Quality Assurance verification succeeded.
Id                   : 267
Version              : 0
Qualifiers           : 16384
Level                : 4
Task                 : 0
Opcode               : 0
Keywords             : 36028797018963968
RecordId             : 680
ProviderName         : Win32k
ProviderId           :
LogName              : System
ProcessId            : 4
ThreadId             : 356
MachineName          : ASUSROGGL553VD
UserId               :
TimeCreated          : 3/17/2021 9:12:38 PM
ActivityId           :
RelatedActivityId    :
ContainerLog         : System
MatchedQueryIds      : {}
Bookmark             : System.Diagnostics.Eventing.Reader.EventBookmark
LevelDisplayName     : Information
OpcodeDisplayName    :
TaskDisplayName      :
KeywordsDisplayNames : {Classic}
Properties           : {System.Diagnostics.Eventing.Reader.EventProperty, System.Diagnostics.Eventing.Reader.EventProperty}

Message              : DHCPv6 client service is started
Id                   : 51046
Version              : 0
Qualifiers           :
Level                : 4
Task                 : 4
Opcode               : 62
Keywords             : 2305843009213693952
RecordId             : 679
ProviderName         : Microsoft-Windows-DHCPv6-Client
ProviderId           : 6a1f2b00-6a90-4c38-95a5-5cab3b056778
LogName              : System
ProcessId            : 1068
ThreadId             : 2092
MachineName          : ASUSROGGL553VD
UserId               : S-1-5-19
TimeCreated          : 3/17/2021 9:12:37 PM
ActivityId           :
RelatedActivityId    :
ContainerLog         : System
MatchedQueryIds      : {}
Bookmark             : System.Diagnostics.Eventing.Reader.EventBookmark
LevelDisplayName     : Information
OpcodeDisplayName    : ServiceStart
TaskDisplayName      : Service State Event
KeywordsDisplayNames : {}
Properties           : {}

Message              : DHCPv4 client registered for shutdown notification
Id                   : 50103
Version              : 0
Qualifiers           :
Level                : 4
Task                 : 4
Opcode               : 129
Keywords             : 2305843009213693952
RecordId             : 678
ProviderName         : Microsoft-Windows-Dhcp-Client
ProviderId           : 15a7a4f8-0072-4eab-abad-f98a4d666aed
LogName              : System
ProcessId            : 1068
ThreadId             : 1868
MachineName          : ASUSROGGL553VD
UserId               : S-1-5-19
TimeCreated          : 3/17/2021 9:12:37 PM
ActivityId           :
RelatedActivityId    :
ContainerLog         : System
MatchedQueryIds      : {}
Bookmark             : System.Diagnostics.Eventing.Reader.EventBookmark
LevelDisplayName     : Information
OpcodeDisplayName    : ServiceShutdown
TaskDisplayName      : Service State Event
KeywordsDisplayNames : {}
Properties           : {}

Message              : DHCPv4 client service is started
Id                   : 50036
Version              : 0
Qualifiers           :
Level                : 4
Task                 : 4
Opcode               : 68
Keywords             : 2305843009213693952
RecordId             : 677
ProviderName         : Microsoft-Windows-Dhcp-Client
ProviderId           : 15a7a4f8-0072-4eab-abad-f98a4d666aed
LogName              : System
ProcessId            : 1068
ThreadId             : 1868
MachineName          : ASUSROGGL553VD
UserId               : S-1-5-19
TimeCreated          : 3/17/2021 9:12:37 PM
ActivityId           :
RelatedActivityId    :
ContainerLog         : System
MatchedQueryIds      : {}
Bookmark             : System.Diagnostics.Eventing.Reader.EventBookmark
LevelDisplayName     : Information
OpcodeDisplayName    : ServiceStart
TaskDisplayName      : Service State Event
KeywordsDisplayNames : {}
Properties           : {}

Message              : File System Filter 'bindflt' (10.0, ?1986?-?11?-?02T04:57:03.000000000Z) has successfully loaded and
registered with Filter Manager.
Id                   : 6
Version              : 0
Qualifiers           :
Level                : 4
Task                 : 0
Opcode               : 0
Keywords             : -9223372036854775808
RecordId             : 676
ProviderName         : Microsoft-Windows-FilterManager
ProviderId           : f3c5e28e-63f6-49c7-a204-e48a1bc4b09d
LogName              : System
ProcessId            : 4
ThreadId             : 76
MachineName          : ASUSROGGL553VD
UserId               : S-1-5-18
TimeCreated          : 3/17/2021 9:12:37 PM
ActivityId           :
RelatedActivityId    :
ContainerLog         : System
MatchedQueryIds      : {}
Bookmark             : System.Diagnostics.Eventing.Reader.EventBookmark
LevelDisplayName     : Information
OpcodeDisplayName    : Info
TaskDisplayName      :
KeywordsDisplayNames : {}
Properties           : {System.Diagnostics.Eventing.Reader.EventProperty, System.Diagnostics.Eventing.Reader.EventProperty,
System.Diagnostics.Eventing.Reader.EventProperty, System.Diagnostics.Eventing.Reader.EventProperty...}

Message              : File System Filter 'storqosflt' (10.0, ?2007?-?04?-?09T20:08:30.000000000Z) has successfully loaded and
registered with Filter Manager.
Id                   : 6
Version              : 0
Qualifiers           :
Level                : 4
Task                 : 0
Opcode               : 0
Keywords             : -9223372036854775808
RecordId             : 675
ProviderName         : Microsoft-Windows-FilterManager
ProviderId           : f3c5e28e-63f6-49c7-a204-e48a1bc4b09d
LogName              : System
ProcessId            : 4
ThreadId             : 216
MachineName          : ASUSROGGL553VD
UserId               : S-1-5-18
TimeCreated          : 3/17/2021 9:12:37 PM
ActivityId           :
RelatedActivityId    :
ContainerLog         : System
MatchedQueryIds      : {}
Bookmark             : System.Diagnostics.Eventing.Reader.EventBookmark
LevelDisplayName     : Information
OpcodeDisplayName    : Info
TaskDisplayName      :
KeywordsDisplayNames : {}
Properties           : {System.Diagnostics.Eventing.Reader.EventProperty, System.Diagnostics.Eventing.Reader.EventProperty,
System.Diagnostics.Eventing.Reader.EventProperty, System.Diagnostics.Eventing.Reader.EventProperty...}

Message              : File System Filter 'CldFlt' (10.0, ?2001?-?05?-?11T10:54:57.000000000Z) has successfully loaded and
registered with Filter Manager.
Id                   : 6
Version              : 0
Qualifiers           :
Level                : 4
Task                 : 0
Opcode               : 0
Keywords             : -9223372036854775808
RecordId             : 674
ProviderName         : Microsoft-Windows-FilterManager
ProviderId           : f3c5e28e-63f6-49c7-a204-e48a1bc4b09d
LogName              : System
ProcessId            : 4
ThreadId             : 432
MachineName          : ASUSROGGL553VD
UserId               : S-1-5-18
TimeCreated          : 3/17/2021 9:12:37 PM
ActivityId           :
RelatedActivityId    :
ContainerLog         : System
MatchedQueryIds      : {}
Bookmark             : System.Diagnostics.Eventing.Reader.EventBookmark
LevelDisplayName     : Information
OpcodeDisplayName    : Info
TaskDisplayName      :
KeywordsDisplayNames : {}
Properties           : {System.Diagnostics.Eventing.Reader.EventProperty, System.Diagnostics.Eventing.Reader.EventProperty,
System.Diagnostics.Eventing.Reader.EventProperty, System.Diagnostics.Eventing.Reader.EventProperty...}

Message              : File System Filter 'CldFlt' (Version 10.0, ?2001?-?05?-?11T10:54:57.000000000Z) unloaded successfully.
Id                   : 1
Version              : 0
Qualifiers           :
Level                : 4
Task                 : 0
Opcode               : 0
Keywords             : -9223372036854775808
RecordId             : 673
ProviderName         : Microsoft-Windows-FilterManager
ProviderId           : f3c5e28e-63f6-49c7-a204-e48a1bc4b09d
LogName              : System
ProcessId            : 4
ThreadId             : 432
MachineName          : ASUSROGGL553VD
UserId               : S-1-5-18
TimeCreated          : 3/17/2021 9:12:37 PM
ActivityId           :
RelatedActivityId    :
ContainerLog         : System
MatchedQueryIds      : {}
Bookmark             : System.Diagnostics.Eventing.Reader.EventBookmark
LevelDisplayName     : Information
OpcodeDisplayName    : Info
TaskDisplayName      :
KeywordsDisplayNames : {}
Properties           : {System.Diagnostics.Eventing.Reader.EventProperty, System.Diagnostics.Eventing.Reader.EventProperty,
System.Diagnostics.Eventing.Reader.EventProperty, System.Diagnostics.Eventing.Reader.EventProperty...}

Message              : File System Filter 'CldFlt' (10.0, ?2001?-?05?-?11T10:54:57.000000000Z) has successfully loaded and
registered with Filter Manager.
Id                   : 6
Version              : 0
Qualifiers           :
Level                : 4
Task                 : 0
Opcode               : 0
Keywords             : -9223372036854775808
RecordId             : 672
ProviderName         : Microsoft-Windows-FilterManager
ProviderId           : f3c5e28e-63f6-49c7-a204-e48a1bc4b09d
LogName              : System
ProcessId            : 4
ThreadId             : 432
MachineName          : ASUSROGGL553VD
UserId               : S-1-5-18
TimeCreated          : 3/17/2021 9:12:37 PM
ActivityId           :
RelatedActivityId    :
ContainerLog         : System
MatchedQueryIds      : {}
Bookmark             : System.Diagnostics.Eventing.Reader.EventBookmark
LevelDisplayName     : Information
OpcodeDisplayName    : Info
TaskDisplayName      :
KeywordsDisplayNames : {}
Properties           : {System.Diagnostics.Eventing.Reader.EventProperty, System.Diagnostics.Eventing.Reader.EventProperty,
System.Diagnostics.Eventing.Reader.EventProperty, System.Diagnostics.Eventing.Reader.EventProperty...}

Message              : File System Filter 'luafv' (10.0, ?2041?-?09?-?19T07:13:33.000000000Z) has successfully loaded and
registered with Filter Manager.
Id                   : 6
Version              : 0
Qualifiers           :
Level                : 4
Task                 : 0
Opcode               : 0
Keywords             : -9223372036854775808
RecordId             : 671
ProviderName         : Microsoft-Windows-FilterManager
ProviderId           : f3c5e28e-63f6-49c7-a204-e48a1bc4b09d
LogName              : System
ProcessId            : 4
ThreadId             : 76
MachineName          : ASUSROGGL553VD
UserId               : S-1-5-18
TimeCreated          : 3/17/2021 9:12:37 PM
ActivityId           :
RelatedActivityId    :
ContainerLog         : System
MatchedQueryIds      : {}
Bookmark             : System.Diagnostics.Eventing.Reader.EventBookmark
LevelDisplayName     : Information
OpcodeDisplayName    : Info
TaskDisplayName      :
KeywordsDisplayNames : {}
Properties           : {System.Diagnostics.Eventing.Reader.EventProperty, System.Diagnostics.Eventing.Reader.EventProperty,
System.Diagnostics.Eventing.Reader.EventProperty, System.Diagnostics.Eventing.Reader.EventProperty...}

Message              : File System Filter 'wcifs' (10.0, ?1971?-?08?-?10T13:27:38.000000000Z) has successfully loaded and
registered with Filter Manager.
Id                   : 6
Version              : 0
Qualifiers           :
Level                : 4
Task                 : 0
Opcode               : 0
Keywords             : -9223372036854775808
RecordId             : 670
ProviderName         : Microsoft-Windows-FilterManager
ProviderId           : f3c5e28e-63f6-49c7-a204-e48a1bc4b09d
LogName              : System
ProcessId            : 4
ThreadId             : 216
MachineName          : ASUSROGGL553VD
UserId               : S-1-5-18
TimeCreated          : 3/17/2021 9:12:37 PM
ActivityId           :
RelatedActivityId    :
ContainerLog         : System
MatchedQueryIds      : {}
Bookmark             : System.Diagnostics.Eventing.Reader.EventBookmark
LevelDisplayName     : Information
OpcodeDisplayName    : Info
TaskDisplayName      :
KeywordsDisplayNames : {}
Properties           : {System.Diagnostics.Eventing.Reader.EventProperty, System.Diagnostics.Eventing.Reader.EventProperty,
System.Diagnostics.Eventing.Reader.EventProperty, System.Diagnostics.Eventing.Reader.EventProperty...}

Message              : Touch/Touchpad Hardware Quality Assurance verification succeeded.
Id                   : 267
Version              : 0
Qualifiers           : 16384
Level                : 4
Task                 : 0
Opcode               : 0
Keywords             : 36028797018963968
RecordId             : 669
ProviderName         : Win32k
ProviderId           :
LogName              : System
ProcessId            : 4
ThreadId             : 76
MachineName          : ASUSROGGL553VD
UserId               :
TimeCreated          : 3/17/2021 9:12:37 PM
ActivityId           :
RelatedActivityId    :
ContainerLog         : System
MatchedQueryIds      : {}
Bookmark             : System.Diagnostics.Eventing.Reader.EventBookmark
LevelDisplayName     : Information
OpcodeDisplayName    :
TaskDisplayName      :
KeywordsDisplayNames : {Classic}
Properties           : {System.Diagnostics.Eventing.Reader.EventProperty, System.Diagnostics.Eventing.Reader.EventProperty}

Message              : The domain is configured with the following minimum password length-related settings.

MinimumPasswordLength: 0

RelaxMinimumPasswordLengthLimits: 0

MinimumPasswordLengthAudit: -1

For more information see https://go.microsoft.com/fwlink/?LinkId=2097191.

Id                   : 16977
Version              : 0
Qualifiers           :
Level                : 4
Task                 : 0
Opcode               : 0
Keywords             : -9223372036854775808
RecordId             : 668
ProviderName         : Microsoft-Windows-Directory-Services-SAM
ProviderId           : 0d4fdc09-8c27-494a-bda0-505e4fd8adae
LogName              : System
ProcessId            : 780
ThreadId             : 776
MachineName          : ASUSROGGL553VD
UserId               : S-1-5-18
TimeCreated          : 3/17/2021 9:12:37 PM
ActivityId           : 79f2f65c-1b61-0002-09f7-f279611bd701
RelatedActivityId    :
ContainerLog         : System
MatchedQueryIds      : {}
Bookmark             : System.Diagnostics.Eventing.Reader.EventBookmark
LevelDisplayName     : Information
OpcodeDisplayName    : Info
TaskDisplayName      :
KeywordsDisplayNames : {}
Properties           : {System.Diagnostics.Eventing.Reader.EventProperty, System.Diagnostics.Eventing.Reader.EventProperty,
System.Diagnostics.Eventing.Reader.EventProperty}

Message              : Remote calls to the SAM database are being restricted using the default security descriptor:
O:SYG:SYD:(A;;RC;;;BA).
For more information please see http://go.microsoft.com/fwlink/?LinkId=787651.
Id                   : 16962
Version              : 0
Qualifiers           :
Level                : 4
Task                 : 0
Opcode               : 0
Keywords             : -9223372036854775808
RecordId             : 667
ProviderName         : Microsoft-Windows-Directory-Services-SAM
ProviderId           : 0d4fdc09-8c27-494a-bda0-505e4fd8adae
LogName              : System
ProcessId            : 780
ThreadId             : 776
MachineName          : ASUSROGGL553VD
UserId               : S-1-5-18
TimeCreated          : 3/17/2021 9:12:37 PM
ActivityId           : 79f2f65c-1b61-0002-09f7-f279611bd701
RelatedActivityId    :
ContainerLog         : System
MatchedQueryIds      : {}
Bookmark             : System.Diagnostics.Eventing.Reader.EventBookmark
LevelDisplayName     : Information
OpcodeDisplayName    : Info
TaskDisplayName      :
KeywordsDisplayNames : {}
Properties           : {System.Diagnostics.Eventing.Reader.EventProperty}

Message              : Key Guard was started and will protect VSM-isolated keys.
Id                   : 18
Version              : 0
Qualifiers           :
Level                : 4
Task                 : 0
Opcode               : 0
Keywords             : 4611686018427387904
RecordId             : 666
ProviderName         : Microsoft-Windows-Wininit
ProviderId           : 206f6dea-d3c5-4d10-bc72-989f03c8b84b
LogName              : System
ProcessId            : 560
ThreadId             : 556
MachineName          : ASUSROGGL553VD
UserId               : S-1-5-18
TimeCreated          : 3/17/2021 9:12:37 PM
ActivityId           :
RelatedActivityId    :
ContainerLog         : System
MatchedQueryIds      : {}
Bookmark             : System.Diagnostics.Eventing.Reader.EventBookmark
LevelDisplayName     : Information
OpcodeDisplayName    : Info
TaskDisplayName      :
KeywordsDisplayNames : {}
Properties           : {}

Message              : Secure Trustlet \??\C:\WINDOWS\system32\lsaiso.exe Id 1 and Pid 788 started with status STATUS_SUCCESS.
Id                   : 1
Version              : 0
Qualifiers           :
Level                : 4
Task                 : 0
Opcode               : 0
Keywords             : -9223301668110598144
RecordId             : 665
ProviderName         : Microsoft-Windows-IsolatedUserMode
ProviderId           : 73a33ab2-1966-4999-8add-868c41415269
LogName              : System
ProcessId            : 560
ThreadId             : 556
MachineName          : ASUSROGGL553VD
UserId               : S-1-5-18
TimeCreated          : 3/17/2021 9:12:37 PM
ActivityId           :
RelatedActivityId    :
ContainerLog         : System
MatchedQueryIds      : {}
Bookmark             : System.Diagnostics.Eventing.Reader.EventBookmark
LevelDisplayName     : Information
OpcodeDisplayName    : Info
TaskDisplayName      :
KeywordsDisplayNames : {}
Properties           : {System.Diagnostics.Eventing.Reader.EventProperty, System.Diagnostics.Eventing.Reader.EventProperty,
System.Diagnostics.Eventing.Reader.EventProperty, System.Diagnostics.Eventing.Reader.EventProperty}

